
Analysis Description
--------------------
aBSREL (Adaptive branch-site random effects likelihood) uses an adaptive
random effects branch-site model framework to test whether each branch
has evolved under positive selection, using a procedure which infers an
optimal number of rate categories per branch. v2.2 adds support for
multiple-hit models. v2.3 adds support for SRV. v2.5 adds support for
ancestral state reconstruction, identification of sites contributing to
selection signal, and some diagnostics. 

- __Requirements__: in-frame codon alignment and a phylogenetic tree

- __Citation__:  Less Is More: An Adaptive Branch-Site Random Effects Model for
Efficient Detection of Episodic Diversifying Selection (2015). Mol Biol
Evol 32 (5): 1342-1353. 

- __Written by__: Sergei L Kosakovsky Pond, Ben Murrell, Steven Weaver and Temple iGEM /
UCSD viral evolution group

- __Contact Information__: spond@temple.edu

- __Analysis Version__: 2.5

[Advanced option] Bag of little bootstrap alignment resampling rate (permissible range = [0.01,1], default value = 1): blb: 1

>code => Universal
/media/aswin/gene_loss/APOBEC1/selection/positive_selection/gene_tree_based/absrel/apobec1_selection_final.aln.treefile_A1_Crocodylia_as_fg.nwk
apobec1_selection_final.aln.treefile_A1_Crocodylia_as_fg.nwk

>Loaded a multiple sequence alignment with **159** sequences, **297** codons, and **1** partitions from `/media/aswin/gene_loss/APOBEC1/selection/positive_selection/gene_tree_based/absrel/apobec1_selection_final_nuc.msa`

>branches => fg

>multiple-hits => None

>srv => Yes
The number omega rate classes to include in the model (permissible range = [1,10], default value = 3, integer): 
>syn-rates => 3


### * Selected 7 branches for testing: `A1_Crocodylia_Alligator_mississippiensis_109281895_XM_019482205_2_exon_wise, A1_Crocodylia_Alligator_sinensis_102381995_XM_025210203_1_exon_wise, Node161, A1_Crocodylia_Crocodylus_porosus_109316287_XM_019544225_1_exon_wise, A1_Crocodylia_Gavialis_gangeticus_109296553_XM_019515993_1_exon_wise, Node164, Node160`


### Obtaining branch lengths and nucleotide substitution biases under the nucleotide GTR model

>kill-zero-lengths => Yes

### Deleted 3 zero-length internal branches: `Node101, Node112, Node130`
* Log(L) = -33420.17, AIC-c = 67487.83 (323 estimated parameters)
* 1 partition. Total tree length by partition (subs/site) 13.139

### Fitting the baseline model with a single dN/dS class per branch, and no site-to-site variation. 
* Log(L) = -31897.63, AIC-c = 65099.04 (643 estimated parameters)
* The following rate distribution for site-to-site **synonymous** rate variation was inferred

|               Rate                | Proportion, % |               Notes               |
|-----------------------------------|---------------|-----------------------------------|
|               0.328               |    19.338     |                                   |
|               0.766               |    39.493     |                                   |
|               1.540               |    41.169     |                                   |

* Branch-level non-synonymous/synonymous rate ratio distribution has median  0.69, and 95% of the weight in  0.13 -  3.10

### Determining the optimal number of rate classes per branch using a step up procedure

|              Branch               |  Length  |  Rates   |     Max. dN/dS     |    Log(L)     |     AIC-c     |Best AIC-c so far|
|-----------------------------------|----------|----------|--------------------|---------------|---------------|-----------------|
|              Node62               |   0.70   |    2     |    1.00 (19.08%)   |   -31893.59   |   65095.06    |    65095.06     |
|              Node62               |   0.70   |    3     |  117.54 ( 7.53%)   |   -31893.08   |   65098.16    |    65095.06     |
|              Node167              |   0.55   |    2     |    0.44 (37.44%)   |   -31890.52   |   65093.04    |    65093.04     |
|              Node167              |   0.55   |    3     |    0.45 ( 0.75%)   |   -31890.52   |   65097.16    |    65093.04     |
|              Node249              |   0.54   |    2     |    6.54 (17.76%)   |   -31885.52   |   65087.15    |    65087.15     |
|              Node249              |   0.54   |    3     |    6.55 (17.75%)   |   -31885.52   |   65091.26    |    65087.15     |
|A1_Squamata_A1_Sphaerodactylus_t...|   0.39   |    2     |   49.33 ( 8.18%)   |   -31880.11   |   65080.45    |    65080.45     |
|A1_Squamata_A1_Sphaerodactylus_t...|   0.39   |    3     |   >1000 ( 6.24%)   |   -31879.47   |   65083.28    |    65080.45     |
|              Node189              |   0.37   |    2     |    2.87 (18.45%)   |   -31878.83   |   65082.00    |    65080.45     |
|              Node160              |   0.32   |    2     |    6.45 ( 2.89%)   |   -31879.58   |   65083.51    |    65080.45     |
|              Node184              |   0.25   |    2     |   13.65 (13.10%)   |   -31875.77   |   65075.89    |    65075.89     |
|              Node184              |   0.25   |    3     |   13.68 (13.09%)   |   -31875.77   |   65080.00    |    65075.89     |
|              Node69               |   0.25   |    2     |    1.94 (23.47%)   |   -31870.84   |   65070.12    |    65070.12     |
|              Node69               |   0.25   |    3     |    2.29 (15.89%)   |   -31870.84   |   65074.25    |    65070.12     |
|              Node192              |   0.25   |    2     |    1.00 (56.74%)   |   -31870.12   |   65072.80    |    65070.12     |
|              Node177              |   0.23   |    2     |   39.69 ( 8.17%)   |   -31862.14   |   65056.84    |    65056.84     |
|              Node177              |   0.23   |    3     |   39.31 ( 8.18%)   |   -31862.14   |   65060.96    |    65056.84     |
|A1_Squamata_A1_Sceloporus_undula...|   0.23   |    2     |   10.90 ( 5.78%)   |   -31857.15   |   65050.99    |    65050.99     |
|A1_Squamata_A1_Sceloporus_undula...|   0.23   |    3     |   13.92 ( 4.74%)   |   -31857.13   |   65055.05    |    65050.99     |
|A1_Squamata_Tiliqua_scincoides_1...|   0.23   |    2     |    1.57 (35.03%)   |   -31854.86   |   65050.52    |    65050.52     |
|A1_Squamata_Tiliqua_scincoides_1...|   0.23   |    3     |    1.91 (20.71%)   |   -31854.85   |   65054.61    |    65050.52     |
|              Node61               |   0.22   |    2     |    0.86 ( 5.88%)   |   -31854.61   |   65054.12    |    65050.52     |
|              Node170              |   0.19   |    2     |    6.80 ( 6.22%)   |   -31853.13   |   65051.18    |    65050.52     |
|              Node207              |   0.18   |    2     |  160.53 ( 3.22%)   |   -31852.32   |   65049.55    |    65049.55     |
|              Node207              |   0.18   |    3     |  204.37 ( 3.18%)   |   -31852.32   |   65053.67    |    65049.55     |
|              Node65               |   0.18   |    2     |   43.52 (49.18%)   |   -31850.10   |   65049.23    |    65049.23     |
|              Node65               |   0.18   |    3     |   38.39 (48.69%)   |   -31850.10   |   65053.35    |    65049.23     |
|              Node250              |   0.18   |    2     |    2.77 (25.57%)   |   -31848.76   |   65050.67    |    65049.23     |
|A1_like_birds_Chamaea_fasciata_X...|   0.18   |    2     |    2.33 (85.06%)   |   -31850.09   |   65053.33    |    65049.23     |
|A1_mammals_Oryctolagus_cuniculus...|   0.16   |    2     |    0.76 (50.69%)   |   -31849.95   |   65053.04    |    65049.23     |
|              Node50               |   0.15   |    2     |    1.40 (19.24%)   |   -31848.24   |   65049.61    |    65049.23     |
|              Node273              |   0.15   |    2     |    4.71 (42.99%)   |   -31846.37   |   65045.88    |    65045.88     |
|              Node273              |   0.15   |    3     |    4.67 (43.16%)   |   -31846.37   |   65049.99    |    65045.88     |
|    A1_birds_Atlantisia_rogersi    |   0.14   |    2     |    2.83 (17.82%)   |   -31843.22   |   65043.69    |    65043.69     |
|    A1_birds_Atlantisia_rogersi    |   0.14   |    3     |    2.86 (17.64%)   |   -31843.22   |   65047.81    |    65043.69     |
|              Node307              |   0.13   |    2     |   >1000 ( 1.91%)   |   -31840.47   |   65042.32    |    65042.32     |
|              Node307              |   0.13   |    3     |  929.60 ( 1.88%)   |   -31840.48   |   65046.46    |    65042.32     |
|A1_Squamata_Thamnophis_elegans_1...|   0.13   |    2     |   51.36 ( 6.78%)   |   -31831.24   |   65027.96    |    65027.96     |
|A1_Squamata_Thamnophis_elegans_1...|   0.13   |    3     |  289.82 ( 5.35%)   |   -31831.21   |   65032.03    |    65027.96     |
|A1_like_birds_Patagioenas_fascia...|   0.13   |    2     |    5.95 (14.16%)   |   -31827.98   |   65025.57    |    65025.57     |
|A1_like_birds_Patagioenas_fascia...|   0.13   |    3     |    5.99 (14.04%)   |   -31827.98   |   65029.69    |    65025.57     |
|              Node280              |   0.12   |    2     |    9.97 ( 2.99%)   |   -31827.82   |   65029.37    |    65025.57     |
|               Node5               |   0.12   |    2     |   12.87 ( 6.88%)   |   -31822.06   |   65017.83    |    65017.83     |
|               Node5               |   0.12   |    3     |   13.82 ( 6.58%)   |   -31822.07   |   65021.99    |    65017.83     |
|              Node208              |   0.12   |    2     |    0.43 (27.14%)   |   -31822.03   |   65021.90    |    65017.83     |
|              Node178              |   0.12   |    2     |   14.19 ( 7.68%)   |   -31820.05   |   65017.94    |    65017.83     |
|              Node145              |   0.12   |    2     |   >1000 ( 5.57%)   |   -31809.46   |   64996.76    |    64996.76     |
|              Node145              |   0.12   |    3     |   >1000 ( 5.57%)   |   -31809.46   |   65000.88    |    64996.76     |
|     A1_birds_Alectura_lathami     |   0.12   |    2     |    1.29 (49.22%)   |   -31809.36   |   65000.67    |    64996.76     |
|  A1_mammals_Mesocricetus_auratus  |   0.12   |    2     |   17.25 ( 2.62%)   |   -31803.00   |   64987.95    |    64987.95     |
|  A1_mammals_Mesocricetus_auratus  |   0.12   |    3     |   17.27 ( 2.61%)   |   -31803.00   |   64992.07    |    64987.95     |
|A1_Squamata_Crotalus_tigris_1203...|   0.12   |    2     |    1.02 ( 2.13%)   |   -31802.97   |   64992.02    |    64987.95     |
|A1_like_birds_Pelecanus_crispus_...|   0.11   |    2     |    9.65 (18.76%)   |   -31796.90   |   64979.88    |    64979.88     |
|A1_like_birds_Pelecanus_crispus_...|   0.11   |    3     |    9.63 (18.77%)   |   -31796.90   |   64983.99    |    64979.88     |
|A1_like_birds_Strix_uralensis_XM...|   0.11   |    2     |    2.43 (49.03%)   |   -31796.81   |   64983.81    |    64979.88     |
|A1_like_birds_Catharus_ustulatus...|   0.11   |    2     |    7.14 ( 3.65%)   |   -31796.67   |   64983.54    |    64979.88     |
|              Node67               |   0.11   |    2     |  865.80 ( 1.93%)   |   -31796.20   |   64982.60    |    64979.88     |
|       A1_birds_Calypte_anna       |   0.11   |    2     |    1.58 ( 0.00%)   |   -31796.90   |   64984.00    |    64979.88     |
|              Node294              |   0.11   |    2     |    1.14 (75.85%)   |   -31796.79   |   64983.77    |    64979.88     |
|              Node41               |   0.10   |    2     |    0.33 (53.91%)   |   -31796.90   |   64984.00    |    64979.88     |
|      A1_birds_Columba_livia       |   0.10   |    2     |    1.18 (26.52%)   |   -31796.90   |   64984.00    |    64979.88     |
|              Node49               |   0.10   |    2     |   0.16 (100.00%)   |   -31796.90   |   64984.00    |    64979.88     |
|A1_like_birds_Serinus_canaria_XM...|   0.10   |    2     |    0.91 (50.17%)   |   -31796.60   |   64983.39    |    64979.88     |
|    A1_birds_Chaetura_pelagica     |   0.10   |    2     |    8.63 ( 9.71%)   |   -31791.70   |   64973.59    |    64973.59     |
|    A1_birds_Chaetura_pelagica     |   0.10   |    3     |   22.82 ( 4.28%)   |   -31791.49   |   64977.30    |    64973.59     |
|      A1_birds_Merops_nubicus      |   0.10   |    2     |    0.79 (89.71%)   |   -31791.69   |   64977.70    |    64973.59     |
|A1_like_birds_Ficedula_albicolli...|   0.09   |    2     |    2.75 (36.37%)   |   -31790.30   |   64974.92    |    64973.59     |
|              Node35               |   0.09   |    2     |   12.68 ( 1.92%)   |   -31789.95   |   64974.21    |    64973.59     |
|   A1_birds_Acanthisitta_chloris   |   0.09   |    2     |   94.40 ( 0.83%)   |   -31790.99   |   64976.29    |    64973.59     |
|   A1_birds_Apaloderma_vittatum    |   0.09   |    2     |    0.75 (49.07%)   |   -31791.68   |   64977.67    |    64973.59     |
|              Node38               |   0.09   |    2     |    0.58 (99.93%)   |   -31791.70   |   64977.71    |    64973.59     |
|   A1_birds_Corvus_moneduloides    |   0.09   |    2     |    2.52 (57.02%)   |   -31791.19   |   64976.69    |    64973.59     |
|              Node181              |   0.08   |    2     |    0.66 (78.36%)   |   -31791.66   |   64977.62    |    64973.59     |
|A1_like_birds_Nyctibius_grandis_...|   0.08   |    2     |    1.03 (51.75%)   |   -31791.70   |   64977.71    |    64973.59     |
|     A1_birds_Colius_striatus      |   0.08   |    2     |    7.34 ( 2.58%)   |   -31790.78   |   64975.87    |    64973.59     |
|    A1_birds_Passer_domesticus     |   0.08   |    2     |    0.65 (26.68%)   |   -31791.70   |   64977.71    |    64973.59     |
|    A1_birds_Stachyris_ruficeps    |   0.08   |    2     |    2.10 (48.16%)   |   -31790.83   |   64975.97    |    64973.59     |
|   A1_birds_Mesitornis_unicolor    |   0.08   |    2     |    9.54 ( 1.42%)   |   -31791.33   |   64976.98    |    64973.59     |
|              Node301              |   0.08   |    2     |    1.04 ( 0.00%)   |   -31791.69   |   64977.69    |    64973.59     |
|     A1_birds_Calidris_pugnax      |   0.08   |    2     |   13.85 ( 3.26%)   |   -31791.19   |   64976.69    |    64973.59     |
|A1_like_birds_Calonectris_boreal...|   0.08   |    2     |    1.27 ( 3.40%)   |   -31791.70   |   64977.71    |    64973.59     |
|     A1_birds_Malurus_cyaneus      |   0.08   |    2     |    3.75 (47.81%)   |   -31790.93   |   64976.17    |    64973.59     |
|              Node240              |   0.08   |    2     |   25.13 ( 7.88%)   |   -31786.97   |   64968.26    |    64968.26     |
|              Node240              |   0.08   |    3     |   29.65 ( 6.90%)   |   -31786.98   |   64972.40    |    64968.26     |
|       A1_birds_Galbula_dea        |   0.08   |    2     |    1.46 (25.39%)   |   -31786.97   |   64972.37    |    64968.26     |
|A1_like_birds_Phalacrocorax_aris...|   0.07   |    2     |   63.13 ( 1.63%)   |   -31785.70   |   64969.84    |    64968.26     |
|               Node9               |   0.07   |    2     |    1.42 (14.27%)   |   -31784.84   |   64968.12    |    64968.12     |
|               Node9               |   0.07   |    3     |    1.37 (13.14%)   |   -31784.85   |   64972.26    |    64968.12     |
|A1_Squamata_A1_Anolis_carolinens...|   0.07   |    2     |   13.09 ( 2.11%)   |   -31783.85   |   64970.25    |    64968.12     |
|  A1_birds_Caprimulgus_europaeus   |   0.07   |    2     |    8.48 ( 2.25%)   |   -31784.24   |   64971.04    |    64968.12     |
|A1_Squamata_Anolis_sagrei_132767...|   0.07   |    2     |    0.36 (23.41%)   |   -31784.84   |   64972.24    |    64968.12     |
|              Node176              |   0.07   |    2     |   27.40 ( 4.99%)   |   -31783.31   |   64969.18    |    64968.12     |
|     A1_birds_Cariama_cristata     |   0.07   |    2     |    8.66 (37.05%)   |   -31782.55   |   64967.65    |    64967.65     |
|     A1_birds_Cariama_cristata     |   0.07   |    3     |    9.47 (32.96%)   |   -31782.58   |   64971.82    |    64967.65     |
|              Node284              |   0.07   |    2     |    3.29 (36.28%)   |   -31782.06   |   64970.80    |    64967.65     |
|     A1_mammals_Manis_javanica     |   0.07   |    2     |    0.29 (30.60%)   |   -31782.55   |   64971.77    |    64967.65     |
|  A1_mammals_Dromiciops_gliroides  |   0.06   |    2     |    0.70 ( 0.00%)   |   -31782.55   |   64971.77    |    64967.65     |
|      A1_mammals_Equus_asinus      |   0.06   |    2     |    0.30 (42.72%)   |   -31782.55   |   64971.77    |    64967.65     |
|  A1_mammals_Leopardus_geoffroyi   |   0.06   |    2     |    0.22 (74.21%)   |   -31782.55   |   64971.77    |    64967.65     |
|   A1_birds_Ficedula_albicollis    |   0.06   |    2     |   0.84 (100.00%)   |   -31782.55   |   64971.77    |    64967.65     |
|A1_mammals_Rhinolophus_ferrumequ...|   0.06   |    2     |    2.13 (23.72%)   |   -31780.49   |   64967.66    |    64967.65     |
|      A1_birds_Falco_cherrug       |   0.06   |    2     |    1.10 ( 5.92%)   |   -31782.55   |   64971.77    |    64967.65     |
|              Node66               |   0.06   |    2     |   50.95 ( 1.97%)   |   -31782.38   |   64971.44    |    64967.65     |
|              Node58               |   0.06   |    2     |    1.90 ( 3.53%)   |   -31782.51   |   64971.69    |    64967.65     |
|              Node77               |   0.06   |    2     |    1.21 (98.34%)   |   -31782.55   |   64971.77    |    64967.65     |
|              Node283              |   0.06   |    2     |    3.78 (20.82%)   |   -31782.36   |   64971.40    |    64967.65     |
|               Node2               |   0.06   |    2     |    2.82 (16.75%)   |   -31780.04   |   64966.76    |    64966.76     |
|               Node2               |   0.06   |    3     |    2.84 (16.67%)   |   -31780.04   |   64970.88    |    64966.76     |
|      A1_birds_Gavia_stellata      |   0.06   |    2     |    3.31 (21.77%)   |   -31777.47   |   64965.74    |    64965.74     |
|      A1_birds_Gavia_stellata      |   0.06   |    3     |    3.31 (21.73%)   |   -31777.47   |   64969.86    |    64965.74     |
|   A1_birds_Podilymbus_podiceps    |   0.06   |    2     |    5.37 (28.90%)   |   -31775.10   |   64965.11    |    64965.11     |
|   A1_birds_Podilymbus_podiceps    |   0.06   |    3     |    5.40 (28.71%)   |   -31775.10   |   64969.23    |    64965.11     |
|A1_like_birds_Lonchura_striata_X...|   0.06   |    2     |    1.05 (10.81%)   |   -31775.10   |   64969.23    |    64965.11     |
|    A1_birds_Fulmarus_glacialis    |   0.05   |    2     |    1.65 (21.96%)   |   -31775.10   |   64969.24    |    64965.11     |
|   A1_birds_Opisthocomus_hoazin    |   0.05   |    2     |    2.27 (19.91%)   |   -31775.06   |   64969.15    |    64965.11     |
|A1_Squamata_A1_Podarcis_muralis_...|   0.05   |    2     |    3.91 (78.12%)   |   -31775.09   |   64969.21    |    64965.11     |
|              Node263              |   0.05   |    2     |    3.12 ( 6.05%)   |   -31774.95   |   64968.94    |    64965.11     |
|    A1_birds_Manacus_vitellinus    |   0.05   |    2     |    1.31 (39.43%)   |   -31774.74   |   64968.51    |    64965.11     |
|     A1_birds_Serinus_canaria      |   0.05   |    2     |    0.94 (94.10%)   |   -31775.10   |   64969.23    |    64965.11     |
|              Node187              |   0.05   |    2     |    0.60 (95.00%)   |   -31775.10   |   64969.23    |    64965.11     |
|    A1_mammals_Pteropus_medius     |   0.05   |    2     |    0.28 (16.57%)   |   -31775.10   |   64969.23    |    64965.11     |
|              Node253              |   0.05   |    2     |    1.67 (55.32%)   |   -31775.09   |   64969.22    |    64965.11     |
|   A1_birds_Rhynochetos_jubatus    |   0.05   |    2     |   >1000 ( 2.01%)   |   -31771.76   |   64962.56    |    64962.56     |
|   A1_birds_Rhynochetos_jubatus    |   0.05   |    3     |   >1000 ( 2.01%)   |   -31771.77   |   64966.69    |    64962.56     |
|    A1_birds_Phaethon_lepturus     |   0.05   |    2     |   15.54 ( 4.54%)   |   -31768.32   |   64959.80    |    64959.80     |
|    A1_birds_Phaethon_lepturus     |   0.05   |    3     |   15.61 ( 4.45%)   |   -31768.32   |   64963.92    |    64959.80     |
|              Node27               |   0.05   |    2     |    0.52 (82.97%)   |   -31768.32   |   64963.92    |    64959.80     |
|A1_mammals_Ornithorhynchus_anati...|   0.05   |    2     |    3.59 (16.29%)   |   -31767.27   |   64961.81    |    64959.80     |
|A1_Crocodylia_Gavialis_gangeticu...|   0.05   |    2     |  114.01 ( 6.93%)   |   -31745.05   |   64917.38    |    64917.38     |
|A1_Crocodylia_Gavialis_gangeticu...|   0.05   |    3     |  546.98 ( 4.58%)   |   -31742.77   |   64916.94    |    64916.94     |
|A1_Crocodylia_Gavialis_gangeticu...|   0.05   |    4     |  575.54 ( 4.49%)   |   -31742.75   |   64921.03    |    64916.94     |
|              Node152              |   0.05   |    2     |    3.14 (33.96%)   |   -31742.03   |   64919.58    |    64916.94     |
|   A1_birds_Charadrius_vociferus   |   0.05   |    2     |   11.08 ( 4.57%)   |   -31741.58   |   64918.68    |    64916.94     |
|A1_Squamata_A1_Zootoca_vivipara_...|   0.05   |    2     |    2.38 (46.89%)   |   -31742.61   |   64920.74    |    64916.94     |
|A1_birds_Melopsittacus_undulatus...|   0.05   |    2     |    4.25 (27.77%)   |   -31741.57   |   64918.67    |    64916.94     |
|              Node18               |   0.05   |    2     |    0.40 ( 7.56%)   |   -31742.77   |   64921.06    |    64916.94     |
|A1_mammals_Tachyglossus_aculeatu...|   0.05   |    2     |    5.94 (28.28%)   |   -31741.26   |   64918.04    |    64916.94     |
|   A1_birds_Phoenicopterus_ruber   |   0.05   |    2     |    1.15 (99.97%)   |   -31742.77   |   64921.06    |    64916.94     |
|              Node259              |   0.05   |    2     |    0.52 (26.72%)   |   -31742.77   |   64921.06    |    64916.94     |
|A1_like_birds_Aptenodytes_patago...|   0.05   |    2     |    0.55 (46.92%)   |   -31742.77   |   64921.06    |    64916.94     |
|     A1_birds_Anser_cygnoides      |   0.04   |    2     |    6.68 (31.78%)   |   -31742.04   |   64919.61    |    64916.94     |
|    A1_birds_Pelecanus_crispus     |   0.04   |    2     |   20.61 (15.40%)   |   -31737.21   |   64909.95    |    64909.95     |
|    A1_birds_Pelecanus_crispus     |   0.04   |    3     |   20.78 (15.35%)   |   -31737.21   |   64914.07    |    64909.95     |
|A1_like_birds_Zonotrichia_leucop...|   0.04   |    2     |   39.58 ( 1.75%)   |   -31735.94   |   64911.52    |    64909.95     |
|  A1_birds_Zonotrichia_albicollis  |   0.04   |    2     |    6.06 (23.26%)   |   -31735.67   |   64910.99    |    64909.95     |
|              Node254              |   0.04   |    2     |   10.14 (10.43%)   |   -31734.80   |   64909.25    |    64909.25     |
|              Node254              |   0.04   |    3     |    8.72 (12.95%)   |   -31734.80   |   64913.37    |    64909.25     |
|  A1_birds_Tauraco_erythrolophus   |   0.04   |    2     |    0.32 (53.76%)   |   -31734.80   |   64913.37    |    64909.25     |
|A1_Testudines_Caretta_caretta_12...|   0.04   |    2     |    2.24 (46.64%)   |   -31734.72   |   64913.20    |    64909.25     |
|   A1_mammals_Rattus_norvegicus    |   0.04   |    2     |    0.34 (45.89%)   |   -31734.80   |   64913.37    |    64909.25     |
|A1_mammals_Trichosurus_vulpecula...|   0.04   |    2     |    0.24 (50.80%)   |   -31734.80   |   64913.37    |    64909.25     |
|     A1_birds_Egretta_garzetta     |   0.04   |    2     |    0.37 (85.47%)   |   -31734.80   |   64913.37    |    64909.25     |
|              Node252              |   0.04   |    2     |   47.25 (24.90%)   |   -31734.41   |   64912.59    |    64909.25     |
|              Node73               |   0.04   |    2     |    7.50 (27.57%)   |   -31734.12   |   64912.02    |    64909.25     |
|              Node118              |   0.04   |    2     |    0.48 (50.49%)   |   -31734.80   |   64913.37    |    64909.25     |
|              Node266              |   0.04   |    2     |    1.35 (41.37%)   |   -31734.81   |   64913.38    |    64909.25     |
|A1_Testudines_Malaclemys_terrapi...|   0.04   |    2     |    0.68 (28.15%)   |   -31734.80   |   64913.37    |    64909.25     |
|A1_Testudines_Malaclemys_terrapi...|   0.04   |    2     |   10.19 ( 9.72%)   |   -31729.92   |   64903.61    |    64903.61     |
|A1_Testudines_Malaclemys_terrapi...|   0.04   |    3     |   10.12 ( 9.76%)   |   -31729.92   |   64907.73    |    64903.61     |
|    A1_birds_Aquila_chrysaetos     |   0.04   |    2     |    0.90 ( 0.00%)   |   -31729.92   |   64907.73    |    64903.61     |
|     A1_birds_Nestor_notabilis     |   0.04   |    2     |    0.59 (93.65%)   |   -31729.92   |   64907.73    |    64903.61     |
|      A1_mammals_Mus_musculus      |   0.04   |    2     |   0.18 (100.00%)   |   -31729.92   |   64907.73    |    64903.61     |
|              Node241              |   0.04   |    2     |    9.90 (30.42%)   |   -31729.73   |   64907.36    |    64903.61     |
|A1_like_birds_Passer_domesticus_...|   0.03   |    2     |    0.75 (53.76%)   |   -31729.92   |   64907.73    |    64903.61     |
|A1_Testudines_Dermochelys_coriac...|   0.03   |    2     |    3.90 (27.75%)   |   -31729.62   |   64907.13    |    64903.61     |
|A1_like_birds_Manacus_candei_XM_...|   0.03   |    2     |   2.62 (100.00%)   |   -31729.92   |   64907.73    |    64903.61     |
|               Node6               |   0.03   |    2     |    1.00 (48.67%)   |   -31729.87   |   64907.63    |    64903.61     |
|              Node173              |   0.03   |    2     |  113.09 ( 1.68%)   |   -31729.46   |   64906.81    |    64903.61     |
|              Node146              |   0.03   |    2     |    3.13 (27.68%)   |   -31729.15   |   64906.20    |    64903.61     |
|A1_Testudines_Dermochelys_coriac...|   0.03   |    2     |    0.27 ( 9.11%)   |   -31729.92   |   64907.73    |    64903.61     |
|              Node223              |   0.03   |    2     |   >1000 ( 0.97%)   |   -31723.86   |   64895.61    |    64895.61     |
|              Node223              |   0.03   |    3     |   >1000 ( 0.98%)   |   -31723.86   |   64899.74    |    64895.61     |
|              Node168              |   0.03   |    2     |  735.14 ( 2.79%)   |   -31721.38   |   64894.77    |    64894.77     |
|              Node168              |   0.03   |    3     |  732.15 ( 2.80%)   |   -31721.38   |   64898.90    |    64894.77     |
|A1_like_birds_Poecile_atricapill...|   0.03   |    2     |    3.47 (10.25%)   |   -31719.88   |   64895.90    |    64894.77     |
|A1_Testudines_Dermochelys_coriac...|   0.03   |    2     |   0.40 (100.00%)   |   -31721.38   |   64898.90    |    64894.77     |
|              Node80               |   0.03   |    2     |    0.51 (42.12%)   |   -31721.38   |   64898.90    |    64894.77     |
|              Node144              |   0.03   |    2     |    0.54 (48.43%)   |   -31721.36   |   64898.85    |    64894.77     |
|      A1_mammals_Homo_sapiens      |   0.03   |    2     |    0.72 (23.97%)   |   -31721.37   |   64898.89    |    64894.77     |
|              Node230              |   0.03   |    2     |   42.13 ( 2.05%)   |   -31718.95   |   64894.03    |    64894.03     |
|              Node230              |   0.03   |    3     |   46.01 ( 1.94%)   |   -31718.95   |   64898.17    |    64894.03     |
|              Node96               |   0.03   |    2     |   14.08 (16.64%)   |   -31717.55   |   64895.36    |    64894.03     |
|              Node75               |   0.03   |    2     |   1.21 (100.00%)   |   -31718.95   |   64898.16    |    64894.03     |
|              Node169              |   0.03   |    2     |    0.52 (78.92%)   |   -31718.88   |   64898.03    |    64894.03     |
|               Node7               |   0.03   |    2     |    0.13 (41.12%)   |   -31718.95   |   64898.16    |    64894.03     |
|              Node33               |   0.03   |    2     |    8.07 (13.43%)   |   -31717.14   |   64894.54    |    64894.03     |
|              Node210              |   0.02   |    2     |    0.54 (78.31%)   |   -31718.90   |   64898.07    |    64894.03     |
|              Node78               |   0.02   |    2     |    0.32 (27.66%)   |   -31739.39   |   64939.04    |    64894.03     |
|              Node164              |   0.02   |    2     |  101.03 (11.31%)   |   -31714.59   |   64889.44    |    64889.44     |
|              Node164              |   0.02   |    3     |  108.79 (11.36%)   |   -31714.59   |   64893.57    |    64889.44     |
|              Node14               |   0.02   |    2     |    0.60 (70.23%)   |   -31714.56   |   64893.52    |    64889.44     |
|              Node256              |   0.02   |    2     |   1.46 (100.00%)   |   -31714.59   |   64893.56    |    64889.44     |
|     A1_birds_Eurypyga_helias      |   0.02   |    2     |   2.00 (100.00%)   |   -31714.59   |   64893.57    |    64889.44     |
|A1_Testudines_Dermochelys_coriac...|   0.02   |    2     |    4.21 (18.40%)   |   -31714.14   |   64892.67    |    64889.44     |
|A1_like_birds_Parus_major_XM_015...|   0.02   |    2     |   75.52 ( 1.24%)   |   -31713.38   |   64891.14    |    64889.44     |
|              Node268              |   0.02   |    2     |    3.27 (12.46%)   |   -31714.34   |   64893.07    |    64889.44     |
|              Node68               |   0.02   |    2     |   9.36 (100.00%)   |   -31714.59   |   64893.57    |    64889.44     |
|A1_mammals_Monodelphis_domestica...|   0.02   |    2     |   0.16 (100.00%)   |   -31714.59   |   64893.57    |    64889.44     |
|              Node212              |   0.02   |    2     |    0.63 ( 8.95%)   |   -31714.59   |   64893.57    |    64889.44     |
|A1_like_birds_Chiroxiphia_lanceo...|   0.02   |    2     |    0.96 ( 3.65%)   |   -31714.59   |   64893.57    |    64889.44     |
|              Node139              |   0.02   |    2     |    7.50 (21.97%)   |   -31714.42   |   64893.23    |    64889.44     |
|A1_Testudines_Chelonia_mydas_119...|   0.02   |    2     |    0.85 ( 0.00%)   |   -31714.59   |   64893.57    |    64889.44     |
|    A1_birds_Erythrura_gouldiae    |   0.02   |    2     |    4.59 (10.45%)   |   -31713.18   |   64890.75    |    64889.44     |
|  A1_mammals_Gracilinanus_agilis   |   0.02   |    2     |    2.49 (16.45%)   |   -31714.57   |   64893.53    |    64889.44     |
|              Node233              |   0.02   |    2     |    0.40 (73.47%)   |   -31714.55   |   64893.50    |    64889.44     |
|              Node209              |   0.02   |    2     |    1.09 (34.22%)   |   -31714.48   |   64893.34    |    64889.44     |
|A1_like_birds_Cyanistes_caeruleu...|   0.02   |    2     |    7.14 (23.03%)   |   -31714.17   |   64892.73    |    64889.44     |
|              Node244              |   0.02   |    2     |  >1000 (100.00%)   |   -31714.59   |   64893.56    |    64889.44     |
|              Node255              |   0.02   |    2     |    0.28 (27.94%)   |   -31714.58   |   64893.55    |    64889.44     |
|              Node125              |   0.02   |    2     |   1.74 (100.00%)   |   -31714.59   |   64893.56    |    64889.44     |
|              Node51               |   0.02   |    2     |    0.32 (27.66%)   |   -31729.65   |   64923.69    |    64889.44     |
|   A1_birds_Corythaeola_cristata   |   0.02   |    2     |    0.33 ( 3.20%)   |   -31714.59   |   64893.57    |    64889.44     |
|              Node246              |   0.02   |    2     |    1.61 (99.64%)   |   -31714.57   |   64893.53    |    64889.44     |
|              Node251              |   0.02   |    2     |    0.39 ( 2.00%)   |   -31718.26   |   64900.90    |    64889.44     |
|              Node15               |   0.02   |    2     |    8.33 ( 5.79%)   |   -31712.66   |   64889.72    |    64889.44     |
|              Node196              |   0.02   |    2     |    0.37 (82.41%)   |   -31714.59   |   64893.57    |    64889.44     |
|              Node219              |   0.02   |    2     |    0.32 (51.36%)   |   -31714.59   |   64893.57    |    64889.44     |
|              Node272              |   0.02   |    2     |   36.13 ( 3.58%)   |   -31713.00   |   64890.39    |    64889.44     |
|A1_like_birds_Lepidothrix_corona...|   0.02   |    2     |   1.25 (100.00%)   |   -31714.59   |   64893.57    |    64889.44     |
|   A1_birds_Taeniopygia_guttata    |   0.02   |    2     |    0.58 (78.11%)   |   -31714.59   |   64893.57    |    64889.44     |
|    A1_mammals_Vombatus_ursinus    |   0.02   |    2     |    0.27 (18.88%)   |   -31714.59   |   64893.57    |    64889.44     |
|   A1_birds_Aptenodytes_forsteri   |   0.02   |    2     |    0.80 (98.00%)   |   -31714.59   |   64893.57    |    64889.44     |
|A1_like_birds_Melospiza_melodia_...|   0.02   |    2     |   27.98 ( 9.86%)   |   -31713.99   |   64892.37    |    64889.44     |
|A1_mammals_Phascolarctos_cinereu...|   0.02   |    2     |    0.29 (33.76%)   |   -31714.59   |   64893.57    |    64889.44     |
|              Node227              |   0.02   |    2     |   15.64 ( 3.52%)   |   -31711.87   |   64888.13    |    64888.13     |
|              Node227              |   0.02   |    3     |   17.72 ( 2.98%)   |   -31711.88   |   64892.27    |    64888.13     |
|              Node70               |   0.02   |    2     |    0.32 (27.66%)   |   -31720.27   |   64909.06    |    64888.13     |
|              Node121              |   0.02   |    2     |   3.31 (100.00%)   |   -31711.86   |   64892.24    |    64888.13     |
|              Node34               |   0.02   |    2     |    0.15 (49.66%)   |   -31711.87   |   64892.26    |    64888.13     |
|              Node17               |   0.02   |    2     |   11.88 (10.39%)   |   -31710.65   |   64889.81    |    64888.13     |
|              Node236              |   0.01   |    2     |   3.12 (100.00%)   |   -31711.87   |   64892.25    |    64888.13     |
|A1_like_birds_Pseudopodoces_humi...|   0.01   |    2     |   40.22 ( 3.70%)   |   -31708.76   |   64886.03    |    64886.03     |
|A1_like_birds_Pseudopodoces_humi...|   0.01   |    3     |   40.85 ( 3.68%)   |   -31708.76   |   64890.16    |    64886.03     |
|A1_like_birds_Agelaius_phoeniceu...|   0.01   |    2     |    0.32 (27.66%)   |   -31723.59   |   64919.83    |    64886.03     |
|              Node86               |   0.01   |    2     |   2.66 (100.00%)   |   -31708.76   |   64890.16    |    64886.03     |
|              Node46               |   0.01   |    2     |   35.98 ( 2.38%)   |   -31707.15   |   64886.94    |    64886.03     |
|A1_Testudines_Gopherus_evgoodei_...|   0.01   |    2     |    0.71 (71.52%)   |   -31708.76   |   64890.16    |    64886.03     |
|     A1_birds_Lonchura_striata     |   0.01   |    2     |   0.16 (100.00%)   |   -31708.76   |   64890.16    |    64886.03     |
|     A1_mammals_Neogale_vison      |   0.01   |    2     |   10.61 ( 3.15%)   |   -31706.02   |   64884.68    |    64884.68     |
|     A1_mammals_Neogale_vison      |   0.01   |    3     |   10.51 ( 3.13%)   |   -31706.02   |   64888.81    |    64884.68     |
|A1_Testudines_Mauremys_reevesii_...|   0.01   |    2     |   12.42 ( 3.84%)   |   -31703.73   |   64884.23    |    64884.23     |
|A1_Testudines_Mauremys_reevesii_...|   0.01   |    3     |   32.11 ( 1.24%)   |   -31703.69   |   64888.26    |    64884.23     |
|A1_Testudines_Mauremys_reevesii_...|   0.01   |    2     |    0.71 (49.33%)   |   -31703.73   |   64888.35    |    64884.23     |
|              Node90               |   0.01   |    2     |    0.32 (27.66%)   |   -31710.15   |   64901.19    |    64884.23     |
|              Node93               |   0.01   |    2     |    0.32 (27.66%)   |   -31709.78   |   64900.46    |    64884.23     |
|A1_Crocodylia_Alligator_mississi...|   0.01   |    2     |    0.58 (76.11%)   |   -31703.73   |   64888.36    |    64884.23     |
|              Node142              |   0.01   |    2     |   0.42 (100.00%)   |   -31703.71   |   64888.32    |    64884.23     |
|              Node291              |   0.01   |    2     |   3.47 (100.00%)   |   -31703.71   |   64888.32    |    64884.23     |
|              Node85               |   0.01   |    2     |   2.05 (100.00%)   |   -31703.73   |   64888.36    |    64884.23     |
|A1_like_birds_Pipra_filicauda_XM...|   0.01   |    2     |   21.04 ( 3.31%)   |   -31701.23   |   64883.36    |    64883.36     |
|A1_like_birds_Pipra_filicauda_XM...|   0.01   |    3     |   21.29 ( 3.27%)   |   -31701.23   |   64887.49    |    64883.36     |
|              Node11               |   0.01   |    2     |    1.62 (35.82%)   |   -31701.24   |   64887.50    |    64883.36     |
|              Node308              |   0.01   |    2     |    8.99 (10.00%)   |   -31701.23   |   64887.48    |    64883.36     |
|              Node82               |   0.01   |    2     |    0.37 (79.81%)   |   -31701.23   |   64887.49    |    64883.36     |
|              Node79               |   0.01   |    2     |    0.80 (50.00%)   |   -31701.23   |   64887.49    |    64883.36     |
|A1_like_birds_Molothrus_aeneus_X...|   0.01   |    2     |    0.32 (27.66%)   |   -31710.63   |   64906.27    |    64883.36     |
|A1_mammals_Phacochoerus_africanu...|   0.01   |    2     |    2.44 (99.90%)   |   -31701.23   |   64887.49    |    64883.36     |
|              Node202              |   0.01   |    2     |    0.92 ( 0.00%)   |   -31701.23   |   64887.49    |    64883.36     |
|       A1_mammals_Bos_taurus       |   0.01   |    2     |    0.53 (18.45%)   |   -31701.23   |   64887.49    |    64883.36     |
|              Node52               |   0.01   |    2     |    2.07 (97.78%)   |   -31701.23   |   64887.49    |    64883.36     |
|    A1_mammals_Bubalus_bubalis     |   0.01   |    2     |    0.49 (48.32%)   |   -31701.23   |   64887.49    |    64883.36     |
|              Node53               |   0.01   |    2     |    0.20 (96.38%)   |   -31701.23   |   64887.48    |    64883.36     |
|              Node225              |   0.01   |    2     |   50.72 ( 3.64%)   |   -31698.83   |   64882.68    |    64882.68     |
|              Node225              |   0.01   |    3     |   53.98 ( 3.27%)   |   -31698.82   |   64886.79    |    64882.68     |
|A1_like_birds_Falco_biarmicus_XM...|   0.01   |    2     |    1.72 (63.83%)   |   -31698.83   |   64886.81    |    64882.68     |
|              Node197              |   0.01   |    2     |    0.77 (24.26%)   |   -31698.83   |   64886.80    |    64882.68     |
|              Node71               |   0.01   |    2     |    0.32 (27.66%)   |   -31706.57   |   64902.28    |    64882.68     |
|              Node131              |   0.01   |    2     |   28.80 ( 3.14%)   |   -31698.44   |   64886.02    |    64882.68     |
|              Node20               |   0.01   |    2     |    0.38 (97.74%)   |   -31698.83   |   64886.80    |    64882.68     |
|    A1_birds_Anas_platyrhynchos    |   0.01   |    2     |    0.23 (45.10%)   |   -31698.83   |   64886.80    |    64882.68     |
|              Node311              |   0.01   |    2     |    1.37 (33.88%)   |   -31698.83   |   64886.80    |    64882.68     |
|A1_like_birds_Corapipo_altera_XM...|   0.01   |    2     |    0.40 (74.83%)   |   -31698.83   |   64886.80    |    64882.68     |
|              Node218              |   0.01   |    2     |    0.59 (91.29%)   |   -31698.83   |   64886.80    |    64882.68     |
|      A1_mammals_Meles_meles       |   0.01   |    2     |    0.00 ( 3.16%)   |   -31698.83   |   64886.80    |    64882.68     |
|A1_Crocodylia_Crocodylus_porosus...|   0.01   |    2     |    0.42 (76.52%)   |   -31698.81   |   64886.77    |    64882.68     |
|              Node226              |   0.01   |    2     |    0.97 (90.73%)   |   -31698.82   |   64886.79    |    64882.68     |
|     A1_birds_Aythya_fuligula      |   0.01   |    2     |   0.16 (100.00%)   |   -31698.82   |   64886.79    |    64882.68     |
|              Node138              |   0.01   |    2     |    0.32 (27.66%)   |   -31702.99   |   64895.12    |    64882.68     |
|A1_Testudines_Trachemys_scripta_...|   0.01   |    2     |    2.03 (49.63%)   |   -31698.83   |   64886.80    |    64882.68     |
|A1_like_birds_Falco_naumanni_XM_...|   0.01   |    2     |    1.02 ( 9.99%)   |   -31698.83   |   64886.80    |    64882.68     |
|              Node300              |   0.01   |    2     |    0.18 (95.80%)   |   -31698.82   |   64886.79    |    64882.68     |
|              Node113              |   0.01   |    2     |    1.26 (43.16%)   |   -31698.83   |   64886.80    |    64882.68     |
|              Node19               |   0.01   |    2     |    0.20 (50.67%)   |   -31698.83   |   64886.80    |    64882.68     |
|              Node100              |   0.01   |    2     |   >1000 ( 1.58%)   |   -31695.39   |   64879.92    |    64879.92     |
|              Node100              |   0.01   |    3     |   >1000 ( 1.57%)   |   -31695.39   |   64884.05    |    64879.92     |
|A1_mammals_Trachypithecus_franco...|   0.01   |    2     |    0.00 ( 3.16%)   |   -31695.39   |   64884.05    |    64879.92     |
|              Node298              |   0.01   |    2     |    1.08 (36.41%)   |   -31695.39   |   64884.05    |    64879.92     |
|A1_like_birds_Pyrgilauda_ruficol...|   0.01   |    2     |    1.35 (39.72%)   |   -31695.39   |   64884.05    |    64879.92     |
|              Node211              |   0.01   |    2     |    0.32 (27.66%)   |   -31700.92   |   64895.11    |    64879.92     |
|              Node285              |   0.01   |    2     |    0.32 (27.66%)   |   -31698.77   |   64890.82    |    64879.92     |
|              Node213              |   0.01   |    2     |    0.47 (47.48%)   |   -31695.39   |   64884.05    |    64879.92     |
|              Node312              |   0.01   |    2     |   >1000 ( 5.83%)   |   -31695.08   |   64883.44    |    64879.92     |
|              Node195              |   0.01   |    2     |    8.88 (11.14%)   |   -31695.39   |   64884.06    |    64879.92     |
|              Node274              |   0.01   |    2     |    0.80 (75.07%)   |   -31695.39   |   64884.05    |    64879.92     |
|A1_Testudines_Gopherus_flavomarg...|   0.01   |    2     |    1.17 (48.59%)   |   -31695.39   |   64884.05    |    64879.92     |
|A1_mammals_Canis_lupus_familiari...|   0.01   |    2     |    0.40 ( 0.00%)   |   -31695.39   |   64884.05    |    64879.92     |
|A1_mammals_Mustela_putorius_furo...|   0.01   |    2     |    0.51 (24.78%)   |   -31695.39   |   64884.05    |    64879.92     |
|A1_Testudines_Caretta_caretta_12...|   0.01   |    2     |    1.33 (49.06%)   |   -31695.39   |   64884.05    |    64879.92     |
|   A1_mammals_Lontra_canadensis    |   0.01   |    2     |    1.37 (29.77%)   |   -31695.39   |   64884.05    |    64879.92     |
|              Node44               |   0.01   |    2     |    0.19 (75.03%)   |   -31695.39   |   64884.05    |    64879.92     |
|              Node286              |   0.01   |    2     |    0.32 (27.66%)   |   -31698.71   |   64890.69    |    64879.92     |
|       A1_mammals_Sus_scrofa       |   0.01   |    2     |    0.32 (27.66%)   |   -31700.99   |   64895.24    |    64879.92     |
|A1_Testudines_Caretta_caretta_12...|   0.01   |    2     |    1.38 (62.70%)   |   -31695.39   |   64884.05    |    64879.92     |
|              Node193              |   0.01   |    2     |    0.39 (95.13%)   |   -31695.38   |   64884.04    |    64879.92     |
|              Node156              |   0.01   |    2     |    0.32 (27.66%)   |   -31697.29   |   64887.85    |    64879.92     |
|              Node224              |   0.00   |    2     |  319.86 ( 0.52%)   |   -31691.20   |   64875.68    |    64875.68     |
|              Node224              |   0.00   |    3     |  322.83 ( 0.52%)   |   -31691.21   |   64879.83    |    64875.68     |
|A1_Testudines_Chelonia_mydas_102...|   0.00   |    2     |    0.32 (27.66%)   |   -31696.03   |   64889.46    |    64875.68     |
|              Node290              |   0.00   |    2     |    0.74 (49.00%)   |   -31691.20   |   64879.81    |    64875.68     |
|A1_Testudines_Malaclemys_terrapi...|   0.00   |    2     |  >1000 (100.00%)   |   -31691.20   |   64879.81    |    64875.68     |
|A1_Testudines_Chrysemys_picta_be...|   0.00   |    2     |    0.20 (80.00%)   |   -31691.20   |   64879.81    |    64875.68     |
|              Node30               |   0.00   |    2     |  738.25 ( 1.70%)   |   -31687.99   |   64873.38    |    64873.38     |
|              Node30               |   0.00   |    3     |   >1000 ( 1.70%)   |   -31687.99   |   64877.52    |    64873.38     |
|A1_Testudines_Malaclemys_terrapi...|   0.00   |    2     |    0.72 (76.18%)   |   -31687.99   |   64877.51    |    64873.38     |
|      A1_mammals_Lutra_lutra       |   0.00   |    2     |    0.79 (95.38%)   |   -31687.99   |   64877.51    |    64873.38     |
|              Node31               |   0.00   |    2     |   1.00 (100.00%)   |   -31688.16   |   64877.85    |    64873.38     |
|  A1_mammals_Rhinopithecus_bieti   |   0.00   |    2     |   1.00 (100.00%)   |   -31688.82   |   64879.17    |    64873.38     |
|              Node99               |   0.00   |    2     |    0.32 (27.66%)   |   -31690.64   |   64882.82    |    64873.38     |
|              Node288              |   0.00   |    2     |    0.32 (27.66%)   |   -31690.42   |   64882.36    |    64873.38     |
|A1_like_birds_Vidua_macroura_XM_...|   0.00   |    2     |    0.00 ( 0.00%)   |   -31687.99   |   64877.51    |    64873.38     |
|              Node161              |   0.00   |    2     |    0.00 ( 3.25%)   |   -31687.98   |   64877.50    |    64873.38     |
|A1_Testudines_Gopherus_flavomarg...|   0.00   |    2     |    2.00 (50.00%)   |   -31687.98   |   64877.48    |    64873.38     |
|A1_Testudines_Malaclemys_terrapi...|   0.00   |    2     |    0.74 (24.00%)   |   -31687.99   |   64877.51    |    64873.38     |
|              Node102              |   0.00   |    2     |    0.00 ( 3.23%)   |   -31687.99   |   64877.51    |    64873.38     |
|              Node72               |   0.00   |    2     |    0.32 (27.66%)   |   -31689.78   |   64881.10    |    64873.38     |
|A1_Testudines_Gopherus_evgoodei_...|   0.00   |    2     |    0.00 ( 2.34%)   |   -31687.99   |   64877.50    |    64873.38     |
|              Node111              |   0.00   |    2     |   >1000 ( 0.79%)   |   -31683.68   |   64868.89    |    64868.89     |
|              Node111              |   0.00   |    3     |   >1000 ( 0.78%)   |   -31683.68   |   64873.02    |    64868.89     |
|              Node133              |   0.00   |    2     |    0.39 ( 2.00%)   |   -31685.14   |   64875.93    |    64868.89     |
|A1_Testudines_Mauremys_reevesii_...|   0.00   |    2     |    0.39 (76.79%)   |   -31683.68   |   64873.02    |    64868.89     |
|              Node129              |   0.00   |    2     |  >1000 (100.00%)   |   -31683.58   |   64872.82    |    64868.89     |
|              Node106              |   0.00   |    2     |    0.32 (27.66%)   |   -31685.75   |   64877.17    |    64868.89     |
|              Node137              |   0.00   |    2     |    0.32 (27.66%)   |   -31684.88   |   64875.41    |    64868.89     |
|              Node117              |   0.00   |    2     |    0.39 ( 2.00%)   |   -31684.85   |   64875.36    |    64868.89     |
|A1_Testudines_Mauremys_mutica_12...|   0.00   |    2     |  269.76 (95.47%)   |   -31683.68   |   64873.02    |    64868.89     |
|              Node107              |   0.00   |    2     |    0.25 ( 2.00%)   |   -31684.26   |   64874.18    |    64868.89     |
|              Node103              |   0.00   |    2     |    0.32 (27.66%)   |   -31685.01   |   64875.67    |    64868.89     |
|A1_like_birds_Chroicocephalus_ri...|   0.00   |    2     |  >1000 (100.00%)   |   -31683.68   |   64873.02    |    64868.89     |
|              Node302              |   0.00   |    2     |  >1000 (100.00%)   |   -31683.68   |   64873.02    |    64868.89     |
|A1_Squamata_Candoia_aspera_13449...|   0.00   |    2     |  >1000 (100.00%)   |   -31683.68   |   64873.02    |    64868.89     |
|              Node105              |   0.00   |    2     |  >1000 (100.00%)   |   -31683.68   |   64873.02    |    64868.89     |
|A1_Squamata_A1_Eublepharis_macul...|   0.00   |    2     |   >1000 (77.62%)   |   -31683.68   |   64873.02    |    64868.89     |
|A1_Crocodylia_Alligator_sinensis...|   0.00   |    2     |    0.00 ( 5.00%)   |   -31683.68   |   64873.02    |    64868.89     |
|              Node104              |   0.00   |    2     |    0.32 (27.66%)   |   -31685.19   |   64876.04    |    64868.89     |
|              Node277              |   0.00   |    2     |    0.25 (51.00%)   |   -31683.98   |   64873.62    |    64868.89     |
|A1_Testudines_Trachemys_scripta_...|   0.00   |    2     |    0.00 ( 5.00%)   |   -31683.68   |   64873.02    |    64868.89     |
|              Node23               |   0.00   |    2     |  555.93 (100.00%)  |   -31683.68   |   64873.02    |    64868.89     |
|   A1_mammals_Camelus_bactrianus   |   0.00   |    2     |   1.00 (100.00%)   |   -31684.00   |   64873.67    |    64868.89     |
|     A1_mammals_Vulpes_vulpes      |   0.00   |    2     |    0.32 (27.66%)   |   -31684.74   |   64875.14    |    64868.89     |
|              Node198              |   0.00   |    2     |    0.00 ( 0.00%)   |   -31683.68   |   64873.02    |    64868.89     |
|A1_Testudines_Chrysemys_picta_be...|   0.00   |    2     |    0.00 ( 5.00%)   |   -31683.68   |   64873.02    |    64868.89     |
|A1_like_birds_Larus_michahellis_...|   0.00   |    2     |    0.25 (51.00%)   |   -31683.68   |   64873.02    |    64868.89     |
|A1_Testudines_Mauremys_reevesii_...|   0.00   |    2     |    0.25 ( 2.00%)   |   -31683.68   |   64873.02    |    64868.89     |
|A1_Testudines_Chelonia_mydas_119...|   0.00   |    2     |    0.39 ( 2.00%)   |   -31683.68   |   64873.02    |    64868.89     |
|A1_like_birds_Rissa_tridactyla_X...|   0.00   |    2     |    0.25 (51.00%)   |   -31683.68   |   64873.02    |    64868.89     |
|A1_Testudines_Mauremys_mutica_12...|   0.00   |    2     |    0.25 ( 2.00%)   |   -31683.68   |   64873.02    |    64868.89     |
|A1_Squamata_Eublepharis_maculari...|   0.00   |    2     |    0.25 ( 2.00%)   |   -31683.68   |   64873.02    |    64868.89     |
|A1_Squamata_Candoia_aspera_13449...|   0.00   |    2     |    0.25 ( 2.00%)   |   -31683.68   |   64873.02    |    64868.89     |
|     A1_mammals_Camelus_ferus      |   0.00   |    2     |    0.25 ( 2.00%)   |   -31683.68   |   64873.02    |    64868.89     |
|A1_like_birds_Vidua_chalybeata_X...|   0.00   |    2     |    0.25 ( 2.00%)   |   -31683.68   |   64873.02    |    64868.89     |

### Rate class analyses summary
*  46 branches with **2** rate classes
*  265 branches with **1** rate classes
*  1 branches with **3** rate classes

### Improving parameter estimates of the adaptive rate class model
* Log(L) = -31676.33, AIC-c = 64854.19 (739 estimated parameters)
* The following rate distribution for site-to-site **synonymous** rate variation was inferred

|               Rate                | Proportion, % |               Notes               |
|-----------------------------------|---------------|-----------------------------------|
|               0.306               |    17.156     |                                   |
|               0.741               |    42.490     |                                   |
|               1.568               |    40.354     |                                   |


### Testing selected branches for selection

|              Branch               |  Rates   |     Max. dN/dS     | Sites @ EBF>=100 |      Test LRT      |Uncorrected p-value |
|-----------------------------------|----------|--------------------|------------------|--------------------|--------------------|
|              Node62               |     2    |    1.00 (18.63%)   |       N/A        |    Not selected    |    for testing     |
|              Node167              |     2    |    0.44 (36.89%)   |       N/A        |    Not selected    |    for testing     |
|              Node249              |     2    |    8.38 (18.45%)   |       N/A        |    Not selected    |    for testing     |
|A1_Squamata_A1_Sphaerodactylus_t...|     2    |   79.55 (10.04%)   |       N/A        |    Not selected    |    for testing     |
|              Node189              |     1    |   0.80 (100.00%)   |       N/A        |    Not selected    |    for testing     |
|              Node160              |     1    |   0.33 (100.00%)   |       N/A        |        0.00        |       1.00000      |
|              Node184              |     2    |   19.04 (11.81%)   |       N/A        |    Not selected    |    for testing     |
|              Node69               |     2    |    2.10 (25.29%)   |       N/A        |    Not selected    |    for testing     |
|              Node192              |     1    |   0.56 (100.00%)   |       N/A        |    Not selected    |    for testing     |
|              Node177              |     2    |   43.59 ( 8.64%)   |       N/A        |    Not selected    |    for testing     |
|A1_Squamata_A1_Sceloporus_undula...|     2    |   17.18 ( 5.45%)   |       N/A        |    Not selected    |    for testing     |
|A1_Squamata_Tiliqua_scincoides_1...|     2    |    1.61 (33.62%)   |       N/A        |    Not selected    |    for testing     |
|              Node61               |     1    |   0.03 (100.00%)   |       N/A        |    Not selected    |    for testing     |
|              Node170              |     1    |   0.52 (100.00%)   |       N/A        |    Not selected    |    for testing     |
|              Node207              |     2    |  139.64 ( 3.23%)   |       N/A        |    Not selected    |    for testing     |
|              Node65               |     2    |   40.40 (50.53%)   |       N/A        |    Not selected    |    for testing     |
|              Node250              |     1    |   0.78 (100.00%)   |       N/A        |    Not selected    |    for testing     |
|A1_like_birds_Chamaea_fasciata_X...|     1    |   2.14 (100.00%)   |       N/A        |    Not selected    |    for testing     |
|A1_mammals_Oryctolagus_cuniculus...|     1    |   0.48 (100.00%)   |       N/A        |    Not selected    |    for testing     |
|              Node50               |     1    |   0.29 (100.00%)   |       N/A        |    Not selected    |    for testing     |
|              Node273              |     2    |    5.25 (41.00%)   |       N/A        |    Not selected    |    for testing     |
|    A1_birds_Atlantisia_rogersi    |     2    |    3.07 (17.09%)   |       N/A        |    Not selected    |    for testing     |
|              Node307              |     2    |   >1000 ( 1.95%)   |       N/A        |    Not selected    |    for testing     |
|A1_Squamata_Thamnophis_elegans_1...|     2    |   49.41 ( 6.98%)   |       N/A        |    Not selected    |    for testing     |
|A1_like_birds_Patagioenas_fascia...|     2    |    5.83 (15.18%)   |       N/A        |    Not selected    |    for testing     |
|              Node280              |     1    |   1.17 (100.00%)   |       N/A        |    Not selected    |    for testing     |
|               Node5               |     2    |   10.86 ( 7.40%)   |       N/A        |    Not selected    |    for testing     |
|              Node208              |     1    |   0.35 (100.00%)   |       N/A        |    Not selected    |    for testing     |
|              Node178              |     1    |   1.17 (100.00%)   |       N/A        |    Not selected    |    for testing     |
|              Node145              |     2    |   >1000 ( 5.67%)   |       N/A        |    Not selected    |    for testing     |
|     A1_birds_Alectura_lathami     |     1    |   0.88 (100.00%)   |       N/A        |    Not selected    |    for testing     |
|  A1_mammals_Mesocricetus_auratus  |     2    |   18.66 ( 2.39%)   |       N/A        |    Not selected    |    for testing     |
|A1_Squamata_Crotalus_tigris_1203...|     1    |   0.96 (100.00%)   |       N/A        |    Not selected    |    for testing     |
|A1_like_birds_Pelecanus_crispus_...|     2    |   10.35 (17.79%)   |       N/A        |    Not selected    |    for testing     |
|A1_like_birds_Strix_uralensis_XM...|     1    |   1.57 (100.00%)   |       N/A        |    Not selected    |    for testing     |
|A1_like_birds_Catharus_ustulatus...|     1    |   0.86 (100.00%)   |       N/A        |    Not selected    |    for testing     |
|              Node67               |     1    |   0.24 (100.00%)   |       N/A        |    Not selected    |    for testing     |
|       A1_birds_Calypte_anna       |     1    |   0.89 (100.00%)   |       N/A        |    Not selected    |    for testing     |
|              Node294              |     1    |   0.84 (100.00%)   |       N/A        |    Not selected    |    for testing     |
|              Node41               |     1    |   0.33 (100.00%)   |       N/A        |    Not selected    |    for testing     |
|      A1_birds_Columba_livia       |     1    |   1.07 (100.00%)   |       N/A        |    Not selected    |    for testing     |
|              Node49               |     1    |   0.16 (100.00%)   |       N/A        |    Not selected    |    for testing     |
|A1_like_birds_Serinus_canaria_XM...|     1    |   0.48 (100.00%)   |       N/A        |    Not selected    |    for testing     |
|    A1_birds_Chaetura_pelagica     |     2    |    9.36 ( 9.24%)   |       N/A        |    Not selected    |    for testing     |
|      A1_birds_Merops_nubicus      |     1    |   0.74 (100.00%)   |       N/A        |    Not selected    |    for testing     |
|A1_like_birds_Ficedula_albicolli...|     1    |   0.82 (100.00%)   |       N/A        |    Not selected    |    for testing     |
|              Node35               |     1    |   0.23 (100.00%)   |       N/A        |    Not selected    |    for testing     |
|   A1_birds_Acanthisitta_chloris   |     1    |   0.64 (100.00%)   |       N/A        |    Not selected    |    for testing     |
|   A1_birds_Apaloderma_vittatum    |     1    |   0.67 (100.00%)   |       N/A        |    Not selected    |    for testing     |
|              Node38               |     1    |   0.59 (100.00%)   |       N/A        |    Not selected    |    for testing     |
|   A1_birds_Corvus_moneduloides    |     1    |   1.33 (100.00%)   |       N/A        |    Not selected    |    for testing     |
|              Node181              |     1    |   0.56 (100.00%)   |       N/A        |    Not selected    |    for testing     |
|A1_like_birds_Nyctibius_grandis_...|     1    |   1.02 (100.00%)   |       N/A        |    Not selected    |    for testing     |
|     A1_birds_Colius_striatus      |     1    |   0.45 (100.00%)   |       N/A        |    Not selected    |    for testing     |
|    A1_birds_Passer_domesticus     |     1    |   0.65 (100.00%)   |       N/A        |    Not selected    |    for testing     |
|    A1_birds_Stachyris_ruficeps    |     1    |   0.95 (100.00%)   |       N/A        |    Not selected    |    for testing     |
|   A1_birds_Mesitornis_unicolor    |     1    |   0.87 (100.00%)   |       N/A        |    Not selected    |    for testing     |
|              Node301              |     1    |   0.94 (100.00%)   |       N/A        |    Not selected    |    for testing     |
|     A1_birds_Calidris_pugnax      |     1    |   1.27 (100.00%)   |       N/A        |    Not selected    |    for testing     |
|A1_like_birds_Calonectris_boreal...|     1    |   0.91 (100.00%)   |       N/A        |    Not selected    |    for testing     |
|     A1_birds_Malurus_cyaneus      |     1    |   1.59 (100.00%)   |       N/A        |    Not selected    |    for testing     |
|              Node240              |     2    |   30.40 ( 6.21%)   |       N/A        |    Not selected    |    for testing     |
|       A1_birds_Galbula_dea        |     1    |   1.11 (100.00%)   |       N/A        |    Not selected    |    for testing     |
|A1_like_birds_Phalacrocorax_aris...|     1    |   1.45 (100.00%)   |       N/A        |    Not selected    |    for testing     |
|               Node9               |     2    |    1.49 (13.63%)   |       N/A        |    Not selected    |    for testing     |
|A1_Squamata_A1_Anolis_carolinens...|     1    |   0.62 (100.00%)   |       N/A        |    Not selected    |    for testing     |
|  A1_birds_Caprimulgus_europaeus   |     1    |   0.59 (100.00%)   |       N/A        |    Not selected    |    for testing     |
|A1_Squamata_Anolis_sagrei_132767...|     1    |   0.36 (100.00%)   |       N/A        |    Not selected    |    for testing     |
|              Node176              |     1    |   0.74 (100.00%)   |       N/A        |    Not selected    |    for testing     |
|     A1_birds_Cariama_cristata     |     2    |    9.39 (35.49%)   |       N/A        |    Not selected    |    for testing     |
|              Node284              |     1    |   1.02 (100.00%)   |       N/A        |    Not selected    |    for testing     |
|     A1_mammals_Manis_javanica     |     1    |   0.26 (100.00%)   |       N/A        |    Not selected    |    for testing     |
|  A1_mammals_Dromiciops_gliroides  |     1    |   0.60 (100.00%)   |       N/A        |    Not selected    |    for testing     |
|      A1_mammals_Equus_asinus      |     1    |   0.30 (100.00%)   |       N/A        |    Not selected    |    for testing     |
|  A1_mammals_Leopardus_geoffroyi   |     1    |   0.22 (100.00%)   |       N/A        |    Not selected    |    for testing     |
|   A1_birds_Ficedula_albicollis    |     1    |   0.85 (100.00%)   |       N/A        |    Not selected    |    for testing     |
|A1_mammals_Rhinolophus_ferrumequ...|     1    |   0.42 (100.00%)   |       N/A        |    Not selected    |    for testing     |
|      A1_birds_Falco_cherrug       |     1    |   0.85 (100.00%)   |       N/A        |    Not selected    |    for testing     |
|              Node66               |     1    |   0.42 (100.00%)   |       N/A        |    Not selected    |    for testing     |
|              Node58               |     1    |   0.27 (100.00%)   |       N/A        |    Not selected    |    for testing     |
|              Node77               |     1    |   1.22 (100.00%)   |       N/A        |    Not selected    |    for testing     |
|              Node283              |     1    |   0.49 (100.00%)   |       N/A        |    Not selected    |    for testing     |
|               Node2               |     2    |    2.91 (16.60%)   |       N/A        |    Not selected    |    for testing     |
|      A1_birds_Gavia_stellata      |     2    |    3.31 (21.99%)   |       N/A        |    Not selected    |    for testing     |
|   A1_birds_Podilymbus_podiceps    |     2    |    5.35 (29.09%)   |       N/A        |    Not selected    |    for testing     |
|A1_like_birds_Lonchura_striata_X...|     1    |   1.01 (100.00%)   |       N/A        |    Not selected    |    for testing     |
|    A1_birds_Fulmarus_glacialis    |     1    |   1.17 (100.00%)   |       N/A        |    Not selected    |    for testing     |
|   A1_birds_Opisthocomus_hoazin    |     1    |   1.06 (100.00%)   |       N/A        |    Not selected    |    for testing     |
|A1_Squamata_A1_Podarcis_muralis_...|     1    |   3.23 (100.00%)   |       N/A        |    Not selected    |    for testing     |
|              Node263              |     1    |   0.12 (100.00%)   |       N/A        |    Not selected    |    for testing     |
|    A1_birds_Manacus_vitellinus    |     1    |   0.50 (100.00%)   |       N/A        |    Not selected    |    for testing     |
|     A1_birds_Serinus_canaria      |     1    |   0.94 (100.00%)   |       N/A        |    Not selected    |    for testing     |
|              Node187              |     1    |   0.76 (100.00%)   |       N/A        |    Not selected    |    for testing     |
|    A1_mammals_Pteropus_medius     |     1    |   0.28 (100.00%)   |       N/A        |    Not selected    |    for testing     |
|              Node253              |     1    |   1.18 (100.00%)   |       N/A        |    Not selected    |    for testing     |
|   A1_birds_Rhynochetos_jubatus    |     2    |   >1000 ( 2.04%)   |       N/A        |    Not selected    |    for testing     |
|    A1_birds_Phaethon_lepturus     |     2    |   14.97 ( 4.73%)   |       N/A        |    Not selected    |    for testing     |
|              Node27               |     1    |   0.52 (100.00%)   |       N/A        |    Not selected    |    for testing     |
|A1_mammals_Ornithorhynchus_anati...|     1    |   0.42 (100.00%)   |       N/A        |    Not selected    |    for testing     |
|A1_Crocodylia_Gavialis_gangeticu...|     3    |  558.86 ( 4.59%)   |          8       |       44.78        |       0.00000      |
|              Node152              |     1    |   0.99 (100.00%)   |       N/A        |    Not selected    |    for testing     |
|   A1_birds_Charadrius_vociferus   |     1    |   0.91 (100.00%)   |       N/A        |    Not selected    |    for testing     |
|A1_Squamata_A1_Zootoca_vivipara_...|     1    |   1.10 (100.00%)   |       N/A        |    Not selected    |    for testing     |
|A1_birds_Melopsittacus_undulatus...|     1    |   1.08 (100.00%)   |       N/A        |    Not selected    |    for testing     |
|              Node18               |     1    |   0.40 (100.00%)   |       N/A        |    Not selected    |    for testing     |
|A1_mammals_Tachyglossus_aculeatu...|     1    |   1.48 (100.00%)   |       N/A        |    Not selected    |    for testing     |
|   A1_birds_Phoenicopterus_ruber   |     1    |   1.16 (100.00%)   |       N/A        |    Not selected    |    for testing     |
|              Node259              |     1    |   0.52 (100.00%)   |       N/A        |    Not selected    |    for testing     |
|A1_like_birds_Aptenodytes_patago...|     1    |   0.56 (100.00%)   |       N/A        |    Not selected    |    for testing     |
|     A1_birds_Anser_cygnoides      |     1    |   1.65 (100.00%)   |       N/A        |    Not selected    |    for testing     |
|    A1_birds_Pelecanus_crispus     |     2    |   21.16 (15.22%)   |       N/A        |    Not selected    |    for testing     |
|A1_like_birds_Zonotrichia_leucop...|     1    |   0.81 (100.00%)   |       N/A        |    Not selected    |    for testing     |
|  A1_birds_Zonotrichia_albicollis  |     1    |   1.04 (100.00%)   |       N/A        |    Not selected    |    for testing     |
|              Node254              |     2    |    7.91 (15.25%)   |       N/A        |    Not selected    |    for testing     |
|  A1_birds_Tauraco_erythrolophus   |     1    |   0.33 (100.00%)   |       N/A        |    Not selected    |    for testing     |
|A1_Testudines_Caretta_caretta_12...|     1    |   1.09 (100.00%)   |       N/A        |    Not selected    |    for testing     |
|   A1_mammals_Rattus_norvegicus    |     1    |   0.33 (100.00%)   |       N/A        |    Not selected    |    for testing     |
|A1_mammals_Trichosurus_vulpecula...|     1    |   0.23 (100.00%)   |       N/A        |    Not selected    |    for testing     |
|     A1_birds_Egretta_garzetta     |     1    |   0.37 (100.00%)   |       N/A        |    Not selected    |    for testing     |
|              Node252              |     1    |  10.65 (100.00%)   |       N/A        |    Not selected    |    for testing     |
|              Node73               |     1    |   1.93 (100.00%)   |       N/A        |    Not selected    |    for testing     |
|              Node118              |     1    |   0.48 (100.00%)   |       N/A        |    Not selected    |    for testing     |
|              Node266              |     1    |   1.22 (100.00%)   |       N/A        |    Not selected    |    for testing     |
|A1_Testudines_Malaclemys_terrapi...|     1    |   0.69 (100.00%)   |       N/A        |    Not selected    |    for testing     |
|A1_Testudines_Malaclemys_terrapi...|     2    |   10.77 ( 9.62%)   |       N/A        |    Not selected    |    for testing     |
|    A1_birds_Aquila_chrysaetos     |     1    |   0.84 (100.00%)   |       N/A        |    Not selected    |    for testing     |
|     A1_birds_Nestor_notabilis     |     1    |   0.60 (100.00%)   |       N/A        |    Not selected    |    for testing     |
|      A1_mammals_Mus_musculus      |     1    |   0.18 (100.00%)   |       N/A        |    Not selected    |    for testing     |
|              Node241              |     1    |   3.36 (100.00%)   |       N/A        |    Not selected    |    for testing     |
|A1_like_birds_Passer_domesticus_...|     1    |   0.76 (100.00%)   |       N/A        |    Not selected    |    for testing     |
|A1_Testudines_Dermochelys_coriac...|     1    |   0.93 (100.00%)   |       N/A        |    Not selected    |    for testing     |
|A1_like_birds_Manacus_candei_XM_...|     1    |   2.66 (100.00%)   |       N/A        |    Not selected    |    for testing     |
|               Node6               |     1    |   0.46 (100.00%)   |       N/A        |    Not selected    |    for testing     |
|              Node173              |     1    |   0.65 (100.00%)   |       N/A        |    Not selected    |    for testing     |
|              Node146              |     1    |   0.84 (100.00%)   |       N/A        |    Not selected    |    for testing     |
|A1_Testudines_Dermochelys_coriac...|     1    |   0.25 (100.00%)   |       N/A        |    Not selected    |    for testing     |
|              Node223              |     2    |   >1000 ( 0.99%)   |       N/A        |    Not selected    |    for testing     |
|              Node168              |     2    |  563.50 ( 2.80%)   |       N/A        |    Not selected    |    for testing     |
|A1_like_birds_Poecile_atricapill...|     1    |   0.34 (100.00%)   |       N/A        |    Not selected    |    for testing     |
|A1_Testudines_Dermochelys_coriac...|     1    |   0.40 (100.00%)   |       N/A        |    Not selected    |    for testing     |
|              Node80               |     1    |   0.52 (100.00%)   |       N/A        |    Not selected    |    for testing     |
|              Node144              |     1    |   0.55 (100.00%)   |       N/A        |    Not selected    |    for testing     |
|      A1_mammals_Homo_sapiens      |     1    |   0.33 (100.00%)   |       N/A        |    Not selected    |    for testing     |
|              Node230              |     2    |   49.52 ( 1.84%)   |       N/A        |    Not selected    |    for testing     |
|              Node96               |     1    |   2.19 (100.00%)   |       N/A        |    Not selected    |    for testing     |
|              Node75               |     1    |   1.23 (100.00%)   |       N/A        |    Not selected    |    for testing     |
|              Node169              |     1    |   0.61 (100.00%)   |       N/A        |    Not selected    |    for testing     |
|               Node7               |     1    |   0.14 (100.00%)   |       N/A        |    Not selected    |    for testing     |
|              Node33               |     1    |   1.00 (100.00%)   |       N/A        |    Not selected    |    for testing     |
|              Node210              |     1    |   0.55 (100.00%)   |       N/A        |    Not selected    |    for testing     |
|              Node78               |     1    |  >1000 (100.00%)   |       N/A        |    Not selected    |    for testing     |
|              Node164              |     2    |  101.21 (11.43%)   |         10       |       10.72        |       0.00162      |
|              Node14               |     1    |   0.59 (100.00%)   |       N/A        |    Not selected    |    for testing     |
|              Node256              |     1    |   1.48 (100.00%)   |       N/A        |    Not selected    |    for testing     |
|     A1_birds_Eurypyga_helias      |     1    |   2.01 (100.00%)   |       N/A        |    Not selected    |    for testing     |
|A1_Testudines_Dermochelys_coriac...|     1    |   0.68 (100.00%)   |       N/A        |    Not selected    |    for testing     |
|A1_like_birds_Parus_major_XM_015...|     1    |   1.71 (100.00%)   |       N/A        |    Not selected    |    for testing     |
|              Node268              |     1    |   0.34 (100.00%)   |       N/A        |    Not selected    |    for testing     |
|              Node68               |     1    |  >1000 (100.00%)   |       N/A        |    Not selected    |    for testing     |
|A1_mammals_Monodelphis_domestica...|     1    |   0.16 (100.00%)   |       N/A        |    Not selected    |    for testing     |
|              Node212              |     1    |   0.62 (100.00%)   |       N/A        |    Not selected    |    for testing     |
|A1_like_birds_Chiroxiphia_lanceo...|     1    |   0.92 (100.00%)   |       N/A        |    Not selected    |    for testing     |
|              Node139              |     1    |   1.45 (100.00%)   |       N/A        |    Not selected    |    for testing     |
|A1_Testudines_Chelonia_mydas_119...|     1    |   0.79 (100.00%)   |       N/A        |    Not selected    |    for testing     |
|    A1_birds_Erythrura_gouldiae    |     1    |   0.46 (100.00%)   |       N/A        |    Not selected    |    for testing     |
|  A1_mammals_Gracilinanus_agilis   |     1    |   0.36 (100.00%)   |       N/A        |    Not selected    |    for testing     |
|              Node233              |     1    |   0.42 (100.00%)   |       N/A        |    Not selected    |    for testing     |
|              Node209              |     1    |   1.63 (100.00%)   |       N/A        |    Not selected    |    for testing     |
|A1_like_birds_Cyanistes_caeruleu...|     1    |   1.57 (100.00%)   |       N/A        |    Not selected    |    for testing     |
|              Node244              |     1    |  >1000 (100.00%)   |       N/A        |    Not selected    |    for testing     |
|              Node255              |     1    |   0.28 (100.00%)   |       N/A        |    Not selected    |    for testing     |
|              Node125              |     1    |   1.77 (100.00%)   |       N/A        |    Not selected    |    for testing     |
|              Node51               |     1    |  >1000 (100.00%)   |       N/A        |    Not selected    |    for testing     |
|   A1_birds_Corythaeola_cristata   |     1    |   0.30 (100.00%)   |       N/A        |    Not selected    |    for testing     |
|              Node246              |     1    |   1.63 (100.00%)   |       N/A        |    Not selected    |    for testing     |
|              Node251              |     1    |  >1000 (100.00%)   |       N/A        |    Not selected    |    for testing     |
|              Node15               |     1    |   0.46 (100.00%)   |       N/A        |    Not selected    |    for testing     |
|              Node196              |     1    |   0.37 (100.00%)   |       N/A        |    Not selected    |    for testing     |
|              Node219              |     1    |   0.32 (100.00%)   |       N/A        |    Not selected    |    for testing     |
|              Node272              |     1    |   0.25 (100.00%)   |       N/A        |    Not selected    |    for testing     |
|A1_like_birds_Lepidothrix_corona...|     1    |   1.33 (100.00%)   |       N/A        |    Not selected    |    for testing     |
|   A1_birds_Taeniopygia_guttata    |     1    |   0.57 (100.00%)   |       N/A        |    Not selected    |    for testing     |
|    A1_mammals_Vombatus_ursinus    |     1    |   0.27 (100.00%)   |       N/A        |    Not selected    |    for testing     |
|   A1_birds_Aptenodytes_forsteri   |     1    |   0.80 (100.00%)   |       N/A        |    Not selected    |    for testing     |
|A1_like_birds_Melospiza_melodia_...|     1    |   2.41 (100.00%)   |       N/A        |    Not selected    |    for testing     |
|A1_mammals_Phascolarctos_cinereu...|     1    |   0.28 (100.00%)   |       N/A        |    Not selected    |    for testing     |
|              Node227              |     2    |   15.64 ( 3.46%)   |       N/A        |    Not selected    |    for testing     |
|              Node70               |     1    |  >1000 (100.00%)   |       N/A        |    Not selected    |    for testing     |
|              Node121              |     1    |   3.32 (100.00%)   |       N/A        |    Not selected    |    for testing     |
|              Node34               |     1    |   0.13 (100.00%)   |       N/A        |    Not selected    |    for testing     |
|              Node17               |     1    |   1.15 (100.00%)   |       N/A        |    Not selected    |    for testing     |
|              Node236              |     1    |   3.56 (100.00%)   |       N/A        |    Not selected    |    for testing     |
|A1_like_birds_Pseudopodoces_humi...|     2    |   42.70 ( 3.61%)   |       N/A        |    Not selected    |    for testing     |
|A1_like_birds_Agelaius_phoeniceu...|     1    |  >1000 (100.00%)   |       N/A        |    Not selected    |    for testing     |
|              Node86               |     1    |   2.70 (100.00%)   |       N/A        |    Not selected    |    for testing     |
|              Node46               |     1    |   0.50 (100.00%)   |       N/A        |    Not selected    |    for testing     |
|A1_Testudines_Gopherus_evgoodei_...|     1    |   0.72 (100.00%)   |       N/A        |    Not selected    |    for testing     |
|     A1_birds_Lonchura_striata     |     1    |   0.16 (100.00%)   |       N/A        |    Not selected    |    for testing     |
|     A1_mammals_Neogale_vison      |     2    |   10.72 ( 3.15%)   |       N/A        |    Not selected    |    for testing     |
|A1_Testudines_Mauremys_reevesii_...|     2    |   24.92 ( 1.62%)   |       N/A        |    Not selected    |    for testing     |
|A1_Testudines_Mauremys_reevesii_...|     1    |   0.83 (100.00%)   |       N/A        |    Not selected    |    for testing     |
|              Node90               |     1    |  >1000 (100.00%)   |       N/A        |    Not selected    |    for testing     |
|              Node93               |     1    |  >1000 (100.00%)   |       N/A        |    Not selected    |    for testing     |
|A1_Crocodylia_Alligator_mississi...|     1    |   0.52 (100.00%)   |       N/A        |        0.00        |       1.00000      |
|              Node142              |     1    |   0.42 (100.00%)   |       N/A        |    Not selected    |    for testing     |
|              Node291              |     1    |   3.55 (100.00%)   |       N/A        |    Not selected    |    for testing     |
|              Node85               |     1    |   2.07 (100.00%)   |       N/A        |    Not selected    |    for testing     |
|A1_like_birds_Pipra_filicauda_XM...|     2    |   21.54 ( 3.24%)   |       N/A        |    Not selected    |    for testing     |
|              Node11               |     1    |   1.23 (100.00%)   |       N/A        |    Not selected    |    for testing     |
|              Node308              |     1    |   1.62 (100.00%)   |       N/A        |    Not selected    |    for testing     |
|              Node82               |     1    |   0.37 (100.00%)   |       N/A        |    Not selected    |    for testing     |
|              Node79               |     1    |   0.77 (100.00%)   |       N/A        |    Not selected    |    for testing     |
|A1_like_birds_Molothrus_aeneus_X...|     1    |  >1000 (100.00%)   |       N/A        |    Not selected    |    for testing     |
|A1_mammals_Phacochoerus_africanu...|     1    |   2.47 (100.00%)   |       N/A        |    Not selected    |    for testing     |
|              Node202              |     1    |   0.85 (100.00%)   |       N/A        |    Not selected    |    for testing     |
|       A1_mammals_Bos_taurus       |     1    |   0.52 (100.00%)   |       N/A        |    Not selected    |    for testing     |
|              Node52               |     1    |   2.06 (100.00%)   |       N/A        |    Not selected    |    for testing     |
|    A1_mammals_Bubalus_bubalis     |     1    |   0.45 (100.00%)   |       N/A        |    Not selected    |    for testing     |
|              Node53               |     1    |   0.19 (100.00%)   |       N/A        |    Not selected    |    for testing     |
|              Node225              |     2    |  101.26 ( 1.52%)   |       N/A        |    Not selected    |    for testing     |
|A1_like_birds_Falco_biarmicus_XM...|     1    |   1.55 (100.00%)   |       N/A        |    Not selected    |    for testing     |
|              Node197              |     1    |   0.50 (100.00%)   |       N/A        |    Not selected    |    for testing     |
|              Node71               |     1    |  >1000 (100.00%)   |       N/A        |    Not selected    |    for testing     |
|              Node131              |     1    |   0.74 (100.00%)   |       N/A        |    Not selected    |    for testing     |
|              Node20               |     1    |   0.38 (100.00%)   |       N/A        |    Not selected    |    for testing     |
|    A1_birds_Anas_platyrhynchos    |     1    |   0.22 (100.00%)   |       N/A        |    Not selected    |    for testing     |
|              Node311              |     1    |   1.14 (100.00%)   |       N/A        |    Not selected    |    for testing     |
|A1_like_birds_Corapipo_altera_XM...|     1    |   0.36 (100.00%)   |       N/A        |    Not selected    |    for testing     |
|              Node218              |     1    |   0.64 (100.00%)   |       N/A        |    Not selected    |    for testing     |
|      A1_mammals_Meles_meles       |     1    |   0.00 (100.00%)   |       N/A        |    Not selected    |    for testing     |
|A1_Crocodylia_Crocodylus_porosus...|     1    |   0.40 (100.00%)   |       N/A        |        0.00        |       1.00000      |
|              Node226              |     1    |   0.97 (100.00%)   |       N/A        |    Not selected    |    for testing     |
|     A1_birds_Aythya_fuligula      |     1    |   0.16 (100.00%)   |       N/A        |    Not selected    |    for testing     |
|              Node138              |     1    |  >1000 (100.00%)   |       N/A        |    Not selected    |    for testing     |
|A1_Testudines_Trachemys_scripta_...|     1    |   1.43 (100.00%)   |       N/A        |    Not selected    |    for testing     |
|A1_like_birds_Falco_naumanni_XM_...|     1    |   1.01 (100.00%)   |       N/A        |    Not selected    |    for testing     |
|              Node300              |     1    |   0.18 (100.00%)   |       N/A        |    Not selected    |    for testing     |
|              Node113              |     1    |   1.01 (100.00%)   |       N/A        |    Not selected    |    for testing     |
|              Node19               |     1    |   0.10 (100.00%)   |       N/A        |    Not selected    |    for testing     |
|              Node100              |     2    |   >1000 ( 1.56%)   |       N/A        |    Not selected    |    for testing     |
|A1_mammals_Trachypithecus_franco...|     1    |   0.00 (100.00%)   |       N/A        |    Not selected    |    for testing     |
|              Node298              |     1    |   0.97 (100.00%)   |       N/A        |    Not selected    |    for testing     |
|A1_like_birds_Pyrgilauda_ruficol...|     1    |   1.15 (100.00%)   |       N/A        |    Not selected    |    for testing     |
|              Node211              |     1    |  >1000 (100.00%)   |       N/A        |    Not selected    |    for testing     |
|              Node285              |     1    |  >1000 (100.00%)   |       N/A        |    Not selected    |    for testing     |
|              Node213              |     1    |   0.34 (100.00%)   |       N/A        |    Not selected    |    for testing     |
|              Node312              |     1    |  >1000 (100.00%)   |       N/A        |    Not selected    |    for testing     |
|              Node195              |     1    |   1.73 (100.00%)   |       N/A        |    Not selected    |    for testing     |
|              Node274              |     1    |   0.70 (100.00%)   |       N/A        |    Not selected    |    for testing     |
|A1_Testudines_Gopherus_flavomarg...|     1    |   1.06 (100.00%)   |       N/A        |    Not selected    |    for testing     |
|A1_mammals_Canis_lupus_familiari...|     1    |   0.40 (100.00%)   |       N/A        |    Not selected    |    for testing     |
|A1_mammals_Mustela_putorius_furo...|     1    |   0.13 (100.00%)   |       N/A        |    Not selected    |    for testing     |
|A1_Testudines_Caretta_caretta_12...|     1    |   1.20 (100.00%)   |       N/A        |    Not selected    |    for testing     |
|   A1_mammals_Lontra_canadensis    |     1    |   1.14 (100.00%)   |       N/A        |    Not selected    |    for testing     |
|              Node44               |     1    |   0.15 (100.00%)   |       N/A        |    Not selected    |    for testing     |
|              Node286              |     1    |  >1000 (100.00%)   |       N/A        |    Not selected    |    for testing     |
|       A1_mammals_Sus_scrofa       |     1    |  >1000 (100.00%)   |       N/A        |    Not selected    |    for testing     |
|A1_Testudines_Caretta_caretta_12...|     1    |   1.22 (100.00%)   |       N/A        |    Not selected    |    for testing     |
|              Node193              |     1    |   0.37 (100.00%)   |       N/A        |    Not selected    |    for testing     |
|              Node156              |     1    |  >1000 (100.00%)   |       N/A        |    Not selected    |    for testing     |
|              Node224              |     2    |  336.87 ( 0.52%)   |       N/A        |    Not selected    |    for testing     |
|A1_Testudines_Chelonia_mydas_102...|     1    |  >1000 (100.00%)   |       N/A        |    Not selected    |    for testing     |
|              Node290              |     1    |   0.44 (100.00%)   |       N/A        |    Not selected    |    for testing     |
|A1_Testudines_Malaclemys_terrapi...|     1    |  >1000 (100.00%)   |       N/A        |    Not selected    |    for testing     |
|A1_Testudines_Chrysemys_picta_be...|     1    |   0.16 (100.00%)   |       N/A        |    Not selected    |    for testing     |
|              Node30               |     2    |  697.68 ( 1.71%)   |       N/A        |    Not selected    |    for testing     |
|A1_Testudines_Malaclemys_terrapi...|     1    |   0.73 (100.00%)   |       N/A        |    Not selected    |    for testing     |
|      A1_mammals_Lutra_lutra       |     1    |   0.76 (100.00%)   |       N/A        |    Not selected    |    for testing     |
|              Node31               |     1    |  >1000 (100.00%)   |       N/A        |    Not selected    |    for testing     |
|  A1_mammals_Rhinopithecus_bieti   |     1    |  >1000 (100.00%)   |       N/A        |    Not selected    |    for testing     |
|              Node99               |     1    |  >1000 (100.00%)   |       N/A        |    Not selected    |    for testing     |
|              Node288              |     1    |  >1000 (100.00%)   |       N/A        |    Not selected    |    for testing     |
|A1_like_birds_Vidua_macroura_XM_...|     1    |   0.00 (100.00%)   |       N/A        |    Not selected    |    for testing     |
|              Node161              |     1    |   0.00 (100.00%)   |       N/A        |        0.00        |       1.00000      |
|A1_Testudines_Gopherus_flavomarg...|     1    |   3.81 (100.00%)   |       N/A        |    Not selected    |    for testing     |
|A1_Testudines_Malaclemys_terrapi...|     1    |   0.65 (100.00%)   |       N/A        |    Not selected    |    for testing     |
|              Node102              |     1    |   0.00 (100.00%)   |       N/A        |    Not selected    |    for testing     |
|              Node72               |     1    |  >1000 (100.00%)   |       N/A        |    Not selected    |    for testing     |
|A1_Testudines_Gopherus_evgoodei_...|     1    |   0.00 (100.00%)   |       N/A        |    Not selected    |    for testing     |
|              Node111              |     2    |   >1000 ( 0.79%)   |       N/A        |    Not selected    |    for testing     |
|              Node133              |     1    |  >1000 (100.00%)   |       N/A        |    Not selected    |    for testing     |
|A1_Testudines_Mauremys_reevesii_...|     1    |   0.36 (100.00%)   |       N/A        |    Not selected    |    for testing     |
|              Node129              |     1    |  >1000 (100.00%)   |       N/A        |    Not selected    |    for testing     |
|              Node106              |     1    |  >1000 (100.00%)   |       N/A        |    Not selected    |    for testing     |
|              Node137              |     1    |  >1000 (100.00%)   |       N/A        |    Not selected    |    for testing     |
|              Node117              |     1    |  >1000 (100.00%)   |       N/A        |    Not selected    |    for testing     |
|A1_Testudines_Mauremys_mutica_12...|     1    |  >1000 (100.00%)   |       N/A        |    Not selected    |    for testing     |
|              Node107              |     1    |  >1000 (100.00%)   |       N/A        |    Not selected    |    for testing     |
|              Node103              |     1    |  >1000 (100.00%)   |       N/A        |    Not selected    |    for testing     |
|A1_like_birds_Chroicocephalus_ri...|     1    |  >1000 (100.00%)   |       N/A        |    Not selected    |    for testing     |
|              Node302              |     1    |  >1000 (100.00%)   |       N/A        |    Not selected    |    for testing     |
|A1_Squamata_Candoia_aspera_13449...|     1    |  >1000 (100.00%)   |       N/A        |    Not selected    |    for testing     |
|              Node105              |     1    |  >1000 (100.00%)   |       N/A        |    Not selected    |    for testing     |
|A1_Squamata_A1_Eublepharis_macul...|     1    |  >1000 (100.00%)   |       N/A        |    Not selected    |    for testing     |
|A1_Crocodylia_Alligator_sinensis...|     1    |   0.00 (100.00%)   |       N/A        |        0.00        |       1.00000      |
|              Node104              |     1    |  >1000 (100.00%)   |       N/A        |    Not selected    |    for testing     |
|              Node277              |     1    |  >1000 (100.00%)   |       N/A        |    Not selected    |    for testing     |
|A1_Testudines_Trachemys_scripta_...|     1    |   0.00 (100.00%)   |       N/A        |    Not selected    |    for testing     |
|              Node23               |     1    |  >1000 (100.00%)   |       N/A        |    Not selected    |    for testing     |
|   A1_mammals_Camelus_bactrianus   |     1    |  >1000 (100.00%)   |       N/A        |    Not selected    |    for testing     |
|     A1_mammals_Vulpes_vulpes      |     1    |  >1000 (100.00%)   |       N/A        |    Not selected    |    for testing     |
|              Node198              |     1    |   0.00 (100.00%)   |       N/A        |    Not selected    |    for testing     |
|A1_Testudines_Chrysemys_picta_be...|     1    |   0.00 (100.00%)   |       N/A        |    Not selected    |    for testing     |
|A1_like_birds_Larus_michahellis_...|     1    |   0.92 (100.00%)   |       N/A        |    Not selected    |    for testing     |
|A1_Testudines_Mauremys_reevesii_...|     1    |   0.09 (100.00%)   |       N/A        |    Not selected    |    for testing     |
|A1_Testudines_Chelonia_mydas_119...|     1    |   1.50 (100.00%)   |       N/A        |    Not selected    |    for testing     |
|A1_like_birds_Rissa_tridactyla_X...|     1    |   0.97 (100.00%)   |       N/A        |    Not selected    |    for testing     |
|A1_Testudines_Mauremys_mutica_12...|     1    |   0.24 (100.00%)   |       N/A        |    Not selected    |    for testing     |
|A1_Squamata_Eublepharis_maculari...|     1    |   0.09 (100.00%)   |       N/A        |    Not selected    |    for testing     |
|A1_Squamata_Candoia_aspera_13449...|     1    |   1.53 (100.00%)   |       N/A        |    Not selected    |    for testing     |
|     A1_mammals_Camelus_ferus      |     1    |   0.95 (100.00%)   |       N/A        |    Not selected    |    for testing     |
|A1_like_birds_Vidua_chalybeata_X...|     1    |   0.91 (100.00%)   |       N/A        |    Not selected    |    for testing     |
----
### Adaptive branch site random effects likelihood test 
Likelihood ratio test for episodic diversifying positive selection at Holm-Bonferroni corrected _p =   0.0500_ found **2** branches under selection among **7** tested.

* A1_Crocodylia_Gavialis_gangeticus_109296553_XM_019515993_1_exon_wise, p-value =  0.00000
* Node164, p-value =  0.00974
