
Analysis Description
--------------------
aBSREL (Adaptive branch-site random effects likelihood) uses an adaptive
random effects branch-site model framework to test whether each branch
has evolved under positive selection, using a procedure which infers an
optimal number of rate categories per branch. v2.2 adds support for
multiple-hit models. v2.3 adds support for SRV. v2.5 adds support for
ancestral state reconstruction, identification of sites contributing to
selection signal, and some diagnostics. 

- __Requirements__: in-frame codon alignment and a phylogenetic tree

- __Citation__:  Less Is More: An Adaptive Branch-Site Random Effects Model for
Efficient Detection of Episodic Diversifying Selection (2015). Mol Biol
Evol 32 (5): 1342-1353. 

- __Written by__: Sergei L Kosakovsky Pond, Ben Murrell, Steven Weaver and Temple iGEM /
UCSD viral evolution group

- __Contact Information__: spond@temple.edu

- __Analysis Version__: 2.5

[Advanced option] Bag of little bootstrap alignment resampling rate (permissible range = [0.01,1], default value = 1): blb: 1

>code => Universal
/media/aswin/gene_loss/APOBEC1/selection/positive_selection/gene_tree_based/absrel/apobec1_selection_final.aln.treefile_A1_birds_as_fg.nwk
apobec1_selection_final.aln.treefile_A1_birds_as_fg.nwk

>Loaded a multiple sequence alignment with **159** sequences, **297** codons, and **1** partitions from `/media/aswin/gene_loss/APOBEC1/selection/positive_selection/gene_tree_based/absrel/apobec1_selection_final_nuc.msa`

>branches => fg

>multiple-hits => None

>srv => Yes
The number omega rate classes to include in the model (permissible range = [1,10], default value = 3, integer): 
>syn-rates => 3


### * Selected 91 branches for testing: `A1_birds_Acanthisitta_chloris, A1_birds_Manacus_vitellinus, A1_birds_Erythrura_gouldiae, A1_birds_Lonchura_striata, A1_birds_Taeniopygia_guttata, Node82, Node80, A1_birds_Serinus_canaria, A1_birds_Zonotrichia_albicollis, Node86, A1_birds_Passer_domesticus, Node85, Node79, A1_birds_Ficedula_albicollis, A1_birds_Stachyris_ruficeps, Node90, Node78, A1_birds_Malurus_cyaneus, A1_birds_Corvus_moneduloides, Node93, Node77, Node75, Node73, A1_birds_Chaetura_pelagica, A1_birds_Calypte_anna, Node96, Node72, A1_birds_Aptenodytes_forsteri, A1_birds_Columba_livia, Node107, A1_birds_Fulmarus_glacialis, Node106, A1_birds_Aquila_chrysaetos, A1_birds_Opisthocomus_hoazin, Node113, A1_birds_Egretta_garzetta, Node112, A1_birds_Corythaeola_cristata, A1_birds_Tauraco_erythrolophus, Node118, A1_birds_Phoenicopterus_ruber, A1_birds_Podilymbus_podiceps, Node121, Node117, Node111, Node105, A1_birds_Gavia_stellata, Node104, A1_birds_Eurypyga_helias, A1_birds_Rhynochetos_jubatus, Node125, Node103, A1_birds_Phaethon_lepturus, Node102, A1_birds_Colius_striatus, A1_birds_Falco_cherrug, A1_birds_Pelecanus_crispus, Node133, Node131, A1_birds_Caprimulgus_europaeus, Node130, A1_birds_Charadrius_vociferus, A1_birds_Calidris_pugnax, Node139, A1_birds_Atlantisia_rogersi, A1_birds_Anas_platyrhynchos, A1_birds_Aythya_fuligula, Node146, A1_birds_Anser_cygnoides, Node145, A1_birds_Alectura_lathami, Node144, Node142, Node138, A1_birds_Cariama_cristata, Node137, Node129, Node101, A1_birds_Melopsittacus_undulatus, A1_birds_Nestor_notabilis, Node152, Node100, A1_birds_Mesitornis_unicolor, Node99, Node71, A1_birds_Galbula_dea, A1_birds_Merops_nubicus, Node156, Node70, A1_birds_Apaloderma_vittatum, Node69`


### Obtaining branch lengths and nucleotide substitution biases under the nucleotide GTR model

>kill-zero-lengths => Yes

### Deleted 3 zero-length internal branches: `Node101, Node112, Node130`
* Log(L) = -33420.17, AIC-c = 67487.83 (323 estimated parameters)
* 1 partition. Total tree length by partition (subs/site) 13.138

### Fitting the baseline model with a single dN/dS class per branch, and no site-to-site variation. 
* Log(L) = -31897.61, AIC-c = 65099.01 (643 estimated parameters)
* The following rate distribution for site-to-site **synonymous** rate variation was inferred

|               Rate                | Proportion, % |               Notes               |
|-----------------------------------|---------------|-----------------------------------|
|               0.328               |    19.402     |                                   |
|               0.767               |    39.488     |                                   |
|               1.541               |    41.110     |                                   |

* Branch-level non-synonymous/synonymous rate ratio distribution has median  0.68, and 95% of the weight in  0.13 -  3.10

### Determining the optimal number of rate classes per branch using a step up procedure

|              Branch               |  Length  |  Rates   |     Max. dN/dS     |    Log(L)     |     AIC-c     |Best AIC-c so far|
|-----------------------------------|----------|----------|--------------------|---------------|---------------|-----------------|
|              Node62               |   0.70   |    2     |    1.00 (18.89%)   |   -31893.57   |   65095.04    |    65095.04     |
|              Node62               |   0.70   |    3     |   63.23 ( 7.59%)   |   -31893.07   |   65098.14    |    65095.04     |
|              Node167              |   0.55   |    2     |    0.44 (37.42%)   |   -31890.51   |   65093.02    |    65093.02     |
|              Node167              |   0.55   |    3     |    0.45 ( 0.75%)   |   -31890.51   |   65097.13    |    65093.02     |
|              Node249              |   0.54   |    2     |    6.59 (17.71%)   |   -31885.51   |   65087.13    |    65087.13     |
|              Node249              |   0.54   |    3     |    6.46 (17.84%)   |   -31885.51   |   65091.24    |    65087.13     |
|A1_Squamata_A1_Sphaerodactylus_t...|   0.39   |    2     |   50.02 ( 8.17%)   |   -31880.10   |   65080.42    |    65080.42     |
|A1_Squamata_A1_Sphaerodactylus_t...|   0.39   |    3     |   60.76 ( 6.42%)   |   -31879.36   |   65083.06    |    65080.42     |
|              Node189              |   0.37   |    2     |    2.87 (18.36%)   |   -31878.82   |   65081.98    |    65080.42     |
|              Node160              |   0.32   |    2     |    6.30 ( 2.93%)   |   -31879.57   |   65083.48    |    65080.42     |
|              Node184              |   0.25   |    2     |   13.77 (13.10%)   |   -31875.76   |   65075.86    |    65075.86     |
|              Node184              |   0.25   |    3     |   13.53 (13.09%)   |   -31875.76   |   65079.97    |    65075.86     |
|              Node69               |   0.25   |    2     |    1.91 (23.78%)   |   -31870.82   |   65070.10    |    65070.10     |
|              Node69               |   0.25   |    3     |    2.35 (15.04%)   |   -31870.83   |   65074.22    |    65070.10     |
|              Node192              |   0.25   |    2     |    1.00 (56.41%)   |   -31870.11   |   65072.78    |    65070.10     |
|              Node177              |   0.23   |    2     |   39.25 ( 8.22%)   |   -31862.13   |   65056.82    |    65056.82     |
|              Node177              |   0.23   |    3     |   39.39 ( 8.24%)   |   -31862.13   |   65060.93    |    65056.82     |
|A1_Squamata_A1_Sceloporus_undula...|   0.23   |    2     |   10.90 ( 5.78%)   |   -31857.14   |   65050.97    |    65050.97     |
|A1_Squamata_A1_Sceloporus_undula...|   0.23   |    3     |   14.44 ( 4.65%)   |   -31857.12   |   65055.04    |    65050.97     |
|A1_Squamata_Tiliqua_scincoides_1...|   0.23   |    2     |    1.57 (34.94%)   |   -31854.85   |   65050.50    |    65050.50     |
|A1_Squamata_Tiliqua_scincoides_1...|   0.23   |    3     |    1.93 (20.06%)   |   -31854.84   |   65054.60    |    65050.50     |
|              Node61               |   0.22   |    2     |    0.87 ( 5.75%)   |   -31854.60   |   65054.10    |    65050.50     |
|              Node170              |   0.19   |    2     |    6.83 ( 6.25%)   |   -31853.13   |   65051.17    |    65050.50     |
|              Node207              |   0.18   |    2     |  155.11 ( 3.22%)   |   -31852.32   |   65049.54    |    65049.54     |
|              Node207              |   0.18   |    3     |  196.03 ( 3.20%)   |   -31852.32   |   65053.66    |    65049.54     |
|              Node65               |   0.18   |    2     |   39.14 (48.83%)   |   -31850.10   |   65049.22    |    65049.22     |
|              Node65               |   0.18   |    3     |   36.97 (48.47%)   |   -31850.10   |   65053.33    |    65049.22     |
|              Node250              |   0.18   |    2     |    2.76 (25.75%)   |   -31848.76   |   65050.66    |    65049.22     |
|A1_like_birds_Chamaea_fasciata_X...|   0.18   |    2     |    2.31 (86.48%)   |   -31850.09   |   65053.32    |    65049.22     |
|A1_mammals_Oryctolagus_cuniculus...|   0.16   |    2     |    0.76 (50.69%)   |   -31849.94   |   65053.03    |    65049.22     |
|              Node50               |   0.15   |    2     |    1.43 (18.44%)   |   -31848.24   |   65049.61    |    65049.22     |
|              Node273              |   0.15   |    2     |    4.67 (43.06%)   |   -31846.36   |   65045.87    |    65045.87     |
|              Node273              |   0.15   |    3     |    4.68 (43.10%)   |   -31846.36   |   65049.98    |    65045.87     |
|    A1_birds_Atlantisia_rogersi    |   0.14   |    2     |    2.88 (17.54%)   |   -31843.21   |   65043.68    |    65043.68     |
|    A1_birds_Atlantisia_rogersi    |   0.14   |    3     |    2.87 (17.55%)   |   -31843.21   |   65047.80    |    65043.68     |
|              Node307              |   0.13   |    2     |   >1000 ( 1.90%)   |   -31840.47   |   65042.31    |    65042.31     |
|              Node307              |   0.13   |    3     |  958.13 ( 1.90%)   |   -31840.48   |   65046.45    |    65042.31     |
|A1_Squamata_Thamnophis_elegans_1...|   0.13   |    2     |   51.45 ( 6.74%)   |   -31831.23   |   65027.95    |    65027.95     |
|A1_Squamata_Thamnophis_elegans_1...|   0.13   |    3     |  289.47 ( 5.36%)   |   -31831.21   |   65032.02    |    65027.95     |
|A1_like_birds_Patagioenas_fascia...|   0.13   |    2     |    5.87 (14.30%)   |   -31827.98   |   65025.56    |    65025.56     |
|A1_like_birds_Patagioenas_fascia...|   0.13   |    3     |    6.17 (13.43%)   |   -31827.99   |   65029.70    |    65025.56     |
|              Node280              |   0.12   |    2     |    2.46 (17.16%)   |   -31827.93   |   65029.58    |    65025.56     |
|               Node5               |   0.12   |    2     |   12.95 ( 6.84%)   |   -31822.05   |   65017.82    |    65017.82     |
|               Node5               |   0.12   |    3     |   14.07 ( 6.55%)   |   -31822.07   |   65021.99    |    65017.82     |
|              Node208              |   0.12   |    2     |    0.43 (27.14%)   |   -31822.03   |   65021.89    |    65017.82     |
|              Node178              |   0.12   |    2     |   13.95 ( 7.74%)   |   -31820.05   |   65017.93    |    65017.82     |
|              Node145              |   0.12   |    2     |   >1000 ( 5.57%)   |   -31809.45   |   64996.75    |    64996.75     |
|              Node145              |   0.12   |    3     |   >1000 ( 5.56%)   |   -31809.46   |   65000.87    |    64996.75     |
|     A1_birds_Alectura_lathami     |   0.12   |    2     |    1.22 (66.60%)   |   -31809.31   |   65000.59    |    64996.75     |
|  A1_mammals_Mesocricetus_auratus  |   0.12   |    2     |   17.19 ( 2.61%)   |   -31802.99   |   64987.94    |    64987.94     |
|  A1_mammals_Mesocricetus_auratus  |   0.12   |    3     |   17.58 ( 2.49%)   |   -31803.09   |   64992.26    |    64987.94     |
|A1_Squamata_Crotalus_tigris_1203...|   0.12   |    2     |    1.02 ( 2.13%)   |   -31802.97   |   64992.01    |    64987.94     |
|A1_like_birds_Pelecanus_crispus_...|   0.11   |    2     |    9.58 (18.94%)   |   -31796.90   |   64979.87    |    64979.87     |
|A1_like_birds_Pelecanus_crispus_...|   0.11   |    3     |    9.57 (18.88%)   |   -31796.90   |   64983.99    |    64979.87     |
|A1_like_birds_Strix_uralensis_XM...|   0.11   |    2     |    2.44 (48.73%)   |   -31796.80   |   64983.80    |    64979.87     |
|A1_like_birds_Catharus_ustulatus...|   0.11   |    2     |    7.15 ( 3.62%)   |   -31796.67   |   64983.54    |    64979.87     |
|              Node67               |   0.11   |    2     |  743.84 ( 1.93%)   |   -31796.20   |   64982.59    |    64979.87     |
|       A1_birds_Calypte_anna       |   0.11   |    2     |    0.87 ( 6.06%)   |   -31796.90   |   64983.99    |    64979.87     |
|              Node294              |   0.11   |    2     |    1.05 (76.90%)   |   -31796.81   |   64983.81    |    64979.87     |
|              Node41               |   0.10   |    2     |    0.33 (57.16%)   |   -31796.90   |   64983.99    |    64979.87     |
|      A1_birds_Columba_livia       |   0.10   |    2     |    1.17 (25.79%)   |   -31796.90   |   64984.00    |    64979.87     |
|              Node49               |   0.10   |    2     |   0.16 (100.00%)   |   -31796.90   |   64983.99    |    64979.87     |
|A1_like_birds_Serinus_canaria_XM...|   0.10   |    2     |    0.92 (50.08%)   |   -31796.59   |   64983.38    |    64979.87     |
|    A1_birds_Chaetura_pelagica     |   0.10   |    2     |    9.17 ( 9.23%)   |   -31791.69   |   64973.58    |    64973.58     |
|    A1_birds_Chaetura_pelagica     |   0.10   |    3     |   22.41 ( 4.30%)   |   -31791.49   |   64977.29    |    64973.58     |
|      A1_birds_Merops_nubicus      |   0.10   |    2     |    0.79 (89.54%)   |   -31791.69   |   64977.69    |    64973.58     |
|A1_like_birds_Ficedula_albicolli...|   0.09   |    2     |    2.74 (36.50%)   |   -31790.30   |   64974.91    |    64973.58     |
|              Node35               |   0.09   |    2     |   12.44 ( 1.95%)   |   -31789.94   |   64974.20    |    64973.58     |
|   A1_birds_Acanthisitta_chloris   |   0.09   |    2     |   94.49 ( 0.85%)   |   -31790.98   |   64976.28    |    64973.58     |
|   A1_birds_Apaloderma_vittatum    |   0.09   |    2     |    0.75 (49.07%)   |   -31791.67   |   64977.66    |    64973.58     |
|              Node38               |   0.09   |    2     |   0.58 (100.00%)   |   -31791.69   |   64977.70    |    64973.58     |
|   A1_birds_Corvus_moneduloides    |   0.09   |    2     |    2.52 (57.02%)   |   -31791.18   |   64976.68    |    64973.58     |
|              Node181              |   0.08   |    2     |    0.66 (78.27%)   |   -31791.65   |   64977.62    |    64973.58     |
|A1_like_birds_Nyctibius_grandis_...|   0.08   |    2     |    1.05 (40.07%)   |   -31791.69   |   64977.70    |    64973.58     |
|     A1_birds_Colius_striatus      |   0.08   |    2     |    7.38 ( 2.55%)   |   -31790.77   |   64975.86    |    64973.58     |
|    A1_birds_Passer_domesticus     |   0.08   |    2     |    0.65 (26.68%)   |   -31791.69   |   64977.70    |    64973.58     |
|    A1_birds_Stachyris_ruficeps    |   0.08   |    2     |    2.10 (48.16%)   |   -31790.82   |   64975.96    |    64973.58     |
|   A1_birds_Mesitornis_unicolor    |   0.08   |    2     |    9.62 ( 1.41%)   |   -31791.33   |   64976.97    |    64973.58     |
|              Node301              |   0.08   |    2     |    1.06 ( 0.00%)   |   -31791.68   |   64977.67    |    64973.58     |
|     A1_birds_Calidris_pugnax      |   0.08   |    2     |   13.41 ( 3.39%)   |   -31791.18   |   64976.68    |    64973.58     |
|A1_like_birds_Calonectris_boreal...|   0.08   |    2     |    1.27 ( 3.40%)   |   -31791.69   |   64977.70    |    64973.58     |
|     A1_birds_Malurus_cyaneus      |   0.08   |    2     |    3.72 (48.03%)   |   -31790.92   |   64976.16    |    64973.58     |
|              Node240              |   0.08   |    2     |   25.34 ( 7.82%)   |   -31786.97   |   64968.25    |    64968.25     |
|              Node240              |   0.08   |    3     |   24.94 ( 7.95%)   |   -31786.97   |   64972.37    |    64968.25     |
|       A1_birds_Galbula_dea        |   0.08   |    2     |    1.46 (25.39%)   |   -31786.97   |   64972.36    |    64968.25     |
|A1_like_birds_Phalacrocorax_aris...|   0.07   |    2     |   63.58 ( 1.63%)   |   -31785.70   |   64969.83    |    64968.25     |
|               Node9               |   0.07   |    2     |    1.42 (14.31%)   |   -31784.84   |   64968.12    |    64968.12     |
|               Node9               |   0.07   |    3     |    1.42 (14.30%)   |   -31784.84   |   64972.24    |    64968.12     |
|A1_Squamata_A1_Anolis_carolinens...|   0.07   |    2     |   13.38 ( 2.08%)   |   -31783.84   |   64970.24    |    64968.12     |
|  A1_birds_Caprimulgus_europaeus   |   0.07   |    2     |    8.48 ( 2.25%)   |   -31784.24   |   64971.03    |    64968.12     |
|A1_Squamata_Anolis_sagrei_132767...|   0.07   |    2     |    0.36 (23.41%)   |   -31784.84   |   64972.24    |    64968.12     |
|              Node176              |   0.07   |    2     |   27.41 ( 4.92%)   |   -31783.31   |   64969.17    |    64968.12     |
|     A1_birds_Cariama_cristata     |   0.07   |    2     |    8.65 (37.11%)   |   -31782.54   |   64967.64    |    64967.64     |
|     A1_birds_Cariama_cristata     |   0.07   |    3     |    9.60 (32.39%)   |   -31782.58   |   64971.82    |    64967.64     |
|              Node284              |   0.07   |    2     |    3.31 (36.19%)   |   -31782.06   |   64970.79    |    64967.64     |
|     A1_mammals_Manis_javanica     |   0.07   |    2     |    0.26 (26.53%)   |   -31782.54   |   64971.76    |    64967.64     |
|  A1_mammals_Dromiciops_gliroides  |   0.06   |    2     |    0.70 ( 0.00%)   |   -31782.54   |   64971.76    |    64967.64     |
|      A1_mammals_Equus_asinus      |   0.06   |    2     |    0.30 (42.72%)   |   -31782.54   |   64971.76    |    64967.64     |
|  A1_mammals_Leopardus_geoffroyi   |   0.06   |    2     |    0.22 (74.21%)   |   -31782.54   |   64971.76    |    64967.64     |
|   A1_birds_Ficedula_albicollis    |   0.06   |    2     |   0.84 (100.00%)   |   -31782.54   |   64971.76    |    64967.64     |
|A1_mammals_Rhinolophus_ferrumequ...|   0.06   |    2     |    2.12 (23.81%)   |   -31780.49   |   64967.65    |    64967.64     |
|      A1_birds_Falco_cherrug       |   0.06   |    2     |    1.13 ( 6.99%)   |   -31782.54   |   64971.76    |    64967.64     |
|              Node66               |   0.06   |    2     |   50.96 ( 1.95%)   |   -31782.38   |   64971.43    |    64967.64     |
|              Node58               |   0.06   |    2     |    1.90 ( 3.68%)   |   -31782.50   |   64971.68    |    64967.64     |
|              Node77               |   0.06   |    2     |   1.21 (100.00%)   |   -31782.54   |   64971.76    |    64967.64     |
|              Node283              |   0.06   |    2     |    3.69 (21.20%)   |   -31782.36   |   64971.39    |    64967.64     |
|               Node2               |   0.06   |    2     |    2.81 (16.76%)   |   -31780.04   |   64966.75    |    64966.75     |
|               Node2               |   0.06   |    3     |    2.83 (16.62%)   |   -31780.04   |   64970.87    |    64966.75     |
|      A1_birds_Gavia_stellata      |   0.06   |    2     |    3.31 (21.75%)   |   -31777.47   |   64965.73    |    64965.73     |
|      A1_birds_Gavia_stellata      |   0.06   |    3     |    3.33 (21.71%)   |   -31777.47   |   64969.85    |    64965.73     |
|   A1_birds_Podilymbus_podiceps    |   0.06   |    2     |    5.35 (28.80%)   |   -31775.09   |   64965.10    |    64965.10     |
|   A1_birds_Podilymbus_podiceps    |   0.06   |    3     |    5.35 (28.85%)   |   -31775.09   |   64969.22    |    64965.10     |
|A1_like_birds_Lonchura_striata_X...|   0.06   |    2     |    1.05 (11.02%)   |   -31775.09   |   64969.22    |    64965.10     |
|    A1_birds_Fulmarus_glacialis    |   0.05   |    2     |    1.62 (22.04%)   |   -31775.10   |   64969.23    |    64965.10     |
|   A1_birds_Opisthocomus_hoazin    |   0.05   |    2     |    2.27 (19.91%)   |   -31775.05   |   64969.14    |    64965.10     |
|A1_Squamata_A1_Podarcis_muralis_...|   0.05   |    2     |    3.79 (81.02%)   |   -31775.08   |   64969.20    |    64965.10     |
|    A1_birds_Manacus_vitellinus    |   0.05   |    2     |    1.31 (39.34%)   |   -31774.73   |   64968.50    |    64965.10     |
|              Node263              |   0.05   |    2     |    3.20 ( 5.97%)   |   -31774.95   |   64968.93    |    64965.10     |
|     A1_birds_Serinus_canaria      |   0.05   |    2     |    0.94 (94.10%)   |   -31775.09   |   64969.22    |    64965.10     |
|              Node187              |   0.05   |    2     |    0.60 (95.42%)   |   -31775.09   |   64969.22    |    64965.10     |
|    A1_mammals_Pteropus_medius     |   0.05   |    2     |    0.28 (80.25%)   |   -31775.09   |   64969.22    |    64965.10     |
|              Node253              |   0.05   |    2     |    1.69 (55.05%)   |   -31775.09   |   64969.21    |    64965.10     |
|   A1_birds_Rhynochetos_jubatus    |   0.05   |    2     |   >1000 ( 2.01%)   |   -31771.76   |   64962.56    |    64962.56     |
|   A1_birds_Rhynochetos_jubatus    |   0.05   |    3     |   >1000 ( 2.01%)   |   -31771.77   |   64966.69    |    64962.56     |
|    A1_birds_Phaethon_lepturus     |   0.05   |    2     |   15.49 ( 4.53%)   |   -31768.32   |   64959.79    |    64959.79     |
|    A1_birds_Phaethon_lepturus     |   0.05   |    3     |   15.47 ( 4.54%)   |   -31768.32   |   64963.91    |    64959.79     |
|              Node27               |   0.05   |    2     |    0.52 (82.97%)   |   -31768.32   |   64963.92    |    64959.79     |
|A1_mammals_Ornithorhynchus_anati...|   0.05   |    2     |    3.58 (16.32%)   |   -31767.27   |   64961.81    |    64959.79     |
|A1_Crocodylia_Gavialis_gangeticu...|   0.05   |    2     |  114.01 ( 6.93%)   |   -31745.05   |   64917.38    |    64917.38     |
|A1_Crocodylia_Gavialis_gangeticu...|   0.05   |    3     |  545.70 ( 4.57%)   |   -31742.77   |   64916.93    |    64916.93     |
|A1_Crocodylia_Gavialis_gangeticu...|   0.05   |    4     |  558.57 ( 4.49%)   |   -31742.72   |   64920.96    |    64916.93     |
|              Node152              |   0.05   |    2     |    3.14 (33.76%)   |   -31742.03   |   64919.57    |    64916.93     |
|   A1_birds_Charadrius_vociferus   |   0.05   |    2     |   10.90 ( 4.64%)   |   -31741.57   |   64918.67    |    64916.93     |
|A1_Squamata_A1_Zootoca_vivipara_...|   0.05   |    2     |    2.30 (48.43%)   |   -31742.60   |   64920.73    |    64916.93     |
|A1_birds_Melopsittacus_undulatus...|   0.05   |    2     |    4.23 (27.93%)   |   -31741.57   |   64918.66    |    64916.93     |
|              Node18               |   0.05   |    2     |    0.40 ( 7.56%)   |   -31742.77   |   64921.06    |    64916.93     |
|A1_mammals_Tachyglossus_aculeatu...|   0.05   |    2     |    5.97 (28.30%)   |   -31741.26   |   64918.03    |    64916.93     |
|   A1_birds_Phoenicopterus_ruber   |   0.05   |    2     |    1.15 (99.97%)   |   -31742.77   |   64921.06    |    64916.93     |
|              Node259              |   0.05   |    2     |    0.52 (26.72%)   |   -31742.77   |   64921.06    |    64916.93     |
|A1_like_birds_Aptenodytes_patago...|   0.05   |    2     |    0.55 (46.92%)   |   -31742.77   |   64921.06    |    64916.93     |
|     A1_birds_Anser_cygnoides      |   0.04   |    2     |    6.60 (32.11%)   |   -31742.04   |   64919.60    |    64916.93     |
|    A1_birds_Pelecanus_crispus     |   0.04   |    2     |   20.61 (15.40%)   |   -31737.21   |   64909.94    |    64909.94     |
|    A1_birds_Pelecanus_crispus     |   0.04   |    3     |   20.61 (15.39%)   |   -31737.21   |   64914.07    |    64909.94     |
|A1_like_birds_Zonotrichia_leucop...|   0.04   |    2     |   40.09 ( 1.73%)   |   -31735.93   |   64911.51    |    64909.94     |
|  A1_birds_Zonotrichia_albicollis  |   0.04   |    2     |    6.08 (23.12%)   |   -31735.67   |   64910.98    |    64909.94     |
|              Node254              |   0.04   |    2     |   10.08 (10.59%)   |   -31734.80   |   64909.24    |    64909.24     |
|              Node254              |   0.04   |    3     |   12.55 ( 7.72%)   |   -31734.81   |   64913.39    |    64909.24     |
|  A1_birds_Tauraco_erythrolophus   |   0.04   |    2     |    0.32 (53.69%)   |   -31734.80   |   64913.37    |    64909.24     |
|A1_Testudines_Caretta_caretta_12...|   0.04   |    2     |    2.24 (46.38%)   |   -31734.71   |   64913.20    |    64909.24     |
|   A1_mammals_Rattus_norvegicus    |   0.04   |    2     |    0.34 (53.63%)   |   -31734.80   |   64913.36    |    64909.24     |
|A1_mammals_Trichosurus_vulpecula...|   0.04   |    2     |    0.24 (50.80%)   |   -31734.80   |   64913.37    |    64909.24     |
|     A1_birds_Egretta_garzetta     |   0.04   |    2     |    0.37 (85.47%)   |   -31734.80   |   64913.37    |    64909.24     |
|              Node252              |   0.04   |    2     |   46.18 (25.06%)   |   -31734.41   |   64912.59    |    64909.24     |
|              Node73               |   0.04   |    2     |    7.46 (27.79%)   |   -31734.12   |   64912.01    |    64909.24     |
|              Node118              |   0.04   |    2     |    0.48 (47.41%)   |   -31734.80   |   64913.37    |    64909.24     |
|              Node266              |   0.04   |    2     |   1.18 (100.00%)   |   -31734.80   |   64913.36    |    64909.24     |
|A1_Testudines_Malaclemys_terrapi...|   0.04   |    2     |    0.68 (28.15%)   |   -31734.80   |   64913.36    |    64909.24     |
|A1_Testudines_Malaclemys_terrapi...|   0.04   |    2     |   10.14 ( 9.74%)   |   -31729.92   |   64903.60    |    64903.60     |
|A1_Testudines_Malaclemys_terrapi...|   0.04   |    3     |   10.12 ( 9.80%)   |   -31729.92   |   64907.73    |    64903.60     |
|    A1_birds_Aquila_chrysaetos     |   0.04   |    2     |    0.90 ( 0.00%)   |   -31729.92   |   64907.73    |    64903.60     |
|     A1_birds_Nestor_notabilis     |   0.04   |    2     |    0.59 (93.65%)   |   -31729.92   |   64907.73    |    64903.60     |
|      A1_mammals_Mus_musculus      |   0.04   |    2     |   0.18 (100.00%)   |   -31729.92   |   64907.73    |    64903.60     |
|              Node241              |   0.04   |    2     |    9.86 (30.62%)   |   -31729.73   |   64907.36    |    64903.60     |
|A1_like_birds_Passer_domesticus_...|   0.03   |    2     |    0.75 (52.41%)   |   -31729.92   |   64907.73    |    64903.60     |
|A1_Testudines_Dermochelys_coriac...|   0.03   |    2     |    3.90 (27.75%)   |   -31729.62   |   64907.13    |    64903.60     |
|A1_like_birds_Manacus_candei_XM_...|   0.03   |    2     |   2.62 (100.00%)   |   -31729.92   |   64907.73    |    64903.60     |
|               Node6               |   0.03   |    2     |    1.06 (46.82%)   |   -31729.86   |   64907.62    |    64903.60     |
|              Node173              |   0.03   |    2     |  111.32 ( 1.66%)   |   -31729.45   |   64906.80    |    64903.60     |
|              Node146              |   0.03   |    2     |    3.12 (27.54%)   |   -31729.15   |   64906.19    |    64903.60     |
|A1_Testudines_Dermochelys_coriac...|   0.03   |    2     |    0.27 ( 9.64%)   |   -31729.92   |   64907.73    |    64903.60     |
|              Node223              |   0.03   |    2     |   >1000 ( 0.98%)   |   -31723.86   |   64895.61    |    64895.61     |
|              Node223              |   0.03   |    3     |   >1000 ( 0.97%)   |   -31723.86   |   64899.73    |    64895.61     |
|              Node168              |   0.03   |    2     |  723.58 ( 2.79%)   |   -31721.37   |   64894.76    |    64894.76     |
|              Node168              |   0.03   |    3     |  722.58 ( 2.80%)   |   -31721.37   |   64898.89    |    64894.76     |
|A1_like_birds_Poecile_atricapill...|   0.03   |    2     |    3.38 (10.46%)   |   -31719.87   |   64895.89    |    64894.76     |
|A1_Testudines_Dermochelys_coriac...|   0.03   |    2     |   0.40 (100.00%)   |   -31721.37   |   64898.89    |    64894.76     |
|              Node80               |   0.03   |    2     |    0.51 (54.17%)   |   -31721.37   |   64898.89    |    64894.76     |
|              Node144              |   0.03   |    2     |    0.55 (51.23%)   |   -31721.35   |   64898.84    |    64894.76     |
|      A1_mammals_Homo_sapiens      |   0.03   |    2     |    0.73 (23.62%)   |   -31721.37   |   64898.88    |    64894.76     |
|              Node230              |   0.03   |    2     |   41.86 ( 2.06%)   |   -31718.94   |   64894.02    |    64894.02     |
|              Node230              |   0.03   |    3     |   45.65 ( 1.97%)   |   -31718.94   |   64898.15    |    64894.02     |
|              Node96               |   0.03   |    2     |   14.05 (16.68%)   |   -31717.53   |   64895.33    |    64894.02     |
|              Node75               |   0.03   |    2     |   1.23 (100.00%)   |   -31718.94   |   64898.14    |    64894.02     |
|              Node169              |   0.03   |    2     |    0.54 (55.25%)   |   -31718.88   |   64898.02    |    64894.02     |
|               Node7               |   0.03   |    2     |    0.12 (60.18%)   |   -31718.94   |   64898.14    |    64894.02     |
|              Node33               |   0.03   |    2     |    8.08 (13.41%)   |   -31717.13   |   64894.52    |    64894.02     |
|              Node210              |   0.02   |    2     |    0.55 (21.36%)   |   -31718.89   |   64898.05    |    64894.02     |
|              Node78               |   0.02   |    2     |    0.32 (27.66%)   |   -31739.38   |   64939.03    |    64894.02     |
|              Node164              |   0.02   |    2     |  105.52 (11.43%)   |   -31714.58   |   64889.43    |    64889.43     |
|              Node164              |   0.02   |    3     |  119.01 (11.09%)   |   -31714.59   |   64893.58    |    64889.43     |
|              Node14               |   0.02   |    2     |    0.60 (75.68%)   |   -31714.56   |   64893.50    |    64889.43     |
|              Node256              |   0.02   |    2     |   1.46 (100.00%)   |   -31714.58   |   64893.55    |    64889.43     |
|     A1_birds_Eurypyga_helias      |   0.02   |    2     |   2.00 (100.00%)   |   -31714.58   |   64893.55    |    64889.43     |
|A1_Testudines_Dermochelys_coriac...|   0.02   |    2     |    4.29 (18.12%)   |   -31714.13   |   64892.65    |    64889.43     |
|A1_like_birds_Parus_major_XM_015...|   0.02   |    2     |   75.52 ( 1.24%)   |   -31713.37   |   64891.13    |    64889.43     |
|              Node268              |   0.02   |    2     |    3.18 (12.69%)   |   -31714.33   |   64893.05    |    64889.43     |
|              Node68               |   0.02   |    2     |   9.23 (100.00%)   |   -31714.58   |   64893.55    |    64889.43     |
|A1_mammals_Monodelphis_domestica...|   0.02   |    2     |   0.16 (100.00%)   |   -31714.58   |   64893.55    |    64889.43     |
|              Node212              |   0.02   |    2     |    0.61 (88.50%)   |   -31714.58   |   64893.55    |    64889.43     |
|A1_like_birds_Chiroxiphia_lanceo...|   0.02   |    2     |    0.92 ( 1.63%)   |   -31714.58   |   64893.55    |    64889.43     |
|              Node139              |   0.02   |    2     |    7.47 (22.00%)   |   -31714.41   |   64893.21    |    64889.43     |
|A1_Testudines_Chelonia_mydas_119...|   0.02   |    2     |    0.85 ( 0.00%)   |   -31714.58   |   64893.55    |    64889.43     |
|    A1_birds_Erythrura_gouldiae    |   0.02   |    2     |    4.59 (10.35%)   |   -31713.17   |   64890.74    |    64889.43     |
|  A1_mammals_Gracilinanus_agilis   |   0.02   |    2     |    2.88 (14.21%)   |   -31714.57   |   64893.52    |    64889.43     |
|              Node233              |   0.02   |    2     |    0.41 (72.21%)   |   -31714.54   |   64893.48    |    64889.43     |
|              Node209              |   0.02   |    2     |    1.23 (33.38%)   |   -31714.47   |   64893.32    |    64889.43     |
|A1_like_birds_Cyanistes_caeruleu...|   0.02   |    2     |    7.15 (23.18%)   |   -31714.16   |   64892.72    |    64889.43     |
|              Node244              |   0.02   |    2     |  >1000 (100.00%)   |   -31714.58   |   64893.54    |    64889.43     |
|              Node255              |   0.02   |    2     |    0.28 (29.43%)   |   -31714.57   |   64893.53    |    64889.43     |
|              Node125              |   0.02   |    2     |   1.73 (100.00%)   |   -31714.58   |   64893.54    |    64889.43     |
|              Node51               |   0.02   |    2     |    0.32 (27.66%)   |   -31729.64   |   64923.67    |    64889.43     |
|   A1_birds_Corythaeola_cristata   |   0.02   |    2     |    0.33 ( 3.20%)   |   -31714.58   |   64893.55    |    64889.43     |
|              Node246              |   0.02   |    2     |   1.62 (100.00%)   |   -31714.56   |   64893.52    |    64889.43     |
|              Node251              |   0.02   |    2     |    0.39 ( 2.00%)   |   -31718.25   |   64900.89    |    64889.43     |
|              Node15               |   0.02   |    2     |    8.27 ( 5.81%)   |   -31712.66   |   64889.70    |    64889.43     |
|              Node196              |   0.02   |    2     |    0.37 (86.28%)   |   -31714.58   |   64893.55    |    64889.43     |
|              Node219              |   0.02   |    2     |    0.32 (43.64%)   |   -31714.58   |   64893.55    |    64889.43     |
|              Node272              |   0.02   |    2     |   36.07 ( 3.57%)   |   -31712.99   |   64890.37    |    64889.43     |
|A1_like_birds_Lepidothrix_corona...|   0.02   |    2     |   1.25 (100.00%)   |   -31714.58   |   64893.55    |    64889.43     |
|   A1_birds_Taeniopygia_guttata    |   0.02   |    2     |    0.58 (78.11%)   |   -31714.58   |   64893.55    |    64889.43     |
|    A1_mammals_Vombatus_ursinus    |   0.02   |    2     |    0.27 (79.84%)   |   -31714.58   |   64893.55    |    64889.43     |
|   A1_birds_Aptenodytes_forsteri   |   0.02   |    2     |    0.80 (98.00%)   |   -31714.58   |   64893.55    |    64889.43     |
|A1_like_birds_Melospiza_melodia_...|   0.02   |    2     |   27.98 ( 9.86%)   |   -31713.98   |   64892.36    |    64889.43     |
|A1_mammals_Phascolarctos_cinereu...|   0.02   |    2     |    0.29 (33.76%)   |   -31714.58   |   64893.55    |    64889.43     |
|              Node227              |   0.02   |    2     |   15.43 ( 3.52%)   |   -31711.86   |   64888.11    |    64888.11     |
|              Node227              |   0.02   |    3     |   16.62 ( 3.26%)   |   -31711.86   |   64892.24    |    64888.11     |
|              Node70               |   0.02   |    2     |    0.32 (27.66%)   |   -31720.28   |   64909.07    |    64888.11     |
|              Node121              |   0.02   |    2     |   3.29 (100.00%)   |   -31711.85   |   64892.22    |    64888.11     |
|              Node34               |   0.02   |    2     |    0.15 (48.16%)   |   -31711.86   |   64892.24    |    64888.11     |
|              Node17               |   0.02   |    2     |   11.82 (10.42%)   |   -31710.64   |   64889.79    |    64888.11     |
|              Node236              |   0.01   |    2     |   3.12 (100.00%)   |   -31711.86   |   64892.24    |    64888.11     |
|A1_like_birds_Pseudopodoces_humi...|   0.01   |    2     |   40.22 ( 3.70%)   |   -31708.75   |   64886.01    |    64886.01     |
|A1_like_birds_Pseudopodoces_humi...|   0.01   |    3     |   40.07 ( 3.71%)   |   -31708.75   |   64890.14    |    64886.01     |
|A1_like_birds_Agelaius_phoeniceu...|   0.01   |    2     |    0.32 (27.66%)   |   -31723.58   |   64919.80    |    64886.01     |
|              Node86               |   0.01   |    2     |   2.66 (100.00%)   |   -31708.75   |   64890.14    |    64886.01     |
|              Node46               |   0.01   |    2     |   26.89 ( 3.43%)   |   -31707.13   |   64886.90    |    64886.01     |
|A1_Testudines_Gopherus_evgoodei_...|   0.01   |    2     |    0.72 (71.65%)   |   -31708.75   |   64890.14    |    64886.01     |
|     A1_birds_Lonchura_striata     |   0.01   |    2     |   0.16 (100.00%)   |   -31708.75   |   64890.14    |    64886.01     |
|     A1_mammals_Neogale_vison      |   0.01   |    2     |   10.61 ( 3.15%)   |   -31706.01   |   64884.66    |    64884.66     |
|     A1_mammals_Neogale_vison      |   0.01   |    3     |   10.61 ( 3.14%)   |   -31706.01   |   64888.79    |    64884.66     |
|A1_Testudines_Mauremys_reevesii_...|   0.01   |    2     |   12.41 ( 3.83%)   |   -31703.72   |   64884.22    |    64884.22     |
|A1_Testudines_Mauremys_reevesii_...|   0.01   |    3     |   32.34 ( 1.23%)   |   -31703.68   |   64888.25    |    64884.22     |
|A1_Testudines_Mauremys_reevesii_...|   0.01   |    2     |    0.71 (49.33%)   |   -31703.72   |   64888.34    |    64884.22     |
|              Node90               |   0.01   |    2     |    0.32 (27.66%)   |   -31710.14   |   64901.17    |    64884.22     |
|              Node93               |   0.01   |    2     |    0.32 (27.66%)   |   -31709.77   |   64900.44    |    64884.22     |
|A1_Crocodylia_Alligator_mississi...|   0.01   |    2     |    0.58 (76.11%)   |   -31703.73   |   64888.34    |    64884.22     |
|              Node142              |   0.01   |    2     |    0.43 (99.74%)   |   -31703.70   |   64888.30    |    64884.22     |
|              Node291              |   0.01   |    2     |   3.56 (100.00%)   |   -31703.71   |   64888.31    |    64884.22     |
|              Node85               |   0.01   |    2     |   2.05 (100.00%)   |   -31703.72   |   64888.34    |    64884.22     |
|A1_like_birds_Pipra_filicauda_XM...|   0.01   |    2     |   21.04 ( 3.31%)   |   -31701.23   |   64883.34    |    64883.34     |
|A1_like_birds_Pipra_filicauda_XM...|   0.01   |    3     |   21.19 ( 3.33%)   |   -31701.23   |   64887.47    |    64883.34     |
|              Node11               |   0.01   |    2     |    1.46 (44.21%)   |   -31701.23   |   64887.48    |    64883.34     |
|              Node308              |   0.01   |    2     |    8.99 (10.00%)   |   -31701.22   |   64887.47    |    64883.34     |
|              Node82               |   0.01   |    2     |    0.37 (79.81%)   |   -31701.23   |   64887.47    |    64883.34     |
|              Node79               |   0.01   |    2     |    0.80 (50.00%)   |   -31701.23   |   64887.47    |    64883.34     |
|A1_like_birds_Molothrus_aeneus_X...|   0.01   |    2     |    0.32 (27.66%)   |   -31710.62   |   64906.25    |    64883.34     |
|A1_mammals_Phacochoerus_africanu...|   0.01   |    2     |   2.45 (100.00%)   |   -31701.23   |   64887.47    |    64883.34     |
|              Node202              |   0.01   |    2     |    0.92 ( 0.00%)   |   -31701.23   |   64887.47    |    64883.34     |
|       A1_mammals_Bos_taurus       |   0.01   |    2     |    0.53 (18.45%)   |   -31701.23   |   64887.47    |    64883.34     |
|              Node52               |   0.01   |    2     |   1.98 (100.00%)   |   -31701.23   |   64887.47    |    64883.34     |
|    A1_mammals_Bubalus_bubalis     |   0.01   |    2     |    0.49 (48.32%)   |   -31701.23   |   64887.47    |    64883.34     |
|              Node53               |   0.01   |    2     |    0.20 (96.98%)   |   -31701.22   |   64887.47    |    64883.34     |
|              Node225              |   0.01   |    2     |   50.72 ( 3.64%)   |   -31698.82   |   64882.66    |    64882.66     |
|              Node225              |   0.01   |    3     |   53.67 ( 3.29%)   |   -31698.81   |   64886.77    |    64882.66     |
|A1_like_birds_Falco_biarmicus_XM...|   0.01   |    2     |   1.52 (100.00%)   |   -31698.82   |   64886.79    |    64882.66     |
|              Node197              |   0.01   |    2     |    0.77 (24.26%)   |   -31698.82   |   64886.79    |    64882.66     |
|              Node71               |   0.01   |    2     |    0.32 (27.66%)   |   -31706.56   |   64902.27    |    64882.66     |
|              Node131              |   0.01   |    2     |   21.39 ( 4.56%)   |   -31698.42   |   64885.99    |    64882.66     |
|              Node20               |   0.01   |    2     |    0.38 (97.74%)   |   -31698.82   |   64886.79    |    64882.66     |
|    A1_birds_Anas_platyrhynchos    |   0.01   |    2     |    0.23 (45.10%)   |   -31698.82   |   64886.78    |    64882.66     |
|              Node311              |   0.01   |    2     |    1.37 (33.88%)   |   -31698.82   |   64886.79    |    64882.66     |
|A1_like_birds_Corapipo_altera_XM...|   0.01   |    2     |    0.40 (74.83%)   |   -31698.82   |   64886.79    |    64882.66     |
|              Node218              |   0.01   |    2     |    0.59 (91.29%)   |   -31698.82   |   64886.78    |    64882.66     |
|      A1_mammals_Meles_meles       |   0.01   |    2     |    0.00 ( 3.16%)   |   -31698.82   |   64886.79    |    64882.66     |
|A1_Crocodylia_Crocodylus_porosus...|   0.01   |    2     |    0.42 (76.61%)   |   -31698.80   |   64886.75    |    64882.66     |
|              Node226              |   0.01   |    2     |    1.01 (11.82%)   |   -31698.82   |   64886.78    |    64882.66     |
|     A1_birds_Aythya_fuligula      |   0.01   |    2     |    0.16 (97.48%)   |   -31698.82   |   64886.78    |    64882.66     |
|              Node138              |   0.01   |    2     |    0.32 (27.66%)   |   -31702.98   |   64895.11    |    64882.66     |
|A1_Testudines_Trachemys_scripta_...|   0.01   |    2     |    2.03 (49.63%)   |   -31698.82   |   64886.79    |    64882.66     |
|A1_like_birds_Falco_naumanni_XM_...|   0.01   |    2     |    1.04 (10.00%)   |   -31698.82   |   64886.79    |    64882.66     |
|              Node300              |   0.01   |    2     |    0.19 (92.86%)   |   -31698.81   |   64886.78    |    64882.66     |
|              Node113              |   0.01   |    2     |    1.06 (35.59%)   |   -31698.82   |   64886.79    |    64882.66     |
|              Node19               |   0.01   |    2     |    0.20 (50.35%)   |   -31698.82   |   64886.79    |    64882.66     |
|              Node100              |   0.01   |    2     |   >1000 ( 1.57%)   |   -31695.38   |   64879.91    |    64879.91     |
|              Node100              |   0.01   |    3     |   >1000 ( 1.57%)   |   -31695.38   |   64884.03    |    64879.91     |
|A1_mammals_Trachypithecus_franco...|   0.01   |    2     |    0.00 ( 3.16%)   |   -31695.38   |   64884.03    |    64879.91     |
|              Node298              |   0.01   |    2     |    1.03 (41.78%)   |   -31695.38   |   64884.03    |    64879.91     |
|A1_like_birds_Pyrgilauda_ruficol...|   0.01   |    2     |    1.35 (45.20%)   |   -31695.38   |   64884.03    |    64879.91     |
|              Node211              |   0.01   |    2     |    0.32 (27.66%)   |   -31700.92   |   64895.11    |    64879.91     |
|              Node285              |   0.01   |    2     |    0.32 (27.66%)   |   -31698.77   |   64890.81    |    64879.91     |
|              Node213              |   0.01   |    2     |    0.48 (48.14%)   |   -31695.38   |   64884.04    |    64879.91     |
|              Node312              |   0.01   |    2     |   >1000 ( 5.83%)   |   -31695.07   |   64883.42    |    64879.91     |
|              Node195              |   0.01   |    2     |    8.88 (11.14%)   |   -31695.39   |   64884.05    |    64879.91     |
|              Node274              |   0.01   |    2     |    0.79 (74.67%)   |   -31695.38   |   64884.03    |    64879.91     |
|A1_Testudines_Gopherus_flavomarg...|   0.01   |    2     |    1.17 (48.59%)   |   -31695.38   |   64884.03    |    64879.91     |
|A1_mammals_Canis_lupus_familiari...|   0.01   |    2     |   0.40 (100.00%)   |   -31695.38   |   64884.03    |    64879.91     |
|A1_mammals_Mustela_putorius_furo...|   0.01   |    2     |    0.51 (24.78%)   |   -31695.38   |   64884.03    |    64879.91     |
|A1_Testudines_Caretta_caretta_12...|   0.01   |    2     |    1.29 (67.10%)   |   -31695.38   |   64884.03    |    64879.91     |
|   A1_mammals_Lontra_canadensis    |   0.01   |    2     |    1.30 (38.30%)   |   -31695.38   |   64884.03    |    64879.91     |
|              Node44               |   0.01   |    2     |    0.19 (75.03%)   |   -31695.38   |   64884.03    |    64879.91     |
|              Node286              |   0.01   |    2     |    0.32 (27.66%)   |   -31698.70   |   64890.67    |    64879.91     |
|       A1_mammals_Sus_scrofa       |   0.01   |    2     |    0.32 (27.66%)   |   -31700.98   |   64895.23    |    64879.91     |
|A1_Testudines_Caretta_caretta_12...|   0.01   |    2     |    1.32 (61.33%)   |   -31695.38   |   64884.03    |    64879.91     |
|              Node193              |   0.01   |    2     |    0.39 (95.13%)   |   -31695.38   |   64884.03    |    64879.91     |
|              Node156              |   0.01   |    2     |    0.32 (27.66%)   |   -31697.28   |   64887.83    |    64879.91     |
|              Node224              |   0.00   |    2     |  319.86 ( 0.52%)   |   -31691.20   |   64875.67    |    64875.67     |
|              Node224              |   0.00   |    3     |  324.56 ( 0.52%)   |   -31691.21   |   64879.82    |    64875.67     |
|A1_Testudines_Chelonia_mydas_102...|   0.00   |    2     |    0.32 (27.66%)   |   -31696.03   |   64889.45    |    64875.67     |
|              Node290              |   0.00   |    2     |    0.74 (49.00%)   |   -31691.20   |   64879.80    |    64875.67     |
|A1_Testudines_Malaclemys_terrapi...|   0.00   |    2     |  >1000 (100.00%)   |   -31691.20   |   64879.80    |    64875.67     |
|A1_Testudines_Chrysemys_picta_be...|   0.00   |    2     |    0.20 (80.00%)   |   -31691.20   |   64879.80    |    64875.67     |
|              Node30               |   0.00   |    2     |   9.27 (100.00%)   |   -31691.15   |   64879.71    |    64875.67     |
|A1_Testudines_Malaclemys_terrapi...|   0.00   |    2     |    0.72 (76.18%)   |   -31691.20   |   64879.80    |    64875.67     |
|      A1_mammals_Lutra_lutra       |   0.00   |    2     |    0.80 (94.45%)   |   -31691.20   |   64879.80    |    64875.67     |
|              Node31               |   0.00   |    2     |   1.00 (100.00%)   |   -31691.38   |   64880.17    |    64875.67     |
|  A1_mammals_Rhinopithecus_bieti   |   0.00   |    2     |   1.00 (100.00%)   |   -31692.03   |   64881.46    |    64875.67     |
|              Node99               |   0.00   |    2     |    0.32 (27.66%)   |   -31693.86   |   64885.12    |    64875.67     |
|              Node288              |   0.00   |    2     |    0.32 (27.66%)   |   -31693.62   |   64884.65    |    64875.67     |
|A1_like_birds_Vidua_macroura_XM_...|   0.00   |    2     |    0.00 ( 0.00%)   |   -31691.20   |   64879.80    |    64875.67     |
|              Node161              |   0.00   |    2     |    0.00 ( 2.50%)   |   -31691.19   |   64879.78    |    64875.67     |
|A1_Testudines_Gopherus_flavomarg...|   0.00   |    2     |    1.40 (63.47%)   |   -31691.18   |   64879.76    |    64875.67     |
|A1_Testudines_Malaclemys_terrapi...|   0.00   |    2     |    0.74 (24.00%)   |   -31691.20   |   64879.80    |    64875.67     |
|              Node72               |   0.00   |    2     |    0.32 (27.66%)   |   -31692.99   |   64883.38    |    64875.67     |
|              Node102              |   0.00   |    2     |    0.00 ( 3.23%)   |   -31691.20   |   64879.80    |    64875.67     |
|A1_Testudines_Gopherus_evgoodei_...|   0.00   |    2     |    0.00 ( 2.13%)   |   -31691.19   |   64879.79    |    64875.67     |
|              Node111              |   0.00   |    2     |   >1000 ( 0.78%)   |   -31686.89   |   64871.17    |    64871.17     |
|              Node111              |   0.00   |    3     |   >1000 ( 0.77%)   |   -31686.89   |   64875.30    |    64871.17     |
|              Node133              |   0.00   |    2     |    0.39 ( 2.00%)   |   -31688.34   |   64878.22    |    64871.17     |
|A1_Testudines_Mauremys_reevesii_...|   0.00   |    2     |    0.39 (76.79%)   |   -31686.89   |   64875.30    |    64871.17     |
|              Node129              |   0.00   |    2     |  >1000 (100.00%)   |   -31686.79   |   64875.10    |    64871.17     |
|              Node106              |   0.00   |    2     |    0.32 (27.66%)   |   -31688.96   |   64879.45    |    64871.17     |
|              Node137              |   0.00   |    2     |    0.32 (27.66%)   |   -31688.08   |   64877.70    |    64871.17     |
|              Node117              |   0.00   |    2     |    0.39 ( 2.00%)   |   -31688.06   |   64877.65    |    64871.17     |
|A1_Testudines_Mauremys_mutica_12...|   0.00   |    2     |  234.34 (99.31%)   |   -31686.89   |   64875.31    |    64871.17     |
|              Node107              |   0.00   |    2     |    0.25 ( 2.00%)   |   -31687.47   |   64876.46    |    64871.17     |
|              Node103              |   0.00   |    2     |    0.32 (27.66%)   |   -31688.21   |   64877.95    |    64871.17     |
|A1_like_birds_Chroicocephalus_ri...|   0.00   |    2     |  775.93 (100.00%)  |   -31686.89   |   64875.30    |    64871.17     |
|              Node302              |   0.00   |    2     |  900.55 (100.00%)  |   -31686.89   |   64875.30    |    64871.17     |
|A1_Squamata_Candoia_aspera_13449...|   0.00   |    2     |  >1000 (100.00%)   |   -31686.89   |   64875.30    |    64871.17     |
|              Node105              |   0.00   |    2     |  962.77 (100.00%)  |   -31686.89   |   64875.30    |    64871.17     |
|A1_Squamata_A1_Eublepharis_macul...|   0.00   |    2     |   >1000 (94.33%)   |   -31686.89   |   64875.30    |    64871.17     |
|A1_Crocodylia_Alligator_sinensis...|   0.00   |    2     |    0.00 ( 5.00%)   |   -31686.89   |   64875.30    |    64871.17     |
|              Node104              |   0.00   |    2     |    0.32 (27.66%)   |   -31688.40   |   64878.33    |    64871.17     |
|              Node277              |   0.00   |    2     |    0.25 (51.00%)   |   -31687.19   |   64875.90    |    64871.17     |
|A1_Testudines_Trachemys_scripta_...|   0.00   |    2     |    0.00 ( 5.00%)   |   -31686.89   |   64875.30    |    64871.17     |
|              Node23               |   0.00   |    2     |  930.44 (100.00%)  |   -31686.89   |   64875.30    |    64871.17     |
|   A1_mammals_Camelus_bactrianus   |   0.00   |    2     |   1.00 (100.00%)   |   -31687.21   |   64875.95    |    64871.17     |
|     A1_mammals_Vulpes_vulpes      |   0.00   |    2     |    0.32 (27.66%)   |   -31687.95   |   64877.42    |    64871.17     |
|              Node198              |   0.00   |    2     |    0.00 ( 0.00%)   |   -31686.89   |   64875.30    |    64871.17     |
|A1_Testudines_Chrysemys_picta_be...|   0.00   |    2     |    0.00 ( 5.00%)   |   -31686.89   |   64875.30    |    64871.17     |
|A1_like_birds_Larus_michahellis_...|   0.00   |    2     |    0.25 (51.00%)   |   -31686.89   |   64875.30    |    64871.17     |
|A1_Testudines_Mauremys_reevesii_...|   0.00   |    2     |    0.25 ( 2.00%)   |   -31686.89   |   64875.30    |    64871.17     |
|A1_Testudines_Chelonia_mydas_119...|   0.00   |    2     |    0.39 ( 2.00%)   |   -31686.89   |   64875.30    |    64871.17     |
|A1_like_birds_Rissa_tridactyla_X...|   0.00   |    2     |    0.25 (51.00%)   |   -31686.89   |   64875.30    |    64871.17     |
|A1_Testudines_Mauremys_mutica_12...|   0.00   |    2     |    0.25 ( 2.00%)   |   -31686.89   |   64875.30    |    64871.17     |
|A1_Squamata_Eublepharis_maculari...|   0.00   |    2     |    0.25 ( 2.00%)   |   -31686.89   |   64875.30    |    64871.17     |
|A1_Squamata_Candoia_aspera_13449...|   0.00   |    2     |    0.25 ( 2.00%)   |   -31686.89   |   64875.30    |    64871.17     |
|     A1_mammals_Camelus_ferus      |   0.00   |    2     |    0.25 ( 2.00%)   |   -31686.89   |   64875.30    |    64871.17     |
|A1_like_birds_Vidua_chalybeata_X...|   0.00   |    2     |    0.25 ( 2.00%)   |   -31686.89   |   64875.30    |    64871.17     |

### Rate class analyses summary
*  45 branches with **2** rate classes
*  266 branches with **1** rate classes
*  1 branches with **3** rate classes

### Improving parameter estimates of the adaptive rate class model
* Log(L) = -31679.44, AIC-c = 64856.27 (737 estimated parameters)
* The following rate distribution for site-to-site **synonymous** rate variation was inferred

|               Rate                | Proportion, % |               Notes               |
|-----------------------------------|---------------|-----------------------------------|
|               0.305               |    17.088     |                                   |
|               0.740               |    42.567     |                                   |
|               1.568               |    40.345     |                                   |


### Testing selected branches for selection

|              Branch               |  Rates   |     Max. dN/dS     | Sites @ EBF>=100 |      Test LRT      |Uncorrected p-value |
|-----------------------------------|----------|--------------------|------------------|--------------------|--------------------|
|              Node62               |     2    |    1.00 (18.74%)   |       N/A        |    Not selected    |    for testing     |
|              Node167              |     2    |    0.44 (36.85%)   |       N/A        |    Not selected    |    for testing     |
|              Node249              |     2    |    8.41 (18.43%)   |       N/A        |    Not selected    |    for testing     |
|A1_Squamata_A1_Sphaerodactylus_t...|     2    |   79.87 (10.05%)   |       N/A        |    Not selected    |    for testing     |
|              Node189              |     1    |   0.80 (100.00%)   |       N/A        |    Not selected    |    for testing     |
|              Node160              |     1    |   0.33 (100.00%)   |       N/A        |    Not selected    |    for testing     |
|              Node184              |     2    |   18.96 (11.83%)   |       N/A        |    Not selected    |    for testing     |
|              Node69               |     2    |    2.11 (25.25%)   |          6       |        1.14        |       0.22673      |
|              Node192              |     1    |   0.56 (100.00%)   |       N/A        |    Not selected    |    for testing     |
|              Node177              |     2    |   43.68 ( 8.65%)   |       N/A        |    Not selected    |    for testing     |
|A1_Squamata_A1_Sceloporus_undula...|     2    |   17.30 ( 5.42%)   |       N/A        |    Not selected    |    for testing     |
|A1_Squamata_Tiliqua_scincoides_1...|     2    |    1.64 (32.94%)   |       N/A        |    Not selected    |    for testing     |
|              Node61               |     1    |   0.03 (100.00%)   |       N/A        |    Not selected    |    for testing     |
|              Node170              |     1    |   0.52 (100.00%)   |       N/A        |    Not selected    |    for testing     |
|              Node207              |     2    |  141.41 ( 3.21%)   |       N/A        |    Not selected    |    for testing     |
|              Node65               |     2    |   37.67 (50.40%)   |       N/A        |    Not selected    |    for testing     |
|              Node250              |     1    |   0.78 (100.00%)   |       N/A        |    Not selected    |    for testing     |
|A1_like_birds_Chamaea_fasciata_X...|     1    |   2.14 (100.00%)   |       N/A        |    Not selected    |    for testing     |
|A1_mammals_Oryctolagus_cuniculus...|     1    |   0.48 (100.00%)   |       N/A        |    Not selected    |    for testing     |
|              Node50               |     1    |   0.30 (100.00%)   |       N/A        |    Not selected    |    for testing     |
|              Node273              |     2    |    5.24 (40.99%)   |       N/A        |    Not selected    |    for testing     |
|    A1_birds_Atlantisia_rogersi    |     2    |    3.06 (17.18%)   |          0       |        1.70        |       0.16701      |
|              Node307              |     2    |   >1000 ( 1.95%)   |       N/A        |    Not selected    |    for testing     |
|A1_Squamata_Thamnophis_elegans_1...|     2    |   49.59 ( 6.96%)   |       N/A        |    Not selected    |    for testing     |
|A1_like_birds_Patagioenas_fascia...|     2    |    5.83 (15.19%)   |       N/A        |    Not selected    |    for testing     |
|              Node280              |     1    |   1.17 (100.00%)   |       N/A        |    Not selected    |    for testing     |
|               Node5               |     2    |   10.85 ( 7.39%)   |       N/A        |    Not selected    |    for testing     |
|              Node208              |     1    |   0.35 (100.00%)   |       N/A        |    Not selected    |    for testing     |
|              Node178              |     1    |   1.17 (100.00%)   |       N/A        |    Not selected    |    for testing     |
|              Node145              |     2    |   >1000 ( 5.68%)   |          6       |       20.99        |       0.00001      |
|     A1_birds_Alectura_lathami     |     1    |   0.88 (100.00%)   |       N/A        |        0.00        |       1.00000      |
|  A1_mammals_Mesocricetus_auratus  |     2    |   18.37 ( 2.40%)   |       N/A        |    Not selected    |    for testing     |
|A1_Squamata_Crotalus_tigris_1203...|     1    |   0.96 (100.00%)   |       N/A        |    Not selected    |    for testing     |
|A1_like_birds_Pelecanus_crispus_...|     2    |   10.20 (17.99%)   |       N/A        |    Not selected    |    for testing     |
|A1_like_birds_Strix_uralensis_XM...|     1    |   1.57 (100.00%)   |       N/A        |    Not selected    |    for testing     |
|A1_like_birds_Catharus_ustulatus...|     1    |   0.86 (100.00%)   |       N/A        |    Not selected    |    for testing     |
|              Node67               |     1    |   0.24 (100.00%)   |       N/A        |    Not selected    |    for testing     |
|       A1_birds_Calypte_anna       |     1    |   0.89 (100.00%)   |       N/A        |        0.00        |       1.00000      |
|              Node294              |     1    |   0.84 (100.00%)   |       N/A        |    Not selected    |    for testing     |
|              Node41               |     1    |   0.33 (100.00%)   |       N/A        |    Not selected    |    for testing     |
|      A1_birds_Columba_livia       |     1    |   1.07 (100.00%)   |       N/A        |        0.04        |       0.46417      |
|              Node49               |     1    |   0.16 (100.00%)   |       N/A        |    Not selected    |    for testing     |
|A1_like_birds_Serinus_canaria_XM...|     1    |   0.48 (100.00%)   |       N/A        |    Not selected    |    for testing     |
|    A1_birds_Chaetura_pelagica     |     2    |    9.58 ( 9.05%)   |          4       |        5.72        |       0.02058      |
|      A1_birds_Merops_nubicus      |     1    |   0.74 (100.00%)   |       N/A        |        0.00        |       1.00000      |
|A1_like_birds_Ficedula_albicolli...|     1    |   0.82 (100.00%)   |       N/A        |    Not selected    |    for testing     |
|              Node35               |     1    |   0.23 (100.00%)   |       N/A        |    Not selected    |    for testing     |
|   A1_birds_Acanthisitta_chloris   |     1    |   0.64 (100.00%)   |       N/A        |        0.00        |       1.00000      |
|   A1_birds_Apaloderma_vittatum    |     1    |   0.67 (100.00%)   |       N/A        |        0.00        |       1.00000      |
|              Node38               |     1    |   0.59 (100.00%)   |       N/A        |    Not selected    |    for testing     |
|   A1_birds_Corvus_moneduloides    |     1    |   1.33 (100.00%)   |       N/A        |        0.54        |       0.32206      |
|              Node181              |     1    |   0.56 (100.00%)   |       N/A        |    Not selected    |    for testing     |
|A1_like_birds_Nyctibius_grandis_...|     1    |   1.02 (100.00%)   |       N/A        |    Not selected    |    for testing     |
|     A1_birds_Colius_striatus      |     1    |   0.45 (100.00%)   |       N/A        |        0.00        |       1.00000      |
|    A1_birds_Passer_domesticus     |     1    |   0.65 (100.00%)   |       N/A        |        0.00        |       1.00000      |
|    A1_birds_Stachyris_ruficeps    |     1    |   0.95 (100.00%)   |       N/A        |        0.00        |       1.00000      |
|   A1_birds_Mesitornis_unicolor    |     1    |   0.87 (100.00%)   |       N/A        |        0.00        |       1.00000      |
|              Node301              |     1    |   0.94 (100.00%)   |       N/A        |    Not selected    |    for testing     |
|     A1_birds_Calidris_pugnax      |     1    |   1.27 (100.00%)   |       N/A        |        0.32        |       0.36946      |
|A1_like_birds_Calonectris_boreal...|     1    |   0.91 (100.00%)   |       N/A        |    Not selected    |    for testing     |
|     A1_birds_Malurus_cyaneus      |     1    |   1.59 (100.00%)   |       N/A        |        1.21        |       0.21786      |
|              Node240              |     2    |   30.04 ( 6.25%)   |       N/A        |    Not selected    |    for testing     |
|       A1_birds_Galbula_dea        |     1    |   1.11 (100.00%)   |       N/A        |        0.07        |       0.44713      |
|A1_like_birds_Phalacrocorax_aris...|     1    |   1.45 (100.00%)   |       N/A        |    Not selected    |    for testing     |
|               Node9               |     2    |    1.50 (13.69%)   |       N/A        |    Not selected    |    for testing     |
|A1_Squamata_A1_Anolis_carolinens...|     1    |   0.62 (100.00%)   |       N/A        |    Not selected    |    for testing     |
|  A1_birds_Caprimulgus_europaeus   |     1    |   0.59 (100.00%)   |       N/A        |        0.00        |       1.00000      |
|A1_Squamata_Anolis_sagrei_132767...|     1    |   0.36 (100.00%)   |       N/A        |    Not selected    |    for testing     |
|              Node176              |     1    |   0.74 (100.00%)   |       N/A        |    Not selected    |    for testing     |
|     A1_birds_Cariama_cristata     |     2    |    9.29 (35.63%)   |         24       |       10.34        |       0.00197      |
|              Node284              |     1    |   1.02 (100.00%)   |       N/A        |    Not selected    |    for testing     |
|     A1_mammals_Manis_javanica     |     1    |   0.26 (100.00%)   |       N/A        |    Not selected    |    for testing     |
|  A1_mammals_Dromiciops_gliroides  |     1    |   0.60 (100.00%)   |       N/A        |    Not selected    |    for testing     |
|      A1_mammals_Equus_asinus      |     1    |   0.30 (100.00%)   |       N/A        |    Not selected    |    for testing     |
|  A1_mammals_Leopardus_geoffroyi   |     1    |   0.22 (100.00%)   |       N/A        |    Not selected    |    for testing     |
|   A1_birds_Ficedula_albicollis    |     1    |   0.85 (100.00%)   |       N/A        |        0.00        |       1.00000      |
|A1_mammals_Rhinolophus_ferrumequ...|     1    |   0.41 (100.00%)   |       N/A        |    Not selected    |    for testing     |
|      A1_birds_Falco_cherrug       |     1    |   0.85 (100.00%)   |       N/A        |        0.00        |       1.00000      |
|              Node66               |     1    |   0.42 (100.00%)   |       N/A        |    Not selected    |    for testing     |
|              Node58               |     1    |   0.27 (100.00%)   |       N/A        |    Not selected    |    for testing     |
|              Node77               |     1    |   1.22 (100.00%)   |       N/A        |        0.17        |       0.41135      |
|              Node283              |     1    |   0.49 (100.00%)   |       N/A        |    Not selected    |    for testing     |
|               Node2               |     2    |    2.91 (16.55%)   |       N/A        |    Not selected    |    for testing     |
|      A1_birds_Gavia_stellata      |     2    |    3.31 (22.00%)   |         15       |        2.37        |       0.11640      |
|   A1_birds_Podilymbus_podiceps    |     2    |    5.36 (29.11%)   |         13       |        5.20        |       0.02682      |
|A1_like_birds_Lonchura_striata_X...|     1    |   1.01 (100.00%)   |       N/A        |    Not selected    |    for testing     |
|    A1_birds_Fulmarus_glacialis    |     1    |   1.17 (100.00%)   |       N/A        |        0.12        |       0.42764      |
|   A1_birds_Opisthocomus_hoazin    |     1    |   1.06 (100.00%)   |       N/A        |        0.01        |       0.47941      |
|A1_Squamata_A1_Podarcis_muralis_...|     1    |   3.22 (100.00%)   |       N/A        |    Not selected    |    for testing     |
|    A1_birds_Manacus_vitellinus    |     1    |   0.50 (100.00%)   |       N/A        |        0.00        |       1.00000      |
|              Node263              |     1    |   0.12 (100.00%)   |       N/A        |    Not selected    |    for testing     |
|     A1_birds_Serinus_canaria      |     1    |   0.95 (100.00%)   |       N/A        |        0.00        |       1.00000      |
|              Node187              |     1    |   0.76 (100.00%)   |       N/A        |    Not selected    |    for testing     |
|    A1_mammals_Pteropus_medius     |     1    |   0.28 (100.00%)   |       N/A        |    Not selected    |    for testing     |
|              Node253              |     1    |   1.18 (100.00%)   |       N/A        |    Not selected    |    for testing     |
|   A1_birds_Rhynochetos_jubatus    |     2    |   >1000 ( 2.03%)   |          4       |        7.00        |       0.01069      |
|    A1_birds_Phaethon_lepturus     |     2    |   15.21 ( 4.67%)   |          3       |        4.33        |       0.04187      |
|              Node27               |     1    |   0.52 (100.00%)   |       N/A        |    Not selected    |    for testing     |
|A1_mammals_Ornithorhynchus_anati...|     1    |   0.42 (100.00%)   |       N/A        |    Not selected    |    for testing     |
|A1_Crocodylia_Gavialis_gangeticu...|     3    |  563.55 ( 4.58%)   |       N/A        |    Not selected    |    for testing     |
|              Node152              |     1    |   0.99 (100.00%)   |       N/A        |        0.00        |       1.00000      |
|   A1_birds_Charadrius_vociferus   |     1    |   0.91 (100.00%)   |       N/A        |        0.00        |       1.00000      |
|A1_Squamata_A1_Zootoca_vivipara_...|     1    |   1.10 (100.00%)   |       N/A        |    Not selected    |    for testing     |
|A1_birds_Melopsittacus_undulatus...|     1    |   1.08 (100.00%)   |       N/A        |        0.02        |       0.47419      |
|              Node18               |     1    |   0.40 (100.00%)   |       N/A        |    Not selected    |    for testing     |
|A1_mammals_Tachyglossus_aculeatu...|     1    |   1.48 (100.00%)   |       N/A        |    Not selected    |    for testing     |
|   A1_birds_Phoenicopterus_ruber   |     1    |   1.16 (100.00%)   |       N/A        |        0.09        |       0.44012      |
|              Node259              |     1    |   0.52 (100.00%)   |       N/A        |    Not selected    |    for testing     |
|A1_like_birds_Aptenodytes_patago...|     1    |   0.56 (100.00%)   |       N/A        |    Not selected    |    for testing     |
|     A1_birds_Anser_cygnoides      |     1    |   1.65 (100.00%)   |       N/A        |        0.55        |       0.31969      |
|    A1_birds_Pelecanus_crispus     |     2    |   21.16 (15.21%)   |         13       |       13.56        |       0.00039      |
|A1_like_birds_Zonotrichia_leucop...|     1    |   0.81 (100.00%)   |       N/A        |    Not selected    |    for testing     |
|  A1_birds_Zonotrichia_albicollis  |     1    |   1.04 (100.00%)   |       N/A        |        0.00        |       0.48933      |
|              Node254              |     2    |    8.21 (14.74%)   |       N/A        |    Not selected    |    for testing     |
|  A1_birds_Tauraco_erythrolophus   |     1    |   0.33 (100.00%)   |       N/A        |        0.00        |       1.00000      |
|A1_Testudines_Caretta_caretta_12...|     1    |   1.09 (100.00%)   |       N/A        |    Not selected    |    for testing     |
|   A1_mammals_Rattus_norvegicus    |     1    |   0.33 (100.00%)   |       N/A        |    Not selected    |    for testing     |
|A1_mammals_Trichosurus_vulpecula...|     1    |   0.23 (100.00%)   |       N/A        |    Not selected    |    for testing     |
|     A1_birds_Egretta_garzetta     |     1    |   0.37 (100.00%)   |       N/A        |        0.00        |       1.00000      |
|              Node252              |     1    |  10.69 (100.00%)   |       N/A        |    Not selected    |    for testing     |
|              Node73               |     1    |   1.93 (100.00%)   |       N/A        |        1.04        |       0.24019      |
|              Node118              |     1    |   0.48 (100.00%)   |       N/A        |        0.00        |       1.00000      |
|              Node266              |     1    |   1.22 (100.00%)   |       N/A        |    Not selected    |    for testing     |
|A1_Testudines_Malaclemys_terrapi...|     1    |   0.69 (100.00%)   |       N/A        |    Not selected    |    for testing     |
|A1_Testudines_Malaclemys_terrapi...|     2    |   10.81 ( 9.59%)   |       N/A        |    Not selected    |    for testing     |
|    A1_birds_Aquila_chrysaetos     |     1    |   0.84 (100.00%)   |       N/A        |        0.00        |       1.00000      |
|     A1_birds_Nestor_notabilis     |     1    |   0.60 (100.00%)   |       N/A        |        0.00        |       1.00000      |
|      A1_mammals_Mus_musculus      |     1    |   0.18 (100.00%)   |       N/A        |    Not selected    |    for testing     |
|              Node241              |     1    |   3.36 (100.00%)   |       N/A        |    Not selected    |    for testing     |
|A1_like_birds_Passer_domesticus_...|     1    |   0.76 (100.00%)   |       N/A        |    Not selected    |    for testing     |
|A1_Testudines_Dermochelys_coriac...|     1    |   0.93 (100.00%)   |       N/A        |    Not selected    |    for testing     |
|A1_like_birds_Manacus_candei_XM_...|     1    |   2.66 (100.00%)   |       N/A        |    Not selected    |    for testing     |
|               Node6               |     1    |   0.50 (100.00%)   |       N/A        |    Not selected    |    for testing     |
|              Node173              |     1    |   0.66 (100.00%)   |       N/A        |    Not selected    |    for testing     |
|              Node146              |     1    |   0.84 (100.00%)   |       N/A        |        0.00        |       1.00000      |
|A1_Testudines_Dermochelys_coriac...|     1    |   0.25 (100.00%)   |       N/A        |    Not selected    |    for testing     |
|              Node223              |     2    |   >1000 ( 0.99%)   |       N/A        |    Not selected    |    for testing     |
|              Node168              |     2    |  563.95 ( 2.80%)   |       N/A        |    Not selected    |    for testing     |
|A1_like_birds_Poecile_atricapill...|     1    |   0.34 (100.00%)   |       N/A        |    Not selected    |    for testing     |
|A1_Testudines_Dermochelys_coriac...|     1    |   0.40 (100.00%)   |       N/A        |    Not selected    |    for testing     |
|              Node80               |     1    |   0.52 (100.00%)   |       N/A        |        0.00        |       1.00000      |
|              Node144              |     1    |   0.55 (100.00%)   |       N/A        |        0.00        |       1.00000      |
|      A1_mammals_Homo_sapiens      |     1    |   0.33 (100.00%)   |       N/A        |    Not selected    |    for testing     |
|              Node230              |     2    |   49.53 ( 1.84%)   |       N/A        |    Not selected    |    for testing     |
|              Node96               |     1    |   2.19 (100.00%)   |       N/A        |        0.64        |       0.30262      |
|              Node75               |     1    |   1.23 (100.00%)   |       N/A        |        0.08        |       0.44299      |
|              Node169              |     1    |   0.61 (100.00%)   |       N/A        |    Not selected    |    for testing     |
|               Node7               |     1    |   0.12 (100.00%)   |       N/A        |    Not selected    |    for testing     |
|              Node33               |     1    |   1.00 (100.00%)   |       N/A        |    Not selected    |    for testing     |
|              Node210              |     1    |   0.55 (100.00%)   |       N/A        |    Not selected    |    for testing     |
|              Node78               |     1    |  >1000 (100.00%)   |       N/A        |        5.57        |       0.02221      |
|              Node164              |     2    |  105.64 (11.42%)   |       N/A        |    Not selected    |    for testing     |
|              Node14               |     1    |   0.59 (100.00%)   |       N/A        |    Not selected    |    for testing     |
|              Node256              |     1    |   1.49 (100.00%)   |       N/A        |    Not selected    |    for testing     |
|     A1_birds_Eurypyga_helias      |     1    |   2.01 (100.00%)   |       N/A        |        0.89        |       0.26150      |
|A1_Testudines_Dermochelys_coriac...|     1    |   0.68 (100.00%)   |       N/A        |    Not selected    |    for testing     |
|A1_like_birds_Parus_major_XM_015...|     1    |   1.71 (100.00%)   |       N/A        |    Not selected    |    for testing     |
|              Node268              |     1    |   0.34 (100.00%)   |       N/A        |    Not selected    |    for testing     |
|              Node68               |     1    |  >1000 (100.00%)   |       N/A        |    Not selected    |    for testing     |
|A1_mammals_Monodelphis_domestica...|     1    |   0.16 (100.00%)   |       N/A        |    Not selected    |    for testing     |
|              Node212              |     1    |   0.62 (100.00%)   |       N/A        |    Not selected    |    for testing     |
|A1_like_birds_Chiroxiphia_lanceo...|     1    |   0.92 (100.00%)   |       N/A        |    Not selected    |    for testing     |
|              Node139              |     1    |   1.44 (100.00%)   |       N/A        |        0.18        |       0.40823      |
|A1_Testudines_Chelonia_mydas_119...|     1    |   0.79 (100.00%)   |       N/A        |    Not selected    |    for testing     |
|    A1_birds_Erythrura_gouldiae    |     1    |   0.46 (100.00%)   |       N/A        |        0.00        |       1.00000      |
|  A1_mammals_Gracilinanus_agilis   |     1    |   0.36 (100.00%)   |       N/A        |    Not selected    |    for testing     |
|              Node233              |     1    |   0.42 (100.00%)   |       N/A        |    Not selected    |    for testing     |
|              Node209              |     1    |   1.65 (100.00%)   |       N/A        |    Not selected    |    for testing     |
|A1_like_birds_Cyanistes_caeruleu...|     1    |   1.57 (100.00%)   |       N/A        |    Not selected    |    for testing     |
|              Node244              |     1    |  >1000 (100.00%)   |       N/A        |    Not selected    |    for testing     |
|              Node255              |     1    |   0.28 (100.00%)   |       N/A        |    Not selected    |    for testing     |
|              Node125              |     1    |   1.77 (100.00%)   |       N/A        |        0.53        |       0.32322      |
|              Node51               |     1    |  >1000 (100.00%)   |       N/A        |    Not selected    |    for testing     |
|   A1_birds_Corythaeola_cristata   |     1    |   0.30 (100.00%)   |       N/A        |        0.00        |       1.00000      |
|              Node246              |     1    |   1.63 (100.00%)   |       N/A        |    Not selected    |    for testing     |
|              Node251              |     1    |  >1000 (100.00%)   |       N/A        |    Not selected    |    for testing     |
|              Node15               |     1    |   0.44 (100.00%)   |       N/A        |    Not selected    |    for testing     |
|              Node196              |     1    |   0.37 (100.00%)   |       N/A        |    Not selected    |    for testing     |
|              Node219              |     1    |   0.32 (100.00%)   |       N/A        |    Not selected    |    for testing     |
|              Node272              |     1    |   0.25 (100.00%)   |       N/A        |    Not selected    |    for testing     |
|A1_like_birds_Lepidothrix_corona...|     1    |   1.33 (100.00%)   |       N/A        |    Not selected    |    for testing     |
|   A1_birds_Taeniopygia_guttata    |     1    |   0.57 (100.00%)   |       N/A        |        0.00        |       1.00000      |
|    A1_mammals_Vombatus_ursinus    |     1    |   0.27 (100.00%)   |       N/A        |    Not selected    |    for testing     |
|   A1_birds_Aptenodytes_forsteri   |     1    |   0.80 (100.00%)   |       N/A        |        0.00        |       1.00000      |
|A1_like_birds_Melospiza_melodia_...|     1    |   2.41 (100.00%)   |       N/A        |    Not selected    |    for testing     |
|A1_mammals_Phascolarctos_cinereu...|     1    |   0.28 (100.00%)   |       N/A        |    Not selected    |    for testing     |
|              Node227              |     2    |   15.53 ( 3.49%)   |       N/A        |    Not selected    |    for testing     |
|              Node70               |     1    |  >1000 (100.00%)   |       N/A        |        1.26        |       0.21182      |
|              Node121              |     1    |   3.32 (100.00%)   |       N/A        |        1.37        |       0.19908      |
|              Node34               |     1    |   0.13 (100.00%)   |       N/A        |    Not selected    |    for testing     |
|              Node17               |     1    |   1.16 (100.00%)   |       N/A        |    Not selected    |    for testing     |
|              Node236              |     1    |   3.57 (100.00%)   |       N/A        |    Not selected    |    for testing     |
|A1_like_birds_Pseudopodoces_humi...|     2    |   42.42 ( 3.63%)   |       N/A        |    Not selected    |    for testing     |
|A1_like_birds_Agelaius_phoeniceu...|     1    |  >1000 (100.00%)   |       N/A        |    Not selected    |    for testing     |
|              Node86               |     1    |   2.70 (100.00%)   |       N/A        |        0.79        |       0.27747      |
|              Node46               |     1    |   0.50 (100.00%)   |       N/A        |    Not selected    |    for testing     |
|A1_Testudines_Gopherus_evgoodei_...|     1    |   0.72 (100.00%)   |       N/A        |    Not selected    |    for testing     |
|     A1_birds_Lonchura_striata     |     1    |   0.16 (100.00%)   |       N/A        |        0.00        |       1.00000      |
|     A1_mammals_Neogale_vison      |     2    |   10.70 ( 3.16%)   |       N/A        |    Not selected    |    for testing     |
|A1_Testudines_Mauremys_reevesii_...|     2    |   25.73 ( 1.57%)   |       N/A        |    Not selected    |    for testing     |
|A1_Testudines_Mauremys_reevesii_...|     1    |   0.83 (100.00%)   |       N/A        |    Not selected    |    for testing     |
|              Node90               |     1    |  >1000 (100.00%)   |       N/A        |        3.76        |       0.05628      |
|              Node93               |     1    |  >1000 (100.00%)   |       N/A        |        3.76        |       0.05628      |
|A1_Crocodylia_Alligator_mississi...|     1    |   0.52 (100.00%)   |       N/A        |    Not selected    |    for testing     |
|              Node142              |     1    |   0.42 (100.00%)   |       N/A        |        0.00        |       1.00000      |
|              Node291              |     1    |   3.54 (100.00%)   |       N/A        |    Not selected    |    for testing     |
|              Node85               |     1    |   2.07 (100.00%)   |       N/A        |        0.41        |       0.34872      |
|A1_like_birds_Pipra_filicauda_XM...|     2    |   21.15 ( 3.31%)   |       N/A        |    Not selected    |    for testing     |
|              Node11               |     1    |   1.23 (100.00%)   |       N/A        |    Not selected    |    for testing     |
|              Node308              |     1    |   1.62 (100.00%)   |       N/A        |    Not selected    |    for testing     |
|              Node82               |     1    |   0.37 (100.00%)   |       N/A        |        0.00        |       1.00000      |
|              Node79               |     1    |   0.77 (100.00%)   |       N/A        |        0.00        |       1.00000      |
|A1_like_birds_Molothrus_aeneus_X...|     1    |  >1000 (100.00%)   |       N/A        |    Not selected    |    for testing     |
|A1_mammals_Phacochoerus_africanu...|     1    |   2.47 (100.00%)   |       N/A        |    Not selected    |    for testing     |
|              Node202              |     1    |   0.85 (100.00%)   |       N/A        |    Not selected    |    for testing     |
|       A1_mammals_Bos_taurus       |     1    |   0.52 (100.00%)   |       N/A        |    Not selected    |    for testing     |
|              Node52               |     1    |   2.09 (100.00%)   |       N/A        |    Not selected    |    for testing     |
|    A1_mammals_Bubalus_bubalis     |     1    |   0.45 (100.00%)   |       N/A        |    Not selected    |    for testing     |
|              Node53               |     1    |   0.19 (100.00%)   |       N/A        |    Not selected    |    for testing     |
|              Node225              |     2    |   93.62 ( 1.66%)   |       N/A        |    Not selected    |    for testing     |
|A1_like_birds_Falco_biarmicus_XM...|     1    |   1.55 (100.00%)   |       N/A        |    Not selected    |    for testing     |
|              Node197              |     1    |   0.50 (100.00%)   |       N/A        |    Not selected    |    for testing     |
|              Node71               |     1    |  >1000 (100.00%)   |       N/A        |        3.15        |       0.07724      |
|              Node131              |     1    |   0.74 (100.00%)   |       N/A        |        0.00        |       1.00000      |
|              Node20               |     1    |   0.38 (100.00%)   |       N/A        |    Not selected    |    for testing     |
|    A1_birds_Anas_platyrhynchos    |     1    |   0.22 (100.00%)   |       N/A        |        0.00        |       1.00000      |
|              Node311              |     1    |   1.14 (100.00%)   |       N/A        |    Not selected    |    for testing     |
|A1_like_birds_Corapipo_altera_XM...|     1    |   0.36 (100.00%)   |       N/A        |    Not selected    |    for testing     |
|              Node218              |     1    |   0.64 (100.00%)   |       N/A        |    Not selected    |    for testing     |
|      A1_mammals_Meles_meles       |     1    |   0.00 (100.00%)   |       N/A        |    Not selected    |    for testing     |
|A1_Crocodylia_Crocodylus_porosus...|     1    |   0.40 (100.00%)   |       N/A        |    Not selected    |    for testing     |
|              Node226              |     1    |   0.97 (100.00%)   |       N/A        |    Not selected    |    for testing     |
|     A1_birds_Aythya_fuligula      |     1    |   0.16 (100.00%)   |       N/A        |        0.00        |       1.00000      |
|              Node138              |     1    |  >1000 (100.00%)   |       N/A        |        2.11        |       0.13359      |
|A1_Testudines_Trachemys_scripta_...|     1    |   1.43 (100.00%)   |       N/A        |    Not selected    |    for testing     |
|A1_like_birds_Falco_naumanni_XM_...|     1    |   1.01 (100.00%)   |       N/A        |    Not selected    |    for testing     |
|              Node300              |     1    |   0.18 (100.00%)   |       N/A        |    Not selected    |    for testing     |
|              Node113              |     1    |   1.01 (100.00%)   |       N/A        |       -0.00        |       0.50000      |
|              Node19               |     1    |   0.10 (100.00%)   |       N/A        |    Not selected    |    for testing     |
|              Node100              |     2    |   >1000 ( 1.56%)   |          2       |        9.32        |       0.00329      |
|A1_mammals_Trachypithecus_franco...|     1    |   0.00 (100.00%)   |       N/A        |    Not selected    |    for testing     |
|              Node298              |     1    |   0.97 (100.00%)   |       N/A        |    Not selected    |    for testing     |
|A1_like_birds_Pyrgilauda_ruficol...|     1    |   1.16 (100.00%)   |       N/A        |    Not selected    |    for testing     |
|              Node211              |     1    |  >1000 (100.00%)   |       N/A        |    Not selected    |    for testing     |
|              Node285              |     1    |  >1000 (100.00%)   |       N/A        |    Not selected    |    for testing     |
|              Node213              |     1    |   0.34 (100.00%)   |       N/A        |    Not selected    |    for testing     |
|              Node312              |     1    |  >1000 (100.00%)   |       N/A        |    Not selected    |    for testing     |
|              Node195              |     1    |   1.73 (100.00%)   |       N/A        |    Not selected    |    for testing     |
|              Node274              |     1    |   0.70 (100.00%)   |       N/A        |    Not selected    |    for testing     |
|A1_Testudines_Gopherus_flavomarg...|     1    |   1.06 (100.00%)   |       N/A        |    Not selected    |    for testing     |
|A1_mammals_Canis_lupus_familiari...|     1    |   0.40 (100.00%)   |       N/A        |    Not selected    |    for testing     |
|A1_mammals_Mustela_putorius_furo...|     1    |   0.13 (100.00%)   |       N/A        |    Not selected    |    for testing     |
|A1_Testudines_Caretta_caretta_12...|     1    |   1.20 (100.00%)   |       N/A        |    Not selected    |    for testing     |
|   A1_mammals_Lontra_canadensis    |     1    |   1.14 (100.00%)   |       N/A        |    Not selected    |    for testing     |
|              Node44               |     1    |   0.15 (100.00%)   |       N/A        |    Not selected    |    for testing     |
|              Node286              |     1    |  >1000 (100.00%)   |       N/A        |    Not selected    |    for testing     |
|       A1_mammals_Sus_scrofa       |     1    |  >1000 (100.00%)   |       N/A        |    Not selected    |    for testing     |
|A1_Testudines_Caretta_caretta_12...|     1    |   1.22 (100.00%)   |       N/A        |    Not selected    |    for testing     |
|              Node193              |     1    |   0.37 (100.00%)   |       N/A        |    Not selected    |    for testing     |
|              Node156              |     1    |  >1000 (100.00%)   |       N/A        |        0.39        |       0.35244      |
|              Node224              |     2    |  336.60 ( 0.52%)   |       N/A        |    Not selected    |    for testing     |
|A1_Testudines_Chelonia_mydas_102...|     1    |  >1000 (100.00%)   |       N/A        |    Not selected    |    for testing     |
|              Node290              |     1    |   0.44 (100.00%)   |       N/A        |    Not selected    |    for testing     |
|A1_Testudines_Malaclemys_terrapi...|     1    |  >1000 (100.00%)   |       N/A        |    Not selected    |    for testing     |
|A1_Testudines_Chrysemys_picta_be...|     1    |   0.16 (100.00%)   |       N/A        |    Not selected    |    for testing     |
|              Node30               |     1    |   4.30 (100.00%)   |       N/A        |    Not selected    |    for testing     |
|A1_Testudines_Malaclemys_terrapi...|     1    |   0.73 (100.00%)   |       N/A        |    Not selected    |    for testing     |
|      A1_mammals_Lutra_lutra       |     1    |   0.76 (100.00%)   |       N/A        |    Not selected    |    for testing     |
|              Node31               |     1    |  >1000 (100.00%)   |       N/A        |    Not selected    |    for testing     |
|  A1_mammals_Rhinopithecus_bieti   |     1    |  >1000 (100.00%)   |       N/A        |    Not selected    |    for testing     |
|              Node99               |     1    |  >1000 (100.00%)   |       N/A        |        1.48        |       0.18755      |
|              Node288              |     1    |  >1000 (100.00%)   |       N/A        |    Not selected    |    for testing     |
|A1_like_birds_Vidua_macroura_XM_...|     1    |   0.00 (100.00%)   |       N/A        |    Not selected    |    for testing     |
|              Node161              |     1    |   0.00 (100.00%)   |       N/A        |    Not selected    |    for testing     |
|A1_Testudines_Gopherus_flavomarg...|     1    |   4.08 (100.00%)   |       N/A        |    Not selected    |    for testing     |
|A1_Testudines_Malaclemys_terrapi...|     1    |   0.65 (100.00%)   |       N/A        |    Not selected    |    for testing     |
|              Node72               |     1    |  >1000 (100.00%)   |       N/A        |        1.20        |       0.21921      |
|              Node102              |     1    |   0.00 (100.00%)   |       N/A        |        0.00        |       1.00000      |
|A1_Testudines_Gopherus_evgoodei_...|     1    |   0.00 (100.00%)   |       N/A        |    Not selected    |    for testing     |
|              Node111              |     2    |   >1000 ( 0.79%)   |          1       |        9.40        |       0.00316      |
|              Node133              |     1    |  >1000 (100.00%)   |       N/A        |        1.07        |       0.23608      |
|A1_Testudines_Mauremys_reevesii_...|     1    |   0.36 (100.00%)   |       N/A        |    Not selected    |    for testing     |
|              Node129              |     1    |  >1000 (100.00%)   |       N/A        |        0.69        |       0.29322      |
|              Node106              |     1    |  >1000 (100.00%)   |       N/A        |        0.89        |       0.26098      |
|              Node137              |     1    |  >1000 (100.00%)   |       N/A        |        0.61        |       0.30898      |
|              Node117              |     1    |  >1000 (100.00%)   |       N/A        |        0.66        |       0.29818      |
|A1_Testudines_Mauremys_mutica_12...|     1    |  >1000 (100.00%)   |       N/A        |    Not selected    |    for testing     |
|              Node107              |     1    |  >1000 (100.00%)   |       N/A        |        0.65        |       0.30082      |
|              Node103              |     1    |  >1000 (100.00%)   |       N/A        |        0.58        |       0.31433      |
|A1_like_birds_Chroicocephalus_ri...|     1    |  >1000 (100.00%)   |       N/A        |    Not selected    |    for testing     |
|              Node302              |     1    |  >1000 (100.00%)   |       N/A        |    Not selected    |    for testing     |
|A1_Squamata_Candoia_aspera_13449...|     1    |  >1000 (100.00%)   |       N/A        |    Not selected    |    for testing     |
|              Node105              |     1    |  >1000 (100.00%)   |       N/A        |        0.66        |       0.29967      |
|A1_Squamata_A1_Eublepharis_macul...|     1    |  >1000 (100.00%)   |       N/A        |    Not selected    |    for testing     |
|A1_Crocodylia_Alligator_sinensis...|     1    |   0.00 (100.00%)   |       N/A        |    Not selected    |    for testing     |
|              Node104              |     1    |  >1000 (100.00%)   |       N/A        |        0.64        |       0.30325      |
|              Node277              |     1    |  >1000 (100.00%)   |       N/A        |    Not selected    |    for testing     |
|A1_Testudines_Trachemys_scripta_...|     1    |   0.00 (100.00%)   |       N/A        |    Not selected    |    for testing     |
|              Node23               |     1    |  >1000 (100.00%)   |       N/A        |    Not selected    |    for testing     |
|   A1_mammals_Camelus_bactrianus   |     1    |  >1000 (100.00%)   |       N/A        |    Not selected    |    for testing     |
|     A1_mammals_Vulpes_vulpes      |     1    |  >1000 (100.00%)   |       N/A        |    Not selected    |    for testing     |
|              Node198              |     1    |   0.00 (100.00%)   |       N/A        |    Not selected    |    for testing     |
|A1_Testudines_Chrysemys_picta_be...|     1    |   0.00 (100.00%)   |       N/A        |    Not selected    |    for testing     |
|A1_like_birds_Larus_michahellis_...|     1    |   0.91 (100.00%)   |       N/A        |    Not selected    |    for testing     |
|A1_Testudines_Mauremys_reevesii_...|     1    |   0.70 (100.00%)   |       N/A        |    Not selected    |    for testing     |
|A1_Testudines_Chelonia_mydas_119...|     1    |   0.10 (100.00%)   |       N/A        |    Not selected    |    for testing     |
|A1_like_birds_Rissa_tridactyla_X...|     1    |   6.97 (100.00%)   |       N/A        |    Not selected    |    for testing     |
|A1_Testudines_Mauremys_mutica_12...|     1    |   3.81 (100.00%)   |       N/A        |    Not selected    |    for testing     |
|A1_Squamata_Eublepharis_maculari...|     1    |   6.29 (100.00%)   |       N/A        |    Not selected    |    for testing     |
|A1_Squamata_Candoia_aspera_13449...|     1    |   0.91 (100.00%)   |       N/A        |    Not selected    |    for testing     |
|     A1_mammals_Camelus_ferus      |     1    |   1.00 (100.00%)   |       N/A        |    Not selected    |    for testing     |
|A1_like_birds_Vidua_chalybeata_X...|     1    |   0.09 (100.00%)   |       N/A        |    Not selected    |    for testing     |
----
### Adaptive branch site random effects likelihood test 
Likelihood ratio test for episodic diversifying positive selection at Holm-Bonferroni corrected _p =   0.0500_ found **2** branches under selection among **88** tested.

* Node145, p-value =  0.00081
* A1_birds_Pelecanus_crispus, p-value =  0.03365
