
Analysis Description
--------------------
aBSREL (Adaptive branch-site random effects likelihood) uses an adaptive
random effects branch-site model framework to test whether each branch
has evolved under positive selection, using a procedure which infers an
optimal number of rate categories per branch. v2.2 adds support for
multiple-hit models. v2.3 adds support for SRV. v2.5 adds support for
ancestral state reconstruction, identification of sites contributing to
selection signal, and some diagnostics. 

- __Requirements__: in-frame codon alignment and a phylogenetic tree

- __Citation__:  Less Is More: An Adaptive Branch-Site Random Effects Model for
Efficient Detection of Episodic Diversifying Selection (2015). Mol Biol
Evol 32 (5): 1342-1353. 

- __Written by__: Sergei L Kosakovsky Pond, Ben Murrell, Steven Weaver and Temple iGEM /
UCSD viral evolution group

- __Contact Information__: spond@temple.edu

- __Analysis Version__: 2.5

[Advanced option] Bag of little bootstrap alignment resampling rate (permissible range = [0.01,1], default value = 1): blb: 1

>code => Universal
/media/aswin/gene_loss/APOBEC1/selection/positive_selection/gene_tree_based/absrel/apobec1_selection_final.aln.treefile_A1_Squamata_as_fg.nwk
apobec1_selection_final.aln.treefile_A1_Squamata_as_fg.nwk

>Loaded a multiple sequence alignment with **159** sequences, **297** codons, and **1** partitions from `/media/aswin/gene_loss/APOBEC1/selection/positive_selection/gene_tree_based/absrel/apobec1_selection_final_nuc.msa`

>branches => fg

>multiple-hits => None

>srv => Yes
The number omega rate classes to include in the model (permissible range = [1,10], default value = 3, integer): 
>syn-rates => 3


### * Selected 25 branches for testing: `A1_Squamata_A1_Podarcis_muralis_Laterata_114588078, A1_Squamata_A1_Zootoca_vivipara_Laterata_118097952, Node170, A1_Squamata_A1_Sceloporus_undulatus_Iguania_121920910, A1_Squamata_A1_Sphaerodactylus_townsendi_Gekkota_125440208, Node173, Node169, A1_Squamata_Candoia_aspera_134492482_XM_063296653_1_exon_wise, A1_Squamata_Candoia_aspera_134492484_XM_063296654_1_exon_wise, Node178, A1_Squamata_Crotalus_tigris_120308764_XM_039345236_1_exon_wise, A1_Squamata_Thamnophis_elegans_116506417_XM_032214149_1_exon_wise, Node181, Node177, A1_Squamata_A1_Anolis_carolinensis_Iguania_103277744, A1_Squamata_Anolis_sagrei_132767975_XM_067464078_1_exon_wise, Node184, Node176, Node168, A1_Squamata_Tiliqua_scincoides_136639249_XM_066613269_1_exon_wise, A1_Squamata_A1_Eublepharis_macularius_Gekkota_129336583, A1_Squamata_Eublepharis_macularius_129336583_XM_054989761_1_exon_wise, Node189, Node187, Node167`


### Obtaining branch lengths and nucleotide substitution biases under the nucleotide GTR model

>kill-zero-lengths => Yes

### Deleted 3 zero-length internal branches: `Node101, Node112, Node130`
* Log(L) = -33420.17, AIC-c = 67487.83 (323 estimated parameters)
* 1 partition. Total tree length by partition (subs/site) 13.138

### Fitting the baseline model with a single dN/dS class per branch, and no site-to-site variation. 
* Log(L) = -31897.64, AIC-c = 65099.06 (643 estimated parameters)
* The following rate distribution for site-to-site **synonymous** rate variation was inferred

|               Rate                | Proportion, % |               Notes               |
|-----------------------------------|---------------|-----------------------------------|
|               0.327               |    19.158     |                                   |
|               0.763               |    39.338     |                                   |
|               1.535               |    41.503     |                                   |

* Branch-level non-synonymous/synonymous rate ratio distribution has median  0.68, and 95% of the weight in  0.13 -  3.10

### Determining the optimal number of rate classes per branch using a step up procedure

|              Branch               |  Length  |  Rates   |     Max. dN/dS     |    Log(L)     |     AIC-c     |Best AIC-c so far|
|-----------------------------------|----------|----------|--------------------|---------------|---------------|-----------------|
|              Node62               |   0.70   |    2     |    1.00 (18.98%)   |   -31893.60   |   65095.09    |    65095.09     |
|              Node62               |   0.70   |    3     |   56.11 ( 7.57%)   |   -31892.90   |   65097.81    |    65095.09     |
|              Node167              |   0.56   |    2     |    0.44 (37.34%)   |   -31890.51   |   65093.02    |    65093.02     |
|              Node167              |   0.56   |    3     |    0.45 ( 0.75%)   |   -31890.51   |   65097.13    |    65093.02     |
|              Node249              |   0.55   |    2     |    6.54 (17.75%)   |   -31885.50   |   65087.12    |    65087.12     |
|              Node249              |   0.55   |    3     |    6.62 (17.68%)   |   -31885.50   |   65091.23    |    65087.12     |
|A1_Squamata_A1_Sphaerodactylus_t...|   0.39   |    2     |   49.91 ( 8.19%)   |   -31880.09   |   65080.41    |    65080.41     |
|A1_Squamata_A1_Sphaerodactylus_t...|   0.39   |    3     |   59.81 ( 6.41%)   |   -31879.35   |   65083.04    |    65080.41     |
|              Node189              |   0.37   |    2     |    2.88 (18.49%)   |   -31878.79   |   65081.92    |    65080.41     |
|              Node160              |   0.32   |    2     |    6.44 ( 2.89%)   |   -31879.56   |   65083.46    |    65080.41     |
|              Node184              |   0.25   |    2     |   13.77 (12.92%)   |   -31875.75   |   65075.84    |    65075.84     |
|              Node184              |   0.25   |    3     |   13.62 (13.04%)   |   -31875.75   |   65079.96    |    65075.84     |
|              Node69               |   0.25   |    2     |    1.94 (23.46%)   |   -31870.82   |   65070.09    |    65070.09     |
|              Node69               |   0.25   |    3     |    2.35 (15.27%)   |   -31870.82   |   65074.22    |    65070.09     |
|              Node192              |   0.25   |    2     |    1.00 (56.55%)   |   -31870.10   |   65072.77    |    65070.09     |
|              Node177              |   0.23   |    2     |   39.24 ( 8.20%)   |   -31862.13   |   65056.83    |    65056.83     |
|              Node177              |   0.23   |    3     |   39.34 ( 8.20%)   |   -31862.13   |   65060.95    |    65056.83     |
|A1_Squamata_A1_Sceloporus_undula...|   0.23   |    2     |   10.73 ( 5.78%)   |   -31857.14   |   65050.95    |    65050.95     |
|A1_Squamata_A1_Sceloporus_undula...|   0.23   |    3     |   12.97 ( 4.94%)   |   -31857.09   |   65054.98    |    65050.95     |
|A1_Squamata_Tiliqua_scincoides_1...|   0.23   |    2     |    2.09 (23.44%)   |   -31854.86   |   65050.52    |    65050.52     |
|A1_Squamata_Tiliqua_scincoides_1...|   0.23   |    3     |   82.63 ( 2.11%)   |   -31854.42   |   65053.74    |    65050.52     |
|              Node61               |   0.22   |    2     |    0.85 ( 5.87%)   |   -31854.61   |   65054.12    |    65050.52     |
|              Node170              |   0.19   |    2     |    6.72 ( 6.32%)   |   -31853.13   |   65051.16    |    65050.52     |
|              Node207              |   0.18   |    2     |  168.95 ( 3.23%)   |   -31852.32   |   65049.56    |    65049.56     |
|              Node207              |   0.18   |    3     |  202.95 ( 3.19%)   |   -31852.33   |   65053.68    |    65049.56     |
|              Node65               |   0.18   |    2     |   36.95 (48.31%)   |   -31850.11   |   65049.24    |    65049.24     |
|              Node65               |   0.18   |    3     |   44.07 (49.17%)   |   -31850.11   |   65053.35    |    65049.24     |
|              Node250              |   0.18   |    2     |    2.74 (25.96%)   |   -31848.77   |   65050.69    |    65049.24     |
|A1_like_birds_Chamaea_fasciata_X...|   0.18   |    2     |    2.31 (85.66%)   |   -31850.10   |   65053.33    |    65049.24     |
|A1_mammals_Oryctolagus_cuniculus...|   0.16   |    2     |    0.76 (49.54%)   |   -31849.95   |   65053.05    |    65049.24     |
|              Node50               |   0.15   |    2     |    1.40 (19.24%)   |   -31848.24   |   65049.63    |    65049.24     |
|              Node273              |   0.15   |    2     |    4.68 (43.12%)   |   -31846.38   |   65045.90    |    65045.90     |
|              Node273              |   0.15   |    3     |    4.70 (43.03%)   |   -31846.38   |   65050.01    |    65045.90     |
|    A1_birds_Atlantisia_rogersi    |   0.15   |    2     |    2.92 (17.17%)   |   -31843.22   |   65043.70    |    65043.70     |
|    A1_birds_Atlantisia_rogersi    |   0.15   |    3     |    3.01 (14.99%)   |   -31843.24   |   65047.85    |    65043.70     |
|              Node307              |   0.13   |    2     |   >1000 ( 1.90%)   |   -31840.49   |   65042.35    |    65042.35     |
|              Node307              |   0.13   |    3     |  892.32 ( 1.92%)   |   -31840.50   |   65046.49    |    65042.35     |
|A1_Squamata_Thamnophis_elegans_1...|   0.13   |    2     |   51.80 ( 6.72%)   |   -31831.25   |   65027.99    |    65027.99     |
|A1_Squamata_Thamnophis_elegans_1...|   0.13   |    3     |  284.67 ( 5.36%)   |   -31831.22   |   65032.05    |    65027.99     |
|A1_like_birds_Patagioenas_fascia...|   0.13   |    2     |    5.90 (14.22%)   |   -31828.00   |   65025.60    |    65025.60     |
|A1_like_birds_Patagioenas_fascia...|   0.13   |    3     |    6.37 (12.70%)   |   -31828.01   |   65029.75    |    65025.60     |
|              Node280              |   0.13   |    2     |   10.12 ( 2.93%)   |   -31827.83   |   65029.39    |    65025.60     |
|               Node5               |   0.12   |    2     |   13.09 ( 6.83%)   |   -31822.06   |   65017.84    |    65017.84     |
|               Node5               |   0.12   |    3     |   13.75 ( 6.58%)   |   -31822.08   |   65021.99    |    65017.84     |
|              Node208              |   0.12   |    2     |    0.42 (31.06%)   |   -31822.03   |   65021.90    |    65017.84     |
|              Node178              |   0.12   |    2     |   13.98 ( 7.69%)   |   -31820.05   |   65017.95    |    65017.84     |
|              Node145              |   0.12   |    2     |   >1000 ( 5.56%)   |   -31809.48   |   64996.80    |    64996.80     |
|              Node145              |   0.12   |    3     |   >1000 ( 5.56%)   |   -31809.48   |   65000.93    |    64996.80     |
|     A1_birds_Alectura_lathami     |   0.12   |    2     |    1.18 (75.97%)   |   -31809.32   |   65000.61    |    64996.80     |
|  A1_mammals_Mesocricetus_auratus  |   0.12   |    2     |   17.27 ( 2.62%)   |   -31803.02   |   64987.99    |    64987.99     |
|  A1_mammals_Mesocricetus_auratus  |   0.12   |    3     |   17.37 ( 2.61%)   |   -31803.02   |   64992.11    |    64987.99     |
|A1_Squamata_Crotalus_tigris_1203...|   0.12   |    2     |    0.99 ( 1.18%)   |   -31802.99   |   64992.05    |    64987.99     |
|A1_like_birds_Pelecanus_crispus_...|   0.11   |    2     |    9.60 (19.04%)   |   -31796.93   |   64979.93    |    64979.93     |
|A1_like_birds_Pelecanus_crispus_...|   0.11   |    3     |    9.43 (19.14%)   |   -31796.92   |   64984.04    |    64979.93     |
|A1_like_birds_Strix_uralensis_XM...|   0.11   |    2     |    2.46 (48.41%)   |   -31796.83   |   64983.86    |    64979.93     |
|A1_like_birds_Catharus_ustulatus...|   0.11   |    2     |    7.00 ( 3.76%)   |   -31796.70   |   64983.59    |    64979.93     |
|              Node67               |   0.11   |    2     |  323.57 ( 1.91%)   |   -31796.25   |   64982.70    |    64979.93     |
|       A1_birds_Calypte_anna       |   0.11   |    2     |    1.67 ( 0.00%)   |   -31796.93   |   64984.05    |    64979.93     |
|              Node294              |   0.11   |    2     |    1.14 (75.77%)   |   -31796.81   |   64983.82    |    64979.93     |
|              Node41               |   0.10   |    2     |    0.34 (31.88%)   |   -31796.93   |   64984.05    |    64979.93     |
|      A1_birds_Columba_livia       |   0.10   |    2     |    1.17 (29.40%)   |   -31796.93   |   64984.05    |    64979.93     |
|              Node49               |   0.10   |    2     |   0.16 (100.00%)   |   -31796.93   |   64984.05    |    64979.93     |
|A1_like_birds_Serinus_canaria_XM...|   0.10   |    2     |    0.91 (50.32%)   |   -31796.62   |   64983.44    |    64979.93     |
|    A1_birds_Chaetura_pelagica     |   0.10   |    2     |    8.67 ( 9.69%)   |   -31791.72   |   64973.63    |    64973.63     |
|    A1_birds_Chaetura_pelagica     |   0.10   |    3     |   22.60 ( 4.29%)   |   -31791.51   |   64977.34    |    64973.63     |
|      A1_birds_Merops_nubicus      |   0.10   |    2     |    0.84 (75.11%)   |   -31791.72   |   64977.75    |    64973.63     |
|A1_like_birds_Ficedula_albicolli...|   0.09   |    2     |    2.74 (36.37%)   |   -31790.32   |   64974.96    |    64973.63     |
|              Node35               |   0.09   |    2     |   12.58 ( 1.93%)   |   -31789.98   |   64974.27    |    64973.63     |
|   A1_birds_Acanthisitta_chloris   |   0.09   |    2     |   94.85 ( 0.83%)   |   -31791.01   |   64976.34    |    64973.63     |
|   A1_birds_Apaloderma_vittatum    |   0.09   |    2     |    0.75 (49.07%)   |   -31791.70   |   64977.71    |    64973.63     |
|              Node38               |   0.09   |    2     |    0.58 (99.93%)   |   -31791.72   |   64977.75    |    64973.63     |
|   A1_birds_Corvus_moneduloides    |   0.09   |    2     |    2.56 (56.47%)   |   -31791.21   |   64976.73    |    64973.63     |
|              Node181              |   0.09   |    2     |    0.66 (78.43%)   |   -31791.68   |   64977.67    |    64973.63     |
|A1_like_birds_Nyctibius_grandis_...|   0.08   |    2     |    1.04 (36.14%)   |   -31791.72   |   64977.75    |    64973.63     |
|     A1_birds_Colius_striatus      |   0.08   |    2     |    7.45 ( 2.55%)   |   -31790.80   |   64975.91    |    64973.63     |
|    A1_birds_Passer_domesticus     |   0.08   |    2     |    0.65 (77.04%)   |   -31791.72   |   64977.75    |    64973.63     |
|    A1_birds_Stachyris_ruficeps    |   0.08   |    2     |    2.11 (48.24%)   |   -31790.85   |   64976.02    |    64973.63     |
|   A1_birds_Mesitornis_unicolor    |   0.08   |    2     |    9.37 ( 1.44%)   |   -31791.35   |   64977.02    |    64973.63     |
|              Node301              |   0.08   |    2     |   0.93 (100.00%)   |   -31791.71   |   64977.73    |    64973.63     |
|     A1_birds_Calidris_pugnax      |   0.08   |    2     |    2.92 (38.74%)   |   -31791.31   |   64976.94    |    64973.63     |
|A1_like_birds_Calonectris_boreal...|   0.08   |    2     |    1.15 ( 1.60%)   |   -31791.72   |   64977.75    |    64973.63     |
|     A1_birds_Malurus_cyaneus      |   0.08   |    2     |    3.73 (48.02%)   |   -31790.95   |   64976.21    |    64973.63     |
|              Node240              |   0.08   |    2     |   25.00 ( 7.96%)   |   -31786.99   |   64968.29    |    64968.29     |
|              Node240              |   0.08   |    3     |   24.92 ( 7.96%)   |   -31786.99   |   64972.41    |    64968.29     |
|       A1_birds_Galbula_dea        |   0.08   |    2     |    1.41 (36.34%)   |   -31786.98   |   64972.40    |    64968.29     |
|A1_like_birds_Phalacrocorax_aris...|   0.07   |    2     |   64.08 ( 1.62%)   |   -31785.71   |   64969.86    |    64968.29     |
|               Node9               |   0.07   |    2     |    1.42 (14.30%)   |   -31784.86   |   64968.15    |    64968.15     |
|               Node9               |   0.07   |    3     |    1.42 (14.32%)   |   -31784.86   |   64972.27    |    64968.15     |
|A1_Squamata_A1_Anolis_carolinens...|   0.07   |    2     |   13.43 ( 2.07%)   |   -31783.86   |   64970.28    |    64968.15     |
|  A1_birds_Caprimulgus_europaeus   |   0.07   |    2     |    8.49 ( 2.24%)   |   -31784.26   |   64971.07    |    64968.15     |
|A1_Squamata_Anolis_sagrei_132767...|   0.07   |    2     |    0.36 (23.41%)   |   -31784.86   |   64972.27    |    64968.15     |
|     A1_birds_Cariama_cristata     |   0.07   |    2     |    8.63 (37.25%)   |   -31782.56   |   64967.68    |    64967.68     |
|     A1_birds_Cariama_cristata     |   0.07   |    3     |    8.81 (37.09%)   |   -31782.57   |   64971.80    |    64967.68     |
|              Node284              |   0.07   |    2     |    3.29 (36.28%)   |   -31782.08   |   64970.84    |    64967.68     |
|              Node176              |   0.07   |    2     |   32.62 ( 4.48%)   |   -31781.05   |   64968.77    |    64967.68     |
|     A1_mammals_Manis_javanica     |   0.07   |    2     |    0.26 (24.41%)   |   -31782.56   |   64971.80    |    64967.68     |
|  A1_mammals_Dromiciops_gliroides  |   0.06   |    2     |    0.68 ( 0.00%)   |   -31782.56   |   64971.80    |    64967.68     |
|      A1_mammals_Equus_asinus      |   0.06   |    2     |    0.30 (53.74%)   |   -31782.56   |   64971.80    |    64967.68     |
|  A1_mammals_Leopardus_geoffroyi   |   0.06   |    2     |    0.22 (26.15%)   |   -31782.56   |   64971.80    |    64967.68     |
|   A1_birds_Ficedula_albicollis    |   0.06   |    2     |    0.89 ( 0.00%)   |   -31782.56   |   64971.80    |    64967.68     |
|A1_mammals_Rhinolophus_ferrumequ...|   0.06   |    2     |    2.12 (23.82%)   |   -31780.51   |   64967.69    |    64967.68     |
|      A1_birds_Falco_cherrug       |   0.06   |    2     |    1.15 ( 7.19%)   |   -31782.56   |   64971.80    |    64967.68     |
|              Node66               |   0.06   |    2     |   50.96 ( 1.95%)   |   -31782.40   |   64971.48    |    64967.68     |
|              Node58               |   0.06   |    2     |    1.90 ( 3.65%)   |   -31782.52   |   64971.72    |    64967.68     |
|              Node77               |   0.06   |    2     |   1.20 (100.00%)   |   -31782.56   |   64971.80    |    64967.68     |
|              Node283              |   0.06   |    2     |    3.78 (20.85%)   |   -31782.38   |   64971.44    |    64967.68     |
|               Node2               |   0.06   |    2     |    2.83 (16.71%)   |   -31780.06   |   64966.79    |    64966.79     |
|               Node2               |   0.06   |    3     |    5.99 ( 4.60%)   |   -31780.09   |   64970.97    |    64966.79     |
|      A1_birds_Gavia_stellata      |   0.06   |    2     |    3.29 (21.88%)   |   -31777.49   |   64965.78    |    64965.78     |
|      A1_birds_Gavia_stellata      |   0.06   |    3     |    3.31 (21.77%)   |   -31777.49   |   64969.90    |    64965.78     |
|   A1_birds_Podilymbus_podiceps    |   0.06   |    2     |    5.37 (28.83%)   |   -31775.12   |   64965.15    |    64965.15     |
|   A1_birds_Podilymbus_podiceps    |   0.06   |    3     |    6.08 (23.23%)   |   -31775.14   |   64969.31    |    64965.15     |
|              Node187              |   0.06   |    2     |    0.81 (24.27%)   |   -31775.12   |   64969.27    |    64965.15     |
|A1_like_birds_Lonchura_striata_X...|   0.06   |    2     |    1.05 (10.81%)   |   -31775.12   |   64969.27    |    64965.15     |
|    A1_birds_Fulmarus_glacialis    |   0.05   |    2     |    1.60 (22.94%)   |   -31775.12   |   64969.28    |    64965.15     |
|   A1_birds_Opisthocomus_hoazin    |   0.05   |    2     |    2.33 (19.54%)   |   -31775.08   |   64969.19    |    64965.15     |
|A1_Squamata_A1_Podarcis_muralis_...|   0.05   |    2     |    3.82 (80.13%)   |   -31775.11   |   64969.25    |    64965.15     |
|    A1_birds_Manacus_vitellinus    |   0.05   |    2     |    1.31 (39.41%)   |   -31774.76   |   64968.55    |    64965.15     |
|              Node263              |   0.05   |    2     |    3.14 ( 6.01%)   |   -31774.98   |   64968.99    |    64965.15     |
|     A1_birds_Serinus_canaria      |   0.05   |    2     |    0.93 (92.70%)   |   -31775.12   |   64969.27    |    64965.15     |
|    A1_mammals_Pteropus_medius     |   0.05   |    2     |    0.28 (78.85%)   |   -31775.12   |   64969.27    |    64965.15     |
|              Node253              |   0.05   |    2     |    1.70 (54.83%)   |   -31775.11   |   64969.26    |    64965.15     |
|   A1_birds_Rhynochetos_jubatus    |   0.05   |    2     |   >1000 ( 2.02%)   |   -31771.78   |   64962.60    |    64962.60     |
|   A1_birds_Rhynochetos_jubatus    |   0.05   |    3     |   >1000 ( 2.01%)   |   -31771.79   |   64966.73    |    64962.60     |
|    A1_birds_Phaethon_lepturus     |   0.05   |    2     |   15.26 ( 4.60%)   |   -31768.34   |   64959.84    |    64959.84     |
|    A1_birds_Phaethon_lepturus     |   0.05   |    3     |   15.22 ( 4.56%)   |   -31768.34   |   64963.96    |    64959.84     |
|              Node27               |   0.05   |    2     |    0.52 (82.91%)   |   -31768.34   |   64963.96    |    64959.84     |
|A1_mammals_Ornithorhynchus_anati...|   0.05   |    2     |    3.60 (16.27%)   |   -31767.29   |   64961.86    |    64959.84     |
|A1_Crocodylia_Gavialis_gangeticu...|   0.05   |    2     |  113.39 ( 6.94%)   |   -31745.07   |   64917.42    |    64917.42     |
|A1_Crocodylia_Gavialis_gangeticu...|   0.05   |    3     |  550.00 ( 4.58%)   |   -31742.79   |   64916.98    |    64916.98     |
|A1_Crocodylia_Gavialis_gangeticu...|   0.05   |    4     |  574.03 ( 4.51%)   |   -31742.79   |   64921.10    |    64916.98     |
|              Node152              |   0.05   |    2     |    3.10 (34.24%)   |   -31742.05   |   64919.62    |    64916.98     |
|   A1_birds_Charadrius_vociferus   |   0.05   |    2     |   11.06 ( 4.54%)   |   -31741.60   |   64918.71    |    64916.98     |
|A1_Squamata_A1_Zootoca_vivipara_...|   0.05   |    2     |    2.23 (52.52%)   |   -31742.62   |   64920.77    |    64916.98     |
|A1_birds_Melopsittacus_undulatus...|   0.05   |    2     |    4.21 (27.96%)   |   -31741.59   |   64918.70    |    64916.98     |
|              Node18               |   0.05   |    2     |    0.39 (90.02%)   |   -31742.79   |   64921.10    |    64916.98     |
|A1_mammals_Tachyglossus_aculeatu...|   0.05   |    2     |    5.90 (28.48%)   |   -31741.28   |   64918.08    |    64916.98     |
|   A1_birds_Phoenicopterus_ruber   |   0.05   |    2     |   1.14 (100.00%)   |   -31742.79   |   64921.10    |    64916.98     |
|              Node259              |   0.05   |    2     |    0.52 (27.62%)   |   -31742.79   |   64921.10    |    64916.98     |
|A1_like_birds_Aptenodytes_patago...|   0.05   |    2     |    0.56 (49.79%)   |   -31742.79   |   64921.10    |    64916.98     |
|     A1_birds_Anser_cygnoides      |   0.04   |    2     |    6.67 (31.84%)   |   -31742.06   |   64919.64    |    64916.98     |
|    A1_birds_Pelecanus_crispus     |   0.04   |    2     |   20.50 (15.43%)   |   -31737.24   |   64910.01    |    64910.01     |
|    A1_birds_Pelecanus_crispus     |   0.04   |    3     |   20.58 (15.39%)   |   -31737.24   |   64914.13    |    64910.01     |
|A1_like_birds_Zonotrichia_leucop...|   0.04   |    2     |   39.73 ( 1.75%)   |   -31735.96   |   64911.57    |    64910.01     |
|  A1_birds_Zonotrichia_albicollis  |   0.04   |    2     |    6.09 (23.17%)   |   -31735.70   |   64911.05    |    64910.01     |
|              Node254              |   0.04   |    2     |    9.85 (10.97%)   |   -31734.83   |   64909.30    |    64909.30     |
|              Node254              |   0.04   |    3     |   12.16 ( 7.97%)   |   -31734.84   |   64913.45    |    64909.30     |
|  A1_birds_Tauraco_erythrolophus   |   0.04   |    2     |    0.32 (46.59%)   |   -31734.83   |   64913.43    |    64909.30     |
|A1_Testudines_Caretta_caretta_12...|   0.04   |    2     |    2.27 (45.96%)   |   -31734.74   |   64913.26    |    64909.30     |
|   A1_mammals_Rattus_norvegicus    |   0.04   |    2     |    0.33 (47.71%)   |   -31734.83   |   64913.43    |    64909.30     |
|A1_mammals_Trichosurus_vulpecula...|   0.04   |    2     |    0.25 (50.23%)   |   -31734.83   |   64913.43    |    64909.30     |
|     A1_birds_Egretta_garzetta     |   0.04   |    2     |    0.37 (85.49%)   |   -31734.83   |   64913.43    |    64909.30     |
|              Node252              |   0.04   |    2     |   47.39 (25.32%)   |   -31734.44   |   64912.65    |    64909.30     |
|              Node73               |   0.04   |    2     |    7.50 (27.66%)   |   -31734.15   |   64912.08    |    64909.30     |
|              Node118              |   0.04   |    2     |    0.48 (49.66%)   |   -31734.83   |   64913.43    |    64909.30     |
|              Node266              |   0.04   |    2     |    1.18 (97.67%)   |   -31734.83   |   64913.43    |    64909.30     |
|A1_Testudines_Malaclemys_terrapi...|   0.04   |    2     |    0.67 (30.24%)   |   -31734.83   |   64913.42    |    64909.30     |
|    A1_birds_Aquila_chrysaetos     |   0.04   |    2     |    0.96 ( 0.00%)   |   -31734.83   |   64913.43    |    64909.30     |
|A1_Testudines_Malaclemys_terrapi...|   0.04   |    2     |   10.12 ( 9.76%)   |   -31729.96   |   64903.68    |    64903.68     |
|A1_Testudines_Malaclemys_terrapi...|   0.04   |    3     |   10.15 ( 9.74%)   |   -31729.96   |   64907.81    |    64903.68     |
|     A1_birds_Nestor_notabilis     |   0.04   |    2     |    0.59 (94.45%)   |   -31729.96   |   64907.81    |    64903.68     |
|      A1_mammals_Mus_musculus      |   0.04   |    2     |   0.18 (100.00%)   |   -31729.96   |   64907.81    |    64903.68     |
|              Node241              |   0.04   |    2     |    9.78 (30.56%)   |   -31729.77   |   64907.44    |    64903.68     |
|A1_like_birds_Passer_domesticus_...|   0.03   |    2     |    0.75 (51.99%)   |   -31729.96   |   64907.81    |    64903.68     |
|A1_Testudines_Dermochelys_coriac...|   0.03   |    2     |    3.91 (27.75%)   |   -31729.65   |   64907.20    |    64903.68     |
|A1_like_birds_Manacus_candei_XM_...|   0.03   |    2     |   2.62 (100.00%)   |   -31729.96   |   64907.81    |    64903.68     |
|               Node6               |   0.03   |    2     |    1.00 (48.53%)   |   -31729.90   |   64907.70    |    64903.68     |
|              Node173              |   0.03   |    2     |  106.96 ( 1.76%)   |   -31729.46   |   64906.81    |    64903.68     |
|              Node146              |   0.03   |    2     |    3.13 (27.51%)   |   -31729.19   |   64906.27    |    64903.68     |
|A1_Testudines_Dermochelys_coriac...|   0.03   |    2     |    0.25 ( 9.37%)   |   -31729.96   |   64907.81    |    64903.68     |
|              Node223              |   0.03   |    2     |   >1000 ( 0.98%)   |   -31723.89   |   64895.68    |    64895.68     |
|              Node223              |   0.03   |    3     |   >1000 ( 0.98%)   |   -31723.90   |   64899.81    |    64895.68     |
|A1_like_birds_Poecile_atricapill...|   0.03   |    2     |    3.41 (10.36%)   |   -31722.39   |   64896.80    |    64895.68     |
|A1_Testudines_Dermochelys_coriac...|   0.03   |    2     |   0.40 (100.00%)   |   -31723.89   |   64899.80    |    64895.68     |
|              Node80               |   0.03   |    2     |    0.51 (84.64%)   |   -31723.89   |   64899.80    |    64895.68     |
|              Node144              |   0.03   |    2     |    0.54 (51.73%)   |   -31723.87   |   64899.76    |    64895.68     |
|      A1_mammals_Homo_sapiens      |   0.03   |    2     |    0.72 (23.98%)   |   -31723.89   |   64899.79    |    64895.68     |
|              Node230              |   0.03   |    2     |   42.47 ( 2.05%)   |   -31721.46   |   64894.93    |    64894.93     |
|              Node230              |   0.03   |    3     |   46.04 ( 1.95%)   |   -31721.46   |   64899.06    |    64894.93     |
|              Node96               |   0.03   |    2     |   14.29 (16.56%)   |   -31720.05   |   64896.24    |    64894.93     |
|              Node75               |   0.03   |    2     |    1.22 (99.91%)   |   -31721.46   |   64899.05    |    64894.93     |
|              Node169              |   0.03   |    2     |    0.57 ( 0.00%)   |   -31721.44   |   64899.01    |    64894.93     |
|               Node7               |   0.03   |    2     |    0.13 (57.19%)   |   -31721.45   |   64899.05    |    64894.93     |
|              Node33               |   0.03   |    2     |    8.13 (13.36%)   |   -31719.64   |   64895.43    |    64894.93     |
|              Node210              |   0.02   |    2     |    0.54 (78.14%)   |   -31721.41   |   64898.96    |    64894.93     |
|              Node78               |   0.02   |    2     |    0.32 (27.66%)   |   -31741.89   |   64939.92    |    64894.93     |
|              Node164              |   0.02   |    2     |  144.51 (10.76%)   |   -31717.13   |   64890.40    |    64890.40     |
|              Node164              |   0.02   |    3     |  158.14 (10.74%)   |   -31717.14   |   64894.54    |    64890.40     |
|              Node14               |   0.02   |    2     |    0.59 (79.26%)   |   -31717.10   |   64894.47    |    64890.40     |
|              Node168              |   0.02   |    2     |   1.00 (100.00%)   |   -31717.13   |   64894.52    |    64890.40     |
|              Node256              |   0.02   |    2     |   1.46 (100.00%)   |   -31717.13   |   64894.52    |    64890.40     |
|     A1_birds_Eurypyga_helias      |   0.02   |    2     |   2.00 (100.00%)   |   -31717.13   |   64894.52    |    64890.40     |
|A1_Testudines_Dermochelys_coriac...|   0.02   |    2     |    4.30 (18.16%)   |   -31716.68   |   64893.62    |    64890.40     |
|A1_like_birds_Parus_major_XM_015...|   0.02   |    2     |   75.97 ( 1.24%)   |   -31715.92   |   64892.10    |    64890.40     |
|              Node268              |   0.02   |    2     |    3.25 (12.54%)   |   -31716.88   |   64894.02    |    64890.40     |
|              Node68               |   0.02   |    2     |   >1000 (16.47%)   |   -31716.94   |   64894.15    |    64890.40     |
|A1_mammals_Monodelphis_domestica...|   0.02   |    2     |    0.16 (99.93%)   |   -31717.13   |   64894.52    |    64890.40     |
|              Node212              |   0.02   |    2     |    0.62 (11.58%)   |   -31717.13   |   64894.52    |    64890.40     |
|A1_like_birds_Chiroxiphia_lanceo...|   0.02   |    2     |    0.90 (98.46%)   |   -31717.13   |   64894.52    |    64890.40     |
|              Node139              |   0.02   |    2     |    7.22 (22.78%)   |   -31716.97   |   64894.21    |    64890.40     |
|A1_Testudines_Chelonia_mydas_119...|   0.02   |    2     |    0.85 ( 0.00%)   |   -31717.13   |   64894.52    |    64890.40     |
|  A1_mammals_Gracilinanus_agilis   |   0.02   |    2     |    0.75 (49.19%)   |   -31717.13   |   64894.52    |    64890.40     |
|    A1_birds_Erythrura_gouldiae    |   0.02   |    2     |    4.59 (10.35%)   |   -31715.72   |   64891.71    |    64890.40     |
|              Node233              |   0.02   |    2     |    0.40 (73.47%)   |   -31717.09   |   64894.45    |    64890.40     |
|              Node209              |   0.02   |    2     |    1.12 (31.68%)   |   -31717.02   |   64894.30    |    64890.40     |
|A1_like_birds_Cyanistes_caeruleu...|   0.02   |    2     |    7.09 (23.24%)   |   -31716.71   |   64893.69    |    64890.40     |
|              Node244              |   0.02   |    2     |  >1000 (100.00%)   |   -31717.13   |   64894.52    |    64890.40     |
|              Node255              |   0.02   |    2     |    0.29 (30.47%)   |   -31717.12   |   64894.51    |    64890.40     |
|              Node125              |   0.02   |    2     |   1.73 (100.00%)   |   -31717.13   |   64894.52    |    64890.40     |
|              Node51               |   0.02   |    2     |    0.32 (27.66%)   |   -31732.19   |   64924.64    |    64890.40     |
|   A1_birds_Corythaeola_cristata   |   0.02   |    2     |    0.30 (95.38%)   |   -31717.13   |   64894.52    |    64890.40     |
|              Node246              |   0.02   |    2     |   1.62 (100.00%)   |   -31717.11   |   64894.49    |    64890.40     |
|              Node251              |   0.02   |    2     |    0.39 ( 2.00%)   |   -31720.80   |   64901.86    |    64890.40     |
|              Node15               |   0.02   |    2     |    8.36 ( 5.77%)   |   -31715.20   |   64890.67    |    64890.40     |
|              Node196              |   0.02   |    2     |    0.37 (82.41%)   |   -31717.13   |   64894.52    |    64890.40     |
|              Node219              |   0.02   |    2     |    0.32 (53.29%)   |   -31717.13   |   64894.52    |    64890.40     |
|              Node272              |   0.02   |    2     |   36.07 ( 3.57%)   |   -31715.54   |   64891.34    |    64890.40     |
|A1_like_birds_Lepidothrix_corona...|   0.02   |    2     |    1.32 (76.95%)   |   -31717.13   |   64894.53    |    64890.40     |
|   A1_birds_Taeniopygia_guttata    |   0.02   |    2     |    0.58 (73.72%)   |   -31717.13   |   64894.52    |    64890.40     |
|    A1_mammals_Vombatus_ursinus    |   0.02   |    2     |    0.27 (22.96%)   |   -31717.13   |   64894.52    |    64890.40     |
|   A1_birds_Aptenodytes_forsteri   |   0.02   |    2     |    0.81 ( 0.00%)   |   -31717.13   |   64894.52    |    64890.40     |
|A1_like_birds_Melospiza_melodia_...|   0.02   |    2     |   29.63 ( 9.56%)   |   -31716.53   |   64893.33    |    64890.40     |
|A1_mammals_Phascolarctos_cinereu...|   0.02   |    2     |    0.29 (25.47%)   |   -31717.13   |   64894.52    |    64890.40     |
|              Node227              |   0.02   |    2     |   15.67 ( 3.48%)   |   -31714.41   |   64889.08    |    64889.08     |
|              Node227              |   0.02   |    3     |   17.22 ( 3.09%)   |   -31714.41   |   64893.21    |    64889.08     |
|              Node70               |   0.02   |    2     |    0.32 (27.66%)   |   -31722.77   |   64909.92    |    64889.08     |
|              Node121              |   0.02   |    2     |   3.31 (100.00%)   |   -31714.40   |   64893.19    |    64889.08     |
|              Node34               |   0.02   |    2     |    0.15 (47.28%)   |   -31714.41   |   64893.20    |    64889.08     |
|              Node17               |   0.02   |    2     |   11.90 (10.38%)   |   -31713.18   |   64890.75    |    64889.08     |
|              Node236              |   0.01   |    2     |   3.16 (100.00%)   |   -31714.41   |   64893.20    |    64889.08     |
|A1_like_birds_Pseudopodoces_humi...|   0.01   |    2     |   41.01 ( 3.67%)   |   -31711.29   |   64886.96    |    64886.96     |
|A1_like_birds_Pseudopodoces_humi...|   0.01   |    3     |   40.81 ( 3.68%)   |   -31711.29   |   64891.09    |    64886.96     |
|A1_like_birds_Agelaius_phoeniceu...|   0.01   |    2     |    0.32 (27.66%)   |   -31726.12   |   64920.75    |    64886.96     |
|              Node86               |   0.01   |    2     |   2.64 (100.00%)   |   -31711.29   |   64891.09    |    64886.96     |
|              Node46               |   0.01   |    2     |   36.24 ( 2.35%)   |   -31709.68   |   64887.87    |    64886.96     |
|A1_Testudines_Gopherus_evgoodei_...|   0.01   |    2     |    0.72 (74.26%)   |   -31711.29   |   64891.09    |    64886.96     |
|     A1_birds_Lonchura_striata     |   0.01   |    2     |    0.16 (99.74%)   |   -31711.29   |   64891.09    |    64886.96     |
|     A1_mammals_Neogale_vison      |   0.01   |    2     |   10.68 ( 3.12%)   |   -31708.55   |   64885.61    |    64885.61     |
|     A1_mammals_Neogale_vison      |   0.01   |    3     |   12.11 ( 2.57%)   |   -31708.58   |   64889.80    |    64885.61     |
|A1_Testudines_Mauremys_reevesii_...|   0.01   |    2     |   12.52 ( 3.81%)   |   -31706.26   |   64885.16    |    64885.16     |
|A1_Testudines_Mauremys_reevesii_...|   0.01   |    3     |   32.26 ( 1.22%)   |   -31706.21   |   64889.19    |    64885.16     |
|A1_Testudines_Mauremys_reevesii_...|   0.01   |    2     |    0.70 (54.44%)   |   -31706.26   |   64889.28    |    64885.16     |
|              Node90               |   0.01   |    2     |    0.32 (27.66%)   |   -31712.66   |   64902.09    |    64885.16     |
|              Node93               |   0.01   |    2     |    0.32 (27.66%)   |   -31712.30   |   64901.36    |    64885.16     |
|A1_Crocodylia_Alligator_mississi...|   0.01   |    2     |    0.58 (76.45%)   |   -31706.26   |   64889.28    |    64885.16     |
|              Node142              |   0.01   |    2     |   0.43 (100.00%)   |   -31706.24   |   64889.24    |    64885.16     |
|              Node291              |   0.01   |    2     |   3.47 (100.00%)   |   -31706.24   |   64889.25    |    64885.16     |
|              Node85               |   0.01   |    2     |   2.04 (100.00%)   |   -31706.26   |   64889.28    |    64885.16     |
|A1_like_birds_Pipra_filicauda_XM...|   0.01   |    2     |   21.17 ( 3.30%)   |   -31703.76   |   64884.28    |    64884.28     |
|A1_like_birds_Pipra_filicauda_XM...|   0.01   |    3     |   21.33 ( 3.31%)   |   -31703.76   |   64888.41    |    64884.28     |
|              Node11               |   0.01   |    2     |    1.46 (44.21%)   |   -31703.76   |   64888.41    |    64884.28     |
|              Node308              |   0.01   |    2     |    8.96 ( 9.99%)   |   -31703.76   |   64888.40    |    64884.28     |
|              Node82               |   0.01   |    2     |    0.37 (79.81%)   |   -31703.76   |   64888.41    |    64884.28     |
|              Node79               |   0.01   |    2     |    0.80 (50.00%)   |   -31703.76   |   64888.41    |    64884.28     |
|A1_like_birds_Molothrus_aeneus_X...|   0.01   |    2     |    0.32 (27.66%)   |   -31713.15   |   64907.19    |    64884.28     |
|A1_mammals_Phacochoerus_africanu...|   0.01   |    2     |   2.45 (100.00%)   |   -31703.76   |   64888.41    |    64884.28     |
|              Node202              |   0.01   |    2     |    1.21 ( 0.00%)   |   -31703.76   |   64888.41    |    64884.28     |
|       A1_mammals_Bos_taurus       |   0.01   |    2     |    0.53 (18.45%)   |   -31703.76   |   64888.41    |    64884.28     |
|              Node52               |   0.01   |    2     |    2.03 (99.93%)   |   -31703.76   |   64888.41    |    64884.28     |
|    A1_mammals_Bubalus_bubalis     |   0.01   |    2     |    0.49 (48.35%)   |   -31703.76   |   64888.41    |    64884.28     |
|              Node53               |   0.01   |    2     |    0.20 (96.98%)   |   -31703.76   |   64888.40    |    64884.28     |
|              Node225              |   0.01   |    2     |   50.63 ( 3.63%)   |   -31701.35   |   64883.59    |    64883.59     |
|              Node225              |   0.01   |    3     |   54.14 ( 3.25%)   |   -31701.34   |   64887.70    |    64883.59     |
|A1_like_birds_Falco_biarmicus_XM...|   0.01   |    2     |   1.51 (100.00%)   |   -31701.35   |   64887.72    |    64883.59     |
|              Node197              |   0.01   |    2     |    0.77 (24.26%)   |   -31701.35   |   64887.72    |    64883.59     |
|              Node71               |   0.01   |    2     |    0.32 (27.66%)   |   -31709.10   |   64903.21    |    64883.59     |
|              Node131              |   0.01   |    2     |   21.44 ( 4.54%)   |   -31700.95   |   64886.92    |    64883.59     |
|              Node20               |   0.01   |    2     |    0.38 (97.74%)   |   -31701.35   |   64887.72    |    64883.59     |
|    A1_birds_Anas_platyrhynchos    |   0.01   |    2     |    0.23 (45.10%)   |   -31701.35   |   64887.71    |    64883.59     |
|              Node311              |   0.01   |    2     |    1.31 (38.01%)   |   -31701.35   |   64887.72    |    64883.59     |
|A1_like_birds_Corapipo_altera_XM...|   0.01   |    2     |    0.40 (74.83%)   |   -31701.35   |   64887.72    |    64883.59     |
|              Node218              |   0.01   |    2     |    0.59 (91.27%)   |   -31701.35   |   64887.72    |    64883.59     |
|      A1_mammals_Meles_meles       |   0.01   |    2     |    0.00 ( 3.16%)   |   -31701.35   |   64887.72    |    64883.59     |
|A1_Crocodylia_Crocodylus_porosus...|   0.01   |    2     |    0.41 (80.42%)   |   -31701.33   |   64887.68    |    64883.59     |
|              Node226              |   0.01   |    2     |    0.98 (88.08%)   |   -31701.35   |   64887.71    |    64883.59     |
|     A1_birds_Aythya_fuligula      |   0.01   |    2     |    0.16 (99.86%)   |   -31701.35   |   64887.71    |    64883.59     |
|              Node138              |   0.01   |    2     |    0.32 (27.66%)   |   -31705.52   |   64896.06    |    64883.59     |
|A1_Testudines_Trachemys_scripta_...|   0.01   |    2     |    8.88 (10.18%)   |   -31701.35   |   64887.72    |    64883.59     |
|A1_like_birds_Falco_naumanni_XM_...|   0.01   |    2     |    1.02 ( 9.55%)   |   -31701.35   |   64887.72    |    64883.59     |
|              Node300              |   0.01   |    2     |    0.18 (97.11%)   |   -31701.34   |   64887.71    |    64883.59     |
|              Node113              |   0.01   |    2     |    1.06 (35.59%)   |   -31701.35   |   64887.72    |    64883.59     |
|              Node19               |   0.01   |    2     |    0.20 (50.35%)   |   -31701.35   |   64887.72    |    64883.59     |
|              Node100              |   0.01   |    2     |   >1000 ( 1.59%)   |   -31697.91   |   64880.83    |    64880.83     |
|              Node100              |   0.01   |    3     |   >1000 ( 1.59%)   |   -31697.91   |   64884.96    |    64880.83     |
|A1_mammals_Trachypithecus_franco...|   0.01   |    2     |    0.00 ( 3.16%)   |   -31697.90   |   64884.96    |    64880.83     |
|              Node298              |   0.01   |    2     |    1.09 (41.48%)   |   -31697.91   |   64884.96    |    64880.83     |
|A1_like_birds_Pyrgilauda_ruficol...|   0.01   |    2     |    1.50 (27.93%)   |   -31697.91   |   64884.96    |    64880.83     |
|              Node211              |   0.01   |    2     |    0.32 (27.66%)   |   -31703.44   |   64896.03    |    64880.83     |
|              Node285              |   0.01   |    2     |    0.32 (27.66%)   |   -31701.29   |   64891.73    |    64880.83     |
|              Node213              |   0.01   |    2     |    0.34 (54.51%)   |   -31697.91   |   64884.96    |    64880.83     |
|              Node312              |   0.01   |    2     |   >1000 ( 5.81%)   |   -31697.60   |   64884.35    |    64880.83     |
|              Node195              |   0.01   |    2     |    8.88 (11.14%)   |   -31697.91   |   64884.97    |    64880.83     |
|              Node274              |   0.01   |    2     |    0.80 (75.07%)   |   -31697.91   |   64884.96    |    64880.83     |
|A1_Testudines_Gopherus_flavomarg...|   0.01   |    2     |    1.12 (55.09%)   |   -31697.91   |   64884.96    |    64880.83     |
|A1_mammals_Canis_lupus_familiari...|   0.01   |    2     |    0.40 ( 0.00%)   |   -31697.91   |   64884.96    |    64880.83     |
|A1_mammals_Mustela_putorius_furo...|   0.01   |    2     |    0.51 (24.78%)   |   -31697.90   |   64884.95    |    64880.83     |
|A1_Testudines_Caretta_caretta_12...|   0.01   |    2     |    1.28 (64.40%)   |   -31697.91   |   64884.96    |    64880.83     |
|   A1_mammals_Lontra_canadensis    |   0.01   |    2     |    1.28 (37.60%)   |   -31697.91   |   64884.96    |    64880.83     |
|              Node44               |   0.01   |    2     |    0.19 (75.03%)   |   -31697.91   |   64884.96    |    64880.83     |
|              Node286              |   0.01   |    2     |    0.32 (27.66%)   |   -31701.23   |   64891.60    |    64880.83     |
|       A1_mammals_Sus_scrofa       |   0.01   |    2     |    0.32 (27.66%)   |   -31703.51   |   64896.16    |    64880.83     |
|A1_Testudines_Caretta_caretta_12...|   0.01   |    2     |    1.38 (62.70%)   |   -31697.91   |   64884.96    |    64880.83     |
|              Node193              |   0.01   |    2     |    0.39 (95.17%)   |   -31697.90   |   64884.95    |    64880.83     |
|              Node156              |   0.01   |    2     |    0.32 (27.66%)   |   -31699.80   |   64888.75    |    64880.83     |
|              Node224              |   0.00   |    2     |  321.94 ( 0.52%)   |   -31693.72   |   64876.59    |    64876.59     |
|              Node224              |   0.00   |    3     |  327.58 ( 0.52%)   |   -31693.73   |   64880.74    |    64876.59     |
|A1_Testudines_Chelonia_mydas_102...|   0.00   |    2     |    0.32 (27.66%)   |   -31698.52   |   64890.31    |    64876.59     |
|              Node290              |   0.00   |    2     |    0.74 (49.00%)   |   -31693.72   |   64880.72    |    64876.59     |
|A1_Testudines_Malaclemys_terrapi...|   0.00   |    2     |  >1000 (100.00%)   |   -31693.72   |   64880.72    |    64876.59     |
|A1_Testudines_Chrysemys_picta_be...|   0.00   |    2     |    0.20 (80.00%)   |   -31693.72   |   64880.72    |    64876.59     |
|              Node30               |   0.00   |    2     |   9.10 (100.00%)   |   -31693.68   |   64880.63    |    64876.59     |
|A1_Testudines_Malaclemys_terrapi...|   0.00   |    2     |    0.77 (72.32%)   |   -31693.72   |   64880.72    |    64876.59     |
|      A1_mammals_Lutra_lutra       |   0.00   |    2     |    0.80 (94.45%)   |   -31693.72   |   64880.72    |    64876.59     |
|  A1_mammals_Rhinopithecus_bieti   |   0.00   |    2     |  >1000 (100.00%)   |   -31693.72   |   64880.72    |    64876.59     |
|              Node31               |   0.00   |    2     |  12.41 (100.00%)   |   -31693.73   |   64880.73    |    64876.59     |
|              Node99               |   0.00   |    2     |    0.32 (27.66%)   |   -31696.37   |   64886.02    |    64876.59     |
|              Node288              |   0.00   |    2     |    0.32 (27.66%)   |   -31696.15   |   64885.56    |    64876.59     |
|A1_like_birds_Vidua_macroura_XM_...|   0.00   |    2     |    0.00 ( 0.00%)   |   -31693.72   |   64880.72    |    64876.59     |
|              Node161              |   0.00   |    2     |    0.00 ( 3.89%)   |   -31693.71   |   64880.68    |    64876.59     |
|A1_Testudines_Gopherus_flavomarg...|   0.00   |    2     |    1.42 (64.35%)   |   -31693.70   |   64880.68    |    64876.59     |
|A1_Testudines_Malaclemys_terrapi...|   0.00   |    2     |    0.73 (24.05%)   |   -31693.72   |   64880.72    |    64876.59     |
|              Node102              |   0.00   |    2     |    0.00 ( 3.23%)   |   -31693.72   |   64880.72    |    64876.59     |
|              Node72               |   0.00   |    2     |    0.32 (27.66%)   |   -31695.51   |   64884.30    |    64876.59     |
|              Node111              |   0.00   |    2     |   1.00 (100.00%)   |   -31694.37   |   64882.01    |    64876.59     |
|A1_Testudines_Gopherus_evgoodei_...|   0.00   |    2     |    0.00 ( 2.13%)   |   -31693.72   |   64880.71    |    64876.59     |
|              Node133              |   0.00   |    2     |    0.39 ( 2.00%)   |   -31695.17   |   64883.62    |    64876.59     |
|A1_Testudines_Mauremys_reevesii_...|   0.00   |    2     |    0.39 (76.79%)   |   -31693.72   |   64880.72    |    64876.59     |
|              Node129              |   0.00   |    2     |  >1000 (100.00%)   |   -31693.62   |   64880.52    |    64876.59     |
|              Node106              |   0.00   |    2     |    0.32 (27.66%)   |   -31695.80   |   64884.87    |    64876.59     |
|              Node137              |   0.00   |    2     |    0.32 (27.66%)   |   -31694.92   |   64883.12    |    64876.59     |
|              Node117              |   0.00   |    2     |    0.39 ( 2.00%)   |   -31694.89   |   64883.06    |    64876.59     |
|A1_Testudines_Mauremys_mutica_12...|   0.00   |    2     |   >1000 (23.53%)   |   -31693.74   |   64880.75    |    64876.59     |
|              Node107              |   0.00   |    2     |    0.25 ( 2.00%)   |   -31694.30   |   64881.87    |    64876.59     |
|              Node103              |   0.00   |    2     |    0.32 (27.66%)   |   -31695.05   |   64883.37    |    64876.59     |
|A1_like_birds_Chroicocephalus_ri...|   0.00   |    2     |  >1000 (100.00%)   |   -31693.72   |   64880.72    |    64876.59     |
|              Node302              |   0.00   |    2     |  >1000 (100.00%)   |   -31693.72   |   64880.72    |    64876.59     |
|A1_Squamata_Candoia_aspera_13449...|   0.00   |    2     |  >1000 (100.00%)   |   -31693.72   |   64880.72    |    64876.59     |
|              Node105              |   0.00   |    2     |  >1000 (100.00%)   |   -31693.72   |   64880.72    |    64876.59     |
|A1_Squamata_A1_Eublepharis_macul...|   0.00   |    2     |   >1000 (57.38%)   |   -31693.72   |   64880.72    |    64876.59     |
|A1_Crocodylia_Alligator_sinensis...|   0.00   |    2     |    0.00 ( 5.00%)   |   -31693.72   |   64880.72    |    64876.59     |
|              Node104              |   0.00   |    2     |    0.32 (27.66%)   |   -31695.23   |   64883.74    |    64876.59     |
|              Node277              |   0.00   |    2     |    0.25 (51.00%)   |   -31694.02   |   64881.31    |    64876.59     |
|A1_Testudines_Trachemys_scripta_...|   0.00   |    2     |    0.00 ( 5.00%)   |   -31693.72   |   64880.72    |    64876.59     |
|              Node23               |   0.00   |    2     |  >1000 (100.00%)   |   -31693.72   |   64880.72    |    64876.59     |
|   A1_mammals_Camelus_bactrianus   |   0.00   |    2     |   1.00 (100.00%)   |   -31694.05   |   64881.37    |    64876.59     |
|     A1_mammals_Vulpes_vulpes      |   0.00   |    2     |    0.32 (27.66%)   |   -31694.78   |   64882.83    |    64876.59     |
|              Node198              |   0.00   |    2     |    0.00 ( 0.00%)   |   -31693.72   |   64880.72    |    64876.59     |
|A1_Testudines_Chrysemys_picta_be...|   0.00   |    2     |    0.00 ( 5.00%)   |   -31693.72   |   64880.72    |    64876.59     |
|A1_like_birds_Larus_michahellis_...|   0.00   |    2     |    0.25 (51.00%)   |   -31693.72   |   64880.72    |    64876.59     |
|A1_Testudines_Mauremys_reevesii_...|   0.00   |    2     |    0.25 ( 2.00%)   |   -31693.72   |   64880.72    |    64876.59     |
|A1_Testudines_Chelonia_mydas_119...|   0.00   |    2     |    0.39 ( 2.00%)   |   -31693.72   |   64880.72    |    64876.59     |
|A1_like_birds_Rissa_tridactyla_X...|   0.00   |    2     |    0.25 (51.00%)   |   -31693.72   |   64880.72    |    64876.59     |
|A1_Testudines_Mauremys_mutica_12...|   0.00   |    2     |    0.25 ( 2.00%)   |   -31693.72   |   64880.72    |    64876.59     |
|A1_Squamata_Eublepharis_maculari...|   0.00   |    2     |    0.25 ( 2.00%)   |   -31693.72   |   64880.72    |    64876.59     |
|A1_Squamata_Candoia_aspera_13449...|   0.00   |    2     |    0.25 ( 2.00%)   |   -31693.72   |   64880.72    |    64876.59     |
|     A1_mammals_Camelus_ferus      |   0.00   |    2     |    0.25 ( 2.00%)   |   -31693.72   |   64880.72    |    64876.59     |
|A1_like_birds_Vidua_chalybeata_X...|   0.00   |    2     |    0.25 ( 2.00%)   |   -31693.72   |   64880.72    |    64876.59     |

### Rate class analyses summary
*  43 branches with **2** rate classes
*  268 branches with **1** rate classes
*  1 branches with **3** rate classes

### Improving parameter estimates of the adaptive rate class model
* Log(L) = -31686.33, AIC-c = 64861.80 (733 estimated parameters)
* The following rate distribution for site-to-site **synonymous** rate variation was inferred

|               Rate                | Proportion, % |               Notes               |
|-----------------------------------|---------------|-----------------------------------|
|               0.307               |    17.208     |                                   |
|               0.740               |    42.371     |                                   |
|               1.568               |    40.421     |                                   |


### Testing selected branches for selection

|              Branch               |  Rates   |     Max. dN/dS     | Sites @ EBF>=100 |      Test LRT      |Uncorrected p-value |
|-----------------------------------|----------|--------------------|------------------|--------------------|--------------------|
|              Node62               |     2    |    1.00 (18.58%)   |       N/A        |    Not selected    |    for testing     |
|              Node167              |     2    |    0.46 (37.33%)   |       N/A        |        0.00        |       1.00000      |
|              Node249              |     2    |    8.37 (18.46%)   |       N/A        |    Not selected    |    for testing     |
|A1_Squamata_A1_Sphaerodactylus_t...|     2    |   80.91 (10.24%)   |          2       |        4.95        |       0.03042      |
|              Node189              |     1    |   0.81 (100.00%)   |       N/A        |        0.00        |       1.00000      |
|              Node160              |     1    |   0.32 (100.00%)   |       N/A        |    Not selected    |    for testing     |
|              Node184              |     2    |   18.58 (12.13%)   |          1       |       10.88        |       0.00150      |
|              Node69               |     2    |    2.11 (24.51%)   |       N/A        |    Not selected    |    for testing     |
|              Node192              |     1    |   0.56 (100.00%)   |       N/A        |    Not selected    |    for testing     |
|              Node177              |     2    |   41.88 ( 8.32%)   |          4       |       13.46        |       0.00041      |
|A1_Squamata_A1_Sceloporus_undula...|     2    |   16.70 ( 5.72%)   |          3       |        4.59        |       0.03672      |
|A1_Squamata_Tiliqua_scincoides_1...|     2    |    2.10 (24.19%)   |          0       |        0.35        |       0.36293      |
|              Node61               |     1    |   0.03 (100.00%)   |       N/A        |    Not selected    |    for testing     |
|              Node170              |     1    |   0.52 (100.00%)   |       N/A        |        0.00        |       1.00000      |
|              Node207              |     2    |  141.79 ( 3.19%)   |       N/A        |    Not selected    |    for testing     |
|              Node65               |     2    |   35.42 (50.06%)   |       N/A        |    Not selected    |    for testing     |
|              Node250              |     1    |   0.78 (100.00%)   |       N/A        |    Not selected    |    for testing     |
|A1_like_birds_Chamaea_fasciata_X...|     1    |   2.14 (100.00%)   |       N/A        |    Not selected    |    for testing     |
|A1_mammals_Oryctolagus_cuniculus...|     1    |   0.48 (100.00%)   |       N/A        |    Not selected    |    for testing     |
|              Node50               |     1    |   0.30 (100.00%)   |       N/A        |    Not selected    |    for testing     |
|              Node273              |     2    |    5.27 (40.86%)   |       N/A        |    Not selected    |    for testing     |
|    A1_birds_Atlantisia_rogersi    |     2    |    3.16 (16.27%)   |       N/A        |    Not selected    |    for testing     |
|              Node307              |     2    |   >1000 ( 1.94%)   |       N/A        |    Not selected    |    for testing     |
|A1_Squamata_Thamnophis_elegans_1...|     2    |   49.65 ( 6.97%)   |          4       |       18.51        |       0.00003      |
|A1_like_birds_Patagioenas_fascia...|     2    |    5.82 (15.27%)   |       N/A        |    Not selected    |    for testing     |
|              Node280              |     1    |   1.17 (100.00%)   |       N/A        |    Not selected    |    for testing     |
|               Node5               |     2    |   10.87 ( 7.38%)   |       N/A        |    Not selected    |    for testing     |
|              Node208              |     1    |   0.35 (100.00%)   |       N/A        |    Not selected    |    for testing     |
|              Node178              |     1    |   1.18 (100.00%)   |       N/A        |        0.10        |       0.43638      |
|              Node145              |     2    |   >1000 ( 5.67%)   |       N/A        |    Not selected    |    for testing     |
|     A1_birds_Alectura_lathami     |     1    |   0.88 (100.00%)   |       N/A        |    Not selected    |    for testing     |
|  A1_mammals_Mesocricetus_auratus  |     2    |   18.33 ( 2.40%)   |       N/A        |    Not selected    |    for testing     |
|A1_Squamata_Crotalus_tigris_1203...|     1    |   0.96 (100.00%)   |       N/A        |        0.00        |       1.00000      |
|A1_like_birds_Pelecanus_crispus_...|     2    |   10.55 (17.35%)   |       N/A        |    Not selected    |    for testing     |
|A1_like_birds_Strix_uralensis_XM...|     1    |   1.57 (100.00%)   |       N/A        |    Not selected    |    for testing     |
|A1_like_birds_Catharus_ustulatus...|     1    |   0.86 (100.00%)   |       N/A        |    Not selected    |    for testing     |
|              Node67               |     1    |   0.24 (100.00%)   |       N/A        |    Not selected    |    for testing     |
|       A1_birds_Calypte_anna       |     1    |   0.89 (100.00%)   |       N/A        |    Not selected    |    for testing     |
|              Node294              |     1    |   0.84 (100.00%)   |       N/A        |    Not selected    |    for testing     |
|              Node41               |     1    |   0.33 (100.00%)   |       N/A        |    Not selected    |    for testing     |
|      A1_birds_Columba_livia       |     1    |   1.07 (100.00%)   |       N/A        |    Not selected    |    for testing     |
|              Node49               |     1    |   0.16 (100.00%)   |       N/A        |    Not selected    |    for testing     |
|A1_like_birds_Serinus_canaria_XM...|     1    |   0.48 (100.00%)   |       N/A        |    Not selected    |    for testing     |
|    A1_birds_Chaetura_pelagica     |     2    |    9.49 ( 9.11%)   |       N/A        |    Not selected    |    for testing     |
|      A1_birds_Merops_nubicus      |     1    |   0.74 (100.00%)   |       N/A        |    Not selected    |    for testing     |
|A1_like_birds_Ficedula_albicolli...|     1    |   0.82 (100.00%)   |       N/A        |    Not selected    |    for testing     |
|              Node35               |     1    |   0.23 (100.00%)   |       N/A        |    Not selected    |    for testing     |
|   A1_birds_Acanthisitta_chloris   |     1    |   0.64 (100.00%)   |       N/A        |    Not selected    |    for testing     |
|   A1_birds_Apaloderma_vittatum    |     1    |   0.67 (100.00%)   |       N/A        |    Not selected    |    for testing     |
|              Node38               |     1    |   0.59 (100.00%)   |       N/A        |    Not selected    |    for testing     |
|   A1_birds_Corvus_moneduloides    |     1    |   1.33 (100.00%)   |       N/A        |    Not selected    |    for testing     |
|              Node181              |     1    |   0.55 (100.00%)   |       N/A        |        0.00        |       1.00000      |
|A1_like_birds_Nyctibius_grandis_...|     1    |   1.02 (100.00%)   |       N/A        |    Not selected    |    for testing     |
|     A1_birds_Colius_striatus      |     1    |   0.45 (100.00%)   |       N/A        |    Not selected    |    for testing     |
|    A1_birds_Passer_domesticus     |     1    |   0.65 (100.00%)   |       N/A        |    Not selected    |    for testing     |
|    A1_birds_Stachyris_ruficeps    |     1    |   0.95 (100.00%)   |       N/A        |    Not selected    |    for testing     |
|   A1_birds_Mesitornis_unicolor    |     1    |   0.87 (100.00%)   |       N/A        |    Not selected    |    for testing     |
|              Node301              |     1    |   0.94 (100.00%)   |       N/A        |    Not selected    |    for testing     |
|     A1_birds_Calidris_pugnax      |     1    |   1.27 (100.00%)   |       N/A        |    Not selected    |    for testing     |
|A1_like_birds_Calonectris_boreal...|     1    |   0.91 (100.00%)   |       N/A        |    Not selected    |    for testing     |
|     A1_birds_Malurus_cyaneus      |     1    |   1.59 (100.00%)   |       N/A        |    Not selected    |    for testing     |
|              Node240              |     2    |   32.84 ( 5.84%)   |       N/A        |    Not selected    |    for testing     |
|       A1_birds_Galbula_dea        |     1    |   1.11 (100.00%)   |       N/A        |    Not selected    |    for testing     |
|A1_like_birds_Phalacrocorax_aris...|     1    |   1.45 (100.00%)   |       N/A        |    Not selected    |    for testing     |
|               Node9               |     2    |    1.43 (14.11%)   |       N/A        |    Not selected    |    for testing     |
|A1_Squamata_A1_Anolis_carolinens...|     1    |   0.61 (100.00%)   |       N/A        |        0.00        |       1.00000      |
|  A1_birds_Caprimulgus_europaeus   |     1    |   0.59 (100.00%)   |       N/A        |    Not selected    |    for testing     |
|A1_Squamata_Anolis_sagrei_132767...|     1    |   0.37 (100.00%)   |       N/A        |        0.00        |       1.00000      |
|     A1_birds_Cariama_cristata     |     2    |    9.36 (35.55%)   |       N/A        |    Not selected    |    for testing     |
|              Node284              |     1    |   1.03 (100.00%)   |       N/A        |    Not selected    |    for testing     |
|              Node176              |     1    |   0.79 (100.00%)   |       N/A        |        0.00        |       1.00000      |
|     A1_mammals_Manis_javanica     |     1    |   0.26 (100.00%)   |       N/A        |    Not selected    |    for testing     |
|  A1_mammals_Dromiciops_gliroides  |     1    |   0.60 (100.00%)   |       N/A        |    Not selected    |    for testing     |
|      A1_mammals_Equus_asinus      |     1    |   0.30 (100.00%)   |       N/A        |    Not selected    |    for testing     |
|  A1_mammals_Leopardus_geoffroyi   |     1    |   0.22 (100.00%)   |       N/A        |    Not selected    |    for testing     |
|   A1_birds_Ficedula_albicollis    |     1    |   0.85 (100.00%)   |       N/A        |    Not selected    |    for testing     |
|A1_mammals_Rhinolophus_ferrumequ...|     1    |   0.41 (100.00%)   |       N/A        |    Not selected    |    for testing     |
|      A1_birds_Falco_cherrug       |     1    |   0.85 (100.00%)   |       N/A        |    Not selected    |    for testing     |
|              Node66               |     1    |   0.43 (100.00%)   |       N/A        |    Not selected    |    for testing     |
|              Node58               |     1    |   0.27 (100.00%)   |       N/A        |    Not selected    |    for testing     |
|              Node77               |     1    |   1.22 (100.00%)   |       N/A        |    Not selected    |    for testing     |
|              Node283              |     1    |   0.49 (100.00%)   |       N/A        |    Not selected    |    for testing     |
|               Node2               |     2    |    2.90 (16.60%)   |       N/A        |    Not selected    |    for testing     |
|      A1_birds_Gavia_stellata      |     2    |    3.29 (22.03%)   |       N/A        |    Not selected    |    for testing     |
|   A1_birds_Podilymbus_podiceps    |     2    |    5.42 (28.90%)   |       N/A        |    Not selected    |    for testing     |
|              Node187              |     1    |   0.69 (100.00%)   |       N/A        |        0.00        |       1.00000      |
|A1_like_birds_Lonchura_striata_X...|     1    |   1.01 (100.00%)   |       N/A        |    Not selected    |    for testing     |
|    A1_birds_Fulmarus_glacialis    |     1    |   1.17 (100.00%)   |       N/A        |    Not selected    |    for testing     |
|   A1_birds_Opisthocomus_hoazin    |     1    |   1.05 (100.00%)   |       N/A        |    Not selected    |    for testing     |
|A1_Squamata_A1_Podarcis_muralis_...|     1    |   3.19 (100.00%)   |       N/A        |        2.19        |       0.12846      |
|    A1_birds_Manacus_vitellinus    |     1    |   0.50 (100.00%)   |       N/A        |    Not selected    |    for testing     |
|              Node263              |     1    |   0.12 (100.00%)   |       N/A        |    Not selected    |    for testing     |
|     A1_birds_Serinus_canaria      |     1    |   0.94 (100.00%)   |       N/A        |    Not selected    |    for testing     |
|    A1_mammals_Pteropus_medius     |     1    |   0.28 (100.00%)   |       N/A        |    Not selected    |    for testing     |
|              Node253              |     1    |   1.18 (100.00%)   |       N/A        |    Not selected    |    for testing     |
|   A1_birds_Rhynochetos_jubatus    |     2    |   >1000 ( 2.02%)   |       N/A        |    Not selected    |    for testing     |
|    A1_birds_Phaethon_lepturus     |     2    |   14.88 ( 4.76%)   |       N/A        |    Not selected    |    for testing     |
|              Node27               |     1    |   0.52 (100.00%)   |       N/A        |    Not selected    |    for testing     |
|A1_mammals_Ornithorhynchus_anati...|     1    |   0.42 (100.00%)   |       N/A        |    Not selected    |    for testing     |
|A1_Crocodylia_Gavialis_gangeticu...|     3    |  564.57 ( 4.59%)   |       N/A        |    Not selected    |    for testing     |
|              Node152              |     1    |   0.99 (100.00%)   |       N/A        |    Not selected    |    for testing     |
|   A1_birds_Charadrius_vociferus   |     1    |   0.90 (100.00%)   |       N/A        |    Not selected    |    for testing     |
|A1_Squamata_A1_Zootoca_vivipara_...|     1    |   1.12 (100.00%)   |       N/A        |        0.03        |       0.47093      |
|A1_birds_Melopsittacus_undulatus...|     1    |   1.07 (100.00%)   |       N/A        |    Not selected    |    for testing     |
|              Node18               |     1    |   0.40 (100.00%)   |       N/A        |    Not selected    |    for testing     |
|A1_mammals_Tachyglossus_aculeatu...|     1    |   1.49 (100.00%)   |       N/A        |    Not selected    |    for testing     |
|   A1_birds_Phoenicopterus_ruber   |     1    |   1.16 (100.00%)   |       N/A        |    Not selected    |    for testing     |
|              Node259              |     1    |   0.52 (100.00%)   |       N/A        |    Not selected    |    for testing     |
|A1_like_birds_Aptenodytes_patago...|     1    |   0.56 (100.00%)   |       N/A        |    Not selected    |    for testing     |
|     A1_birds_Anser_cygnoides      |     1    |   1.65 (100.00%)   |       N/A        |    Not selected    |    for testing     |
|    A1_birds_Pelecanus_crispus     |     2    |   21.26 (15.17%)   |       N/A        |    Not selected    |    for testing     |
|A1_like_birds_Zonotrichia_leucop...|     1    |   0.81 (100.00%)   |       N/A        |    Not selected    |    for testing     |
|  A1_birds_Zonotrichia_albicollis  |     1    |   1.04 (100.00%)   |       N/A        |    Not selected    |    for testing     |
|              Node254              |     2    |    8.42 (14.19%)   |       N/A        |    Not selected    |    for testing     |
|  A1_birds_Tauraco_erythrolophus   |     1    |   0.33 (100.00%)   |       N/A        |    Not selected    |    for testing     |
|A1_Testudines_Caretta_caretta_12...|     1    |   1.09 (100.00%)   |       N/A        |    Not selected    |    for testing     |
|   A1_mammals_Rattus_norvegicus    |     1    |   0.33 (100.00%)   |       N/A        |    Not selected    |    for testing     |
|A1_mammals_Trichosurus_vulpecula...|     1    |   0.23 (100.00%)   |       N/A        |    Not selected    |    for testing     |
|     A1_birds_Egretta_garzetta     |     1    |   0.37 (100.00%)   |       N/A        |    Not selected    |    for testing     |
|              Node252              |     1    |  10.62 (100.00%)   |       N/A        |    Not selected    |    for testing     |
|              Node73               |     1    |   1.93 (100.00%)   |       N/A        |    Not selected    |    for testing     |
|              Node118              |     1    |   0.48 (100.00%)   |       N/A        |    Not selected    |    for testing     |
|              Node266              |     1    |   1.22 (100.00%)   |       N/A        |    Not selected    |    for testing     |
|A1_Testudines_Malaclemys_terrapi...|     1    |   0.69 (100.00%)   |       N/A        |    Not selected    |    for testing     |
|    A1_birds_Aquila_chrysaetos     |     1    |   0.84 (100.00%)   |       N/A        |    Not selected    |    for testing     |
|A1_Testudines_Malaclemys_terrapi...|     2    |   10.85 ( 9.59%)   |       N/A        |    Not selected    |    for testing     |
|     A1_birds_Nestor_notabilis     |     1    |   0.60 (100.00%)   |       N/A        |    Not selected    |    for testing     |
|      A1_mammals_Mus_musculus      |     1    |   0.18 (100.00%)   |       N/A        |    Not selected    |    for testing     |
|              Node241              |     1    |   3.36 (100.00%)   |       N/A        |    Not selected    |    for testing     |
|A1_like_birds_Passer_domesticus_...|     1    |   0.76 (100.00%)   |       N/A        |    Not selected    |    for testing     |
|A1_Testudines_Dermochelys_coriac...|     1    |   0.93 (100.00%)   |       N/A        |    Not selected    |    for testing     |
|A1_like_birds_Manacus_candei_XM_...|     1    |   2.66 (100.00%)   |       N/A        |    Not selected    |    for testing     |
|               Node6               |     1    |   0.50 (100.00%)   |       N/A        |    Not selected    |    for testing     |
|              Node173              |     1    |   0.71 (100.00%)   |       N/A        |        0.00        |       1.00000      |
|              Node146              |     1    |   0.83 (100.00%)   |       N/A        |    Not selected    |    for testing     |
|A1_Testudines_Dermochelys_coriac...|     1    |   0.25 (100.00%)   |       N/A        |    Not selected    |    for testing     |
|              Node223              |     2    |   >1000 ( 0.98%)   |       N/A        |    Not selected    |    for testing     |
|A1_like_birds_Poecile_atricapill...|     1    |   0.34 (100.00%)   |       N/A        |    Not selected    |    for testing     |
|A1_Testudines_Dermochelys_coriac...|     1    |   0.40 (100.00%)   |       N/A        |    Not selected    |    for testing     |
|              Node80               |     1    |   0.52 (100.00%)   |       N/A        |    Not selected    |    for testing     |
|              Node144              |     1    |   0.55 (100.00%)   |       N/A        |    Not selected    |    for testing     |
|      A1_mammals_Homo_sapiens      |     1    |   0.33 (100.00%)   |       N/A        |    Not selected    |    for testing     |
|              Node230              |     2    |   51.50 ( 1.80%)   |       N/A        |    Not selected    |    for testing     |
|              Node96               |     1    |   2.20 (100.00%)   |       N/A        |    Not selected    |    for testing     |
|              Node75               |     1    |   1.23 (100.00%)   |       N/A        |    Not selected    |    for testing     |
|              Node169              |     1    |   0.57 (100.00%)   |       N/A        |        0.00        |       1.00000      |
|               Node7               |     1    |   0.12 (100.00%)   |       N/A        |    Not selected    |    for testing     |
|              Node33               |     1    |   1.00 (100.00%)   |       N/A        |    Not selected    |    for testing     |
|              Node210              |     1    |   0.55 (100.00%)   |       N/A        |    Not selected    |    for testing     |
|              Node78               |     1    |  >1000 (100.00%)   |       N/A        |    Not selected    |    for testing     |
|              Node164              |     2    |  144.51 (11.34%)   |       N/A        |    Not selected    |    for testing     |
|              Node14               |     1    |   0.59 (100.00%)   |       N/A        |    Not selected    |    for testing     |
|              Node168              |     1    |   0.88 (100.00%)   |       N/A        |        0.00        |       1.00000      |
|              Node256              |     1    |   1.48 (100.00%)   |       N/A        |    Not selected    |    for testing     |
|     A1_birds_Eurypyga_helias      |     1    |   2.01 (100.00%)   |       N/A        |    Not selected    |    for testing     |
|A1_Testudines_Dermochelys_coriac...|     1    |   0.68 (100.00%)   |       N/A        |    Not selected    |    for testing     |
|A1_like_birds_Parus_major_XM_015...|     1    |   1.71 (100.00%)   |       N/A        |    Not selected    |    for testing     |
|              Node268              |     1    |   0.34 (100.00%)   |       N/A        |    Not selected    |    for testing     |
|              Node68               |     1    |  >1000 (100.00%)   |       N/A        |    Not selected    |    for testing     |
|A1_mammals_Monodelphis_domestica...|     1    |   0.16 (100.00%)   |       N/A        |    Not selected    |    for testing     |
|              Node212              |     1    |   0.62 (100.00%)   |       N/A        |    Not selected    |    for testing     |
|A1_like_birds_Chiroxiphia_lanceo...|     1    |   0.92 (100.00%)   |       N/A        |    Not selected    |    for testing     |
|              Node139              |     1    |   1.44 (100.00%)   |       N/A        |    Not selected    |    for testing     |
|A1_Testudines_Chelonia_mydas_119...|     1    |   0.79 (100.00%)   |       N/A        |    Not selected    |    for testing     |
|  A1_mammals_Gracilinanus_agilis   |     1    |   0.36 (100.00%)   |       N/A        |    Not selected    |    for testing     |
|    A1_birds_Erythrura_gouldiae    |     1    |   0.46 (100.00%)   |       N/A        |    Not selected    |    for testing     |
|              Node233              |     1    |   0.42 (100.00%)   |       N/A        |    Not selected    |    for testing     |
|              Node209              |     1    |   1.62 (100.00%)   |       N/A        |    Not selected    |    for testing     |
|A1_like_birds_Cyanistes_caeruleu...|     1    |   1.57 (100.00%)   |       N/A        |    Not selected    |    for testing     |
|              Node244              |     1    |  >1000 (100.00%)   |       N/A        |    Not selected    |    for testing     |
|              Node255              |     1    |   0.28 (100.00%)   |       N/A        |    Not selected    |    for testing     |
|              Node125              |     1    |   1.77 (100.00%)   |       N/A        |    Not selected    |    for testing     |
|              Node51               |     1    |  >1000 (100.00%)   |       N/A        |    Not selected    |    for testing     |
|   A1_birds_Corythaeola_cristata   |     1    |   0.30 (100.00%)   |       N/A        |    Not selected    |    for testing     |
|              Node246              |     1    |   1.63 (100.00%)   |       N/A        |    Not selected    |    for testing     |
|              Node251              |     1    |  >1000 (100.00%)   |       N/A        |    Not selected    |    for testing     |
|              Node15               |     1    |   0.44 (100.00%)   |       N/A        |    Not selected    |    for testing     |
|              Node196              |     1    |   0.37 (100.00%)   |       N/A        |    Not selected    |    for testing     |
|              Node219              |     1    |   0.32 (100.00%)   |       N/A        |    Not selected    |    for testing     |
|              Node272              |     1    |   0.25 (100.00%)   |       N/A        |    Not selected    |    for testing     |
|A1_like_birds_Lepidothrix_corona...|     1    |   1.33 (100.00%)   |       N/A        |    Not selected    |    for testing     |
|   A1_birds_Taeniopygia_guttata    |     1    |   0.57 (100.00%)   |       N/A        |    Not selected    |    for testing     |
|    A1_mammals_Vombatus_ursinus    |     1    |   0.27 (100.00%)   |       N/A        |    Not selected    |    for testing     |
|   A1_birds_Aptenodytes_forsteri   |     1    |   0.80 (100.00%)   |       N/A        |    Not selected    |    for testing     |
|A1_like_birds_Melospiza_melodia_...|     1    |   2.41 (100.00%)   |       N/A        |    Not selected    |    for testing     |
|A1_mammals_Phascolarctos_cinereu...|     1    |   0.28 (100.00%)   |       N/A        |    Not selected    |    for testing     |
|              Node227              |     2    |   15.86 ( 3.42%)   |       N/A        |    Not selected    |    for testing     |
|              Node70               |     1    |  >1000 (100.00%)   |       N/A        |    Not selected    |    for testing     |
|              Node121              |     1    |   3.32 (100.00%)   |       N/A        |    Not selected    |    for testing     |
|              Node34               |     1    |   0.13 (100.00%)   |       N/A        |    Not selected    |    for testing     |
|              Node17               |     1    |   1.16 (100.00%)   |       N/A        |    Not selected    |    for testing     |
|              Node236              |     1    |   3.56 (100.00%)   |       N/A        |    Not selected    |    for testing     |
|A1_like_birds_Pseudopodoces_humi...|     2    |   43.18 ( 3.58%)   |       N/A        |    Not selected    |    for testing     |
|A1_like_birds_Agelaius_phoeniceu...|     1    |  >1000 (100.00%)   |       N/A        |    Not selected    |    for testing     |
|              Node86               |     1    |   2.70 (100.00%)   |       N/A        |    Not selected    |    for testing     |
|              Node46               |     1    |   0.50 (100.00%)   |       N/A        |    Not selected    |    for testing     |
|A1_Testudines_Gopherus_evgoodei_...|     1    |   0.72 (100.00%)   |       N/A        |    Not selected    |    for testing     |
|     A1_birds_Lonchura_striata     |     1    |   0.16 (100.00%)   |       N/A        |    Not selected    |    for testing     |
|     A1_mammals_Neogale_vison      |     2    |   10.69 ( 3.16%)   |       N/A        |    Not selected    |    for testing     |
|A1_Testudines_Mauremys_reevesii_...|     2    |   23.20 ( 1.75%)   |       N/A        |    Not selected    |    for testing     |
|A1_Testudines_Mauremys_reevesii_...|     1    |   0.83 (100.00%)   |       N/A        |    Not selected    |    for testing     |
|              Node90               |     1    |  >1000 (100.00%)   |       N/A        |    Not selected    |    for testing     |
|              Node93               |     1    |  >1000 (100.00%)   |       N/A        |    Not selected    |    for testing     |
|A1_Crocodylia_Alligator_mississi...|     1    |   0.52 (100.00%)   |       N/A        |    Not selected    |    for testing     |
|              Node142              |     1    |   0.42 (100.00%)   |       N/A        |    Not selected    |    for testing     |
|              Node291              |     1    |   3.54 (100.00%)   |       N/A        |    Not selected    |    for testing     |
|              Node85               |     1    |   2.07 (100.00%)   |       N/A        |    Not selected    |    for testing     |
|A1_like_birds_Pipra_filicauda_XM...|     2    |   21.17 ( 3.30%)   |       N/A        |    Not selected    |    for testing     |
|              Node11               |     1    |   1.23 (100.00%)   |       N/A        |    Not selected    |    for testing     |
|              Node308              |     1    |   1.62 (100.00%)   |       N/A        |    Not selected    |    for testing     |
|              Node82               |     1    |   0.37 (100.00%)   |       N/A        |    Not selected    |    for testing     |
|              Node79               |     1    |   0.77 (100.00%)   |       N/A        |    Not selected    |    for testing     |
|A1_like_birds_Molothrus_aeneus_X...|     1    |  >1000 (100.00%)   |       N/A        |    Not selected    |    for testing     |
|A1_mammals_Phacochoerus_africanu...|     1    |   2.47 (100.00%)   |       N/A        |    Not selected    |    for testing     |
|              Node202              |     1    |   0.85 (100.00%)   |       N/A        |    Not selected    |    for testing     |
|       A1_mammals_Bos_taurus       |     1    |   0.52 (100.00%)   |       N/A        |    Not selected    |    for testing     |
|              Node52               |     1    |   2.09 (100.00%)   |       N/A        |    Not selected    |    for testing     |
|    A1_mammals_Bubalus_bubalis     |     1    |   0.45 (100.00%)   |       N/A        |    Not selected    |    for testing     |
|              Node53               |     1    |   0.19 (100.00%)   |       N/A        |    Not selected    |    for testing     |
|              Node225              |     2    |  100.54 ( 1.51%)   |       N/A        |    Not selected    |    for testing     |
|A1_like_birds_Falco_biarmicus_XM...|     1    |   1.55 (100.00%)   |       N/A        |    Not selected    |    for testing     |
|              Node197              |     1    |   0.50 (100.00%)   |       N/A        |    Not selected    |    for testing     |
|              Node71               |     1    |  >1000 (100.00%)   |       N/A        |    Not selected    |    for testing     |
|              Node131              |     1    |   0.74 (100.00%)   |       N/A        |    Not selected    |    for testing     |
|              Node20               |     1    |   0.38 (100.00%)   |       N/A        |    Not selected    |    for testing     |
|    A1_birds_Anas_platyrhynchos    |     1    |   0.22 (100.00%)   |       N/A        |    Not selected    |    for testing     |
|              Node311              |     1    |   1.14 (100.00%)   |       N/A        |    Not selected    |    for testing     |
|A1_like_birds_Corapipo_altera_XM...|     1    |   0.36 (100.00%)   |       N/A        |    Not selected    |    for testing     |
|              Node218              |     1    |   0.64 (100.00%)   |       N/A        |    Not selected    |    for testing     |
|      A1_mammals_Meles_meles       |     1    |   0.00 (100.00%)   |       N/A        |    Not selected    |    for testing     |
|A1_Crocodylia_Crocodylus_porosus...|     1    |   0.40 (100.00%)   |       N/A        |    Not selected    |    for testing     |
|              Node226              |     1    |   0.98 (100.00%)   |       N/A        |    Not selected    |    for testing     |
|     A1_birds_Aythya_fuligula      |     1    |   0.16 (100.00%)   |       N/A        |    Not selected    |    for testing     |
|              Node138              |     1    |  >1000 (100.00%)   |       N/A        |    Not selected    |    for testing     |
|A1_Testudines_Trachemys_scripta_...|     1    |   1.43 (100.00%)   |       N/A        |    Not selected    |    for testing     |
|A1_like_birds_Falco_naumanni_XM_...|     1    |   1.01 (100.00%)   |       N/A        |    Not selected    |    for testing     |
|              Node300              |     1    |   0.18 (100.00%)   |       N/A        |    Not selected    |    for testing     |
|              Node113              |     1    |   1.01 (100.00%)   |       N/A        |    Not selected    |    for testing     |
|              Node19               |     1    |   0.10 (100.00%)   |       N/A        |    Not selected    |    for testing     |
|              Node100              |     2    |   >1000 ( 1.55%)   |       N/A        |    Not selected    |    for testing     |
|A1_mammals_Trachypithecus_franco...|     1    |   0.00 (100.00%)   |       N/A        |    Not selected    |    for testing     |
|              Node298              |     1    |   0.97 (100.00%)   |       N/A        |    Not selected    |    for testing     |
|A1_like_birds_Pyrgilauda_ruficol...|     1    |   1.14 (100.00%)   |       N/A        |    Not selected    |    for testing     |
|              Node211              |     1    |  >1000 (100.00%)   |       N/A        |    Not selected    |    for testing     |
|              Node285              |     1    |  >1000 (100.00%)   |       N/A        |    Not selected    |    for testing     |
|              Node213              |     1    |   0.34 (100.00%)   |       N/A        |    Not selected    |    for testing     |
|              Node312              |     1    |  >1000 (100.00%)   |       N/A        |    Not selected    |    for testing     |
|              Node195              |     1    |   1.73 (100.00%)   |       N/A        |    Not selected    |    for testing     |
|              Node274              |     1    |   0.70 (100.00%)   |       N/A        |    Not selected    |    for testing     |
|A1_Testudines_Gopherus_flavomarg...|     1    |   1.06 (100.00%)   |       N/A        |    Not selected    |    for testing     |
|A1_mammals_Canis_lupus_familiari...|     1    |   0.40 (100.00%)   |       N/A        |    Not selected    |    for testing     |
|A1_mammals_Mustela_putorius_furo...|     1    |   0.13 (100.00%)   |       N/A        |    Not selected    |    for testing     |
|A1_Testudines_Caretta_caretta_12...|     1    |   1.20 (100.00%)   |       N/A        |    Not selected    |    for testing     |
|   A1_mammals_Lontra_canadensis    |     1    |   1.14 (100.00%)   |       N/A        |    Not selected    |    for testing     |
|              Node44               |     1    |   0.15 (100.00%)   |       N/A        |    Not selected    |    for testing     |
|              Node286              |     1    |  >1000 (100.00%)   |       N/A        |    Not selected    |    for testing     |
|       A1_mammals_Sus_scrofa       |     1    |  >1000 (100.00%)   |       N/A        |    Not selected    |    for testing     |
|A1_Testudines_Caretta_caretta_12...|     1    |   1.22 (100.00%)   |       N/A        |    Not selected    |    for testing     |
|              Node193              |     1    |   0.37 (100.00%)   |       N/A        |    Not selected    |    for testing     |
|              Node156              |     1    |  >1000 (100.00%)   |       N/A        |    Not selected    |    for testing     |
|              Node224              |     2    |  337.38 ( 0.52%)   |       N/A        |    Not selected    |    for testing     |
|A1_Testudines_Chelonia_mydas_102...|     1    |  >1000 (100.00%)   |       N/A        |    Not selected    |    for testing     |
|              Node290              |     1    |   0.44 (100.00%)   |       N/A        |    Not selected    |    for testing     |
|A1_Testudines_Malaclemys_terrapi...|     1    |  >1000 (100.00%)   |       N/A        |    Not selected    |    for testing     |
|A1_Testudines_Chrysemys_picta_be...|     1    |   0.16 (100.00%)   |       N/A        |    Not selected    |    for testing     |
|              Node30               |     1    |   4.55 (100.00%)   |       N/A        |    Not selected    |    for testing     |
|A1_Testudines_Malaclemys_terrapi...|     1    |   0.73 (100.00%)   |       N/A        |    Not selected    |    for testing     |
|      A1_mammals_Lutra_lutra       |     1    |   0.76 (100.00%)   |       N/A        |    Not selected    |    for testing     |
|  A1_mammals_Rhinopithecus_bieti   |     1    |  >1000 (100.00%)   |       N/A        |    Not selected    |    for testing     |
|              Node31               |     1    |  >1000 (100.00%)   |       N/A        |    Not selected    |    for testing     |
|              Node99               |     1    |  >1000 (100.00%)   |       N/A        |    Not selected    |    for testing     |
|              Node288              |     1    |  >1000 (100.00%)   |       N/A        |    Not selected    |    for testing     |
|A1_like_birds_Vidua_macroura_XM_...|     1    |   0.00 (100.00%)   |       N/A        |    Not selected    |    for testing     |
|              Node161              |     1    |   0.00 (100.00%)   |       N/A        |    Not selected    |    for testing     |
|A1_Testudines_Gopherus_flavomarg...|     1    |   4.38 (100.00%)   |       N/A        |    Not selected    |    for testing     |
|A1_Testudines_Malaclemys_terrapi...|     1    |   0.65 (100.00%)   |       N/A        |    Not selected    |    for testing     |
|              Node102              |     1    |   0.00 (100.00%)   |       N/A        |    Not selected    |    for testing     |
|              Node72               |     1    |  >1000 (100.00%)   |       N/A        |    Not selected    |    for testing     |
|              Node111              |     1    |  >1000 (100.00%)   |       N/A        |    Not selected    |    for testing     |
|A1_Testudines_Gopherus_evgoodei_...|     1    |   0.00 (100.00%)   |       N/A        |    Not selected    |    for testing     |
|              Node133              |     1    |  >1000 (100.00%)   |       N/A        |    Not selected    |    for testing     |
|A1_Testudines_Mauremys_reevesii_...|     1    |   0.36 (100.00%)   |       N/A        |    Not selected    |    for testing     |
|              Node129              |     1    |  >1000 (100.00%)   |       N/A        |    Not selected    |    for testing     |
|              Node106              |     1    |  >1000 (100.00%)   |       N/A        |    Not selected    |    for testing     |
|              Node137              |     1    |  >1000 (100.00%)   |       N/A        |    Not selected    |    for testing     |
|              Node117              |     1    |  >1000 (100.00%)   |       N/A        |    Not selected    |    for testing     |
|A1_Testudines_Mauremys_mutica_12...|     1    |  >1000 (100.00%)   |       N/A        |    Not selected    |    for testing     |
|              Node107              |     1    |  >1000 (100.00%)   |       N/A        |    Not selected    |    for testing     |
|              Node103              |     1    |  >1000 (100.00%)   |       N/A        |    Not selected    |    for testing     |
|A1_like_birds_Chroicocephalus_ri...|     1    |  >1000 (100.00%)   |       N/A        |    Not selected    |    for testing     |
|              Node302              |     1    |  >1000 (100.00%)   |       N/A        |    Not selected    |    for testing     |
|A1_Squamata_Candoia_aspera_13449...|     1    |  >1000 (100.00%)   |       N/A        |        0.61        |       0.30790      |
|              Node105              |     1    |  >1000 (100.00%)   |       N/A        |    Not selected    |    for testing     |
|A1_Squamata_A1_Eublepharis_macul...|     1    |  >1000 (100.00%)   |       N/A        |        0.58        |       0.31372      |
|A1_Crocodylia_Alligator_sinensis...|     1    |   0.00 (100.00%)   |       N/A        |    Not selected    |    for testing     |
|              Node104              |     1    |  >1000 (100.00%)   |       N/A        |    Not selected    |    for testing     |
|              Node277              |     1    |  >1000 (100.00%)   |       N/A        |    Not selected    |    for testing     |
|A1_Testudines_Trachemys_scripta_...|     1    |   0.00 (100.00%)   |       N/A        |    Not selected    |    for testing     |
|              Node23               |     1    |  >1000 (100.00%)   |       N/A        |    Not selected    |    for testing     |
|   A1_mammals_Camelus_bactrianus   |     1    |  >1000 (100.00%)   |       N/A        |    Not selected    |    for testing     |
|     A1_mammals_Vulpes_vulpes      |     1    |  >1000 (100.00%)   |       N/A        |    Not selected    |    for testing     |
|              Node198              |     1    |   0.00 (100.00%)   |       N/A        |    Not selected    |    for testing     |
|A1_Testudines_Chrysemys_picta_be...|     1    |   0.00 (100.00%)   |       N/A        |    Not selected    |    for testing     |
|A1_like_birds_Larus_michahellis_...|     1    |   1.04 (100.00%)   |       N/A        |    Not selected    |    for testing     |
|A1_Testudines_Mauremys_reevesii_...|     1    |   0.66 (100.00%)   |       N/A        |    Not selected    |    for testing     |
|A1_Testudines_Chelonia_mydas_119...|     1    |   0.09 (100.00%)   |       N/A        |    Not selected    |    for testing     |
|A1_like_birds_Rissa_tridactyla_X...|     1    |   1.00 (100.00%)   |       N/A        |    Not selected    |    for testing     |
|A1_Testudines_Mauremys_mutica_12...|     1    |   0.12 (100.00%)   |       N/A        |    Not selected    |    for testing     |
|A1_Squamata_Eublepharis_maculari...|     1    |   1.00 (100.00%)   |       N/A        |        0.00        |       1.00000      |
|A1_Squamata_Candoia_aspera_13449...|     1    |   1.00 (100.00%)   |       N/A        |        0.00        |       1.00000      |
|     A1_mammals_Camelus_ferus      |     1    |   3.82 (100.00%)   |       N/A        |    Not selected    |    for testing     |
|A1_like_birds_Vidua_chalybeata_X...|     1    |  10.16 (100.00%)   |       N/A        |    Not selected    |    for testing     |
----
### Adaptive branch site random effects likelihood test 
Likelihood ratio test for episodic diversifying positive selection at Holm-Bonferroni corrected _p =   0.0500_ found **3** branches under selection among **25** tested.

* A1_Squamata_Thamnophis_elegans_116506417_XM_032214149_1_exon_wise, p-value =  0.00080
* Node177, p-value =  0.00976
* Node184, p-value =  0.03443
