
Analysis Description
--------------------
aBSREL (Adaptive branch-site random effects likelihood) uses an adaptive
random effects branch-site model framework to test whether each branch
has evolved under positive selection, using a procedure which infers an
optimal number of rate categories per branch. v2.2 adds support for
multiple-hit models. v2.3 adds support for SRV. v2.5 adds support for
ancestral state reconstruction, identification of sites contributing to
selection signal, and some diagnostics. 

- __Requirements__: in-frame codon alignment and a phylogenetic tree

- __Citation__:  Less Is More: An Adaptive Branch-Site Random Effects Model for
Efficient Detection of Episodic Diversifying Selection (2015). Mol Biol
Evol 32 (5): 1342-1353. 

- __Written by__: Sergei L Kosakovsky Pond, Ben Murrell, Steven Weaver and Temple iGEM /
UCSD viral evolution group

- __Contact Information__: spond@temple.edu

- __Analysis Version__: 2.5

[Advanced option] Bag of little bootstrap alignment resampling rate (permissible range = [0.01,1], default value = 1): blb: 1

>code => Universal
/media/aswin/gene_loss/APOBEC1/selection/positive_selection/gene_tree_based/absrel/apobec1_selection_final.aln.treefile_A1_like_birds_as_fg.nwk
apobec1_selection_final.aln.treefile_A1_like_birds_as_fg.nwk

>Loaded a multiple sequence alignment with **159** sequences, **297** codons, and **1** partitions from `/media/aswin/gene_loss/APOBEC1/selection/positive_selection/gene_tree_based/absrel/apobec1_selection_final_nuc.msa`

>branches => fg

>multiple-hits => None

>srv => Yes
The number omega rate classes to include in the model (permissible range = [1,10], default value = 3, integer): 
>syn-rates => 3


### * Selected 67 branches for testing: `A1_like_birds_Agelaius_phoeniceus_XM_054627718_2, A1_like_birds_Molothrus_aeneus_XM_066571761_1, Node256, A1_like_birds_Melospiza_melodia_melodia_XM_063150438_1, A1_like_birds_Zonotrichia_leucophrys_gambelii_XM_064720880_1, Node259, Node255, A1_like_birds_Serinus_canaria_XM_018908305_3, Node254, A1_like_birds_Passer_domesticus_XM_064411236_1, A1_like_birds_Pyrgilauda_ruficollis_XM_041460606_1, Node263, Node253, A1_like_birds_Lonchura_striata_XM_031506274_1, A1_like_birds_Vidua_chalybeata_XM_053936619_1, A1_like_birds_Vidua_macroura_XM_053971998_1, Node268, Node266, Node252, A1_like_birds_Chamaea_fasciata_XM_066175533_1, Node251, A1_like_birds_Cyanistes_caeruleus_XM_023922471_1, A1_like_birds_Parus_major_XM_015647017_3, Node274, A1_like_birds_Poecile_atricapillus_XM_058829153_1, A1_like_birds_Pseudopodoces_humilis_XM_005531041_2, Node277, Node273, A1_like_birds_Catharus_ustulatus_XM_033052328_1, A1_like_birds_Ficedula_albicollis_XM_005038261_1, Node280, Node272, Node250, A1_like_birds_Aptenodytes_patagonicus_XM_076334124_1, A1_like_birds_Phalacrocorax_aristotelis_XM_075087237_1, A1_like_birds_Nyctibius_grandis_XM_068401784_1, A1_like_birds_Patagioenas_fasciata_XM_065856569_2, Node291, A1_like_birds_Falco_biarmicus_XM_056340612_1_2, A1_like_birds_Falco_naumanni_XM_040596910_1, Node294, Node290, Node288, Node286, A1_like_birds_Strix_uralensis_XM_074869496_1, Node285, A1_like_birds_Calonectris_borealis_XM_075163517_1, A1_like_birds_Chroicocephalus_ridibundus_XM_063356732_1, A1_like_birds_Larus_michahellis_XM_074588714_1, Node302, A1_like_birds_Rissa_tridactyla_XM_054187806_1, Node301, A1_like_birds_Pelecanus_crispus_XM_075718768_1, Node300, Node298, Node284, A1_like_birds_Chiroxiphia_lanceolata_XM_032679269_1, A1_like_birds_Corapipo_altera_XM_027652949_1, Node308, A1_like_birds_Lepidothrix_coronata_XM_017830067_1, A1_like_birds_Pipra_filicauda_XM_039380019_1, Node312, A1_like_birds_Manacus_candei_XM_051779459_1, Node311, Node307, Node283, Node249`


### Obtaining branch lengths and nucleotide substitution biases under the nucleotide GTR model

>kill-zero-lengths => Yes

### Deleted 3 zero-length internal branches: `Node101, Node112, Node130`
* Log(L) = -33420.18, AIC-c = 67487.83 (323 estimated parameters)
* 1 partition. Total tree length by partition (subs/site) 13.133

### Fitting the baseline model with a single dN/dS class per branch, and no site-to-site variation. 
* Log(L) = -31897.68, AIC-c = 65099.14 (643 estimated parameters)
* The following rate distribution for site-to-site **synonymous** rate variation was inferred

|               Rate                | Proportion, % |               Notes               |
|-----------------------------------|---------------|-----------------------------------|
|               0.328               |    19.355     |                                   |
|               0.766               |    39.503     |                                   |
|               1.541               |    41.142     |                                   |

* Branch-level non-synonymous/synonymous rate ratio distribution has median  0.70, and 95% of the weight in  0.12 -  3.44

### Determining the optimal number of rate classes per branch using a step up procedure

|              Branch               |  Length  |  Rates   |     Max. dN/dS     |    Log(L)     |     AIC-c     |Best AIC-c so far|
|-----------------------------------|----------|----------|--------------------|---------------|---------------|-----------------|
|              Node62               |   0.70   |    2     |    1.00 (18.98%)   |   -31893.63   |   65095.16    |    65095.16     |
|              Node62               |   0.70   |    3     |  135.52 ( 7.59%)   |   -31893.13   |   65098.26    |    65095.16     |
|              Node167              |   0.55   |    2     |    0.44 (37.47%)   |   -31890.57   |   65093.15    |    65093.15     |
|              Node167              |   0.55   |    3     |    0.45 ( 0.75%)   |   -31890.57   |   65097.26    |    65093.15     |
|              Node249              |   0.54   |    2     |    6.54 (17.82%)   |   -31885.56   |   65087.24    |    65087.24     |
|              Node249              |   0.54   |    3     |    6.57 (17.68%)   |   -31885.56   |   65091.35    |    65087.24     |
|A1_Squamata_A1_Sphaerodactylus_t...|   0.39   |    2     |   49.31 ( 8.22%)   |   -31880.15   |   65080.53    |    65080.53     |
|A1_Squamata_A1_Sphaerodactylus_t...|   0.39   |    3     |   60.03 ( 6.44%)   |   -31879.41   |   65083.16    |    65080.53     |
|              Node189              |   0.37   |    2     |    2.84 (18.62%)   |   -31878.87   |   65082.08    |    65080.53     |
|              Node160              |   0.32   |    2     |    6.43 ( 2.93%)   |   -31879.62   |   65083.58    |    65080.53     |
|              Node184              |   0.25   |    2     |   13.81 (13.07%)   |   -31875.81   |   65075.96    |    65075.96     |
|              Node184              |   0.25   |    3     |   13.79 (13.05%)   |   -31875.81   |   65080.07    |    65075.96     |
|              Node69               |   0.25   |    2     |    1.94 (23.51%)   |   -31870.87   |   65070.19    |    65070.19     |
|              Node69               |   0.25   |    3     |    2.36 (15.19%)   |   -31870.87   |   65074.32    |    65070.19     |
|              Node192              |   0.25   |    2     |    1.00 (56.55%)   |   -31870.15   |   65072.87    |    65070.19     |
|              Node177              |   0.23   |    2     |   39.80 ( 8.24%)   |   -31862.16   |   65056.89    |    65056.89     |
|              Node177              |   0.23   |    3     |   39.43 ( 8.22%)   |   -31862.16   |   65061.00    |    65056.89     |
|A1_Squamata_A1_Sceloporus_undula...|   0.23   |    2     |   10.70 ( 5.80%)   |   -31857.17   |   65051.03    |    65051.03     |
|A1_Squamata_A1_Sceloporus_undula...|   0.23   |    3     |   17.44 ( 4.24%)   |   -31857.13   |   65055.06    |    65051.03     |
|A1_Squamata_Tiliqua_scincoides_1...|   0.23   |    2     |    2.08 (23.94%)   |   -31854.90   |   65050.60    |    65050.60     |
|A1_Squamata_Tiliqua_scincoides_1...|   0.23   |    3     |   87.44 ( 2.14%)   |   -31854.42   |   65053.74    |    65050.60     |
|              Node61               |   0.22   |    2     |    0.86 ( 5.85%)   |   -31854.64   |   65054.20    |    65050.60     |
|              Node170              |   0.19   |    2     |    6.82 ( 6.22%)   |   -31853.18   |   65051.27    |    65050.60     |
|              Node207              |   0.18   |    2     |  166.49 ( 3.20%)   |   -31852.36   |   65049.63    |    65049.63     |
|              Node207              |   0.18   |    3     |  172.28 ( 3.22%)   |   -31852.36   |   65053.75    |    65049.63     |
|              Node65               |   0.18   |    2     |  517.33 (52.68%)   |   -31850.13   |   65049.28    |    65049.28     |
|              Node65               |   0.18   |    3     |   38.77 (48.58%)   |   -31850.12   |   65053.39    |    65049.28     |
|              Node250              |   0.18   |    2     |    2.76 (25.63%)   |   -31848.79   |   65050.72    |    65049.28     |
|A1_like_birds_Chamaea_fasciata_X...|   0.18   |    2     |    2.32 (85.13%)   |   -31850.12   |   65053.38    |    65049.28     |
|A1_mammals_Oryctolagus_cuniculus...|   0.16   |    2     |    0.76 (50.79%)   |   -31849.97   |   65053.09    |    65049.28     |
|              Node50               |   0.15   |    2     |    1.42 (19.03%)   |   -31848.27   |   65049.67    |    65049.28     |
|              Node273              |   0.15   |    2     |    4.70 (42.98%)   |   -31846.39   |   65045.93    |    65045.93     |
|              Node273              |   0.15   |    3     |    4.70 (43.01%)   |   -31846.39   |   65050.04    |    65045.93     |
|    A1_birds_Atlantisia_rogersi    |   0.14   |    2     |    2.88 (17.51%)   |   -31843.24   |   65043.73    |    65043.73     |
|    A1_birds_Atlantisia_rogersi    |   0.14   |    3     |    3.37 (10.63%)   |   -31843.29   |   65047.96    |    65043.73     |
|              Node307              |   0.13   |    2     |   >1000 ( 1.91%)   |   -31840.49   |   65042.35    |    65042.35     |
|              Node307              |   0.13   |    3     |  925.70 ( 1.89%)   |   -31840.50   |   65046.49    |    65042.35     |
|A1_Squamata_Thamnophis_elegans_1...|   0.13   |    2     |   51.25 ( 6.74%)   |   -31831.25   |   65027.99    |    65027.99     |
|A1_Squamata_Thamnophis_elegans_1...|   0.13   |    3     |  292.35 ( 5.36%)   |   -31831.23   |   65032.06    |    65027.99     |
|A1_like_birds_Patagioenas_fascia...|   0.13   |    2     |    5.90 (14.33%)   |   -31828.00   |   65025.60    |    65025.60     |
|A1_like_birds_Patagioenas_fascia...|   0.13   |    3     |    5.99 (13.98%)   |   -31828.00   |   65029.73    |    65025.60     |
|              Node280              |   0.12   |    2     |   10.25 ( 2.91%)   |   -31827.84   |   65029.40    |    65025.60     |
|               Node5               |   0.12   |    2     |   12.93 ( 6.87%)   |   -31822.07   |   65017.87    |    65017.87     |
|               Node5               |   0.12   |    3     |   13.84 ( 6.59%)   |   -31822.09   |   65022.03    |    65017.87     |
|              Node208              |   0.12   |    2     |    0.42 (27.79%)   |   -31822.05   |   65021.93    |    65017.87     |
|              Node178              |   0.12   |    2     |   13.81 ( 7.75%)   |   -31820.08   |   65017.99    |    65017.87     |
|              Node145              |   0.12   |    2     |   >1000 ( 5.56%)   |   -31809.47   |   64996.79    |    64996.79     |
|              Node145              |   0.12   |    3     |   >1000 ( 5.57%)   |   -31809.48   |   65000.91    |    64996.79     |
|     A1_birds_Alectura_lathami     |   0.12   |    2     |    1.23 (65.99%)   |   -31809.33   |   65000.62    |    64996.79     |
|  A1_mammals_Mesocricetus_auratus  |   0.12   |    2     |   17.38 ( 2.62%)   |   -31803.01   |   64987.97    |    64987.97     |
|  A1_mammals_Mesocricetus_auratus  |   0.12   |    3     |   17.58 ( 2.49%)   |   -31803.11   |   64992.29    |    64987.97     |
|A1_Squamata_Crotalus_tigris_1203...|   0.12   |    2     |    1.01 ( 4.65%)   |   -31802.98   |   64992.04    |    64987.97     |
|A1_like_birds_Pelecanus_crispus_...|   0.11   |    2     |    9.61 (18.89%)   |   -31796.91   |   64979.89    |    64979.89     |
|A1_like_birds_Pelecanus_crispus_...|   0.11   |    3     |    9.60 (18.88%)   |   -31796.90   |   64984.00    |    64979.89     |
|A1_like_birds_Strix_uralensis_XM...|   0.11   |    2     |    3.76 (20.77%)   |   -31796.77   |   64983.73    |    64979.89     |
|A1_like_birds_Catharus_ustulatus...|   0.11   |    2     |    7.01 ( 3.72%)   |   -31796.68   |   64983.55    |    64979.89     |
|              Node67               |   0.11   |    2     |  579.13 ( 1.94%)   |   -31796.22   |   64982.63    |    64979.89     |
|       A1_birds_Calypte_anna       |   0.11   |    2     |    1.45 ( 0.00%)   |   -31796.91   |   64984.01    |    64979.89     |
|              Node294              |   0.11   |    2     |    1.14 (75.93%)   |   -31796.79   |   64983.78    |    64979.89     |
|              Node41               |   0.10   |    2     |    0.34 (52.49%)   |   -31796.91   |   64984.01    |    64979.89     |
|      A1_birds_Columba_livia       |   0.10   |    2     |    1.18 (24.40%)   |   -31796.91   |   64984.01    |    64979.89     |
|              Node49               |   0.10   |    2     |   0.16 (100.00%)   |   -31796.90   |   64984.01    |    64979.89     |
|A1_like_birds_Serinus_canaria_XM...|   0.10   |    2     |    0.91 (50.96%)   |   -31796.60   |   64983.40    |    64979.89     |
|    A1_birds_Chaetura_pelagica     |   0.10   |    2     |    8.79 ( 9.63%)   |   -31791.70   |   64973.60    |    64973.60     |
|    A1_birds_Chaetura_pelagica     |   0.10   |    3     |   21.87 ( 4.41%)   |   -31791.49   |   64977.30    |    64973.60     |
|      A1_birds_Merops_nubicus      |   0.10   |    2     |    0.79 (89.38%)   |   -31791.70   |   64977.71    |    64973.60     |
|A1_like_birds_Ficedula_albicolli...|   0.09   |    2     |    2.75 (36.32%)   |   -31790.30   |   64974.92    |    64973.60     |
|              Node35               |   0.09   |    2     |   11.97 ( 1.99%)   |   -31789.95   |   64974.21    |    64973.60     |
|   A1_birds_Acanthisitta_chloris   |   0.09   |    2     |   91.79 ( 0.83%)   |   -31790.99   |   64976.30    |    64973.60     |
|   A1_birds_Apaloderma_vittatum    |   0.09   |    2     |    0.75 (49.07%)   |   -31791.68   |   64977.67    |    64973.60     |
|              Node38               |   0.09   |    2     |   0.58 (100.00%)   |   -31791.70   |   64977.71    |    64973.60     |
|   A1_birds_Corvus_moneduloides    |   0.09   |    2     |    2.50 (57.66%)   |   -31791.19   |   64976.70    |    64973.60     |
|              Node181              |   0.09   |    2     |    0.65 (77.82%)   |   -31791.66   |   64977.63    |    64973.60     |
|A1_like_birds_Nyctibius_grandis_...|   0.08   |    2     |    1.04 (36.14%)   |   -31791.70   |   64977.71    |    64973.60     |
|     A1_birds_Colius_striatus      |   0.08   |    2     |    7.41 ( 2.58%)   |   -31790.78   |   64975.87    |    64973.60     |
|    A1_birds_Passer_domesticus     |   0.08   |    2     |    0.65 (75.02%)   |   -31791.70   |   64977.72    |    64973.60     |
|    A1_birds_Stachyris_ruficeps    |   0.08   |    2     |    2.10 (48.37%)   |   -31790.83   |   64975.98    |    64973.60     |
|   A1_birds_Mesitornis_unicolor    |   0.08   |    2     |    9.28 ( 1.47%)   |   -31791.34   |   64976.98    |    64973.60     |
|              Node301              |   0.08   |    2     |   0.93 (100.00%)   |   -31791.69   |   64977.69    |    64973.60     |
|     A1_birds_Calidris_pugnax      |   0.08   |    2     |    2.90 (38.70%)   |   -31791.29   |   64976.90    |    64973.60     |
|A1_like_birds_Calonectris_boreal...|   0.08   |    2     |    1.27 ( 2.11%)   |   -31791.70   |   64977.71    |    64973.60     |
|     A1_birds_Malurus_cyaneus      |   0.08   |    2     |    3.73 (47.91%)   |   -31790.93   |   64976.17    |    64973.60     |
|              Node240              |   0.08   |    2     |   24.87 ( 7.95%)   |   -31786.97   |   64968.25    |    64968.25     |
|              Node240              |   0.08   |    3     |   25.34 ( 7.87%)   |   -31786.97   |   64972.37    |    64968.25     |
|       A1_birds_Galbula_dea        |   0.08   |    2     |    1.48 (24.48%)   |   -31786.96   |   64972.36    |    64968.25     |
|A1_like_birds_Phalacrocorax_aris...|   0.07   |    2     |   64.03 ( 1.63%)   |   -31785.69   |   64969.82    |    64968.25     |
|               Node9               |   0.07   |    2     |    1.41 (14.38%)   |   -31784.84   |   64968.11    |    64968.11     |
|               Node9               |   0.07   |    3     |    1.44 (14.19%)   |   -31784.84   |   64972.23    |    64968.11     |
|A1_Squamata_A1_Anolis_carolinens...|   0.07   |    2     |   13.45 ( 2.07%)   |   -31783.84   |   64970.23    |    64968.11     |
|  A1_birds_Caprimulgus_europaeus   |   0.07   |    2     |    8.57 ( 2.21%)   |   -31784.23   |   64971.02    |    64968.11     |
|A1_Squamata_Anolis_sagrei_132767...|   0.07   |    2     |    0.36 (24.72%)   |   -31784.84   |   64972.23    |    64968.11     |
|              Node176              |   0.07   |    2     |   28.49 ( 4.84%)   |   -31783.30   |   64969.16    |    64968.11     |
|     A1_birds_Cariama_cristata     |   0.07   |    2     |    8.67 (37.07%)   |   -31782.54   |   64967.64    |    64967.64     |
|     A1_birds_Cariama_cristata     |   0.07   |    3     |    8.92 (36.02%)   |   -31782.55   |   64971.77    |    64967.64     |
|              Node284              |   0.07   |    2     |    3.28 (36.36%)   |   -31782.06   |   64970.79    |    64967.64     |
|     A1_mammals_Manis_javanica     |   0.07   |    2     |    0.32 (28.18%)   |   -31782.54   |   64971.76    |    64967.64     |
|  A1_mammals_Dromiciops_gliroides  |   0.06   |    2     |    0.74 ( 0.00%)   |   -31782.54   |   64971.75    |    64967.64     |
|      A1_mammals_Equus_asinus      |   0.06   |    2     |    0.30 (53.99%)   |   -31782.54   |   64971.75    |    64967.64     |
|  A1_mammals_Leopardus_geoffroyi   |   0.06   |    2     |    0.22 (25.36%)   |   -31782.54   |   64971.76    |    64967.64     |
|   A1_birds_Ficedula_albicollis    |   0.06   |    2     |   0.84 (100.00%)   |   -31782.54   |   64971.76    |    64967.64     |
|A1_mammals_Rhinolophus_ferrumequ...|   0.06   |    2     |    2.12 (23.74%)   |   -31780.48   |   64967.64    |    64967.64     |
|      A1_birds_Falco_cherrug       |   0.06   |    2     |    1.10 ( 5.58%)   |   -31782.54   |   64971.75    |    64967.64     |
|              Node66               |   0.06   |    2     |   53.02 ( 2.00%)   |   -31782.37   |   64971.42    |    64967.64     |
|              Node58               |   0.06   |    2     |    1.93 ( 3.52%)   |   -31782.50   |   64971.68    |    64967.64     |
|              Node77               |   0.06   |    2     |   1.20 (100.00%)   |   -31782.54   |   64971.76    |    64967.64     |
|              Node283              |   0.06   |    2     |    3.77 (20.76%)   |   -31782.36   |   64971.38    |    64967.64     |
|               Node2               |   0.06   |    2     |    2.84 (16.65%)   |   -31780.03   |   64966.74    |    64966.74     |
|               Node2               |   0.06   |    3     |    2.83 (16.68%)   |   -31780.03   |   64970.86    |    64966.74     |
|      A1_birds_Gavia_stellata      |   0.06   |    2     |    3.31 (21.82%)   |   -31777.47   |   64965.73    |    64965.73     |
|      A1_birds_Gavia_stellata      |   0.06   |    3     |    3.34 (21.63%)   |   -31777.47   |   64969.85    |    64965.73     |
|   A1_birds_Podilymbus_podiceps    |   0.06   |    2     |    5.41 (28.76%)   |   -31775.09   |   64965.10    |    64965.10     |
|   A1_birds_Podilymbus_podiceps    |   0.06   |    3     |    5.98 (23.77%)   |   -31775.11   |   64969.26    |    64965.10     |
|A1_like_birds_Lonchura_striata_X...|   0.06   |    2     |    1.05 (10.17%)   |   -31775.09   |   64969.22    |    64965.10     |
|    A1_birds_Fulmarus_glacialis    |   0.05   |    2     |    1.60 (22.96%)   |   -31775.10   |   64969.23    |    64965.10     |
|   A1_birds_Opisthocomus_hoazin    |   0.05   |    2     |    2.27 (20.02%)   |   -31775.05   |   64969.14    |    64965.10     |
|A1_Squamata_A1_Podarcis_muralis_...|   0.05   |    2     |    3.85 (79.92%)   |   -31775.08   |   64969.20    |    64965.10     |
|    A1_birds_Manacus_vitellinus    |   0.05   |    2     |    1.31 (39.45%)   |   -31774.73   |   64968.50    |    64965.10     |
|              Node263              |   0.05   |    2     |    3.22 ( 5.96%)   |   -31774.95   |   64968.94    |    64965.10     |
|     A1_birds_Serinus_canaria      |   0.05   |    2     |    0.94 ( 6.54%)   |   -31775.09   |   64969.22    |    64965.10     |
|              Node187              |   0.05   |    2     |    0.76 (48.74%)   |   -31775.09   |   64969.22    |    64965.10     |
|    A1_mammals_Pteropus_medius     |   0.05   |    2     |    0.28 (80.28%)   |   -31775.09   |   64969.22    |    64965.10     |
|              Node253              |   0.05   |    2     |    1.70 (54.80%)   |   -31775.09   |   64969.21    |    64965.10     |
|   A1_birds_Rhynochetos_jubatus    |   0.05   |    2     |   >1000 ( 2.02%)   |   -31771.76   |   64962.55    |    64962.55     |
|   A1_birds_Rhynochetos_jubatus    |   0.05   |    3     |   >1000 ( 2.01%)   |   -31771.76   |   64966.68    |    64962.55     |
|    A1_birds_Phaethon_lepturus     |   0.05   |    2     |   15.41 ( 4.54%)   |   -31768.32   |   64959.79    |    64959.79     |
|    A1_birds_Phaethon_lepturus     |   0.05   |    3     |   16.21 ( 4.27%)   |   -31768.31   |   64963.91    |    64959.79     |
|              Node27               |   0.05   |    2     |    0.52 (84.85%)   |   -31768.32   |   64963.91    |    64959.79     |
|A1_mammals_Ornithorhynchus_anati...|   0.05   |    2     |    3.59 (16.29%)   |   -31767.26   |   64961.80    |    64959.79     |
|A1_Crocodylia_Gavialis_gangeticu...|   0.05   |    2     |  113.00 ( 6.95%)   |   -31745.05   |   64917.37    |    64917.37     |
|A1_Crocodylia_Gavialis_gangeticu...|   0.05   |    3     |  547.68 ( 4.55%)   |   -31742.77   |   64916.93    |    64916.93     |
|A1_Crocodylia_Gavialis_gangeticu...|   0.05   |    4     |  545.30 ( 4.50%)   |   -31742.74   |   64921.00    |    64916.93     |
|              Node152              |   0.05   |    2     |    3.12 (33.98%)   |   -31742.02   |   64919.57    |    64916.93     |
|   A1_birds_Charadrius_vociferus   |   0.05   |    2     |   11.10 ( 4.51%)   |   -31741.57   |   64918.67    |    64916.93     |
|A1_Squamata_A1_Zootoca_vivipara_...|   0.05   |    2     |    2.22 (52.49%)   |   -31742.60   |   64920.73    |    64916.93     |
|A1_birds_Melopsittacus_undulatus...|   0.05   |    2     |    4.22 (27.96%)   |   -31741.57   |   64918.66    |    64916.93     |
|              Node18               |   0.05   |    2     |    0.39 (90.02%)   |   -31742.77   |   64921.06    |    64916.93     |
|A1_mammals_Tachyglossus_aculeatu...|   0.05   |    2     |    5.94 (28.38%)   |   -31741.25   |   64918.03    |    64916.93     |
|   A1_birds_Phoenicopterus_ruber   |   0.05   |    2     |   1.15 (100.00%)   |   -31742.77   |   64921.06    |    64916.93     |
|              Node259              |   0.05   |    2     |    0.52 (27.62%)   |   -31742.77   |   64921.06    |    64916.93     |
|A1_like_birds_Aptenodytes_patago...|   0.05   |    2     |    0.55 (55.18%)   |   -31742.77   |   64921.06    |    64916.93     |
|     A1_birds_Anser_cygnoides      |   0.04   |    2     |    6.60 (32.11%)   |   -31742.04   |   64919.60    |    64916.93     |
|    A1_birds_Pelecanus_crispus     |   0.04   |    2     |   20.61 (15.40%)   |   -31737.21   |   64909.94    |    64909.94     |
|    A1_birds_Pelecanus_crispus     |   0.04   |    3     |   21.02 (15.26%)   |   -31737.21   |   64914.07    |    64909.94     |
|A1_like_birds_Zonotrichia_leucop...|   0.04   |    2     |   39.40 ( 1.75%)   |   -31735.93   |   64911.51    |    64909.94     |
|  A1_birds_Zonotrichia_albicollis  |   0.04   |    2     |    6.05 (23.23%)   |   -31735.67   |   64910.99    |    64909.94     |
|              Node254              |   0.04   |    2     |   10.08 (10.59%)   |   -31734.80   |   64909.24    |    64909.24     |
|              Node254              |   0.04   |    3     |   12.59 ( 7.72%)   |   -31734.81   |   64913.39    |    64909.24     |
|  A1_birds_Tauraco_erythrolophus   |   0.04   |    2     |    0.32 (53.76%)   |   -31734.80   |   64913.37    |    64909.24     |
|A1_Testudines_Caretta_caretta_12...|   0.04   |    2     |    2.27 (45.96%)   |   -31734.71   |   64913.20    |    64909.24     |
|   A1_mammals_Rattus_norvegicus    |   0.04   |    2     |    0.33 (43.75%)   |   -31734.80   |   64913.37    |    64909.24     |
|A1_mammals_Trichosurus_vulpecula...|   0.04   |    2     |    0.24 (50.53%)   |   -31734.80   |   64913.37    |    64909.24     |
|     A1_birds_Egretta_garzetta     |   0.04   |    2     |    0.37 (85.47%)   |   -31734.80   |   64913.37    |    64909.24     |
|              Node252              |   0.04   |    2     |   47.41 (25.05%)   |   -31734.41   |   64912.58    |    64909.24     |
|              Node73               |   0.04   |    2     |    7.51 (27.74%)   |   -31734.12   |   64912.01    |    64909.24     |
|              Node118              |   0.04   |    2     |    0.48 (49.66%)   |   -31734.80   |   64913.37    |    64909.24     |
|              Node266              |   0.04   |    2     |    1.30 (43.85%)   |   -31734.80   |   64913.37    |    64909.24     |
|A1_Testudines_Malaclemys_terrapi...|   0.04   |    2     |    0.68 (70.55%)   |   -31734.80   |   64913.36    |    64909.24     |
|    A1_birds_Aquila_chrysaetos     |   0.04   |    2     |    0.95 ( 0.00%)   |   -31734.80   |   64913.37    |    64909.24     |
|A1_Testudines_Malaclemys_terrapi...|   0.04   |    2     |   10.22 ( 9.73%)   |   -31729.92   |   64903.60    |    64903.60     |
|A1_Testudines_Malaclemys_terrapi...|   0.04   |    3     |   10.12 ( 9.73%)   |   -31729.92   |   64907.72    |    64903.60     |
|     A1_birds_Nestor_notabilis     |   0.04   |    2     |    0.59 (92.49%)   |   -31729.92   |   64907.72    |    64903.60     |
|      A1_mammals_Mus_musculus      |   0.04   |    2     |   0.18 (100.00%)   |   -31729.92   |   64907.72    |    64903.60     |
|              Node241              |   0.04   |    2     |    9.90 (30.48%)   |   -31729.73   |   64907.35    |    64903.60     |
|A1_like_birds_Passer_domesticus_...|   0.03   |    2     |    0.75 (47.70%)   |   -31729.92   |   64907.72    |    64903.60     |
|A1_Testudines_Dermochelys_coriac...|   0.03   |    2     |    3.87 (27.98%)   |   -31729.61   |   64907.12    |    64903.60     |
|A1_like_birds_Manacus_candei_XM_...|   0.03   |    2     |   2.62 (100.00%)   |   -31729.92   |   64907.72    |    64903.60     |
|               Node6               |   0.03   |    2     |    0.99 (48.69%)   |   -31729.86   |   64907.61    |    64903.60     |
|              Node173              |   0.03   |    2     |  115.90 ( 1.66%)   |   -31729.45   |   64906.80    |    64903.60     |
|              Node146              |   0.03   |    2     |    3.16 (27.30%)   |   -31729.15   |   64906.19    |    64903.60     |
|A1_Testudines_Dermochelys_coriac...|   0.03   |    2     |    0.27 ( 9.47%)   |   -31729.92   |   64907.72    |    64903.60     |
|              Node223              |   0.03   |    2     |   >1000 ( 0.97%)   |   -31723.85   |   64895.59    |    64895.59     |
|              Node223              |   0.03   |    3     |   >1000 ( 0.98%)   |   -31723.85   |   64899.72    |    64895.59     |
|              Node168              |   0.03   |    2     |  738.27 ( 2.79%)   |   -31721.38   |   64894.78    |    64894.78     |
|              Node168              |   0.03   |    3     |  711.69 ( 2.80%)   |   -31721.38   |   64898.90    |    64894.78     |
|A1_like_birds_Poecile_atricapill...|   0.03   |    2     |    3.35 (10.58%)   |   -31719.88   |   64895.90    |    64894.78     |
|A1_Testudines_Dermochelys_coriac...|   0.03   |    2     |   0.40 (100.00%)   |   -31721.38   |   64898.90    |    64894.78     |
|              Node80               |   0.03   |    2     |    0.51 (83.57%)   |   -31721.38   |   64898.90    |    64894.78     |
|              Node144              |   0.03   |    2     |    0.54 (48.01%)   |   -31721.36   |   64898.85    |    64894.78     |
|      A1_mammals_Homo_sapiens      |   0.03   |    2     |    0.72 (23.97%)   |   -31721.38   |   64898.89    |    64894.78     |
|              Node230              |   0.03   |    2     |   42.90 ( 2.03%)   |   -31718.94   |   64894.02    |    64894.02     |
|              Node230              |   0.03   |    3     |   46.05 ( 1.95%)   |   -31718.94   |   64898.15    |    64894.02     |
|              Node96               |   0.03   |    2     |   14.20 (16.65%)   |   -31717.54   |   64895.34    |    64894.02     |
|              Node75               |   0.03   |    2     |    1.22 (99.88%)   |   -31718.94   |   64898.14    |    64894.02     |
|              Node169              |   0.03   |    2     |    0.52 (62.79%)   |   -31718.88   |   64898.02    |    64894.02     |
|               Node7               |   0.03   |    2     |    0.12 (60.49%)   |   -31718.94   |   64898.14    |    64894.02     |
|              Node33               |   0.03   |    2     |    8.10 (13.39%)   |   -31717.13   |   64894.52    |    64894.02     |
|              Node210              |   0.02   |    2     |    0.54 (78.38%)   |   -31718.89   |   64898.05    |    64894.02     |
|              Node78               |   0.02   |    2     |    0.32 (27.66%)   |   -31739.38   |   64939.02    |    64894.02     |
|              Node164              |   0.02   |    2     |  145.37 (10.85%)   |   -31714.61   |   64889.49    |    64889.49     |
|              Node164              |   0.02   |    3     |  154.44 (10.66%)   |   -31714.62   |   64893.63    |    64889.49     |
|              Node14               |   0.02   |    2     |    0.59 (26.47%)   |   -31714.59   |   64893.57    |    64889.49     |
|              Node256              |   0.02   |    2     |   1.46 (100.00%)   |   -31714.61   |   64893.61    |    64889.49     |
|     A1_birds_Eurypyga_helias      |   0.02   |    2     |   2.01 (100.00%)   |   -31714.61   |   64893.62    |    64889.49     |
|A1_Testudines_Dermochelys_coriac...|   0.02   |    2     |    4.25 (18.36%)   |   -31714.16   |   64892.72    |    64889.49     |
|A1_like_birds_Parus_major_XM_015...|   0.02   |    2     |   75.59 ( 1.24%)   |   -31713.40   |   64891.19    |    64889.49     |
|              Node268              |   0.02   |    2     |    3.23 (12.53%)   |   -31714.36   |   64893.12    |    64889.49     |
|              Node68               |   0.02   |    2     |   7.91 (100.00%)   |   -31714.61   |   64893.62    |    64889.49     |
|A1_mammals_Monodelphis_domestica...|   0.02   |    2     |   0.16 (100.00%)   |   -31714.61   |   64893.62    |    64889.49     |
|              Node212              |   0.02   |    2     |    0.63 ( 8.95%)   |   -31714.61   |   64893.62    |    64889.49     |
|A1_like_birds_Chiroxiphia_lanceo...|   0.02   |    2     |    0.94 ( 3.30%)   |   -31714.61   |   64893.62    |    64889.49     |
|              Node139              |   0.02   |    2     |    7.47 (22.04%)   |   -31714.45   |   64893.28    |    64889.49     |
|A1_Testudines_Chelonia_mydas_119...|   0.02   |    2     |    0.85 ( 0.00%)   |   -31714.61   |   64893.62    |    64889.49     |
|    A1_birds_Erythrura_gouldiae    |   0.02   |    2     |    4.59 (10.46%)   |   -31713.21   |   64890.81    |    64889.49     |
|  A1_mammals_Gracilinanus_agilis   |   0.02   |    2     |    2.73 (11.68%)   |   -31714.60   |   64893.60    |    64889.49     |
|              Node233              |   0.02   |    2     |    0.40 (73.83%)   |   -31714.58   |   64893.55    |    64889.49     |
|              Node209              |   0.02   |    2     |    1.23 (33.38%)   |   -31714.50   |   64893.39    |    64889.49     |
|A1_like_birds_Cyanistes_caeruleu...|   0.02   |    2     |    7.11 (23.20%)   |   -31714.20   |   64892.79    |    64889.49     |
|              Node244              |   0.02   |    2     |  >1000 (100.00%)   |   -31714.61   |   64893.61    |    64889.49     |
|              Node255              |   0.02   |    2     |    0.30 (28.02%)   |   -31714.61   |   64893.60    |    64889.49     |
|              Node51               |   0.02   |    2     |    0.32 (27.66%)   |   -31729.67   |   64923.74    |    64889.49     |
|              Node125              |   0.02   |    2     |   1.75 (100.00%)   |   -31714.61   |   64893.61    |    64889.49     |
|   A1_birds_Corythaeola_cristata   |   0.02   |    2     |    0.33 ( 1.95%)   |   -31714.61   |   64893.62    |    64889.49     |
|              Node246              |   0.02   |    2     |   1.62 (100.00%)   |   -31714.60   |   64893.58    |    64889.49     |
|              Node251              |   0.02   |    2     |    0.39 ( 2.00%)   |   -31718.29   |   64900.97    |    64889.49     |
|              Node15               |   0.02   |    2     |    8.30 ( 5.80%)   |   -31712.69   |   64889.77    |    64889.49     |
|              Node196              |   0.02   |    2     |    0.40 (79.14%)   |   -31714.62   |   64893.62    |    64889.49     |
|              Node219              |   0.02   |    2     |    0.32 (53.03%)   |   -31714.61   |   64893.62    |    64889.49     |
|              Node272              |   0.02   |    2     |   36.07 ( 3.58%)   |   -31713.02   |   64890.43    |    64889.49     |
|A1_like_birds_Lepidothrix_corona...|   0.02   |    2     |    1.36 (69.90%)   |   -31714.62   |   64893.62    |    64889.49     |
|   A1_birds_Taeniopygia_guttata    |   0.02   |    2     |    0.58 (74.74%)   |   -31714.61   |   64893.62    |    64889.49     |
|    A1_mammals_Vombatus_ursinus    |   0.02   |    2     |    0.27 (77.84%)   |   -31714.61   |   64893.62    |    64889.49     |
|   A1_birds_Aptenodytes_forsteri   |   0.02   |    2     |    0.80 (98.00%)   |   -31714.61   |   64893.62    |    64889.49     |
|A1_like_birds_Melospiza_melodia_...|   0.02   |    2     |   27.98 ( 9.86%)   |   -31714.02   |   64892.42    |    64889.49     |
|A1_mammals_Phascolarctos_cinereu...|   0.02   |    2     |    0.29 (73.89%)   |   -31714.61   |   64893.62    |    64889.49     |
|              Node227              |   0.02   |    2     |   15.74 ( 3.49%)   |   -31711.89   |   64888.18    |    64888.18     |
|              Node227              |   0.02   |    3     |   16.61 ( 3.22%)   |   -31711.90   |   64892.31    |    64888.18     |
|              Node70               |   0.02   |    2     |    0.32 (27.66%)   |   -31720.29   |   64909.09    |    64888.18     |
|              Node121              |   0.02   |    2     |   3.34 (100.00%)   |   -31711.88   |   64892.28    |    64888.18     |
|              Node34               |   0.02   |    2     |    0.13 (48.25%)   |   -31711.89   |   64892.30    |    64888.18     |
|              Node17               |   0.02   |    2     |   11.75 (10.49%)   |   -31710.67   |   64889.85    |    64888.18     |
|              Node236              |   0.01   |    2     |   3.15 (100.00%)   |   -31711.89   |   64892.30    |    64888.18     |
|A1_like_birds_Pseudopodoces_humi...|   0.01   |    2     |   40.22 ( 3.70%)   |   -31708.78   |   64886.07    |    64886.07     |
|A1_like_birds_Pseudopodoces_humi...|   0.01   |    3     |   40.65 ( 3.67%)   |   -31708.78   |   64890.20    |    64886.07     |
|A1_like_birds_Agelaius_phoeniceu...|   0.01   |    2     |    0.32 (27.66%)   |   -31723.61   |   64919.87    |    64886.07     |
|              Node86               |   0.01   |    2     |   2.66 (100.00%)   |   -31708.78   |   64890.20    |    64886.07     |
|              Node46               |   0.01   |    2     |   26.40 ( 3.51%)   |   -31707.16   |   64886.96    |    64886.07     |
|A1_Testudines_Gopherus_evgoodei_...|   0.01   |    2     |    0.71 (27.19%)   |   -31708.78   |   64890.20    |    64886.07     |
|     A1_birds_Lonchura_striata     |   0.01   |    2     |   0.16 (100.00%)   |   -31708.78   |   64890.20    |    64886.07     |
|     A1_mammals_Neogale_vison      |   0.01   |    2     |   10.58 ( 3.14%)   |   -31706.04   |   64884.72    |    64884.72     |
|     A1_mammals_Neogale_vison      |   0.01   |    3     |   10.59 ( 3.15%)   |   -31706.04   |   64888.85    |    64884.72     |
|A1_Testudines_Mauremys_reevesii_...|   0.01   |    2     |   12.42 ( 3.84%)   |   -31703.75   |   64884.27    |    64884.27     |
|A1_Testudines_Mauremys_reevesii_...|   0.01   |    3     |   32.40 ( 1.22%)   |   -31703.71   |   64888.30    |    64884.27     |
|A1_Testudines_Mauremys_reevesii_...|   0.01   |    2     |    0.70 (50.39%)   |   -31703.75   |   64888.40    |    64884.27     |
|              Node90               |   0.01   |    2     |    0.32 (27.66%)   |   -31710.16   |   64901.22    |    64884.27     |
|              Node93               |   0.01   |    2     |    0.32 (27.66%)   |   -31709.80   |   64900.48    |    64884.27     |
|A1_Crocodylia_Alligator_mississi...|   0.01   |    2     |    0.58 (76.45%)   |   -31703.75   |   64888.40    |    64884.27     |
|              Node142              |   0.01   |    2     |    0.44 (95.28%)   |   -31703.73   |   64888.36    |    64884.27     |
|              Node291              |   0.01   |    2     |   3.56 (100.00%)   |   -31703.74   |   64888.36    |    64884.27     |
|              Node85               |   0.01   |    2     |   2.04 (100.00%)   |   -31703.75   |   64888.40    |    64884.27     |
|A1_like_birds_Pipra_filicauda_XM...|   0.01   |    2     |   21.25 ( 3.33%)   |   -31701.25   |   64883.40    |    64883.40     |
|A1_like_birds_Pipra_filicauda_XM...|   0.01   |    3     |   20.97 ( 3.31%)   |   -31701.25   |   64887.53    |    64883.40     |
|              Node11               |   0.01   |    2     |    1.46 (44.21%)   |   -31701.26   |   64887.53    |    64883.40     |
|              Node308              |   0.01   |    2     |    8.99 (10.00%)   |   -31701.25   |   64887.52    |    64883.40     |
|              Node82               |   0.01   |    2     |    0.37 (79.81%)   |   -31701.25   |   64887.53    |    64883.40     |
|              Node79               |   0.01   |    2     |    0.80 (50.00%)   |   -31701.25   |   64887.53    |    64883.40     |
|A1_like_birds_Molothrus_aeneus_X...|   0.01   |    2     |    0.32 (27.66%)   |   -31710.64   |   64906.30    |    64883.40     |
|              Node202              |   0.01   |    2     |    1.15 ( 0.00%)   |   -31701.25   |   64887.53    |    64883.40     |
|A1_mammals_Phacochoerus_africanu...|   0.01   |    2     |   2.46 (100.00%)   |   -31701.25   |   64887.53    |    64883.40     |
|       A1_mammals_Bos_taurus       |   0.01   |    2     |    0.53 (18.45%)   |   -31701.25   |   64887.53    |    64883.40     |
|              Node52               |   0.01   |    2     |   2.02 (100.00%)   |   -31701.25   |   64887.53    |    64883.40     |
|    A1_mammals_Bubalus_bubalis     |   0.01   |    2     |    0.49 (48.35%)   |   -31701.25   |   64887.53    |    64883.40     |
|              Node53               |   0.01   |    2     |    0.20 (96.98%)   |   -31701.25   |   64887.52    |    64883.40     |
|              Node225              |   0.01   |    2     |   50.72 ( 3.64%)   |   -31698.85   |   64882.72    |    64882.72     |
|              Node225              |   0.01   |    3     |   54.08 ( 3.26%)   |   -31698.84   |   64886.83    |    64882.72     |
|A1_like_birds_Falco_biarmicus_XM...|   0.01   |    2     |    1.65 (76.51%)   |   -31698.85   |   64886.85    |    64882.72     |
|              Node197              |   0.01   |    2     |    0.58 (76.94%)   |   -31698.85   |   64886.84    |    64882.72     |
|              Node71               |   0.01   |    2     |    0.32 (27.66%)   |   -31706.59   |   64902.33    |    64882.72     |
|              Node131              |   0.01   |    2     |   21.32 ( 4.56%)   |   -31698.45   |   64886.05    |    64882.72     |
|              Node20               |   0.01   |    2     |    0.38 (97.74%)   |   -31698.85   |   64886.84    |    64882.72     |
|    A1_birds_Anas_platyrhynchos    |   0.01   |    2     |    0.23 (45.10%)   |   -31698.85   |   64886.84    |    64882.72     |
|              Node311              |   0.01   |    2     |    1.31 (38.01%)   |   -31698.85   |   64886.84    |    64882.72     |
|A1_like_birds_Corapipo_altera_XM...|   0.01   |    2     |    0.39 (74.83%)   |   -31698.85   |   64886.84    |    64882.72     |
|              Node218              |   0.01   |    2     |    0.60 (91.43%)   |   -31698.85   |   64886.84    |    64882.72     |
|      A1_mammals_Meles_meles       |   0.01   |    2     |    0.00 ( 3.16%)   |   -31698.85   |   64886.84    |    64882.72     |
|A1_Crocodylia_Crocodylus_porosus...|   0.01   |    2     |    0.42 (76.80%)   |   -31698.83   |   64886.81    |    64882.72     |
|              Node226              |   0.01   |    2     |    0.98 (84.24%)   |   -31698.84   |   64886.84    |    64882.72     |
|     A1_birds_Aythya_fuligula      |   0.01   |    2     |   0.16 (100.00%)   |   -31698.84   |   64886.84    |    64882.72     |
|              Node138              |   0.01   |    2     |    0.32 (27.66%)   |   -31703.01   |   64895.17    |    64882.72     |
|A1_Testudines_Trachemys_scripta_...|   0.01   |    2     |    2.03 (49.63%)   |   -31698.85   |   64886.84    |    64882.72     |
|A1_like_birds_Falco_naumanni_XM_...|   0.01   |    2     |    1.03 ( 9.86%)   |   -31698.85   |   64886.84    |    64882.72     |
|              Node300              |   0.01   |    2     |    0.18 (91.12%)   |   -31698.84   |   64886.83    |    64882.72     |
|              Node113              |   0.01   |    2     |    1.04 (41.25%)   |   -31698.85   |   64886.84    |    64882.72     |
|              Node19               |   0.01   |    2     |    0.20 (50.63%)   |   -31698.85   |   64886.84    |    64882.72     |
|              Node100              |   0.01   |    2     |   >1000 ( 1.57%)   |   -31695.41   |   64879.96    |    64879.96     |
|              Node100              |   0.01   |    3     |   >1000 ( 1.56%)   |   -31695.41   |   64884.09    |    64879.96     |
|A1_mammals_Trachypithecus_franco...|   0.01   |    2     |    0.00 ( 3.16%)   |   -31695.41   |   64884.09    |    64879.96     |
|              Node298              |   0.01   |    2     |    1.05 (40.19%)   |   -31695.41   |   64884.09    |    64879.96     |
|A1_like_birds_Pyrgilauda_ruficol...|   0.01   |    2     |    1.38 (37.03%)   |   -31695.41   |   64884.09    |    64879.96     |
|              Node211              |   0.01   |    2     |    0.32 (27.66%)   |   -31700.94   |   64895.15    |    64879.96     |
|              Node285              |   0.01   |    2     |    0.32 (27.66%)   |   -31698.79   |   64890.86    |    64879.96     |
|              Node213              |   0.01   |    2     |    0.48 (48.14%)   |   -31695.41   |   64884.09    |    64879.96     |
|              Node312              |   0.01   |    2     |   >1000 ( 5.86%)   |   -31695.10   |   64883.47    |    64879.96     |
|              Node195              |   0.01   |    2     |    5.41 (14.99%)   |   -31695.41   |   64884.09    |    64879.96     |
|              Node274              |   0.01   |    2     |    0.80 (75.07%)   |   -31695.41   |   64884.09    |    64879.96     |
|A1_Testudines_Gopherus_flavomarg...|   0.01   |    2     |    1.22 (42.77%)   |   -31695.41   |   64884.09    |    64879.96     |
|A1_mammals_Canis_lupus_familiari...|   0.01   |    2     |    0.40 ( 0.00%)   |   -31695.41   |   64884.09    |    64879.96     |
|A1_mammals_Mustela_putorius_furo...|   0.01   |    2     |    0.51 (24.45%)   |   -31695.41   |   64884.08    |    64879.96     |
|A1_Testudines_Caretta_caretta_12...|   0.01   |    2     |    1.29 (67.10%)   |   -31695.41   |   64884.09    |    64879.96     |
|   A1_mammals_Lontra_canadensis    |   0.01   |    2     |    1.28 (39.11%)   |   -31695.41   |   64884.09    |    64879.96     |
|              Node44               |   0.01   |    2     |    0.19 (75.03%)   |   -31695.41   |   64884.09    |    64879.96     |
|       A1_mammals_Sus_scrofa       |   0.01   |    2     |    0.32 (27.66%)   |   -31701.01   |   64895.28    |    64879.96     |
|              Node286              |   0.01   |    2     |    0.32 (27.66%)   |   -31698.73   |   64890.72    |    64879.96     |
|A1_Testudines_Caretta_caretta_12...|   0.01   |    2     |    1.38 (62.70%)   |   -31695.41   |   64884.09    |    64879.96     |
|              Node193              |   0.01   |    2     |    0.39 (93.72%)   |   -31695.40   |   64884.08    |    64879.96     |
|              Node156              |   0.01   |    2     |    0.32 (27.66%)   |   -31697.30   |   64887.88    |    64879.96     |
|              Node224              |   0.00   |    2     |  319.54 ( 0.52%)   |   -31691.22   |   64875.72    |    64875.72     |
|              Node224              |   0.00   |    3     |  324.41 ( 0.51%)   |   -31691.23   |   64879.87    |    64875.72     |
|A1_Testudines_Chelonia_mydas_102...|   0.00   |    2     |    0.32 (27.66%)   |   -31696.06   |   64889.51    |    64875.72     |
|              Node290              |   0.00   |    2     |    0.74 (49.00%)   |   -31691.22   |   64879.85    |    64875.72     |
|A1_Testudines_Malaclemys_terrapi...|   0.00   |    2     |  >1000 (100.00%)   |   -31691.22   |   64879.85    |    64875.72     |
|A1_Testudines_Chrysemys_picta_be...|   0.00   |    2     |    0.20 (80.00%)   |   -31691.22   |   64879.85    |    64875.72     |
|              Node30               |   0.00   |    2     |   9.82 (100.00%)   |   -31691.18   |   64879.76    |    64875.72     |
|A1_Testudines_Malaclemys_terrapi...|   0.00   |    2     |    0.78 (74.62%)   |   -31691.22   |   64879.85    |    64875.72     |
|      A1_mammals_Lutra_lutra       |   0.00   |    2     |    0.79 (94.51%)   |   -31691.22   |   64879.85    |    64875.72     |
|              Node31               |   0.00   |    2     |   1.00 (100.00%)   |   -31691.41   |   64880.23    |    64875.72     |
|  A1_mammals_Rhinopithecus_bieti   |   0.00   |    2     |   1.00 (100.00%)   |   -31692.05   |   64881.51    |    64875.72     |
|              Node99               |   0.00   |    2     |    0.32 (27.66%)   |   -31693.88   |   64885.16    |    64875.72     |
|              Node288              |   0.00   |    2     |    0.32 (27.66%)   |   -31693.65   |   64884.70    |    64875.72     |
|              Node161              |   0.00   |    2     |    0.00 ( 0.58%)   |   -31691.21   |   64879.82    |    64875.72     |
|A1_like_birds_Vidua_macroura_XM_...|   0.00   |    2     |    0.00 ( 0.00%)   |   -31691.22   |   64879.85    |    64875.72     |
|A1_Testudines_Gopherus_flavomarg...|   0.00   |    2     |    1.40 (63.47%)   |   -31691.21   |   64879.81    |    64875.72     |
|A1_Testudines_Malaclemys_terrapi...|   0.00   |    2     |    0.74 (24.00%)   |   -31691.22   |   64879.85    |    64875.72     |
|              Node102              |   0.00   |    2     |    0.00 ( 3.23%)   |   -31691.22   |   64879.85    |    64875.72     |
|              Node72               |   0.00   |    2     |    0.32 (27.66%)   |   -31693.02   |   64883.44    |    64875.72     |
|A1_Testudines_Gopherus_evgoodei_...|   0.00   |    2     |    0.00 ( 2.34%)   |   -31691.22   |   64879.84    |    64875.72     |
|              Node111              |   0.00   |    2     |   >1000 ( 0.79%)   |   -31686.91   |   64871.23    |    64871.23     |
|              Node111              |   0.00   |    3     |   >1000 ( 0.78%)   |   -31686.91   |   64875.35    |    64871.23     |
|              Node133              |   0.00   |    2     |    0.39 ( 2.00%)   |   -31688.37   |   64878.27    |    64871.23     |
|A1_Testudines_Mauremys_reevesii_...|   0.00   |    2     |    0.39 (76.81%)   |   -31686.91   |   64875.35    |    64871.23     |
|              Node129              |   0.00   |    2     |  >1000 (100.00%)   |   -31686.81   |   64875.16    |    64871.23     |
|              Node106              |   0.00   |    2     |    0.32 (27.66%)   |   -31688.99   |   64879.50    |    64871.23     |
|              Node137              |   0.00   |    2     |    0.32 (27.66%)   |   -31688.11   |   64877.75    |    64871.23     |
|              Node117              |   0.00   |    2     |    0.39 ( 2.00%)   |   -31688.09   |   64877.70    |    64871.23     |
|A1_Testudines_Mauremys_mutica_12...|   0.00   |    2     |  252.67 (98.14%)   |   -31686.92   |   64875.36    |    64871.23     |
|              Node107              |   0.00   |    2     |    0.25 ( 2.00%)   |   -31687.49   |   64876.51    |    64871.23     |
|              Node103              |   0.00   |    2     |    0.32 (27.66%)   |   -31688.24   |   64878.01    |    64871.23     |
|A1_like_birds_Chroicocephalus_ri...|   0.00   |    2     |  >1000 (100.00%)   |   -31686.91   |   64875.35    |    64871.23     |
|              Node302              |   0.00   |    2     |  >1000 (100.00%)   |   -31686.91   |   64875.35    |    64871.23     |
|A1_Squamata_Candoia_aspera_13449...|   0.00   |    2     |  >1000 (100.00%)   |   -31686.91   |   64875.35    |    64871.23     |
|              Node105              |   0.00   |    2     |  >1000 (100.00%)   |   -31686.91   |   64875.35    |    64871.23     |
|A1_Squamata_A1_Eublepharis_macul...|   0.00   |    2     |   >1000 (77.62%)   |   -31686.91   |   64875.36    |    64871.23     |
|A1_Crocodylia_Alligator_sinensis...|   0.00   |    2     |    0.00 ( 3.23%)   |   -31686.91   |   64875.35    |    64871.23     |
|              Node104              |   0.00   |    2     |    0.32 (27.66%)   |   -31688.43   |   64878.38    |    64871.23     |
|              Node277              |   0.00   |    2     |    0.25 (51.00%)   |   -31687.21   |   64875.95    |    64871.23     |
|A1_Testudines_Trachemys_scripta_...|   0.00   |    2     |    0.00 ( 5.00%)   |   -31686.91   |   64875.35    |    64871.23     |
|              Node23               |   0.00   |    2     |  555.93 (100.00%)  |   -31686.91   |   64875.36    |    64871.23     |
|   A1_mammals_Camelus_bactrianus   |   0.00   |    2     |   1.00 (100.00%)   |   -31687.24   |   64876.00    |    64871.23     |
|     A1_mammals_Vulpes_vulpes      |   0.00   |    2     |    0.32 (27.66%)   |   -31687.97   |   64877.47    |    64871.23     |
|              Node198              |   0.00   |    2     |    0.00 ( 0.00%)   |   -31686.91   |   64875.35    |    64871.23     |
|A1_Testudines_Chrysemys_picta_be...|   0.00   |    2     |    0.00 ( 5.00%)   |   -31686.91   |   64875.35    |    64871.23     |
|A1_like_birds_Larus_michahellis_...|   0.00   |    2     |    0.25 (51.00%)   |   -31686.91   |   64875.35    |    64871.23     |
|A1_Testudines_Mauremys_reevesii_...|   0.00   |    2     |    0.25 ( 2.00%)   |   -31686.91   |   64875.35    |    64871.23     |
|A1_Testudines_Chelonia_mydas_119...|   0.00   |    2     |    0.39 ( 2.00%)   |   -31686.91   |   64875.35    |    64871.23     |
|A1_like_birds_Rissa_tridactyla_X...|   0.00   |    2     |    0.25 (51.00%)   |   -31686.91   |   64875.35    |    64871.23     |
|A1_Testudines_Mauremys_mutica_12...|   0.00   |    2     |    0.25 ( 2.00%)   |   -31686.91   |   64875.35    |    64871.23     |
|A1_Squamata_Eublepharis_maculari...|   0.00   |    2     |    0.25 ( 2.00%)   |   -31686.91   |   64875.35    |    64871.23     |
|A1_Squamata_Candoia_aspera_13449...|   0.00   |    2     |    0.25 ( 2.00%)   |   -31686.91   |   64875.35    |    64871.23     |
|     A1_mammals_Camelus_ferus      |   0.00   |    2     |    0.25 ( 2.00%)   |   -31686.91   |   64875.35    |    64871.23     |
|A1_like_birds_Vidua_chalybeata_X...|   0.00   |    2     |    0.25 ( 2.00%)   |   -31686.91   |   64875.35    |    64871.23     |

### Rate class analyses summary
*  45 branches with **2** rate classes
*  266 branches with **1** rate classes
*  1 branches with **3** rate classes

### Improving parameter estimates of the adaptive rate class model
* Log(L) = -31679.43, AIC-c = 64856.26 (737 estimated parameters)
* The following rate distribution for site-to-site **synonymous** rate variation was inferred

|               Rate                | Proportion, % |               Notes               |
|-----------------------------------|---------------|-----------------------------------|
|               0.305               |    17.074     |                                   |
|               0.740               |    42.559     |                                   |
|               1.568               |    40.368     |                                   |


### Testing selected branches for selection

|              Branch               |  Rates   |     Max. dN/dS     | Sites @ EBF>=100 |      Test LRT      |Uncorrected p-value |
|-----------------------------------|----------|--------------------|------------------|--------------------|--------------------|
|              Node62               |     2    |    1.00 (18.66%)   |       N/A        |    Not selected    |    for testing     |
|              Node167              |     2    |    0.44 (36.84%)   |       N/A        |    Not selected    |    for testing     |
|              Node249              |     2    |    8.44 (18.42%)   |          1       |        6.07        |       0.01716      |
|A1_Squamata_A1_Sphaerodactylus_t...|     2    |   79.65 (10.04%)   |       N/A        |    Not selected    |    for testing     |
|              Node189              |     1    |   0.80 (100.00%)   |       N/A        |    Not selected    |    for testing     |
|              Node160              |     1    |   0.32 (100.00%)   |       N/A        |    Not selected    |    for testing     |
|              Node184              |     2    |   18.96 (11.86%)   |       N/A        |    Not selected    |    for testing     |
|              Node69               |     2    |    2.11 (25.23%)   |       N/A        |    Not selected    |    for testing     |
|              Node192              |     1    |   0.56 (100.00%)   |       N/A        |    Not selected    |    for testing     |
|              Node177              |     2    |   43.69 ( 8.63%)   |       N/A        |    Not selected    |    for testing     |
|A1_Squamata_A1_Sceloporus_undula...|     2    |   17.18 ( 5.43%)   |       N/A        |    Not selected    |    for testing     |
|A1_Squamata_Tiliqua_scincoides_1...|     2    |    1.81 (28.63%)   |       N/A        |    Not selected    |    for testing     |
|              Node61               |     1    |   0.03 (100.00%)   |       N/A        |    Not selected    |    for testing     |
|              Node170              |     1    |   0.52 (100.00%)   |       N/A        |    Not selected    |    for testing     |
|              Node207              |     2    |  142.19 ( 3.20%)   |       N/A        |    Not selected    |    for testing     |
|              Node65               |     2    |  481.47 (54.35%)   |       N/A        |    Not selected    |    for testing     |
|              Node250              |     1    |   0.78 (100.00%)   |       N/A        |        0.00        |       1.00000      |
|A1_like_birds_Chamaea_fasciata_X...|     1    |   2.14 (100.00%)   |       N/A        |        4.49        |       0.03855      |
|A1_mammals_Oryctolagus_cuniculus...|     1    |   0.48 (100.00%)   |       N/A        |    Not selected    |    for testing     |
|              Node50               |     1    |   0.30 (100.00%)   |       N/A        |    Not selected    |    for testing     |
|              Node273              |     2    |    5.24 (41.01%)   |         17       |        9.53        |       0.00297      |
|    A1_birds_Atlantisia_rogersi    |     2    |    3.08 (17.07%)   |       N/A        |    Not selected    |    for testing     |
|              Node307              |     2    |   >1000 ( 1.95%)   |          2       |        6.91        |       0.01118      |
|A1_Squamata_Thamnophis_elegans_1...|     2    |   49.49 ( 6.98%)   |       N/A        |    Not selected    |    for testing     |
|A1_like_birds_Patagioenas_fascia...|     2    |    5.80 (15.29%)   |          1       |        4.89        |       0.03148      |
|              Node280              |     1    |   1.17 (100.00%)   |       N/A        |        0.14        |       0.42125      |
|               Node5               |     2    |   10.73 ( 7.44%)   |       N/A        |    Not selected    |    for testing     |
|              Node208              |     1    |   0.35 (100.00%)   |       N/A        |    Not selected    |    for testing     |
|              Node178              |     1    |   1.17 (100.00%)   |       N/A        |    Not selected    |    for testing     |
|              Node145              |     2    |   >1000 ( 5.66%)   |       N/A        |    Not selected    |    for testing     |
|     A1_birds_Alectura_lathami     |     1    |   0.88 (100.00%)   |       N/A        |    Not selected    |    for testing     |
|  A1_mammals_Mesocricetus_auratus  |     2    |   18.35 ( 2.40%)   |       N/A        |    Not selected    |    for testing     |
|A1_Squamata_Crotalus_tigris_1203...|     1    |   0.96 (100.00%)   |       N/A        |    Not selected    |    for testing     |
|A1_like_birds_Pelecanus_crispus_...|     2    |   10.30 (17.79%)   |          4       |       12.56        |       0.00064      |
|A1_like_birds_Strix_uralensis_XM...|     1    |   1.57 (100.00%)   |       N/A        |        1.48        |       0.18754      |
|A1_like_birds_Catharus_ustulatus...|     1    |   0.86 (100.00%)   |       N/A        |        0.00        |       1.00000      |
|              Node67               |     1    |   0.24 (100.00%)   |       N/A        |    Not selected    |    for testing     |
|       A1_birds_Calypte_anna       |     1    |   0.89 (100.00%)   |       N/A        |    Not selected    |    for testing     |
|              Node294              |     1    |   0.84 (100.00%)   |       N/A        |        0.00        |       1.00000      |
|              Node41               |     1    |   0.34 (100.00%)   |       N/A        |    Not selected    |    for testing     |
|      A1_birds_Columba_livia       |     1    |   1.07 (100.00%)   |       N/A        |    Not selected    |    for testing     |
|              Node49               |     1    |   0.16 (100.00%)   |       N/A        |    Not selected    |    for testing     |
|A1_like_birds_Serinus_canaria_XM...|     1    |   0.48 (100.00%)   |       N/A        |        0.00        |       1.00000      |
|    A1_birds_Chaetura_pelagica     |     2    |    9.72 ( 8.90%)   |       N/A        |    Not selected    |    for testing     |
|      A1_birds_Merops_nubicus      |     1    |   0.74 (100.00%)   |       N/A        |    Not selected    |    for testing     |
|A1_like_birds_Ficedula_albicolli...|     1    |   0.82 (100.00%)   |       N/A        |        0.00        |       1.00000      |
|              Node35               |     1    |   0.23 (100.00%)   |       N/A        |    Not selected    |    for testing     |
|   A1_birds_Acanthisitta_chloris   |     1    |   0.64 (100.00%)   |       N/A        |    Not selected    |    for testing     |
|   A1_birds_Apaloderma_vittatum    |     1    |   0.67 (100.00%)   |       N/A        |    Not selected    |    for testing     |
|              Node38               |     1    |   0.59 (100.00%)   |       N/A        |    Not selected    |    for testing     |
|   A1_birds_Corvus_moneduloides    |     1    |   1.33 (100.00%)   |       N/A        |    Not selected    |    for testing     |
|              Node181              |     1    |   0.56 (100.00%)   |       N/A        |    Not selected    |    for testing     |
|A1_like_birds_Nyctibius_grandis_...|     1    |   1.02 (100.00%)   |       N/A        |        0.00        |       0.49492      |
|     A1_birds_Colius_striatus      |     1    |   0.45 (100.00%)   |       N/A        |    Not selected    |    for testing     |
|    A1_birds_Passer_domesticus     |     1    |   0.65 (100.00%)   |       N/A        |    Not selected    |    for testing     |
|    A1_birds_Stachyris_ruficeps    |     1    |   0.95 (100.00%)   |       N/A        |    Not selected    |    for testing     |
|   A1_birds_Mesitornis_unicolor    |     1    |   0.87 (100.00%)   |       N/A        |    Not selected    |    for testing     |
|              Node301              |     1    |   0.94 (100.00%)   |       N/A        |        0.00        |       1.00000      |
|     A1_birds_Calidris_pugnax      |     1    |   1.27 (100.00%)   |       N/A        |    Not selected    |    for testing     |
|A1_like_birds_Calonectris_boreal...|     1    |   0.91 (100.00%)   |       N/A        |        0.00        |       1.00000      |
|     A1_birds_Malurus_cyaneus      |     1    |   1.59 (100.00%)   |       N/A        |    Not selected    |    for testing     |
|              Node240              |     2    |   30.81 ( 6.15%)   |       N/A        |    Not selected    |    for testing     |
|       A1_birds_Galbula_dea        |     1    |   1.11 (100.00%)   |       N/A        |    Not selected    |    for testing     |
|A1_like_birds_Phalacrocorax_aris...|     1    |   1.45 (100.00%)   |       N/A        |        0.73        |       0.28643      |
|               Node9               |     2    |    1.50 (13.67%)   |       N/A        |    Not selected    |    for testing     |
|A1_Squamata_A1_Anolis_carolinens...|     1    |   0.62 (100.00%)   |       N/A        |    Not selected    |    for testing     |
|  A1_birds_Caprimulgus_europaeus   |     1    |   0.59 (100.00%)   |       N/A        |    Not selected    |    for testing     |
|A1_Squamata_Anolis_sagrei_132767...|     1    |   0.36 (100.00%)   |       N/A        |    Not selected    |    for testing     |
|              Node176              |     1    |   0.74 (100.00%)   |       N/A        |    Not selected    |    for testing     |
|     A1_birds_Cariama_cristata     |     2    |    9.34 (35.56%)   |       N/A        |    Not selected    |    for testing     |
|              Node284              |     1    |   1.02 (100.00%)   |       N/A        |       -0.00        |       0.50000      |
|     A1_mammals_Manis_javanica     |     1    |   0.26 (100.00%)   |       N/A        |    Not selected    |    for testing     |
|  A1_mammals_Dromiciops_gliroides  |     1    |   0.60 (100.00%)   |       N/A        |    Not selected    |    for testing     |
|      A1_mammals_Equus_asinus      |     1    |   0.30 (100.00%)   |       N/A        |    Not selected    |    for testing     |
|  A1_mammals_Leopardus_geoffroyi   |     1    |   0.22 (100.00%)   |       N/A        |    Not selected    |    for testing     |
|   A1_birds_Ficedula_albicollis    |     1    |   0.85 (100.00%)   |       N/A        |    Not selected    |    for testing     |
|A1_mammals_Rhinolophus_ferrumequ...|     1    |   0.41 (100.00%)   |       N/A        |    Not selected    |    for testing     |
|      A1_birds_Falco_cherrug       |     1    |   0.85 (100.00%)   |       N/A        |    Not selected    |    for testing     |
|              Node66               |     1    |   0.42 (100.00%)   |       N/A        |    Not selected    |    for testing     |
|              Node58               |     1    |   0.27 (100.00%)   |       N/A        |    Not selected    |    for testing     |
|              Node77               |     1    |   1.22 (100.00%)   |       N/A        |    Not selected    |    for testing     |
|              Node283              |     1    |   0.48 (100.00%)   |       N/A        |        0.00        |       1.00000      |
|               Node2               |     2    |    2.91 (16.60%)   |       N/A        |    Not selected    |    for testing     |
|      A1_birds_Gavia_stellata      |     2    |    3.29 (22.04%)   |       N/A        |    Not selected    |    for testing     |
|   A1_birds_Podilymbus_podiceps    |     2    |    5.35 (29.10%)   |       N/A        |    Not selected    |    for testing     |
|A1_like_birds_Lonchura_striata_X...|     1    |   1.01 (100.00%)   |       N/A        |       -0.00        |       0.50000      |
|    A1_birds_Fulmarus_glacialis    |     1    |   1.17 (100.00%)   |       N/A        |    Not selected    |    for testing     |
|   A1_birds_Opisthocomus_hoazin    |     1    |   1.06 (100.00%)   |       N/A        |    Not selected    |    for testing     |
|A1_Squamata_A1_Podarcis_muralis_...|     1    |   3.22 (100.00%)   |       N/A        |    Not selected    |    for testing     |
|    A1_birds_Manacus_vitellinus    |     1    |   0.50 (100.00%)   |       N/A        |    Not selected    |    for testing     |
|              Node263              |     1    |   0.12 (100.00%)   |       N/A        |        0.00        |       1.00000      |
|     A1_birds_Serinus_canaria      |     1    |   0.95 (100.00%)   |       N/A        |    Not selected    |    for testing     |
|              Node187              |     1    |   0.75 (100.00%)   |       N/A        |    Not selected    |    for testing     |
|    A1_mammals_Pteropus_medius     |     1    |   0.28 (100.00%)   |       N/A        |    Not selected    |    for testing     |
|              Node253              |     1    |   1.18 (100.00%)   |       N/A        |        0.06        |       0.45112      |
|   A1_birds_Rhynochetos_jubatus    |     2    |   >1000 ( 2.03%)   |       N/A        |    Not selected    |    for testing     |
|    A1_birds_Phaethon_lepturus     |     2    |   15.11 ( 4.71%)   |       N/A        |    Not selected    |    for testing     |
|              Node27               |     1    |   0.52 (100.00%)   |       N/A        |    Not selected    |    for testing     |
|A1_mammals_Ornithorhynchus_anati...|     1    |   0.42 (100.00%)   |       N/A        |    Not selected    |    for testing     |
|A1_Crocodylia_Gavialis_gangeticu...|     3    |  558.86 ( 4.59%)   |       N/A        |    Not selected    |    for testing     |
|              Node152              |     1    |   0.99 (100.00%)   |       N/A        |    Not selected    |    for testing     |
|   A1_birds_Charadrius_vociferus   |     1    |   0.91 (100.00%)   |       N/A        |    Not selected    |    for testing     |
|A1_Squamata_A1_Zootoca_vivipara_...|     1    |   1.10 (100.00%)   |       N/A        |    Not selected    |    for testing     |
|A1_birds_Melopsittacus_undulatus...|     1    |   1.08 (100.00%)   |       N/A        |    Not selected    |    for testing     |
|              Node18               |     1    |   0.40 (100.00%)   |       N/A        |    Not selected    |    for testing     |
|A1_mammals_Tachyglossus_aculeatu...|     1    |   1.49 (100.00%)   |       N/A        |    Not selected    |    for testing     |
|   A1_birds_Phoenicopterus_ruber   |     1    |   1.16 (100.00%)   |       N/A        |    Not selected    |    for testing     |
|              Node259              |     1    |   0.52 (100.00%)   |       N/A        |        0.00        |       1.00000      |
|A1_like_birds_Aptenodytes_patago...|     1    |   0.56 (100.00%)   |       N/A        |        0.00        |       1.00000      |
|     A1_birds_Anser_cygnoides      |     1    |   1.65 (100.00%)   |       N/A        |    Not selected    |    for testing     |
|    A1_birds_Pelecanus_crispus     |     2    |   21.22 (15.24%)   |       N/A        |    Not selected    |    for testing     |
|A1_like_birds_Zonotrichia_leucop...|     1    |   0.81 (100.00%)   |       N/A        |        0.00        |       1.00000      |
|  A1_birds_Zonotrichia_albicollis  |     1    |   1.04 (100.00%)   |       N/A        |    Not selected    |    for testing     |
|              Node254              |     2    |    7.93 (15.29%)   |          6       |        3.99        |       0.04989      |
|  A1_birds_Tauraco_erythrolophus   |     1    |   0.33 (100.00%)   |       N/A        |    Not selected    |    for testing     |
|A1_Testudines_Caretta_caretta_12...|     1    |   1.09 (100.00%)   |       N/A        |    Not selected    |    for testing     |
|   A1_mammals_Rattus_norvegicus    |     1    |   0.33 (100.00%)   |       N/A        |    Not selected    |    for testing     |
|A1_mammals_Trichosurus_vulpecula...|     1    |   0.23 (100.00%)   |       N/A        |    Not selected    |    for testing     |
|     A1_birds_Egretta_garzetta     |     1    |   0.37 (100.00%)   |       N/A        |    Not selected    |    for testing     |
|              Node252              |     1    |  10.68 (100.00%)   |       N/A        |        3.39        |       0.06808      |
|              Node73               |     1    |   1.93 (100.00%)   |       N/A        |    Not selected    |    for testing     |
|              Node118              |     1    |   0.48 (100.00%)   |       N/A        |    Not selected    |    for testing     |
|              Node266              |     1    |   1.22 (100.00%)   |       N/A        |        0.08        |       0.44327      |
|A1_Testudines_Malaclemys_terrapi...|     1    |   0.69 (100.00%)   |       N/A        |    Not selected    |    for testing     |
|    A1_birds_Aquila_chrysaetos     |     1    |   0.84 (100.00%)   |       N/A        |    Not selected    |    for testing     |
|A1_Testudines_Malaclemys_terrapi...|     2    |   10.82 ( 9.62%)   |       N/A        |    Not selected    |    for testing     |
|     A1_birds_Nestor_notabilis     |     1    |   0.60 (100.00%)   |       N/A        |    Not selected    |    for testing     |
|      A1_mammals_Mus_musculus      |     1    |   0.18 (100.00%)   |       N/A        |    Not selected    |    for testing     |
|              Node241              |     1    |   3.36 (100.00%)   |       N/A        |    Not selected    |    for testing     |
|A1_like_birds_Passer_domesticus_...|     1    |   0.76 (100.00%)   |       N/A        |        0.00        |       1.00000      |
|A1_Testudines_Dermochelys_coriac...|     1    |   0.93 (100.00%)   |       N/A        |    Not selected    |    for testing     |
|A1_like_birds_Manacus_candei_XM_...|     1    |   2.66 (100.00%)   |       N/A        |        2.08        |       0.13584      |
|               Node6               |     1    |   0.50 (100.00%)   |       N/A        |    Not selected    |    for testing     |
|              Node173              |     1    |   0.66 (100.00%)   |       N/A        |    Not selected    |    for testing     |
|              Node146              |     1    |   0.84 (100.00%)   |       N/A        |    Not selected    |    for testing     |
|A1_Testudines_Dermochelys_coriac...|     1    |   0.25 (100.00%)   |       N/A        |    Not selected    |    for testing     |
|              Node223              |     2    |   >1000 ( 1.00%)   |       N/A        |    Not selected    |    for testing     |
|              Node168              |     2    |  618.67 ( 2.79%)   |       N/A        |    Not selected    |    for testing     |
|A1_like_birds_Poecile_atricapill...|     1    |   0.34 (100.00%)   |       N/A        |        0.00        |       1.00000      |
|A1_Testudines_Dermochelys_coriac...|     1    |   0.40 (100.00%)   |       N/A        |    Not selected    |    for testing     |
|              Node80               |     1    |   0.52 (100.00%)   |       N/A        |    Not selected    |    for testing     |
|              Node144              |     1    |   0.55 (100.00%)   |       N/A        |    Not selected    |    for testing     |
|      A1_mammals_Homo_sapiens      |     1    |   0.33 (100.00%)   |       N/A        |    Not selected    |    for testing     |
|              Node230              |     2    |   49.63 ( 1.83%)   |       N/A        |    Not selected    |    for testing     |
|              Node96               |     1    |   2.20 (100.00%)   |       N/A        |    Not selected    |    for testing     |
|              Node75               |     1    |   1.23 (100.00%)   |       N/A        |    Not selected    |    for testing     |
|              Node169              |     1    |   0.61 (100.00%)   |       N/A        |    Not selected    |    for testing     |
|               Node7               |     1    |   0.12 (100.00%)   |       N/A        |    Not selected    |    for testing     |
|              Node33               |     1    |   1.00 (100.00%)   |       N/A        |    Not selected    |    for testing     |
|              Node210              |     1    |   0.55 (100.00%)   |       N/A        |    Not selected    |    for testing     |
|              Node78               |     1    |  >1000 (100.00%)   |       N/A        |    Not selected    |    for testing     |
|              Node164              |     2    |  145.32 (11.29%)   |       N/A        |    Not selected    |    for testing     |
|              Node14               |     1    |   0.59 (100.00%)   |       N/A        |    Not selected    |    for testing     |
|              Node256              |     1    |   1.48 (100.00%)   |       N/A        |        0.22        |       0.39728      |
|     A1_birds_Eurypyga_helias      |     1    |   2.01 (100.00%)   |       N/A        |    Not selected    |    for testing     |
|A1_Testudines_Dermochelys_coriac...|     1    |   0.68 (100.00%)   |       N/A        |    Not selected    |    for testing     |
|A1_like_birds_Parus_major_XM_015...|     1    |   1.71 (100.00%)   |       N/A        |        0.50        |       0.32859      |
|              Node268              |     1    |   0.34 (100.00%)   |       N/A        |        0.00        |       1.00000      |
|              Node68               |     1    |  >1000 (100.00%)   |       N/A        |    Not selected    |    for testing     |
|A1_mammals_Monodelphis_domestica...|     1    |   0.16 (100.00%)   |       N/A        |    Not selected    |    for testing     |
|              Node212              |     1    |   0.62 (100.00%)   |       N/A        |    Not selected    |    for testing     |
|A1_like_birds_Chiroxiphia_lanceo...|     1    |   0.92 (100.00%)   |       N/A        |        0.00        |       1.00000      |
|              Node139              |     1    |   1.44 (100.00%)   |       N/A        |    Not selected    |    for testing     |
|A1_Testudines_Chelonia_mydas_119...|     1    |   0.79 (100.00%)   |       N/A        |    Not selected    |    for testing     |
|    A1_birds_Erythrura_gouldiae    |     1    |   0.46 (100.00%)   |       N/A        |    Not selected    |    for testing     |
|  A1_mammals_Gracilinanus_agilis   |     1    |   0.36 (100.00%)   |       N/A        |    Not selected    |    for testing     |
|              Node233              |     1    |   0.42 (100.00%)   |       N/A        |    Not selected    |    for testing     |
|              Node209              |     1    |   1.64 (100.00%)   |       N/A        |    Not selected    |    for testing     |
|A1_like_birds_Cyanistes_caeruleu...|     1    |   1.57 (100.00%)   |       N/A        |        0.35        |       0.36201      |
|              Node244              |     1    |  >1000 (100.00%)   |       N/A        |    Not selected    |    for testing     |
|              Node255              |     1    |   0.28 (100.00%)   |       N/A        |        0.00        |       1.00000      |
|              Node51               |     1    |  >1000 (100.00%)   |       N/A        |    Not selected    |    for testing     |
|              Node125              |     1    |   1.77 (100.00%)   |       N/A        |    Not selected    |    for testing     |
|   A1_birds_Corythaeola_cristata   |     1    |   0.30 (100.00%)   |       N/A        |    Not selected    |    for testing     |
|              Node246              |     1    |   1.63 (100.00%)   |       N/A        |    Not selected    |    for testing     |
|              Node251              |     1    |  >1000 (100.00%)   |       N/A        |        5.71        |       0.02065      |
|              Node15               |     1    |   0.44 (100.00%)   |       N/A        |    Not selected    |    for testing     |
|              Node196              |     1    |   0.37 (100.00%)   |       N/A        |    Not selected    |    for testing     |
|              Node219              |     1    |   0.32 (100.00%)   |       N/A        |    Not selected    |    for testing     |
|              Node272              |     1    |   0.25 (100.00%)   |       N/A        |        0.00        |       1.00000      |
|A1_like_birds_Lepidothrix_corona...|     1    |   1.33 (100.00%)   |       N/A        |        0.13        |       0.42417      |
|   A1_birds_Taeniopygia_guttata    |     1    |   0.57 (100.00%)   |       N/A        |    Not selected    |    for testing     |
|    A1_mammals_Vombatus_ursinus    |     1    |   0.27 (100.00%)   |       N/A        |    Not selected    |    for testing     |
|   A1_birds_Aptenodytes_forsteri   |     1    |   0.80 (100.00%)   |       N/A        |    Not selected    |    for testing     |
|A1_like_birds_Melospiza_melodia_...|     1    |   2.41 (100.00%)   |       N/A        |        0.72        |       0.28896      |
|A1_mammals_Phascolarctos_cinereu...|     1    |   0.28 (100.00%)   |       N/A        |    Not selected    |    for testing     |
|              Node227              |     2    |   15.61 ( 3.47%)   |       N/A        |    Not selected    |    for testing     |
|              Node70               |     1    |  >1000 (100.00%)   |       N/A        |    Not selected    |    for testing     |
|              Node121              |     1    |   3.32 (100.00%)   |       N/A        |    Not selected    |    for testing     |
|              Node34               |     1    |   0.13 (100.00%)   |       N/A        |    Not selected    |    for testing     |
|              Node17               |     1    |   1.16 (100.00%)   |       N/A        |    Not selected    |    for testing     |
|              Node236              |     1    |   3.56 (100.00%)   |       N/A        |    Not selected    |    for testing     |
|A1_like_birds_Pseudopodoces_humi...|     2    |   42.55 ( 3.63%)   |          4       |        5.60        |       0.02185      |
|A1_like_birds_Agelaius_phoeniceu...|     1    |  >1000 (100.00%)   |       N/A        |        4.39        |       0.04073      |
|              Node86               |     1    |   2.70 (100.00%)   |       N/A        |    Not selected    |    for testing     |
|              Node46               |     1    |   0.50 (100.00%)   |       N/A        |    Not selected    |    for testing     |
|A1_Testudines_Gopherus_evgoodei_...|     1    |   0.72 (100.00%)   |       N/A        |    Not selected    |    for testing     |
|     A1_birds_Lonchura_striata     |     1    |   0.16 (100.00%)   |       N/A        |    Not selected    |    for testing     |
|     A1_mammals_Neogale_vison      |     2    |   10.76 ( 3.14%)   |       N/A        |    Not selected    |    for testing     |
|A1_Testudines_Mauremys_reevesii_...|     2    |   29.23 ( 1.37%)   |       N/A        |    Not selected    |    for testing     |
|A1_Testudines_Mauremys_reevesii_...|     1    |   0.83 (100.00%)   |       N/A        |    Not selected    |    for testing     |
|              Node90               |     1    |  >1000 (100.00%)   |       N/A        |    Not selected    |    for testing     |
|              Node93               |     1    |  >1000 (100.00%)   |       N/A        |    Not selected    |    for testing     |
|A1_Crocodylia_Alligator_mississi...|     1    |   0.52 (100.00%)   |       N/A        |    Not selected    |    for testing     |
|              Node142              |     1    |   0.42 (100.00%)   |       N/A        |    Not selected    |    for testing     |
|              Node291              |     1    |   3.55 (100.00%)   |       N/A        |        0.65        |       0.29992      |
|              Node85               |     1    |   2.07 (100.00%)   |       N/A        |    Not selected    |    for testing     |
|A1_like_birds_Pipra_filicauda_XM...|     2    |   21.16 ( 3.30%)   |          2       |        3.69        |       0.05848      |
|              Node11               |     1    |   1.23 (100.00%)   |       N/A        |    Not selected    |    for testing     |
|              Node308              |     1    |   1.62 (100.00%)   |       N/A        |        0.18        |       0.40797      |
|              Node82               |     1    |   0.37 (100.00%)   |       N/A        |    Not selected    |    for testing     |
|              Node79               |     1    |   0.77 (100.00%)   |       N/A        |    Not selected    |    for testing     |
|A1_like_birds_Molothrus_aeneus_X...|     1    |  >1000 (100.00%)   |       N/A        |        3.34        |       0.07001      |
|              Node202              |     1    |   0.85 (100.00%)   |       N/A        |    Not selected    |    for testing     |
|A1_mammals_Phacochoerus_africanu...|     1    |   2.47 (100.00%)   |       N/A        |    Not selected    |    for testing     |
|       A1_mammals_Bos_taurus       |     1    |   0.52 (100.00%)   |       N/A        |    Not selected    |    for testing     |
|              Node52               |     1    |   2.09 (100.00%)   |       N/A        |    Not selected    |    for testing     |
|    A1_mammals_Bubalus_bubalis     |     1    |   0.45 (100.00%)   |       N/A        |    Not selected    |    for testing     |
|              Node53               |     1    |   0.19 (100.00%)   |       N/A        |    Not selected    |    for testing     |
|              Node225              |     2    |  107.09 ( 1.44%)   |       N/A        |    Not selected    |    for testing     |
|A1_like_birds_Falco_biarmicus_XM...|     1    |   1.55 (100.00%)   |       N/A        |        0.15        |       0.41892      |
|              Node197              |     1    |   0.50 (100.00%)   |       N/A        |    Not selected    |    for testing     |
|              Node71               |     1    |  >1000 (100.00%)   |       N/A        |    Not selected    |    for testing     |
|              Node131              |     1    |   0.74 (100.00%)   |       N/A        |    Not selected    |    for testing     |
|              Node20               |     1    |   0.38 (100.00%)   |       N/A        |    Not selected    |    for testing     |
|    A1_birds_Anas_platyrhynchos    |     1    |   0.22 (100.00%)   |       N/A        |    Not selected    |    for testing     |
|              Node311              |     1    |   1.14 (100.00%)   |       N/A        |        0.01        |       0.48329      |
|A1_like_birds_Corapipo_altera_XM...|     1    |   0.36 (100.00%)   |       N/A        |        0.00        |       1.00000      |
|              Node218              |     1    |   0.64 (100.00%)   |       N/A        |    Not selected    |    for testing     |
|      A1_mammals_Meles_meles       |     1    |   0.00 (100.00%)   |       N/A        |    Not selected    |    for testing     |
|A1_Crocodylia_Crocodylus_porosus...|     1    |   0.40 (100.00%)   |       N/A        |    Not selected    |    for testing     |
|              Node226              |     1    |   0.97 (100.00%)   |       N/A        |    Not selected    |    for testing     |
|     A1_birds_Aythya_fuligula      |     1    |   0.16 (100.00%)   |       N/A        |    Not selected    |    for testing     |
|              Node138              |     1    |  >1000 (100.00%)   |       N/A        |    Not selected    |    for testing     |
|A1_Testudines_Trachemys_scripta_...|     1    |   1.43 (100.00%)   |       N/A        |    Not selected    |    for testing     |
|A1_like_birds_Falco_naumanni_XM_...|     1    |   1.01 (100.00%)   |       N/A        |       -0.00        |       0.50000      |
|              Node300              |     1    |   0.18 (100.00%)   |       N/A        |        0.00        |       1.00000      |
|              Node113              |     1    |   1.01 (100.00%)   |       N/A        |    Not selected    |    for testing     |
|              Node19               |     1    |   0.10 (100.00%)   |       N/A        |    Not selected    |    for testing     |
|              Node100              |     2    |   >1000 ( 1.56%)   |       N/A        |    Not selected    |    for testing     |
|A1_mammals_Trachypithecus_franco...|     1    |   0.00 (100.00%)   |       N/A        |    Not selected    |    for testing     |
|              Node298              |     1    |   0.97 (100.00%)   |       N/A        |        0.00        |       1.00000      |
|A1_like_birds_Pyrgilauda_ruficol...|     1    |   1.16 (100.00%)   |       N/A        |        0.00        |       0.48922      |
|              Node211              |     1    |  >1000 (100.00%)   |       N/A        |    Not selected    |    for testing     |
|              Node285              |     1    |  >1000 (100.00%)   |       N/A        |        1.66        |       0.17046      |
|              Node213              |     1    |   0.34 (100.00%)   |       N/A        |    Not selected    |    for testing     |
|              Node312              |     1    |  >1000 (100.00%)   |       N/A        |        1.79        |       0.15899      |
|              Node195              |     1    |   1.73 (100.00%)   |       N/A        |    Not selected    |    for testing     |
|              Node274              |     1    |   0.70 (100.00%)   |       N/A        |        0.00        |       1.00000      |
|A1_Testudines_Gopherus_flavomarg...|     1    |   1.06 (100.00%)   |       N/A        |    Not selected    |    for testing     |
|A1_mammals_Canis_lupus_familiari...|     1    |   0.40 (100.00%)   |       N/A        |    Not selected    |    for testing     |
|A1_mammals_Mustela_putorius_furo...|     1    |   0.13 (100.00%)   |       N/A        |    Not selected    |    for testing     |
|A1_Testudines_Caretta_caretta_12...|     1    |   1.20 (100.00%)   |       N/A        |    Not selected    |    for testing     |
|   A1_mammals_Lontra_canadensis    |     1    |   1.14 (100.00%)   |       N/A        |    Not selected    |    for testing     |
|              Node44               |     1    |   0.15 (100.00%)   |       N/A        |    Not selected    |    for testing     |
|       A1_mammals_Sus_scrofa       |     1    |  >1000 (100.00%)   |       N/A        |    Not selected    |    for testing     |
|              Node286              |     1    |  >1000 (100.00%)   |       N/A        |        1.07        |       0.23653      |
|A1_Testudines_Caretta_caretta_12...|     1    |   1.22 (100.00%)   |       N/A        |    Not selected    |    for testing     |
|              Node193              |     1    |   0.37 (100.00%)   |       N/A        |    Not selected    |    for testing     |
|              Node156              |     1    |  >1000 (100.00%)   |       N/A        |    Not selected    |    for testing     |
|              Node224              |     2    |  337.11 ( 0.52%)   |       N/A        |    Not selected    |    for testing     |
|A1_Testudines_Chelonia_mydas_102...|     1    |  >1000 (100.00%)   |       N/A        |    Not selected    |    for testing     |
|              Node290              |     1    |   0.44 (100.00%)   |       N/A        |        0.00        |       1.00000      |
|A1_Testudines_Malaclemys_terrapi...|     1    |  >1000 (100.00%)   |       N/A        |    Not selected    |    for testing     |
|A1_Testudines_Chrysemys_picta_be...|     1    |   0.16 (100.00%)   |       N/A        |    Not selected    |    for testing     |
|              Node30               |     1    |   4.27 (100.00%)   |       N/A        |    Not selected    |    for testing     |
|A1_Testudines_Malaclemys_terrapi...|     1    |   0.73 (100.00%)   |       N/A        |    Not selected    |    for testing     |
|      A1_mammals_Lutra_lutra       |     1    |   0.76 (100.00%)   |       N/A        |    Not selected    |    for testing     |
|              Node31               |     1    |  >1000 (100.00%)   |       N/A        |    Not selected    |    for testing     |
|  A1_mammals_Rhinopithecus_bieti   |     1    |  >1000 (100.00%)   |       N/A        |    Not selected    |    for testing     |
|              Node99               |     1    |  >1000 (100.00%)   |       N/A        |    Not selected    |    for testing     |
|              Node288              |     1    |  >1000 (100.00%)   |       N/A        |        1.13        |       0.22867      |
|              Node161              |     1    |   0.00 (100.00%)   |       N/A        |    Not selected    |    for testing     |
|A1_like_birds_Vidua_macroura_XM_...|     1    |   0.00 (100.00%)   |       N/A        |        0.00        |       1.00000      |
|A1_Testudines_Gopherus_flavomarg...|     1    |   3.75 (100.00%)   |       N/A        |    Not selected    |    for testing     |
|A1_Testudines_Malaclemys_terrapi...|     1    |   0.65 (100.00%)   |       N/A        |    Not selected    |    for testing     |
|              Node102              |     1    |   0.00 (100.00%)   |       N/A        |    Not selected    |    for testing     |
|              Node72               |     1    |  >1000 (100.00%)   |       N/A        |    Not selected    |    for testing     |
|A1_Testudines_Gopherus_evgoodei_...|     1    |   0.00 (100.00%)   |       N/A        |    Not selected    |    for testing     |
|              Node111              |     2    |   >1000 ( 0.79%)   |       N/A        |    Not selected    |    for testing     |
|              Node133              |     1    |  >1000 (100.00%)   |       N/A        |    Not selected    |    for testing     |
|A1_Testudines_Mauremys_reevesii_...|     1    |   0.36 (100.00%)   |       N/A        |    Not selected    |    for testing     |
|              Node129              |     1    |  >1000 (100.00%)   |       N/A        |    Not selected    |    for testing     |
|              Node106              |     1    |  >1000 (100.00%)   |       N/A        |    Not selected    |    for testing     |
|              Node137              |     1    |  >1000 (100.00%)   |       N/A        |    Not selected    |    for testing     |
|              Node117              |     1    |  >1000 (100.00%)   |       N/A        |    Not selected    |    for testing     |
|A1_Testudines_Mauremys_mutica_12...|     1    |  >1000 (100.00%)   |       N/A        |    Not selected    |    for testing     |
|              Node107              |     1    |  >1000 (100.00%)   |       N/A        |    Not selected    |    for testing     |
|              Node103              |     1    |  >1000 (100.00%)   |       N/A        |    Not selected    |    for testing     |
|A1_like_birds_Chroicocephalus_ri...|     1    |  >1000 (100.00%)   |       N/A        |        0.64        |       0.30333      |
|              Node302              |     1    |  >1000 (100.00%)   |       N/A        |        0.63        |       0.30356      |
|A1_Squamata_Candoia_aspera_13449...|     1    |  >1000 (100.00%)   |       N/A        |    Not selected    |    for testing     |
|              Node105              |     1    |  >1000 (100.00%)   |       N/A        |    Not selected    |    for testing     |
|A1_Squamata_A1_Eublepharis_macul...|     1    |  >1000 (100.00%)   |       N/A        |    Not selected    |    for testing     |
|A1_Crocodylia_Alligator_sinensis...|     1    |   0.00 (100.00%)   |       N/A        |    Not selected    |    for testing     |
|              Node104              |     1    |  >1000 (100.00%)   |       N/A        |    Not selected    |    for testing     |
|              Node277              |     1    |  >1000 (100.00%)   |       N/A        |        0.22        |       0.39743      |
|A1_Testudines_Trachemys_scripta_...|     1    |   0.00 (100.00%)   |       N/A        |    Not selected    |    for testing     |
|              Node23               |     1    |  >1000 (100.00%)   |       N/A        |    Not selected    |    for testing     |
|   A1_mammals_Camelus_bactrianus   |     1    |  >1000 (100.00%)   |       N/A        |    Not selected    |    for testing     |
|     A1_mammals_Vulpes_vulpes      |     1    |  >1000 (100.00%)   |       N/A        |    Not selected    |    for testing     |
|              Node198              |     1    |   0.00 (100.00%)   |       N/A        |    Not selected    |    for testing     |
|A1_Testudines_Chrysemys_picta_be...|     1    |   0.00 (100.00%)   |       N/A        |    Not selected    |    for testing     |
|A1_like_birds_Larus_michahellis_...|     1    |   2.19 (100.00%)   |       N/A        |       -0.00        |       0.50000      |
|A1_Testudines_Mauremys_reevesii_...|     1    |   0.24 (100.00%)   |       N/A        |    Not selected    |    for testing     |
|A1_Testudines_Chelonia_mydas_119...|     1    |   3.75 (100.00%)   |       N/A        |    Not selected    |    for testing     |
|A1_like_birds_Rissa_tridactyla_X...|     1    |   0.44 (100.00%)   |       N/A        |        0.00        |       1.00000      |
|A1_Testudines_Mauremys_mutica_12...|     1    |   6.24 (100.00%)   |       N/A        |    Not selected    |    for testing     |
|A1_Squamata_Eublepharis_maculari...|     1    |   3.76 (100.00%)   |       N/A        |    Not selected    |    for testing     |
|A1_Squamata_Candoia_aspera_13449...|     1    |   0.88 (100.00%)   |       N/A        |    Not selected    |    for testing     |
|     A1_mammals_Camelus_ferus      |     1    |   8.43 (100.00%)   |       N/A        |    Not selected    |    for testing     |
|A1_like_birds_Vidua_chalybeata_X...|     1    |   0.29 (100.00%)   |       N/A        |        0.00        |       1.00000      |
----
### Adaptive branch site random effects likelihood test 
Likelihood ratio test for episodic diversifying positive selection at Holm-Bonferroni corrected _p =   0.0500_ found **1** branches under selection among **67** tested.

* A1_like_birds_Pelecanus_crispus_XM_075718768_1, p-value =  0.04285
