
Analysis Description
--------------------
aBSREL (Adaptive branch-site random effects likelihood) uses an adaptive
random effects branch-site model framework to test whether each branch
has evolved under positive selection, using a procedure which infers an
optimal number of rate categories per branch. v2.2 adds support for
multiple-hit models. v2.3 adds support for SRV. v2.5 adds support for
ancestral state reconstruction, identification of sites contributing to
selection signal, and some diagnostics. 

- __Requirements__: in-frame codon alignment and a phylogenetic tree

- __Citation__:  Less Is More: An Adaptive Branch-Site Random Effects Model for
Efficient Detection of Episodic Diversifying Selection (2015). Mol Biol
Evol 32 (5): 1342-1353. 

- __Written by__: Sergei L Kosakovsky Pond, Ben Murrell, Steven Weaver and Temple iGEM /
UCSD viral evolution group

- __Contact Information__: spond@temple.edu

- __Analysis Version__: 2.5

[Advanced option] Bag of little bootstrap alignment resampling rate (permissible range = [0.01,1], default value = 1): blb: 1

>code => Universal
/media/aswin/gene_loss/APOBEC1/selection/positive_selection/gene_tree_based/absrel/apobec1_selection_final.aln.treefile_A1_mammals_as_fg.nwk
apobec1_selection_final.aln.treefile_A1_mammals_as_fg.nwk

>Loaded a multiple sequence alignment with **159** sequences, **297** codons, and **1** partitions from `/media/aswin/gene_loss/APOBEC1/selection/positive_selection/gene_tree_based/absrel/apobec1_selection_final_nuc.msa`

>branches => fg

>multiple-hits => None

>srv => Yes
The number omega rate classes to include in the model (permissible range = [1,10], default value = 3, integer): 
>syn-rates => 3


### * Selected 61 branches for testing: `A1_mammals_Mesocricetus_auratus, A1_mammals_Mus_musculus, A1_mammals_Rattus_norvegicus, Node2, A1_mammals_Oryctolagus_cuniculus, A1_mammals_Homo_sapiens, A1_mammals_Rhinopithecus_bieti, A1_mammals_Trachypithecus_francoisi, Node11, Node9, Node7, A1_mammals_Leopardus_geoffroyi, A1_mammals_Mustela_putorius_furo, A1_mammals_Neogale_vison, Node20, A1_mammals_Lutra_lutra, A1_mammals_Lontra_canadensis, Node23, Node19, A1_mammals_Meles_meles, Node18, A1_mammals_Vulpes_vulpes, A1_mammals_Canis_lupus_familiaris, Node27, Node17, Node15, A1_mammals_Manis_javanica, A1_mammals_Sus_scrofa, A1_mammals_Phacochoerus_africanus, Node35, A1_mammals_Bubalus_bubalis, A1_mammals_Bos_taurus, Node38, Node34, A1_mammals_Camelus_bactrianus, A1_mammals_Camelus_ferus, Node41, Node33, Node31, A1_mammals_Equus_asinus, A1_mammals_Pteropus_medius, A1_mammals_Rhinolophus_ferrumequinum, Node46, Node44, Node30, Node14, Node6, A1_mammals_Phascolarctos_cinereus, A1_mammals_Vombatus_ursinus, Node53, A1_mammals_Trichosurus_vulpecula, Node52, A1_mammals_Dromiciops_gliroides, Node51, A1_mammals_Gracilinanus_agilis, A1_mammals_Monodelphis_domestica, Node58, Node50, A1_mammals_Ornithorhynchus_anatinus, A1_mammals_Tachyglossus_aculeatus, Node62`


### Obtaining branch lengths and nucleotide substitution biases under the nucleotide GTR model

>kill-zero-lengths => Yes

### Deleted 3 zero-length internal branches: `Node101, Node112, Node130`
* Log(L) = -33420.17, AIC-c = 67487.83 (323 estimated parameters)
* 1 partition. Total tree length by partition (subs/site) 13.138

### Fitting the baseline model with a single dN/dS class per branch, and no site-to-site variation. 
* Log(L) = -31897.63, AIC-c = 65099.05 (643 estimated parameters)
* The following rate distribution for site-to-site **synonymous** rate variation was inferred

|               Rate                | Proportion, % |               Notes               |
|-----------------------------------|---------------|-----------------------------------|
|               0.328               |    19.417     |                                   |
|               0.767               |    39.496     |                                   |
|               1.541               |    41.086     |                                   |

* Branch-level non-synonymous/synonymous rate ratio distribution has median  0.72, and 95% of the weight in  0.13 -  5.51

### Determining the optimal number of rate classes per branch using a step up procedure

|              Branch               |  Length  |  Rates   |     Max. dN/dS     |    Log(L)     |     AIC-c     |Best AIC-c so far|
|-----------------------------------|----------|----------|--------------------|---------------|---------------|-----------------|
|              Node62               |   0.70   |    2     |    1.00 (19.01%)   |   -31893.59   |   65095.07    |    65095.07     |
|              Node62               |   0.70   |    3     |  215.76 ( 7.57%)   |   -31892.89   |   65097.78    |    65095.07     |
|              Node167              |   0.55   |    2     |    0.44 (37.54%)   |   -31890.53   |   65093.06    |    65093.06     |
|              Node167              |   0.55   |    3     |    0.44 ( 2.03%)   |   -31890.53   |   65097.17    |    65093.06     |
|              Node249              |   0.54   |    2     |    6.52 (17.80%)   |   -31885.52   |   65087.16    |    65087.16     |
|              Node249              |   0.54   |    3     |    6.57 (17.66%)   |   -31885.52   |   65091.27    |    65087.16     |
|A1_Squamata_A1_Sphaerodactylus_t...|   0.38   |    2     |   49.39 ( 8.17%)   |   -31880.11   |   65080.45    |    65080.45     |
|A1_Squamata_A1_Sphaerodactylus_t...|   0.38   |    3     |   60.13 ( 6.40%)   |   -31879.37   |   65083.08    |    65080.45     |
|              Node189              |   0.37   |    2     |    2.86 (18.51%)   |   -31878.83   |   65082.01    |    65080.45     |
|              Node160              |   0.32   |    2     |    6.39 ( 2.90%)   |   -31879.58   |   65083.51    |    65080.45     |
|              Node184              |   0.25   |    2     |   13.75 (13.05%)   |   -31875.78   |   65075.89    |    65075.89     |
|              Node184              |   0.25   |    3     |   13.79 (12.96%)   |   -31875.78   |   65080.01    |    65075.89     |
|              Node69               |   0.25   |    2     |    1.92 (23.65%)   |   -31870.84   |   65070.13    |    65070.13     |
|              Node69               |   0.25   |    3     |    2.33 (15.42%)   |   -31870.84   |   65074.25    |    65070.13     |
|              Node192              |   0.25   |    2     |    1.00 (56.36%)   |   -31870.12   |   65072.81    |    65070.13     |
|              Node177              |   0.23   |    2     |   39.64 ( 8.22%)   |   -31862.14   |   65056.84    |    65056.84     |
|              Node177              |   0.23   |    3     |   39.41 ( 8.24%)   |   -31862.14   |   65060.96    |    65056.84     |
|A1_Squamata_A1_Sceloporus_undula...|   0.23   |    2     |   10.94 ( 5.73%)   |   -31857.15   |   65050.99    |    65050.99     |
|A1_Squamata_A1_Sceloporus_undula...|   0.23   |    3     |   12.22 ( 5.13%)   |   -31857.09   |   65054.98    |    65050.99     |
|A1_Squamata_Tiliqua_scincoides_1...|   0.23   |    2     |    2.08 (23.85%)   |   -31854.88   |   65050.56    |    65050.56     |
|A1_Squamata_Tiliqua_scincoides_1...|   0.23   |    3     |   12.39 ( 1.64%)   |   -31854.78   |   65054.47    |    65050.56     |
|              Node61               |   0.22   |    2     |    0.86 ( 5.78%)   |   -31854.63   |   65054.16    |    65050.56     |
|              Node170              |   0.19   |    2     |    6.86 ( 6.19%)   |   -31853.17   |   65051.25    |    65050.56     |
|              Node207              |   0.18   |    2     |  163.34 ( 3.21%)   |   -31852.34   |   65049.60    |    65049.60     |
|              Node207              |   0.18   |    3     |  984.75 ( 3.19%)   |   -31852.35   |   65053.72    |    65049.60     |
|              Node65               |   0.18   |    2     |   27.69 (46.52%)   |   -31850.11   |   65049.25    |    65049.25     |
|              Node65               |   0.18   |    3     |   12.62 (34.22%)   |   -31850.18   |   65053.50    |    65049.25     |
|              Node250              |   0.18   |    2     |    2.74 (26.01%)   |   -31848.77   |   65050.68    |    65049.25     |
|A1_like_birds_Chamaea_fasciata_X...|   0.18   |    2     |    2.33 (85.05%)   |   -31850.10   |   65053.35    |    65049.25     |
|A1_mammals_Oryctolagus_cuniculus...|   0.16   |    2     |    0.75 (50.85%)   |   -31849.96   |   65053.06    |    65049.25     |
|              Node50               |   0.15   |    2     |    1.45 (18.35%)   |   -31848.25   |   65049.64    |    65049.25     |
|              Node273              |   0.15   |    2     |    4.68 (43.08%)   |   -31846.37   |   65045.89    |    65045.89     |
|              Node273              |   0.15   |    3     |    4.70 (43.08%)   |   -31846.37   |   65050.01    |    65045.89     |
|    A1_birds_Atlantisia_rogersi    |   0.14   |    2     |    2.89 (17.40%)   |   -31843.22   |   65043.70    |    65043.70     |
|    A1_birds_Atlantisia_rogersi    |   0.14   |    3     |    2.96 (15.80%)   |   -31843.23   |   65047.84    |    65043.70     |
|              Node307              |   0.13   |    2     |   >1000 ( 1.90%)   |   -31840.47   |   65042.32    |    65042.32     |
|              Node307              |   0.13   |    3     |   >1000 ( 1.91%)   |   -31840.48   |   65046.45    |    65042.32     |
|A1_Squamata_Thamnophis_elegans_1...|   0.13   |    2     |   51.64 ( 6.73%)   |   -31831.24   |   65027.96    |    65027.96     |
|A1_Squamata_Thamnophis_elegans_1...|   0.13   |    3     |  287.11 ( 5.36%)   |   -31831.21   |   65032.03    |    65027.96     |
|A1_like_birds_Patagioenas_fascia...|   0.13   |    2     |    5.96 (14.21%)   |   -31827.98   |   65025.57    |    65025.57     |
|A1_like_birds_Patagioenas_fascia...|   0.13   |    3     |    6.06 (13.74%)   |   -31827.99   |   65029.70    |    65025.57     |
|              Node280              |   0.12   |    2     |   10.12 ( 2.96%)   |   -31827.82   |   65029.37    |    65025.57     |
|               Node5               |   0.12   |    2     |   13.08 ( 6.80%)   |   -31822.04   |   65017.81    |    65017.81     |
|               Node5               |   0.12   |    3     |   14.04 ( 6.50%)   |   -31822.07   |   65021.98    |    65017.81     |
|              Node208              |   0.12   |    2     |    0.43 (73.30%)   |   -31822.02   |   65021.87    |    65017.81     |
|              Node178              |   0.12   |    2     |   13.89 ( 7.67%)   |   -31820.05   |   65017.93    |    65017.81     |
|     A1_birds_Alectura_lathami     |   0.12   |    2     |    1.38 (64.71%)   |   -31821.64   |   65021.12    |    65017.81     |
|              Node145              |   0.12   |    2     |   >1000 ( 5.55%)   |   -31809.45   |   64996.74    |    64996.74     |
|              Node145              |   0.12   |    3     |   >1000 ( 5.56%)   |   -31809.45   |   65000.87    |    64996.74     |
|  A1_mammals_Mesocricetus_auratus  |   0.12   |    2     |   17.30 ( 2.63%)   |   -31802.99   |   64987.93    |    64987.93     |
|  A1_mammals_Mesocricetus_auratus  |   0.12   |    3     |   17.18 ( 2.62%)   |   -31802.99   |   64992.05    |    64987.93     |
|A1_Squamata_Crotalus_tigris_1203...|   0.12   |    2     |    0.99 ( 2.31%)   |   -31802.96   |   64992.00    |    64987.93     |
|A1_like_birds_Pelecanus_crispus_...|   0.11   |    2     |    9.61 (18.80%)   |   -31796.89   |   64979.85    |    64979.85     |
|A1_like_birds_Pelecanus_crispus_...|   0.11   |    3     |    9.73 (18.59%)   |   -31796.89   |   64983.97    |    64979.85     |
|A1_like_birds_Strix_uralensis_XM...|   0.11   |    2     |    3.65 (21.73%)   |   -31796.75   |   64983.70    |    64979.85     |
|A1_like_birds_Catharus_ustulatus...|   0.11   |    2     |    7.14 ( 3.65%)   |   -31796.66   |   64983.52    |    64979.85     |
|              Node67               |   0.11   |    2     |  188.61 ( 1.93%)   |   -31796.21   |   64982.62    |    64979.85     |
|       A1_birds_Calypte_anna       |   0.11   |    2     |    0.87 ( 6.04%)   |   -31796.89   |   64983.97    |    64979.85     |
|              Node294              |   0.11   |    2     |    1.14 (75.49%)   |   -31796.77   |   64983.74    |    64979.85     |
|              Node41               |   0.10   |    2     |    0.34 (48.30%)   |   -31796.89   |   64983.97    |    64979.85     |
|      A1_birds_Columba_livia       |   0.10   |    2     |    1.17 (25.76%)   |   -31796.89   |   64983.98    |    64979.85     |
|              Node49               |   0.10   |    2     |   0.16 (100.00%)   |   -31796.89   |   64983.97    |    64979.85     |
|A1_like_birds_Serinus_canaria_XM...|   0.10   |    2     |    0.91 (50.90%)   |   -31796.59   |   64983.37    |    64979.85     |
|    A1_birds_Chaetura_pelagica     |   0.10   |    2     |    8.72 ( 9.68%)   |   -31791.69   |   64973.57    |    64973.57     |
|    A1_birds_Chaetura_pelagica     |   0.10   |    3     |   22.51 ( 4.30%)   |   -31791.48   |   64977.27    |    64973.57     |
|      A1_birds_Merops_nubicus      |   0.10   |    2     |    0.79 (89.54%)   |   -31791.68   |   64977.68    |    64973.57     |
|A1_like_birds_Ficedula_albicolli...|   0.09   |    2     |    2.73 (36.51%)   |   -31790.29   |   64974.89    |    64973.57     |
|              Node35               |   0.09   |    2     |   12.17 ( 1.99%)   |   -31789.94   |   64974.18    |    64973.57     |
|   A1_birds_Acanthisitta_chloris   |   0.09   |    2     |   95.25 ( 0.85%)   |   -31790.98   |   64976.27    |    64973.57     |
|   A1_birds_Apaloderma_vittatum    |   0.09   |    2     |    0.75 (49.07%)   |   -31791.67   |   64977.65    |    64973.57     |
|              Node38               |   0.09   |    2     |    0.61 ( 0.00%)   |   -31791.69   |   64977.68    |    64973.57     |
|   A1_birds_Corvus_moneduloides    |   0.09   |    2     |    2.55 (56.69%)   |   -31791.18   |   64976.67    |    64973.57     |
|              Node181              |   0.08   |    2     |    0.65 (78.10%)   |   -31791.64   |   64977.60    |    64973.57     |
|A1_like_birds_Nyctibius_grandis_...|   0.08   |    2     |    1.04 (35.90%)   |   -31791.69   |   64977.68    |    64973.57     |
|     A1_birds_Colius_striatus      |   0.08   |    2     |    7.41 ( 2.58%)   |   -31790.77   |   64975.85    |    64973.57     |
|    A1_birds_Passer_domesticus     |   0.08   |    2     |    0.65 (25.50%)   |   -31791.69   |   64977.69    |    64973.57     |
|    A1_birds_Stachyris_ruficeps    |   0.08   |    2     |    2.10 (48.35%)   |   -31790.82   |   64975.95    |    64973.57     |
|   A1_birds_Mesitornis_unicolor    |   0.08   |    2     |    9.28 ( 1.47%)   |   -31791.32   |   64976.96    |    64973.57     |
|              Node301              |   0.08   |    2     |    1.05 ( 0.00%)   |   -31791.67   |   64977.66    |    64973.57     |
|     A1_birds_Calidris_pugnax      |   0.08   |    2     |   13.98 ( 3.27%)   |   -31791.17   |   64976.66    |    64973.57     |
|A1_like_birds_Calonectris_boreal...|   0.08   |    2     |    1.00 ( 5.32%)   |   -31791.68   |   64977.68    |    64973.57     |
|     A1_birds_Malurus_cyaneus      |   0.08   |    2     |    3.73 (47.91%)   |   -31790.92   |   64976.14    |    64973.57     |
|              Node240              |   0.08   |    2     |   24.91 ( 7.94%)   |   -31786.96   |   64968.24    |    64968.24     |
|              Node240              |   0.08   |    3     |   29.26 ( 7.00%)   |   -31786.97   |   64972.38    |    64968.24     |
|       A1_birds_Galbula_dea        |   0.08   |    2     |    1.47 (29.19%)   |   -31786.96   |   64972.35    |    64968.24     |
|A1_like_birds_Phalacrocorax_aris...|   0.07   |    2     |   63.54 ( 1.64%)   |   -31785.69   |   64969.82    |    64968.24     |
|               Node9               |   0.07   |    2     |    1.42 (14.34%)   |   -31784.84   |   64968.11    |    64968.11     |
|               Node9               |   0.07   |    3     |    1.42 (14.35%)   |   -31784.84   |   64972.23    |    64968.11     |
|A1_Squamata_A1_Anolis_carolinens...|   0.07   |    2     |   13.42 ( 2.07%)   |   -31783.84   |   64970.23    |    64968.11     |
|  A1_birds_Caprimulgus_europaeus   |   0.07   |    2     |    8.60 ( 2.21%)   |   -31784.24   |   64971.02    |    64968.11     |
|A1_Squamata_Anolis_sagrei_132767...|   0.07   |    2     |    0.36 (24.72%)   |   -31784.84   |   64972.23    |    64968.11     |
|              Node176              |   0.07   |    2     |   27.25 ( 4.95%)   |   -31783.30   |   64969.16    |    64968.11     |
|     A1_birds_Cariama_cristata     |   0.07   |    2     |    8.65 (37.09%)   |   -31782.54   |   64967.63    |    64967.63     |
|     A1_birds_Cariama_cristata     |   0.07   |    3     |    9.43 (32.92%)   |   -31782.57   |   64971.81    |    64967.63     |
|              Node284              |   0.07   |    2     |    3.29 (36.28%)   |   -31782.06   |   64970.79    |    64967.63     |
|     A1_mammals_Manis_javanica     |   0.07   |    2     |    0.28 (30.17%)   |   -31782.54   |   64971.75    |    64967.63     |
|  A1_mammals_Dromiciops_gliroides  |   0.06   |    2     |    0.70 ( 0.00%)   |   -31782.54   |   64971.75    |    64967.63     |
|      A1_mammals_Equus_asinus      |   0.06   |    2     |    0.30 (46.58%)   |   -31782.54   |   64971.75    |    64967.63     |
|  A1_mammals_Leopardus_geoffroyi   |   0.06   |    2     |    0.22 (73.00%)   |   -31782.54   |   64971.75    |    64967.63     |
|   A1_birds_Ficedula_albicollis    |   0.06   |    2     |   0.84 (100.00%)   |   -31782.54   |   64971.75    |    64967.63     |
|A1_mammals_Rhinolophus_ferrumequ...|   0.06   |    2     |    2.12 (23.74%)   |   -31780.48   |   64967.64    |    64967.63     |
|      A1_birds_Falco_cherrug       |   0.06   |    2     |    1.12 ( 4.58%)   |   -31782.54   |   64971.75    |    64967.63     |
|              Node66               |   0.06   |    2     |   50.95 ( 1.96%)   |   -31782.38   |   64971.43    |    64967.63     |
|              Node58               |   0.06   |    2     |    1.89 ( 3.63%)   |   -31782.50   |   64971.68    |    64967.63     |
|              Node77               |   0.06   |    2     |   1.20 (100.00%)   |   -31782.54   |   64971.75    |    64967.63     |
|              Node283              |   0.06   |    2     |    3.70 (21.07%)   |   -31782.36   |   64971.39    |    64967.63     |
|               Node2               |   0.06   |    2     |    2.83 (16.62%)   |   -31780.03   |   64966.74    |    64966.74     |
|               Node2               |   0.06   |    3     |    4.33 ( 7.47%)   |   -31780.05   |   64970.90    |    64966.74     |
|      A1_birds_Gavia_stellata      |   0.06   |    2     |    3.29 (21.78%)   |   -31777.47   |   64965.73    |    64965.73     |
|      A1_birds_Gavia_stellata      |   0.06   |    3     |    3.31 (21.83%)   |   -31777.47   |   64969.86    |    64965.73     |
|   A1_birds_Podilymbus_podiceps    |   0.06   |    2     |    5.36 (28.86%)   |   -31775.10   |   64965.11    |    64965.11     |
|   A1_birds_Podilymbus_podiceps    |   0.06   |    3     |    5.35 (28.92%)   |   -31775.10   |   64969.23    |    64965.11     |
|A1_like_birds_Lonchura_striata_X...|   0.06   |    2     |    1.05 (10.81%)   |   -31775.10   |   64969.23    |    64965.11     |
|    A1_birds_Fulmarus_glacialis    |   0.05   |    2     |    1.60 (22.96%)   |   -31775.10   |   64969.24    |    64965.11     |
|   A1_birds_Opisthocomus_hoazin    |   0.05   |    2     |    2.25 (19.88%)   |   -31775.06   |   64969.15    |    64965.11     |
|A1_Squamata_A1_Podarcis_muralis_...|   0.05   |    2     |    3.92 (76.74%)   |   -31775.08   |   64969.20    |    64965.11     |
|    A1_birds_Manacus_vitellinus    |   0.05   |    2     |    1.31 (39.56%)   |   -31774.74   |   64968.51    |    64965.11     |
|              Node263              |   0.05   |    2     |    3.07 ( 6.10%)   |   -31774.96   |   64968.95    |    64965.11     |
|     A1_birds_Serinus_canaria      |   0.05   |    2     |    0.95 ( 7.25%)   |   -31775.10   |   64969.23    |    64965.11     |
|              Node187              |   0.05   |    2     |    0.80 (74.27%)   |   -31775.10   |   64969.23    |    64965.11     |
|    A1_mammals_Pteropus_medius     |   0.05   |    2     |    0.28 (16.60%)   |   -31775.10   |   64969.23    |    64965.11     |
|              Node253              |   0.05   |    2     |    1.66 (55.45%)   |   -31775.09   |   64969.22    |    64965.11     |
|   A1_birds_Rhynochetos_jubatus    |   0.05   |    2     |   >1000 ( 2.01%)   |   -31771.77   |   64962.57    |    64962.57     |
|   A1_birds_Rhynochetos_jubatus    |   0.05   |    3     |   >1000 ( 2.03%)   |   -31771.77   |   64966.70    |    64962.57     |
|    A1_birds_Phaethon_lepturus     |   0.05   |    2     |   15.87 ( 4.42%)   |   -31768.33   |   64959.81    |    64959.81     |
|    A1_birds_Phaethon_lepturus     |   0.05   |    3     |   15.60 ( 4.50%)   |   -31768.32   |   64963.92    |    64959.81     |
|              Node27               |   0.05   |    2     |    0.52 (16.18%)   |   -31768.32   |   64963.93    |    64959.81     |
|A1_mammals_Ornithorhynchus_anati...|   0.05   |    2     |    3.60 (16.28%)   |   -31767.27   |   64961.82    |    64959.81     |
|A1_Crocodylia_Gavialis_gangeticu...|   0.05   |    2     |  113.00 ( 6.95%)   |   -31745.05   |   64917.39    |    64917.39     |
|A1_Crocodylia_Gavialis_gangeticu...|   0.05   |    3     |  543.54 ( 4.57%)   |   -31742.78   |   64916.95    |    64916.95     |
|A1_Crocodylia_Gavialis_gangeticu...|   0.05   |    4     |  532.79 ( 4.56%)   |   -31742.76   |   64921.05    |    64916.95     |
|              Node152              |   0.05   |    2     |    3.11 (33.98%)   |   -31742.03   |   64919.59    |    64916.95     |
|   A1_birds_Charadrius_vociferus   |   0.05   |    2     |   11.07 ( 4.60%)   |   -31741.58   |   64918.69    |    64916.95     |
|A1_Squamata_A1_Zootoca_vivipara_...|   0.05   |    2     |    2.22 (52.49%)   |   -31742.61   |   64920.74    |    64916.95     |
|A1_birds_Melopsittacus_undulatus...|   0.05   |    2     |    4.24 (28.02%)   |   -31741.58   |   64918.67    |    64916.95     |
|              Node18               |   0.05   |    2     |    0.40 ( 7.56%)   |   -31742.78   |   64921.07    |    64916.95     |
|A1_mammals_Tachyglossus_aculeatu...|   0.05   |    2     |    5.94 (28.30%)   |   -31741.26   |   64918.05    |    64916.95     |
|   A1_birds_Phoenicopterus_ruber   |   0.05   |    2     |   1.15 (100.00%)   |   -31742.78   |   64921.07    |    64916.95     |
|A1_like_birds_Aptenodytes_patago...|   0.05   |    2     |    0.56 (48.34%)   |   -31742.78   |   64921.07    |    64916.95     |
|              Node259              |   0.05   |    2     |    0.51 (74.07%)   |   -31742.78   |   64921.07    |    64916.95     |
|     A1_birds_Anser_cygnoides      |   0.04   |    2     |    6.62 (31.98%)   |   -31742.05   |   64919.62    |    64916.95     |
|    A1_birds_Pelecanus_crispus     |   0.04   |    2     |   20.63 (15.36%)   |   -31737.22   |   64909.95    |    64909.95     |
|    A1_birds_Pelecanus_crispus     |   0.04   |    3     |   20.64 (15.38%)   |   -31737.22   |   64914.08    |    64909.95     |
|A1_like_birds_Zonotrichia_leucop...|   0.04   |    2     |   40.25 ( 1.74%)   |   -31735.94   |   64911.52    |    64909.95     |
|  A1_birds_Zonotrichia_albicollis  |   0.04   |    2     |    6.10 (23.15%)   |   -31735.67   |   64910.99    |    64909.95     |
|              Node254              |   0.04   |    2     |   10.02 (10.64%)   |   -31734.80   |   64909.25    |    64909.25     |
|              Node254              |   0.04   |    3     |    8.82 (12.66%)   |   -31734.80   |   64913.37    |    64909.25     |
|  A1_birds_Tauraco_erythrolophus   |   0.04   |    2     |    0.32 (53.76%)   |   -31734.80   |   64913.38    |    64909.25     |
|A1_Testudines_Caretta_caretta_12...|   0.04   |    2     |    2.23 (47.42%)   |   -31734.72   |   64913.21    |    64909.25     |
|   A1_mammals_Rattus_norvegicus    |   0.04   |    2     |    0.35 (61.84%)   |   -31734.80   |   64913.38    |    64909.25     |
|A1_mammals_Trichosurus_vulpecula...|   0.04   |    2     |    0.24 (50.21%)   |   -31734.80   |   64913.38    |    64909.25     |
|     A1_birds_Egretta_garzetta     |   0.04   |    2     |    0.37 (86.99%)   |   -31734.80   |   64913.38    |    64909.25     |
|              Node252              |   0.04   |    2     |   47.06 (25.05%)   |   -31734.42   |   64912.60    |    64909.25     |
|              Node73               |   0.04   |    2     |    7.47 (27.72%)   |   -31734.12   |   64912.02    |    64909.25     |
|              Node118              |   0.04   |    2     |    0.48 (52.22%)   |   -31734.80   |   64913.38    |    64909.25     |
|              Node266              |   0.04   |    2     |    1.33 (43.34%)   |   -31734.81   |   64913.38    |    64909.25     |
|A1_Testudines_Malaclemys_terrapi...|   0.04   |    2     |    0.67 (30.96%)   |   -31734.80   |   64913.37    |    64909.25     |
|    A1_birds_Aquila_chrysaetos     |   0.04   |    2     |    0.94 ( 0.00%)   |   -31734.80   |   64913.38    |    64909.25     |
|A1_Testudines_Malaclemys_terrapi...|   0.04   |    2     |   10.12 ( 9.75%)   |   -31729.93   |   64903.62    |    64903.62     |
|A1_Testudines_Malaclemys_terrapi...|   0.04   |    3     |   10.21 ( 9.74%)   |   -31729.93   |   64907.75    |    64903.62     |
|     A1_birds_Nestor_notabilis     |   0.04   |    2     |    0.59 (93.65%)   |   -31729.93   |   64907.75    |    64903.62     |
|      A1_mammals_Mus_musculus      |   0.04   |    2     |   0.18 (100.00%)   |   -31729.93   |   64907.75    |    64903.62     |
|              Node241              |   0.04   |    2     |    9.80 (30.61%)   |   -31729.74   |   64907.37    |    64903.62     |
|A1_like_birds_Passer_domesticus_...|   0.03   |    2     |    0.75 (52.41%)   |   -31729.93   |   64907.75    |    64903.62     |
|A1_Testudines_Dermochelys_coriac...|   0.03   |    2     |    3.91 (27.70%)   |   -31729.62   |   64907.14    |    64903.62     |
|A1_like_birds_Manacus_candei_XM_...|   0.03   |    2     |   2.62 (100.00%)   |   -31729.93   |   64907.75    |    64903.62     |
|               Node6               |   0.03   |    2     |    1.06 (46.82%)   |   -31729.87   |   64907.64    |    64903.62     |
|              Node173              |   0.03   |    2     |  112.93 ( 1.67%)   |   -31729.46   |   64906.82    |    64903.62     |
|              Node146              |   0.03   |    2     |    3.18 (27.32%)   |   -31729.16   |   64906.21    |    64903.62     |
|A1_Testudines_Dermochelys_coriac...|   0.03   |    2     |    0.29 ( 6.44%)   |   -31729.93   |   64907.75    |    64903.62     |
|              Node223              |   0.03   |    2     |   >1000 ( 0.98%)   |   -31723.87   |   64895.62    |    64895.62     |
|              Node223              |   0.03   |    3     |   >1000 ( 0.98%)   |   -31723.87   |   64899.75    |    64895.62     |
|              Node168              |   0.03   |    2     |  727.15 ( 2.79%)   |   -31721.40   |   64894.82    |    64894.82     |
|              Node168              |   0.03   |    3     |  707.62 ( 2.80%)   |   -31721.40   |   64898.94    |    64894.82     |
|A1_like_birds_Poecile_atricapill...|   0.03   |    2     |    3.42 (10.40%)   |   -31719.90   |   64895.94    |    64894.82     |
|A1_Testudines_Dermochelys_coriac...|   0.03   |    2     |   0.40 (100.00%)   |   -31721.40   |   64898.94    |    64894.82     |
|              Node80               |   0.03   |    2     |    0.51 (84.58%)   |   -31721.40   |   64898.94    |    64894.82     |
|              Node144              |   0.03   |    2     |    0.54 (51.35%)   |   -31721.38   |   64898.90    |    64894.82     |
|      A1_mammals_Homo_sapiens      |   0.03   |    2     |    0.73 (24.20%)   |   -31721.40   |   64898.93    |    64894.82     |
|              Node230              |   0.03   |    2     |   42.93 ( 2.03%)   |   -31718.97   |   64894.08    |    64894.08     |
|              Node230              |   0.03   |    3     |   45.64 ( 1.95%)   |   -31718.97   |   64898.21    |    64894.08     |
|              Node96               |   0.03   |    2     |   14.15 (16.67%)   |   -31717.57   |   64895.40    |    64894.08     |
|              Node75               |   0.03   |    2     |    1.22 (99.34%)   |   -31718.97   |   64898.20    |    64894.08     |
|              Node169              |   0.03   |    2     |    0.52 (73.24%)   |   -31718.91   |   64898.08    |    64894.08     |
|               Node7               |   0.03   |    2     |    0.12 (60.49%)   |   -31718.97   |   64898.20    |    64894.08     |
|              Node33               |   0.03   |    2     |    8.08 (13.41%)   |   -31717.16   |   64894.58    |    64894.08     |
|              Node210              |   0.02   |    2     |    0.54 (19.60%)   |   -31718.92   |   64898.11    |    64894.08     |
|              Node164              |   0.02   |    2     |  148.99 (10.79%)   |   -31714.64   |   64889.55    |    64889.55     |
|              Node164              |   0.02   |    3     |  159.12 (10.75%)   |   -31714.65   |   64893.69    |    64889.55     |
|              Node78               |   0.02   |    2     |    0.32 (27.66%)   |   -31735.07   |   64934.53    |    64889.55     |
|              Node14               |   0.02   |    2     |    0.60 (76.40%)   |   -31714.62   |   64893.63    |    64889.55     |
|              Node256              |   0.02   |    2     |   1.46 (100.00%)   |   -31714.64   |   64893.68    |    64889.55     |
|     A1_birds_Eurypyga_helias      |   0.02   |    2     |   1.99 (100.00%)   |   -31714.64   |   64893.68    |    64889.55     |
|A1_Testudines_Dermochelys_coriac...|   0.02   |    2     |    4.28 (18.33%)   |   -31714.19   |   64892.78    |    64889.55     |
|A1_like_birds_Parus_major_XM_015...|   0.02   |    2     |   75.52 ( 1.24%)   |   -31713.43   |   64891.26    |    64889.55     |
|              Node268              |   0.02   |    2     |    3.22 (12.68%)   |   -31714.39   |   64893.18    |    64889.55     |
|              Node68               |   0.02   |    2     |   9.07 (100.00%)   |   -31714.64   |   64893.68    |    64889.55     |
|A1_mammals_Monodelphis_domestica...|   0.02   |    2     |   0.16 (100.00%)   |   -31714.64   |   64893.68    |    64889.55     |
|              Node212              |   0.02   |    2     |    0.63 (11.02%)   |   -31714.64   |   64893.68    |    64889.55     |
|A1_like_birds_Chiroxiphia_lanceo...|   0.02   |    2     |    0.90 (96.51%)   |   -31714.64   |   64893.68    |    64889.55     |
|              Node139              |   0.02   |    2     |    7.39 (22.20%)   |   -31714.48   |   64893.34    |    64889.55     |
|A1_Testudines_Chelonia_mydas_119...|   0.02   |    2     |    0.85 ( 0.00%)   |   -31714.64   |   64893.68    |    64889.55     |
|    A1_birds_Erythrura_gouldiae    |   0.02   |    2     |    4.54 (10.47%)   |   -31713.24   |   64890.87    |    64889.55     |
|  A1_mammals_Gracilinanus_agilis   |   0.02   |    2     |    2.09 (19.09%)   |   -31714.63   |   64893.64    |    64889.55     |
|              Node233              |   0.02   |    2     |    0.40 (26.51%)   |   -31714.61   |   64893.61    |    64889.55     |
|              Node209              |   0.02   |    2     |    1.16 (29.34%)   |   -31714.53   |   64893.45    |    64889.55     |
|A1_like_birds_Cyanistes_caeruleu...|   0.02   |    2     |    7.17 (23.17%)   |   -31714.23   |   64892.85    |    64889.55     |
|              Node244              |   0.02   |    2     |   >1000 (12.77%)   |   -31712.22   |   64888.82    |    64888.82     |
|              Node244              |   0.02   |    3     |   >1000 (12.86%)   |   -31712.22   |   64892.95    |    64888.82     |
|              Node255              |   0.02   |    2     |    0.28 (70.65%)   |   -31712.21   |   64892.93    |    64888.82     |
|              Node125              |   0.02   |    2     |   1.74 (100.00%)   |   -31712.21   |   64892.94    |    64888.82     |
|              Node51               |   0.02   |    2     |   >1000 (18.19%)   |   -31711.44   |   64891.40    |    64888.82     |
|   A1_birds_Corythaeola_cristata   |   0.02   |    2     |    0.30 (99.90%)   |   -31712.22   |   64892.95    |    64888.82     |
|              Node246              |   0.02   |    2     |   1.65 (100.00%)   |   -31712.21   |   64892.93    |    64888.82     |
|              Node251              |   0.02   |    2     |    0.39 ( 2.00%)   |   -31715.89   |   64900.30    |    64888.82     |
|              Node15               |   0.02   |    2     |    8.34 ( 5.77%)   |   -31710.30   |   64889.10    |    64888.82     |
|              Node196              |   0.02   |    2     |    0.37 (22.40%)   |   -31712.22   |   64892.95    |    64888.82     |
|              Node219              |   0.02   |    2     |    0.32 (53.17%)   |   -31712.22   |   64892.95    |    64888.82     |
|              Node272              |   0.02   |    2     |   36.07 ( 3.57%)   |   -31710.63   |   64889.77    |    64888.82     |
|A1_like_birds_Lepidothrix_corona...|   0.02   |    2     |    1.35 (69.85%)   |   -31712.22   |   64892.95    |    64888.82     |
|   A1_birds_Taeniopygia_guttata    |   0.02   |    2     |    0.57 (73.80%)   |   -31712.22   |   64892.95    |    64888.82     |
|    A1_mammals_Vombatus_ursinus    |   0.02   |    2     |    0.27 (83.05%)   |   -31712.22   |   64892.95    |    64888.82     |
|   A1_birds_Aptenodytes_forsteri   |   0.02   |    2     |    0.80 (98.00%)   |   -31712.22   |   64892.95    |    64888.82     |
|A1_like_birds_Melospiza_melodia_...|   0.02   |    2     |   27.84 ( 9.86%)   |   -31711.62   |   64891.75    |    64888.82     |
|A1_mammals_Phascolarctos_cinereu...|   0.02   |    2     |    0.29 (65.76%)   |   -31712.22   |   64892.95    |    64888.82     |
|              Node227              |   0.02   |    2     |   15.40 ( 3.53%)   |   -31709.50   |   64887.52    |    64887.52     |
|              Node227              |   0.02   |    3     |   17.77 ( 2.96%)   |   -31709.51   |   64891.65    |    64887.52     |
|              Node70               |   0.02   |    2     |   >1000 ( 7.74%)   |   -31707.60   |   64887.85    |    64887.52     |
|              Node121              |   0.02   |    2     |   3.32 (100.00%)   |   -31709.49   |   64891.62    |    64887.52     |
|              Node34               |   0.02   |    2     |    0.23 (49.29%)   |   -31709.50   |   64891.65    |    64887.52     |
|              Node17               |   0.02   |    2     |   12.00 (10.42%)   |   -31708.28   |   64889.20    |    64887.52     |
|              Node236              |   0.01   |    2     |   3.16 (100.00%)   |   -31709.50   |   64891.64    |    64887.52     |
|A1_like_birds_Pseudopodoces_humi...|   0.01   |    2     |   41.07 ( 3.65%)   |   -31706.37   |   64885.38    |    64885.38     |
|A1_like_birds_Pseudopodoces_humi...|   0.01   |    3     |   41.42 ( 3.65%)   |   -31706.37   |   64889.50    |    64885.38     |
|A1_like_birds_Agelaius_phoeniceu...|   0.01   |    2     |    0.32 (27.66%)   |   -31721.20   |   64919.16    |    64885.38     |
|              Node86               |   0.01   |    2     |   2.64 (100.00%)   |   -31706.37   |   64889.50    |    64885.38     |
|              Node46               |   0.01   |    2     |   25.47 ( 3.60%)   |   -31704.75   |   64886.27    |    64885.38     |
|A1_Testudines_Gopherus_evgoodei_...|   0.01   |    2     |    0.71 (71.52%)   |   -31706.37   |   64889.50    |    64885.38     |
|     A1_birds_Lonchura_striata     |   0.01   |    2     |   0.16 (100.00%)   |   -31706.37   |   64889.50    |    64885.38     |
|     A1_mammals_Neogale_vison      |   0.01   |    2     |   10.53 ( 3.15%)   |   -31703.63   |   64884.03    |    64884.03     |
|     A1_mammals_Neogale_vison      |   0.01   |    3     |   10.60 ( 3.13%)   |   -31703.63   |   64888.16    |    64884.03     |
|A1_Testudines_Mauremys_reevesii_...|   0.01   |    2     |   12.42 ( 3.84%)   |   -31701.35   |   64883.58    |    64883.58     |
|A1_Testudines_Mauremys_reevesii_...|   0.01   |    3     |   18.64 ( 2.29%)   |   -31701.32   |   64887.66    |    64883.58     |
|A1_Testudines_Mauremys_reevesii_...|   0.01   |    2     |    0.71 (49.22%)   |   -31701.34   |   64887.70    |    64883.58     |
|              Node90               |   0.01   |    2     |    0.32 (27.66%)   |   -31707.75   |   64900.52    |    64883.58     |
|              Node93               |   0.01   |    2     |    0.32 (27.66%)   |   -31707.39   |   64899.79    |    64883.58     |
|A1_Crocodylia_Alligator_mississi...|   0.01   |    2     |    0.58 (76.11%)   |   -31701.35   |   64887.71    |    64883.58     |
|              Node142              |   0.01   |    2     |    0.43 (96.62%)   |   -31701.32   |   64887.67    |    64883.58     |
|              Node291              |   0.01   |    2     |   3.47 (100.00%)   |   -31701.33   |   64887.67    |    64883.58     |
|              Node85               |   0.01   |    2     |   2.05 (100.00%)   |   -31701.35   |   64887.71    |    64883.58     |
|A1_like_birds_Pipra_filicauda_XM...|   0.01   |    2     |   21.25 ( 3.33%)   |   -31698.85   |   64882.71    |    64882.71     |
|A1_like_birds_Pipra_filicauda_XM...|   0.01   |    3     |   21.09 ( 3.31%)   |   -31698.85   |   64886.84    |    64882.71     |
|              Node11               |   0.01   |    2     |    1.47 (42.75%)   |   -31698.85   |   64886.84    |    64882.71     |
|              Node308              |   0.01   |    2     |    7.85 (10.20%)   |   -31698.84   |   64886.83    |    64882.71     |
|              Node79               |   0.01   |    2     |    0.80 (50.00%)   |   -31698.85   |   64886.84    |    64882.71     |
|              Node82               |   0.01   |    2     |    0.39 (78.09%)   |   -31698.85   |   64886.84    |    64882.71     |
|A1_like_birds_Molothrus_aeneus_X...|   0.01   |    2     |    0.32 (27.66%)   |   -31708.24   |   64905.62    |    64882.71     |
|              Node202              |   0.01   |    2     |    1.44 ( 0.00%)   |   -31698.85   |   64886.84    |    64882.71     |
|A1_mammals_Phacochoerus_africanu...|   0.01   |    2     |   2.44 (100.00%)   |   -31698.85   |   64886.84    |    64882.71     |
|       A1_mammals_Bos_taurus       |   0.01   |    2     |    0.53 (18.45%)   |   -31698.85   |   64886.84    |    64882.71     |
|              Node52               |   0.01   |    2     |   2.01 (100.00%)   |   -31698.85   |   64886.84    |    64882.71     |
|    A1_mammals_Bubalus_bubalis     |   0.01   |    2     |    0.49 (48.38%)   |   -31698.85   |   64886.84    |    64882.71     |
|              Node53               |   0.01   |    2     |   0.19 (100.00%)   |   -31698.84   |   64886.83    |    64882.71     |
|              Node225              |   0.01   |    2     |   50.44 ( 3.65%)   |   -31696.44   |   64882.02    |    64882.02     |
|              Node225              |   0.01   |    3     |   53.89 ( 3.27%)   |   -31696.43   |   64886.13    |    64882.02     |
|A1_like_birds_Falco_biarmicus_XM...|   0.01   |    2     |    1.73 (63.66%)   |   -31696.44   |   64886.15    |    64882.02     |
|              Node197              |   0.01   |    2     |    0.77 (24.21%)   |   -31696.44   |   64886.15    |    64882.02     |
|              Node71               |   0.01   |    2     |    0.32 (27.66%)   |   -31704.18   |   64901.64    |    64882.02     |
|              Node131              |   0.01   |    2     |   29.43 ( 3.05%)   |   -31696.05   |   64885.37    |    64882.02     |
|              Node20               |   0.01   |    2     |    0.39 (90.94%)   |   -31696.44   |   64886.15    |    64882.02     |
|    A1_birds_Anas_platyrhynchos    |   0.01   |    2     |    0.23 (45.28%)   |   -31696.43   |   64886.14    |    64882.02     |
|              Node311              |   0.01   |    2     |    1.30 (34.87%)   |   -31696.44   |   64886.14    |    64882.02     |
|A1_like_birds_Corapipo_altera_XM...|   0.01   |    2     |    0.40 (74.83%)   |   -31696.44   |   64886.14    |    64882.02     |
|              Node218              |   0.01   |    2     |    0.59 (91.29%)   |   -31696.44   |   64886.14    |    64882.02     |
|      A1_mammals_Meles_meles       |   0.01   |    2     |    0.00 ( 3.16%)   |   -31696.44   |   64886.14    |    64882.02     |
|A1_Crocodylia_Crocodylus_porosus...|   0.01   |    2     |    0.41 (79.12%)   |   -31696.42   |   64886.11    |    64882.02     |
|              Node226              |   0.01   |    2     |    1.01 (11.82%)   |   -31696.43   |   64886.14    |    64882.02     |
|     A1_birds_Aythya_fuligula      |   0.01   |    2     |    0.16 (99.68%)   |   -31696.43   |   64886.14    |    64882.02     |
|A1_Testudines_Trachemys_scripta_...|   0.01   |    2     |    2.02 (50.58%)   |   -31696.44   |   64886.14    |    64882.02     |
|              Node138              |   0.01   |    2     |    0.32 (27.66%)   |   -31700.60   |   64894.48    |    64882.02     |
|A1_like_birds_Falco_naumanni_XM_...|   0.01   |    2     |    1.03 ( 9.86%)   |   -31696.44   |   64886.14    |    64882.02     |
|              Node300              |   0.01   |    2     |    0.18 (95.80%)   |   -31696.43   |   64886.13    |    64882.02     |
|              Node113              |   0.01   |    2     |    1.12 (49.72%)   |   -31696.44   |   64886.15    |    64882.02     |
|              Node19               |   0.01   |    2     |    0.20 (50.67%)   |   -31696.44   |   64886.14    |    64882.02     |
|              Node100              |   0.01   |    2     |   >1000 ( 1.58%)   |   -31693.00   |   64879.27    |    64879.27     |
|              Node100              |   0.01   |    3     |   >1000 ( 1.57%)   |   -31693.00   |   64883.39    |    64879.27     |
|A1_mammals_Trachypithecus_franco...|   0.01   |    2     |    0.00 ( 3.16%)   |   -31693.00   |   64883.39    |    64879.27     |
|              Node298              |   0.01   |    2     |    1.06 (40.69%)   |   -31693.00   |   64883.39    |    64879.27     |
|A1_like_birds_Pyrgilauda_ruficol...|   0.01   |    2     |    1.39 (37.51%)   |   -31693.00   |   64883.39    |    64879.27     |
|              Node211              |   0.01   |    2     |  >1000 (100.00%)   |   -31692.99   |   64883.39    |    64879.27     |
|              Node285              |   0.01   |    2     |   >1000 (38.80%)   |   -31693.06   |   64883.51    |    64879.27     |
|              Node213              |   0.01   |    2     |    0.48 (48.11%)   |   -31693.00   |   64883.40    |    64879.27     |
|              Node312              |   0.01   |    2     |   >1000 ( 5.90%)   |   -31692.69   |   64882.78    |    64879.27     |
|              Node195              |   0.01   |    2     |    5.45 (15.12%)   |   -31693.00   |   64883.40    |    64879.27     |
|              Node274              |   0.01   |    2     |    0.80 (75.07%)   |   -31693.00   |   64883.39    |    64879.27     |
|A1_Testudines_Gopherus_flavomarg...|   0.01   |    2     |    1.16 (45.53%)   |   -31693.00   |   64883.40    |    64879.27     |
|A1_mammals_Canis_lupus_familiari...|   0.01   |    2     |   0.40 (100.00%)   |   -31693.00   |   64883.39    |    64879.27     |
|A1_mammals_Mustela_putorius_furo...|   0.01   |    2     |    0.51 (24.23%)   |   -31693.00   |   64883.39    |    64879.27     |
|A1_Testudines_Caretta_caretta_12...|   0.01   |    2     |    1.30 (59.29%)   |   -31693.00   |   64883.39    |    64879.27     |
|   A1_mammals_Lontra_canadensis    |   0.01   |    2     |    1.29 (39.93%)   |   -31693.00   |   64883.40    |    64879.27     |
|              Node44               |   0.01   |    2     |    0.19 (75.06%)   |   -31693.00   |   64883.40    |    64879.27     |
|              Node286              |   0.01   |    2     |   >1000 (39.11%)   |   -31693.01   |   64883.41    |    64879.27     |
|       A1_mammals_Sus_scrofa       |   0.01   |    2     |    0.32 (27.66%)   |   -31698.60   |   64894.60    |    64879.27     |
|A1_Testudines_Caretta_caretta_12...|   0.01   |    2     |    1.35 (61.44%)   |   -31693.00   |   64883.40    |    64879.27     |
|              Node193              |   0.01   |    2     |    0.39 (95.13%)   |   -31692.99   |   64883.39    |    64879.27     |
|              Node156              |   0.01   |    2     |   40.90 (47.75%)   |   -31693.00   |   64883.39    |    64879.27     |
|              Node224              |   0.00   |    2     |  319.54 ( 0.52%)   |   -31688.82   |   64875.03    |    64875.03     |
|              Node224              |   0.00   |    3     |  324.41 ( 0.51%)   |   -31688.83   |   64879.18    |    64875.03     |
|A1_Testudines_Chelonia_mydas_102...|   0.00   |    2     |   >1000 (83.98%)   |   -31688.82   |   64879.16    |    64875.03     |
|              Node290              |   0.00   |    2     |    0.74 (49.00%)   |   -31688.82   |   64879.16    |    64875.03     |
|A1_Testudines_Malaclemys_terrapi...|   0.00   |    2     |  >1000 (100.00%)   |   -31688.82   |   64879.16    |    64875.03     |
|A1_Testudines_Chrysemys_picta_be...|   0.00   |    2     |    0.20 (80.00%)   |   -31688.81   |   64879.16    |    64875.03     |
|              Node30               |   0.00   |    2     |  590.98 ( 1.67%)   |   -31685.62   |   64872.76    |    64872.76     |
|              Node30               |   0.00   |    3     |   >1000 ( 1.70%)   |   -31685.61   |   64876.87    |    64872.76     |
|A1_Testudines_Malaclemys_terrapi...|   0.00   |    2     |    0.77 (72.32%)   |   -31685.62   |   64876.89    |    64872.76     |
|      A1_mammals_Lutra_lutra       |   0.00   |    2     |    0.79 (94.51%)   |   -31685.62   |   64876.89    |    64872.76     |
|              Node31               |   0.00   |    2     |   40.78 (54.12%)   |   -31685.63   |   64876.91    |    64872.76     |
|  A1_mammals_Rhinopithecus_bieti   |   0.00   |    2     |   1.00 (100.00%)   |   -31686.45   |   64878.55    |    64872.76     |
|              Node99               |   0.00   |    2     |    0.32 (27.66%)   |   -31688.27   |   64882.21    |    64872.76     |
|              Node288              |   0.00   |    2     |    0.32 (27.66%)   |   -31688.04   |   64881.74    |    64872.76     |
|              Node161              |   0.00   |    2     |    0.00 ( 1.66%)   |   -31685.60   |   64876.86    |    64872.76     |
|A1_like_birds_Vidua_macroura_XM_...|   0.00   |    2     |    0.00 ( 3.34%)   |   -31685.62   |   64876.89    |    64872.76     |
|A1_Testudines_Gopherus_flavomarg...|   0.00   |    2     |    1.98 (50.97%)   |   -31685.60   |   64876.86    |    64872.76     |
|A1_Testudines_Malaclemys_terrapi...|   0.00   |    2     |    0.74 (24.00%)   |   -31685.62   |   64876.89    |    64872.76     |
|              Node102              |   0.00   |    2     |    0.00 ( 3.23%)   |   -31685.62   |   64876.89    |    64872.76     |
|              Node72               |   0.00   |    2     |    0.32 (27.66%)   |   -31687.41   |   64880.48    |    64872.76     |
|A1_Testudines_Gopherus_evgoodei_...|   0.00   |    2     |    0.00 ( 2.34%)   |   -31685.61   |   64876.88    |    64872.76     |
|              Node111              |   0.00   |    2     |   >1000 ( 0.78%)   |   -31681.31   |   64868.27    |    64868.27     |
|              Node111              |   0.00   |    3     |   >1000 ( 0.78%)   |   -31681.31   |   64872.40    |    64868.27     |
|              Node133              |   0.00   |    2     |    0.39 ( 2.00%)   |   -31682.76   |   64875.31    |    64868.27     |
|A1_Testudines_Mauremys_reevesii_...|   0.00   |    2     |    0.39 (76.59%)   |   -31681.31   |   64872.40    |    64868.27     |
|              Node129              |   0.00   |    2     |  >1000 (100.00%)   |   -31681.21   |   64872.20    |    64868.27     |
|              Node106              |   0.00   |    2     |    0.32 (27.66%)   |   -31683.38   |   64876.55    |    64868.27     |
|              Node137              |   0.00   |    2     |    0.32 (27.66%)   |   -31682.51   |   64874.80    |    64868.27     |
|              Node117              |   0.00   |    2     |    0.39 ( 2.00%)   |   -31682.48   |   64874.75    |    64868.27     |
|A1_Testudines_Mauremys_mutica_12...|   0.00   |    2     |  230.82 (97.71%)   |   -31681.31   |   64872.40    |    64868.27     |
|              Node107              |   0.00   |    2     |    0.25 ( 2.00%)   |   -31681.89   |   64873.56    |    64868.27     |
|              Node103              |   0.00   |    2     |    0.32 (27.66%)   |   -31682.63   |   64875.05    |    64868.27     |
|A1_like_birds_Chroicocephalus_ri...|   0.00   |    2     |  775.93 (100.00%)  |   -31681.31   |   64872.40    |    64868.27     |
|              Node302              |   0.00   |    2     |  900.55 (100.00%)  |   -31681.31   |   64872.40    |    64868.27     |
|A1_Squamata_Candoia_aspera_13449...|   0.00   |    2     |  >1000 (100.00%)   |   -31681.31   |   64872.40    |    64868.27     |
|              Node105              |   0.00   |    2     |  >1000 (100.00%)   |   -31681.31   |   64872.40    |    64868.27     |
|A1_Squamata_A1_Eublepharis_macul...|   0.00   |    2     |   >1000 (75.71%)   |   -31681.31   |   64872.40    |    64868.27     |
|A1_Crocodylia_Alligator_sinensis...|   0.00   |    2     |    0.00 ( 5.00%)   |   -31681.31   |   64872.40    |    64868.27     |
|              Node104              |   0.00   |    2     |    0.32 (27.66%)   |   -31682.82   |   64875.42    |    64868.27     |
|              Node277              |   0.00   |    2     |    0.25 (51.00%)   |   -31681.60   |   64873.00    |    64868.27     |
|A1_Testudines_Trachemys_scripta_...|   0.00   |    2     |    0.00 ( 5.00%)   |   -31681.31   |   64872.40    |    64868.27     |
|              Node23               |   0.00   |    2     |  570.70 (62.26%)   |   -31681.30   |   64872.40    |    64868.27     |
|   A1_mammals_Camelus_bactrianus   |   0.00   |    2     |   1.00 (100.00%)   |   -31681.63   |   64873.05    |    64868.27     |
|     A1_mammals_Vulpes_vulpes      |   0.00   |    2     |    0.32 (27.66%)   |   -31682.36   |   64874.52    |    64868.27     |
|              Node198              |   0.00   |    2     |    0.00 ( 0.00%)   |   -31681.31   |   64872.40    |    64868.27     |
|A1_Testudines_Chrysemys_picta_be...|   0.00   |    2     |    0.00 ( 5.00%)   |   -31681.31   |   64872.40    |    64868.27     |
|     A1_mammals_Camelus_ferus      |   0.00   |    2     |    0.25 ( 2.00%)   |   -31681.31   |   64872.40    |    64868.27     |
|A1_Testudines_Mauremys_reevesii_...|   0.00   |    2     |    0.25 (51.00%)   |   -31681.31   |   64872.40    |    64868.27     |
|A1_Testudines_Chelonia_mydas_119...|   0.00   |    2     |    0.25 (51.00%)   |   -31681.31   |   64872.40    |    64868.27     |
|A1_like_birds_Rissa_tridactyla_X...|   0.00   |    2     |    0.25 (51.00%)   |   -31681.31   |   64872.40    |    64868.27     |
|A1_Testudines_Mauremys_mutica_12...|   0.00   |    2     |    0.25 ( 2.00%)   |   -31681.31   |   64872.40    |    64868.27     |
|A1_Squamata_Eublepharis_maculari...|   0.00   |    2     |    0.25 ( 2.00%)   |   -31681.31   |   64872.40    |    64868.27     |
|A1_Squamata_Candoia_aspera_13449...|   0.00   |    2     |    0.25 ( 2.00%)   |   -31681.31   |   64872.40    |    64868.27     |
|A1_like_birds_Larus_michahellis_...|   0.00   |    2     |    0.25 (51.00%)   |   -31681.31   |   64872.40    |    64868.27     |
|A1_like_birds_Vidua_chalybeata_X...|   0.00   |    2     |    0.39 ( 2.00%)   |   -31681.31   |   64872.40    |    64868.27     |

### Rate class analyses summary
*  47 branches with **2** rate classes
*  264 branches with **1** rate classes
*  1 branches with **3** rate classes

### Improving parameter estimates of the adaptive rate class model
* Log(L) = -31673.86, AIC-c = 64853.37 (741 estimated parameters)
* The following rate distribution for site-to-site **synonymous** rate variation was inferred

|               Rate                | Proportion, % |               Notes               |
|-----------------------------------|---------------|-----------------------------------|
|               0.306               |    17.176     |                                   |
|               0.741               |    42.540     |                                   |
|               1.569               |    40.283     |                                   |


### Testing selected branches for selection

|              Branch               |  Rates   |     Max. dN/dS     | Sites @ EBF>=100 |      Test LRT      |Uncorrected p-value |
|-----------------------------------|----------|--------------------|------------------|--------------------|--------------------|
|              Node62               |     2    |    1.00 (18.65%)   |       N/A        |        0.00        |       1.00000      |
|              Node167              |     2    |    0.44 (36.88%)   |       N/A        |    Not selected    |    for testing     |
|              Node249              |     2    |    8.37 (18.44%)   |       N/A        |    Not selected    |    for testing     |
|A1_Squamata_A1_Sphaerodactylus_t...|     2    |   79.66 (10.02%)   |       N/A        |    Not selected    |    for testing     |
|              Node189              |     1    |   0.80 (100.00%)   |       N/A        |    Not selected    |    for testing     |
|              Node160              |     1    |   0.32 (100.00%)   |       N/A        |    Not selected    |    for testing     |
|              Node184              |     2    |   19.03 (11.78%)   |       N/A        |    Not selected    |    for testing     |
|              Node69               |     2    |    2.14 (24.81%)   |       N/A        |    Not selected    |    for testing     |
|              Node192              |     1    |   0.56 (100.00%)   |       N/A        |    Not selected    |    for testing     |
|              Node177              |     2    |   43.48 ( 8.63%)   |       N/A        |    Not selected    |    for testing     |
|A1_Squamata_A1_Sceloporus_undula...|     2    |   17.52 ( 5.41%)   |       N/A        |    Not selected    |    for testing     |
|A1_Squamata_Tiliqua_scincoides_1...|     2    |    1.81 (28.63%)   |       N/A        |    Not selected    |    for testing     |
|              Node61               |     1    |   0.03 (100.00%)   |       N/A        |    Not selected    |    for testing     |
|              Node170              |     1    |   0.52 (100.00%)   |       N/A        |    Not selected    |    for testing     |
|              Node207              |     2    |  140.26 ( 3.21%)   |       N/A        |    Not selected    |    for testing     |
|              Node65               |     2    |   26.44 (48.21%)   |       N/A        |    Not selected    |    for testing     |
|              Node250              |     1    |   0.78 (100.00%)   |       N/A        |    Not selected    |    for testing     |
|A1_like_birds_Chamaea_fasciata_X...|     1    |   2.14 (100.00%)   |       N/A        |    Not selected    |    for testing     |
|A1_mammals_Oryctolagus_cuniculus...|     1    |   0.48 (100.00%)   |       N/A        |        0.00        |       1.00000      |
|              Node50               |     1    |   0.30 (100.00%)   |       N/A        |        0.00        |       1.00000      |
|              Node273              |     2    |    5.24 (41.04%)   |       N/A        |    Not selected    |    for testing     |
|    A1_birds_Atlantisia_rogersi    |     2    |    3.14 (16.58%)   |       N/A        |    Not selected    |    for testing     |
|              Node307              |     2    |   >1000 ( 1.94%)   |       N/A        |    Not selected    |    for testing     |
|A1_Squamata_Thamnophis_elegans_1...|     2    |   48.85 ( 7.02%)   |       N/A        |    Not selected    |    for testing     |
|A1_like_birds_Patagioenas_fascia...|     2    |    5.85 (15.15%)   |       N/A        |    Not selected    |    for testing     |
|              Node280              |     1    |   1.17 (100.00%)   |       N/A        |    Not selected    |    for testing     |
|               Node5               |     2    |   10.84 ( 7.41%)   |       N/A        |    Not selected    |    for testing     |
|              Node208              |     1    |   0.35 (100.00%)   |       N/A        |    Not selected    |    for testing     |
|              Node178              |     1    |   1.17 (100.00%)   |       N/A        |    Not selected    |    for testing     |
|     A1_birds_Alectura_lathami     |     1    |   0.88 (100.00%)   |       N/A        |    Not selected    |    for testing     |
|              Node145              |     2    |   >1000 ( 5.65%)   |       N/A        |    Not selected    |    for testing     |
|  A1_mammals_Mesocricetus_auratus  |     2    |   18.58 ( 2.39%)   |          4       |        7.66        |       0.00764      |
|A1_Squamata_Crotalus_tigris_1203...|     1    |   0.96 (100.00%)   |       N/A        |    Not selected    |    for testing     |
|A1_like_birds_Pelecanus_crispus_...|     2    |   10.19 (18.14%)   |       N/A        |    Not selected    |    for testing     |
|A1_like_birds_Strix_uralensis_XM...|     1    |   1.57 (100.00%)   |       N/A        |    Not selected    |    for testing     |
|A1_like_birds_Catharus_ustulatus...|     1    |   0.86 (100.00%)   |       N/A        |    Not selected    |    for testing     |
|              Node67               |     1    |   0.24 (100.00%)   |       N/A        |    Not selected    |    for testing     |
|       A1_birds_Calypte_anna       |     1    |   0.89 (100.00%)   |       N/A        |    Not selected    |    for testing     |
|              Node294              |     1    |   0.84 (100.00%)   |       N/A        |    Not selected    |    for testing     |
|              Node41               |     1    |   0.33 (100.00%)   |       N/A        |        0.00        |       1.00000      |
|      A1_birds_Columba_livia       |     1    |   1.07 (100.00%)   |       N/A        |    Not selected    |    for testing     |
|              Node49               |     1    |   0.16 (100.00%)   |       N/A        |    Not selected    |    for testing     |
|A1_like_birds_Serinus_canaria_XM...|     1    |   0.48 (100.00%)   |       N/A        |    Not selected    |    for testing     |
|    A1_birds_Chaetura_pelagica     |     2    |    9.48 ( 9.11%)   |       N/A        |    Not selected    |    for testing     |
|      A1_birds_Merops_nubicus      |     1    |   0.74 (100.00%)   |       N/A        |    Not selected    |    for testing     |
|A1_like_birds_Ficedula_albicolli...|     1    |   0.82 (100.00%)   |       N/A        |    Not selected    |    for testing     |
|              Node35               |     1    |   0.23 (100.00%)   |       N/A        |        0.00        |       1.00000      |
|   A1_birds_Acanthisitta_chloris   |     1    |   0.64 (100.00%)   |       N/A        |    Not selected    |    for testing     |
|   A1_birds_Apaloderma_vittatum    |     1    |   0.67 (100.00%)   |       N/A        |    Not selected    |    for testing     |
|              Node38               |     1    |   0.59 (100.00%)   |       N/A        |        0.00        |       1.00000      |
|   A1_birds_Corvus_moneduloides    |     1    |   1.33 (100.00%)   |       N/A        |    Not selected    |    for testing     |
|              Node181              |     1    |   0.56 (100.00%)   |       N/A        |    Not selected    |    for testing     |
|A1_like_birds_Nyctibius_grandis_...|     1    |   1.02 (100.00%)   |       N/A        |    Not selected    |    for testing     |
|     A1_birds_Colius_striatus      |     1    |   0.45 (100.00%)   |       N/A        |    Not selected    |    for testing     |
|    A1_birds_Passer_domesticus     |     1    |   0.65 (100.00%)   |       N/A        |    Not selected    |    for testing     |
|    A1_birds_Stachyris_ruficeps    |     1    |   0.95 (100.00%)   |       N/A        |    Not selected    |    for testing     |
|   A1_birds_Mesitornis_unicolor    |     1    |   0.87 (100.00%)   |       N/A        |    Not selected    |    for testing     |
|              Node301              |     1    |   0.94 (100.00%)   |       N/A        |    Not selected    |    for testing     |
|     A1_birds_Calidris_pugnax      |     1    |   1.27 (100.00%)   |       N/A        |    Not selected    |    for testing     |
|A1_like_birds_Calonectris_boreal...|     1    |   0.91 (100.00%)   |       N/A        |    Not selected    |    for testing     |
|     A1_birds_Malurus_cyaneus      |     1    |   1.59 (100.00%)   |       N/A        |    Not selected    |    for testing     |
|              Node240              |     2    |   31.64 ( 5.98%)   |       N/A        |    Not selected    |    for testing     |
|       A1_birds_Galbula_dea        |     1    |   1.11 (100.00%)   |       N/A        |    Not selected    |    for testing     |
|A1_like_birds_Phalacrocorax_aris...|     1    |   1.45 (100.00%)   |       N/A        |    Not selected    |    for testing     |
|               Node9               |     2    |    1.51 (13.48%)   |          9       |        0.26        |       0.38587      |
|A1_Squamata_A1_Anolis_carolinens...|     1    |   0.62 (100.00%)   |       N/A        |    Not selected    |    for testing     |
|  A1_birds_Caprimulgus_europaeus   |     1    |   0.59 (100.00%)   |       N/A        |    Not selected    |    for testing     |
|A1_Squamata_Anolis_sagrei_132767...|     1    |   0.36 (100.00%)   |       N/A        |    Not selected    |    for testing     |
|              Node176              |     1    |   0.74 (100.00%)   |       N/A        |    Not selected    |    for testing     |
|     A1_birds_Cariama_cristata     |     2    |    9.38 (35.53%)   |       N/A        |    Not selected    |    for testing     |
|              Node284              |     1    |   1.02 (100.00%)   |       N/A        |    Not selected    |    for testing     |
|     A1_mammals_Manis_javanica     |     1    |   0.26 (100.00%)   |       N/A        |        0.00        |       1.00000      |
|  A1_mammals_Dromiciops_gliroides  |     1    |   0.60 (100.00%)   |       N/A        |        0.00        |       1.00000      |
|      A1_mammals_Equus_asinus      |     1    |   0.30 (100.00%)   |       N/A        |        0.00        |       1.00000      |
|  A1_mammals_Leopardus_geoffroyi   |     1    |   0.22 (100.00%)   |       N/A        |        0.00        |       1.00000      |
|   A1_birds_Ficedula_albicollis    |     1    |   0.85 (100.00%)   |       N/A        |    Not selected    |    for testing     |
|A1_mammals_Rhinolophus_ferrumequ...|     1    |   0.42 (100.00%)   |       N/A        |        0.00        |       1.00000      |
|      A1_birds_Falco_cherrug       |     1    |   0.85 (100.00%)   |       N/A        |    Not selected    |    for testing     |
|              Node66               |     1    |   0.42 (100.00%)   |       N/A        |    Not selected    |    for testing     |
|              Node58               |     1    |   0.27 (100.00%)   |       N/A        |        0.00        |       1.00000      |
|              Node77               |     1    |   1.22 (100.00%)   |       N/A        |    Not selected    |    for testing     |
|              Node283              |     1    |   0.48 (100.00%)   |       N/A        |    Not selected    |    for testing     |
|               Node2               |     2    |    2.91 (16.62%)   |          7       |        1.69        |       0.16732      |
|      A1_birds_Gavia_stellata      |     2    |    3.29 (22.04%)   |       N/A        |    Not selected    |    for testing     |
|   A1_birds_Podilymbus_podiceps    |     2    |    5.34 (29.12%)   |       N/A        |    Not selected    |    for testing     |
|A1_like_birds_Lonchura_striata_X...|     1    |   1.01 (100.00%)   |       N/A        |    Not selected    |    for testing     |
|    A1_birds_Fulmarus_glacialis    |     1    |   1.17 (100.00%)   |       N/A        |    Not selected    |    for testing     |
|   A1_birds_Opisthocomus_hoazin    |     1    |   1.06 (100.00%)   |       N/A        |    Not selected    |    for testing     |
|A1_Squamata_A1_Podarcis_muralis_...|     1    |   3.22 (100.00%)   |       N/A        |    Not selected    |    for testing     |
|    A1_birds_Manacus_vitellinus    |     1    |   0.50 (100.00%)   |       N/A        |    Not selected    |    for testing     |
|              Node263              |     1    |   0.12 (100.00%)   |       N/A        |    Not selected    |    for testing     |
|     A1_birds_Serinus_canaria      |     1    |   0.95 (100.00%)   |       N/A        |    Not selected    |    for testing     |
|              Node187              |     1    |   0.76 (100.00%)   |       N/A        |    Not selected    |    for testing     |
|    A1_mammals_Pteropus_medius     |     1    |   0.28 (100.00%)   |       N/A        |        0.00        |       1.00000      |
|              Node253              |     1    |   1.18 (100.00%)   |       N/A        |    Not selected    |    for testing     |
|   A1_birds_Rhynochetos_jubatus    |     2    |   >1000 ( 2.04%)   |       N/A        |    Not selected    |    for testing     |
|    A1_birds_Phaethon_lepturus     |     2    |   15.10 ( 4.70%)   |       N/A        |    Not selected    |    for testing     |
|              Node27               |     1    |   0.52 (100.00%)   |       N/A        |        0.00        |       1.00000      |
|A1_mammals_Ornithorhynchus_anati...|     1    |   0.42 (100.00%)   |       N/A        |        0.00        |       1.00000      |
|A1_Crocodylia_Gavialis_gangeticu...|     3    |  559.98 ( 4.58%)   |       N/A        |    Not selected    |    for testing     |
|              Node152              |     1    |   0.99 (100.00%)   |       N/A        |    Not selected    |    for testing     |
|   A1_birds_Charadrius_vociferus   |     1    |   0.90 (100.00%)   |       N/A        |    Not selected    |    for testing     |
|A1_Squamata_A1_Zootoca_vivipara_...|     1    |   1.10 (100.00%)   |       N/A        |    Not selected    |    for testing     |
|A1_birds_Melopsittacus_undulatus...|     1    |   1.08 (100.00%)   |       N/A        |    Not selected    |    for testing     |
|              Node18               |     1    |   0.40 (100.00%)   |       N/A        |        0.00        |       1.00000      |
|A1_mammals_Tachyglossus_aculeatu...|     1    |   1.47 (100.00%)   |       N/A        |        0.13        |       0.42415      |
|   A1_birds_Phoenicopterus_ruber   |     1    |   1.16 (100.00%)   |       N/A        |    Not selected    |    for testing     |
|A1_like_birds_Aptenodytes_patago...|     1    |   0.56 (100.00%)   |       N/A        |    Not selected    |    for testing     |
|              Node259              |     1    |   0.52 (100.00%)   |       N/A        |    Not selected    |    for testing     |
|     A1_birds_Anser_cygnoides      |     1    |   1.66 (100.00%)   |       N/A        |    Not selected    |    for testing     |
|    A1_birds_Pelecanus_crispus     |     2    |   21.21 (15.25%)   |       N/A        |    Not selected    |    for testing     |
|A1_like_birds_Zonotrichia_leucop...|     1    |   0.81 (100.00%)   |       N/A        |    Not selected    |    for testing     |
|  A1_birds_Zonotrichia_albicollis  |     1    |   1.04 (100.00%)   |       N/A        |    Not selected    |    for testing     |
|              Node254              |     2    |    8.13 (14.82%)   |       N/A        |    Not selected    |    for testing     |
|  A1_birds_Tauraco_erythrolophus   |     1    |   0.33 (100.00%)   |       N/A        |    Not selected    |    for testing     |
|A1_Testudines_Caretta_caretta_12...|     1    |   1.10 (100.00%)   |       N/A        |    Not selected    |    for testing     |
|   A1_mammals_Rattus_norvegicus    |     1    |   0.33 (100.00%)   |       N/A        |        0.00        |       1.00000      |
|A1_mammals_Trichosurus_vulpecula...|     1    |   0.23 (100.00%)   |       N/A        |        0.00        |       1.00000      |
|     A1_birds_Egretta_garzetta     |     1    |   0.37 (100.00%)   |       N/A        |    Not selected    |    for testing     |
|              Node252              |     1    |  10.70 (100.00%)   |       N/A        |    Not selected    |    for testing     |
|              Node73               |     1    |   1.93 (100.00%)   |       N/A        |    Not selected    |    for testing     |
|              Node118              |     1    |   0.48 (100.00%)   |       N/A        |    Not selected    |    for testing     |
|              Node266              |     1    |   1.22 (100.00%)   |       N/A        |    Not selected    |    for testing     |
|A1_Testudines_Malaclemys_terrapi...|     1    |   0.69 (100.00%)   |       N/A        |    Not selected    |    for testing     |
|    A1_birds_Aquila_chrysaetos     |     1    |   0.84 (100.00%)   |       N/A        |    Not selected    |    for testing     |
|A1_Testudines_Malaclemys_terrapi...|     2    |   10.75 ( 9.63%)   |       N/A        |    Not selected    |    for testing     |
|     A1_birds_Nestor_notabilis     |     1    |   0.60 (100.00%)   |       N/A        |    Not selected    |    for testing     |
|      A1_mammals_Mus_musculus      |     1    |   0.18 (100.00%)   |       N/A        |        0.00        |       1.00000      |
|              Node241              |     1    |   3.54 (100.00%)   |       N/A        |    Not selected    |    for testing     |
|A1_like_birds_Passer_domesticus_...|     1    |   0.76 (100.00%)   |       N/A        |    Not selected    |    for testing     |
|A1_Testudines_Dermochelys_coriac...|     1    |   0.91 (100.00%)   |       N/A        |    Not selected    |    for testing     |
|A1_like_birds_Manacus_candei_XM_...|     1    |   2.66 (100.00%)   |       N/A        |    Not selected    |    for testing     |
|               Node6               |     1    |   0.46 (100.00%)   |       N/A        |        0.00        |       1.00000      |
|              Node173              |     1    |   0.66 (100.00%)   |       N/A        |    Not selected    |    for testing     |
|              Node146              |     1    |   0.84 (100.00%)   |       N/A        |    Not selected    |    for testing     |
|A1_Testudines_Dermochelys_coriac...|     1    |   0.25 (100.00%)   |       N/A        |    Not selected    |    for testing     |
|              Node223              |     2    |   >1000 ( 0.99%)   |       N/A        |    Not selected    |    for testing     |
|              Node168              |     2    |  588.21 ( 2.82%)   |       N/A        |    Not selected    |    for testing     |
|A1_like_birds_Poecile_atricapill...|     1    |   0.34 (100.00%)   |       N/A        |    Not selected    |    for testing     |
|A1_Testudines_Dermochelys_coriac...|     1    |   0.40 (100.00%)   |       N/A        |    Not selected    |    for testing     |
|              Node80               |     1    |   0.52 (100.00%)   |       N/A        |    Not selected    |    for testing     |
|              Node144              |     1    |   0.55 (100.00%)   |       N/A        |    Not selected    |    for testing     |
|      A1_mammals_Homo_sapiens      |     1    |   0.33 (100.00%)   |       N/A        |        0.00        |       1.00000      |
|              Node230              |     2    |   49.78 ( 1.83%)   |       N/A        |    Not selected    |    for testing     |
|              Node96               |     1    |   2.19 (100.00%)   |       N/A        |    Not selected    |    for testing     |
|              Node75               |     1    |   1.23 (100.00%)   |       N/A        |    Not selected    |    for testing     |
|              Node169              |     1    |   0.61 (100.00%)   |       N/A        |    Not selected    |    for testing     |
|               Node7               |     1    |   0.14 (100.00%)   |       N/A        |        0.00        |       1.00000      |
|              Node33               |     1    |   1.00 (100.00%)   |       N/A        |        0.00        |       1.00000      |
|              Node210              |     1    |   0.55 (100.00%)   |       N/A        |    Not selected    |    for testing     |
|              Node164              |     2    |  143.65 (11.29%)   |       N/A        |    Not selected    |    for testing     |
|              Node78               |     1    |  >1000 (100.00%)   |       N/A        |    Not selected    |    for testing     |
|              Node14               |     1    |   0.59 (100.00%)   |       N/A        |        0.00        |       1.00000      |
|              Node256              |     1    |   1.48 (100.00%)   |       N/A        |    Not selected    |    for testing     |
|     A1_birds_Eurypyga_helias      |     1    |   2.01 (100.00%)   |       N/A        |    Not selected    |    for testing     |
|A1_Testudines_Dermochelys_coriac...|     1    |   0.68 (100.00%)   |       N/A        |    Not selected    |    for testing     |
|A1_like_birds_Parus_major_XM_015...|     1    |   1.71 (100.00%)   |       N/A        |    Not selected    |    for testing     |
|              Node268              |     1    |   0.34 (100.00%)   |       N/A        |    Not selected    |    for testing     |
|              Node68               |     1    |  >1000 (100.00%)   |       N/A        |    Not selected    |    for testing     |
|A1_mammals_Monodelphis_domestica...|     1    |   0.16 (100.00%)   |       N/A        |        0.00        |       1.00000      |
|              Node212              |     1    |   0.62 (100.00%)   |       N/A        |    Not selected    |    for testing     |
|A1_like_birds_Chiroxiphia_lanceo...|     1    |   0.92 (100.00%)   |       N/A        |    Not selected    |    for testing     |
|              Node139              |     1    |   1.44 (100.00%)   |       N/A        |    Not selected    |    for testing     |
|A1_Testudines_Chelonia_mydas_119...|     1    |   0.79 (100.00%)   |       N/A        |    Not selected    |    for testing     |
|    A1_birds_Erythrura_gouldiae    |     1    |   0.46 (100.00%)   |       N/A        |    Not selected    |    for testing     |
|  A1_mammals_Gracilinanus_agilis   |     1    |   0.36 (100.00%)   |       N/A        |        0.00        |       1.00000      |
|              Node233              |     1    |   0.42 (100.00%)   |       N/A        |    Not selected    |    for testing     |
|              Node209              |     1    |   1.64 (100.00%)   |       N/A        |    Not selected    |    for testing     |
|A1_like_birds_Cyanistes_caeruleu...|     1    |   1.57 (100.00%)   |       N/A        |    Not selected    |    for testing     |
|              Node244              |     2    |   >1000 (12.42%)   |       N/A        |    Not selected    |    for testing     |
|              Node255              |     1    |   0.28 (100.00%)   |       N/A        |    Not selected    |    for testing     |
|              Node125              |     1    |   1.77 (100.00%)   |       N/A        |    Not selected    |    for testing     |
|              Node51               |     1    |  >1000 (100.00%)   |       N/A        |        1.88        |       0.15163      |
|   A1_birds_Corythaeola_cristata   |     1    |   0.30 (100.00%)   |       N/A        |    Not selected    |    for testing     |
|              Node246              |     1    |   1.66 (100.00%)   |       N/A        |    Not selected    |    for testing     |
|              Node251              |     1    |  >1000 (100.00%)   |       N/A        |    Not selected    |    for testing     |
|              Node15               |     1    |   0.46 (100.00%)   |       N/A        |        0.00        |       1.00000      |
|              Node196              |     1    |   0.37 (100.00%)   |       N/A        |    Not selected    |    for testing     |
|              Node219              |     1    |   0.32 (100.00%)   |       N/A        |    Not selected    |    for testing     |
|              Node272              |     1    |   0.25 (100.00%)   |       N/A        |    Not selected    |    for testing     |
|A1_like_birds_Lepidothrix_corona...|     1    |   1.33 (100.00%)   |       N/A        |    Not selected    |    for testing     |
|   A1_birds_Taeniopygia_guttata    |     1    |   0.57 (100.00%)   |       N/A        |    Not selected    |    for testing     |
|    A1_mammals_Vombatus_ursinus    |     1    |   0.27 (100.00%)   |       N/A        |        0.00        |       1.00000      |
|   A1_birds_Aptenodytes_forsteri   |     1    |   0.80 (100.00%)   |       N/A        |    Not selected    |    for testing     |
|A1_like_birds_Melospiza_melodia_...|     1    |   2.41 (100.00%)   |       N/A        |    Not selected    |    for testing     |
|A1_mammals_Phascolarctos_cinereu...|     1    |   0.28 (100.00%)   |       N/A        |        0.00        |       1.00000      |
|              Node227              |     2    |   15.71 ( 3.45%)   |       N/A        |    Not selected    |    for testing     |
|              Node70               |     1    |  >1000 (100.00%)   |       N/A        |    Not selected    |    for testing     |
|              Node121              |     1    |   3.32 (100.00%)   |       N/A        |    Not selected    |    for testing     |
|              Node34               |     1    |   0.13 (100.00%)   |       N/A        |        0.00        |       1.00000      |
|              Node17               |     1    |   1.15 (100.00%)   |       N/A        |        0.02        |       0.47360      |
|              Node236              |     1    |   3.57 (100.00%)   |       N/A        |    Not selected    |    for testing     |
|A1_like_birds_Pseudopodoces_humi...|     2    |   43.39 ( 3.58%)   |       N/A        |    Not selected    |    for testing     |
|A1_like_birds_Agelaius_phoeniceu...|     1    |  >1000 (100.00%)   |       N/A        |    Not selected    |    for testing     |
|              Node86               |     1    |   2.70 (100.00%)   |       N/A        |    Not selected    |    for testing     |
|              Node46               |     1    |   0.50 (100.00%)   |       N/A        |        0.00        |       1.00000      |
|A1_Testudines_Gopherus_evgoodei_...|     1    |   0.72 (100.00%)   |       N/A        |    Not selected    |    for testing     |
|     A1_birds_Lonchura_striata     |     1    |   0.16 (100.00%)   |       N/A        |    Not selected    |    for testing     |
|     A1_mammals_Neogale_vison      |     2    |   10.71 ( 3.15%)   |          3       |        2.80        |       0.09282      |
|A1_Testudines_Mauremys_reevesii_...|     2    |   24.83 ( 1.63%)   |       N/A        |    Not selected    |    for testing     |
|A1_Testudines_Mauremys_reevesii_...|     1    |   0.83 (100.00%)   |       N/A        |    Not selected    |    for testing     |
|              Node90               |     1    |  >1000 (100.00%)   |       N/A        |    Not selected    |    for testing     |
|              Node93               |     1    |  >1000 (100.00%)   |       N/A        |    Not selected    |    for testing     |
|A1_Crocodylia_Alligator_mississi...|     1    |   0.52 (100.00%)   |       N/A        |    Not selected    |    for testing     |
|              Node142              |     1    |   0.42 (100.00%)   |       N/A        |    Not selected    |    for testing     |
|              Node291              |     1    |   3.55 (100.00%)   |       N/A        |    Not selected    |    for testing     |
|              Node85               |     1    |   2.07 (100.00%)   |       N/A        |    Not selected    |    for testing     |
|A1_like_birds_Pipra_filicauda_XM...|     2    |   21.14 ( 3.31%)   |       N/A        |    Not selected    |    for testing     |
|              Node11               |     1    |   1.23 (100.00%)   |       N/A        |        0.03        |       0.46897      |
|              Node308              |     1    |   1.62 (100.00%)   |       N/A        |    Not selected    |    for testing     |
|              Node79               |     1    |   0.77 (100.00%)   |       N/A        |    Not selected    |    for testing     |
|              Node82               |     1    |   0.37 (100.00%)   |       N/A        |    Not selected    |    for testing     |
|A1_like_birds_Molothrus_aeneus_X...|     1    |  >1000 (100.00%)   |       N/A        |    Not selected    |    for testing     |
|              Node202              |     1    |   0.85 (100.00%)   |       N/A        |    Not selected    |    for testing     |
|A1_mammals_Phacochoerus_africanu...|     1    |   2.47 (100.00%)   |       N/A        |        0.85        |       0.26821      |
|       A1_mammals_Bos_taurus       |     1    |   0.52 (100.00%)   |       N/A        |        0.00        |       1.00000      |
|              Node52               |     1    |   2.06 (100.00%)   |       N/A        |        0.41        |       0.34859      |
|    A1_mammals_Bubalus_bubalis     |     1    |   0.45 (100.00%)   |       N/A        |        0.00        |       1.00000      |
|              Node53               |     1    |   0.19 (100.00%)   |       N/A        |        0.00        |       1.00000      |
|              Node225              |     2    |   93.86 ( 1.65%)   |       N/A        |    Not selected    |    for testing     |
|A1_like_birds_Falco_biarmicus_XM...|     1    |   1.55 (100.00%)   |       N/A        |    Not selected    |    for testing     |
|              Node197              |     1    |   0.50 (100.00%)   |       N/A        |    Not selected    |    for testing     |
|              Node71               |     1    |  >1000 (100.00%)   |       N/A        |    Not selected    |    for testing     |
|              Node131              |     1    |   0.74 (100.00%)   |       N/A        |    Not selected    |    for testing     |
|              Node20               |     1    |   0.38 (100.00%)   |       N/A        |        0.00        |       1.00000      |
|    A1_birds_Anas_platyrhynchos    |     1    |   0.22 (100.00%)   |       N/A        |    Not selected    |    for testing     |
|              Node311              |     1    |   1.14 (100.00%)   |       N/A        |    Not selected    |    for testing     |
|A1_like_birds_Corapipo_altera_XM...|     1    |   0.36 (100.00%)   |       N/A        |    Not selected    |    for testing     |
|              Node218              |     1    |   0.64 (100.00%)   |       N/A        |    Not selected    |    for testing     |
|      A1_mammals_Meles_meles       |     1    |   0.00 (100.00%)   |       N/A        |        0.00        |       1.00000      |
|A1_Crocodylia_Crocodylus_porosus...|     1    |   0.40 (100.00%)   |       N/A        |    Not selected    |    for testing     |
|              Node226              |     1    |   0.97 (100.00%)   |       N/A        |    Not selected    |    for testing     |
|     A1_birds_Aythya_fuligula      |     1    |   0.16 (100.00%)   |       N/A        |    Not selected    |    for testing     |
|A1_Testudines_Trachemys_scripta_...|     1    |   1.43 (100.00%)   |       N/A        |    Not selected    |    for testing     |
|              Node138              |     1    |  >1000 (100.00%)   |       N/A        |    Not selected    |    for testing     |
|A1_like_birds_Falco_naumanni_XM_...|     1    |   1.01 (100.00%)   |       N/A        |    Not selected    |    for testing     |
|              Node300              |     1    |   0.18 (100.00%)   |       N/A        |    Not selected    |    for testing     |
|              Node113              |     1    |   1.01 (100.00%)   |       N/A        |    Not selected    |    for testing     |
|              Node19               |     1    |   0.10 (100.00%)   |       N/A        |        0.00        |       1.00000      |
|              Node100              |     2    |   >1000 ( 1.56%)   |       N/A        |    Not selected    |    for testing     |
|A1_mammals_Trachypithecus_franco...|     1    |   0.00 (100.00%)   |       N/A        |        0.00        |       1.00000      |
|              Node298              |     1    |   0.97 (100.00%)   |       N/A        |    Not selected    |    for testing     |
|A1_like_birds_Pyrgilauda_ruficol...|     1    |   1.16 (100.00%)   |       N/A        |    Not selected    |    for testing     |
|              Node211              |     1    |  >1000 (100.00%)   |       N/A        |    Not selected    |    for testing     |
|              Node285              |     1    |  >1000 (100.00%)   |       N/A        |    Not selected    |    for testing     |
|              Node213              |     1    |   0.34 (100.00%)   |       N/A        |    Not selected    |    for testing     |
|              Node312              |     1    |  >1000 (100.00%)   |       N/A        |    Not selected    |    for testing     |
|              Node195              |     1    |   1.73 (100.00%)   |       N/A        |    Not selected    |    for testing     |
|              Node274              |     1    |   0.70 (100.00%)   |       N/A        |    Not selected    |    for testing     |
|A1_Testudines_Gopherus_flavomarg...|     1    |   1.06 (100.00%)   |       N/A        |    Not selected    |    for testing     |
|A1_mammals_Canis_lupus_familiari...|     1    |   0.40 (100.00%)   |       N/A        |        0.00        |       1.00000      |
|A1_mammals_Mustela_putorius_furo...|     1    |   0.13 (100.00%)   |       N/A        |        0.00        |       1.00000      |
|A1_Testudines_Caretta_caretta_12...|     1    |   1.20 (100.00%)   |       N/A        |    Not selected    |    for testing     |
|   A1_mammals_Lontra_canadensis    |     1    |   1.14 (100.00%)   |       N/A        |        0.01        |       0.48582      |
|              Node44               |     1    |   0.15 (100.00%)   |       N/A        |        0.00        |       1.00000      |
|              Node286              |     1    |  >1000 (100.00%)   |       N/A        |    Not selected    |    for testing     |
|       A1_mammals_Sus_scrofa       |     1    |  >1000 (100.00%)   |       N/A        |        2.23        |       0.12536      |
|A1_Testudines_Caretta_caretta_12...|     1    |   1.22 (100.00%)   |       N/A        |    Not selected    |    for testing     |
|              Node193              |     1    |   0.37 (100.00%)   |       N/A        |    Not selected    |    for testing     |
|              Node156              |     1    |  >1000 (100.00%)   |       N/A        |    Not selected    |    for testing     |
|              Node224              |     2    |  335.94 ( 0.52%)   |       N/A        |    Not selected    |    for testing     |
|A1_Testudines_Chelonia_mydas_102...|     1    |  >1000 (100.00%)   |       N/A        |    Not selected    |    for testing     |
|              Node290              |     1    |   0.44 (100.00%)   |       N/A        |    Not selected    |    for testing     |
|A1_Testudines_Malaclemys_terrapi...|     1    |  >1000 (100.00%)   |       N/A        |    Not selected    |    for testing     |
|A1_Testudines_Chrysemys_picta_be...|     1    |   0.16 (100.00%)   |       N/A        |    Not selected    |    for testing     |
|              Node30               |     2    |  590.60 ( 1.72%)   |          2       |        6.33        |       0.01502      |
|A1_Testudines_Malaclemys_terrapi...|     1    |   0.73 (100.00%)   |       N/A        |    Not selected    |    for testing     |
|      A1_mammals_Lutra_lutra       |     1    |   0.76 (100.00%)   |       N/A        |        0.00        |       1.00000      |
|              Node31               |     1    |  >1000 (100.00%)   |       N/A        |        0.33        |       0.36704      |
|  A1_mammals_Rhinopithecus_bieti   |     1    |  >1000 (100.00%)   |       N/A        |        1.67        |       0.16983      |
|              Node99               |     1    |  >1000 (100.00%)   |       N/A        |    Not selected    |    for testing     |
|              Node288              |     1    |  >1000 (100.00%)   |       N/A        |    Not selected    |    for testing     |
|              Node161              |     1    |   0.00 (100.00%)   |       N/A        |    Not selected    |    for testing     |
|A1_like_birds_Vidua_macroura_XM_...|     1    |   0.00 (100.00%)   |       N/A        |    Not selected    |    for testing     |
|A1_Testudines_Gopherus_flavomarg...|     1    |   4.43 (100.00%)   |       N/A        |    Not selected    |    for testing     |
|A1_Testudines_Malaclemys_terrapi...|     1    |   0.65 (100.00%)   |       N/A        |    Not selected    |    for testing     |
|              Node102              |     1    |   0.00 (100.00%)   |       N/A        |    Not selected    |    for testing     |
|              Node72               |     1    |  >1000 (100.00%)   |       N/A        |    Not selected    |    for testing     |
|A1_Testudines_Gopherus_evgoodei_...|     1    |   0.00 (100.00%)   |       N/A        |    Not selected    |    for testing     |
|              Node111              |     2    |   >1000 ( 0.79%)   |       N/A        |    Not selected    |    for testing     |
|              Node133              |     1    |  >1000 (100.00%)   |       N/A        |    Not selected    |    for testing     |
|A1_Testudines_Mauremys_reevesii_...|     1    |   0.36 (100.00%)   |       N/A        |    Not selected    |    for testing     |
|              Node129              |     1    |  >1000 (100.00%)   |       N/A        |    Not selected    |    for testing     |
|              Node106              |     1    |  >1000 (100.00%)   |       N/A        |    Not selected    |    for testing     |
|              Node137              |     1    |  >1000 (100.00%)   |       N/A        |    Not selected    |    for testing     |
|              Node117              |     1    |  >1000 (100.00%)   |       N/A        |    Not selected    |    for testing     |
|A1_Testudines_Mauremys_mutica_12...|     1    |  >1000 (100.00%)   |       N/A        |    Not selected    |    for testing     |
|              Node107              |     1    |  >1000 (100.00%)   |       N/A        |    Not selected    |    for testing     |
|              Node103              |     1    |  >1000 (100.00%)   |       N/A        |    Not selected    |    for testing     |
|A1_like_birds_Chroicocephalus_ri...|     1    |  >1000 (100.00%)   |       N/A        |    Not selected    |    for testing     |
|              Node302              |     1    |  >1000 (100.00%)   |       N/A        |    Not selected    |    for testing     |
|A1_Squamata_Candoia_aspera_13449...|     1    |  >1000 (100.00%)   |       N/A        |    Not selected    |    for testing     |
|              Node105              |     1    |  >1000 (100.00%)   |       N/A        |    Not selected    |    for testing     |
|A1_Squamata_A1_Eublepharis_macul...|     1    |  >1000 (100.00%)   |       N/A        |    Not selected    |    for testing     |
|A1_Crocodylia_Alligator_sinensis...|     1    |   0.00 (100.00%)   |       N/A        |    Not selected    |    for testing     |
|              Node104              |     1    |  >1000 (100.00%)   |       N/A        |    Not selected    |    for testing     |
|              Node277              |     1    |  >1000 (100.00%)   |       N/A        |    Not selected    |    for testing     |
|A1_Testudines_Trachemys_scripta_...|     1    |   0.00 (100.00%)   |       N/A        |    Not selected    |    for testing     |
|              Node23               |     1    |  >1000 (100.00%)   |       N/A        |        0.37        |       0.35793      |
|   A1_mammals_Camelus_bactrianus   |     1    |  >1000 (100.00%)   |       N/A        |        0.65        |       0.30030      |
|     A1_mammals_Vulpes_vulpes      |     1    |  >1000 (100.00%)   |       N/A        |        0.51        |       0.32773      |
|              Node198              |     1    |   0.00 (100.00%)   |       N/A        |    Not selected    |    for testing     |
|A1_Testudines_Chrysemys_picta_be...|     1    |   0.00 (100.00%)   |       N/A        |    Not selected    |    for testing     |
|     A1_mammals_Camelus_ferus      |     1    |   0.08 (100.00%)   |       N/A        |        0.00        |       1.00000      |
|A1_Testudines_Mauremys_reevesii_...|     1    |   0.94 (100.00%)   |       N/A        |    Not selected    |    for testing     |
|A1_Testudines_Chelonia_mydas_119...|     1    |   0.12 (100.00%)   |       N/A        |    Not selected    |    for testing     |
|A1_like_birds_Rissa_tridactyla_X...|     1    |   0.25 (100.00%)   |       N/A        |    Not selected    |    for testing     |
|A1_Testudines_Mauremys_mutica_12...|     1    |   0.73 (100.00%)   |       N/A        |    Not selected    |    for testing     |
|A1_Squamata_Eublepharis_maculari...|     1    |   0.24 (100.00%)   |       N/A        |    Not selected    |    for testing     |
|A1_Squamata_Candoia_aspera_13449...|     1    |   0.90 (100.00%)   |       N/A        |    Not selected    |    for testing     |
|A1_like_birds_Larus_michahellis_...|     1    |   0.97 (100.00%)   |       N/A        |    Not selected    |    for testing     |
|A1_like_birds_Vidua_chalybeata_X...|     1    |   0.24 (100.00%)   |       N/A        |    Not selected    |    for testing     |
----
### Adaptive branch site random effects likelihood test 
Likelihood ratio test for episodic diversifying positive selection at Holm-Bonferroni corrected _p =   0.0500_ found **0** branches under selection among **61** tested.

