
Analysis Description
--------------------
BUSTED (branch-site unrestricted statistical test of episodic
diversification) uses a random effects branch-site model fitted jointly
to all or a subset of tree branches in order to test for alignment-wide
evidence of episodic diversifying selection. Assuming there is evidence
of positive selection (i.e. there is an omega > 1), BUSTED will also
perform a quick evidence-ratio style analysis to explore which
individual sites may have been subject to selection. v2.0 adds support
for synonymous rate variation, and relaxes the test statistic to 0.5
(chi^2_0 + chi^2_2). Version 2.1 adds a grid search for the initial
starting point. Version 2.2 changes the grid search to LHC, and adds an
initial search phase to use adaptive Nedler-Mead. Version 3.0 implements
the option for branch-site variation in synonymous substitution rates.
Version 3.1 adds HMM auto-correlation option for SRV, and binds SRV
distributions for multiple branch sets. Version 4.0 adds support for
multiple hits (MH), ancestral state reconstruction saved to JSON, and
profiling of branch-site level support for selection / multiple hits.
Version 4.2 adds calculation of MH-attributable fractions of
substitutions. Version 4.5 adds an 'error absorption' component Version
4.6 adds support for MSS-type models 

- __Requirements__: in-frame codon alignment and a phylogenetic tree (optionally annotated
with {})

- __Citation__: *Gene-wide identification of episodic selection*, Mol Biol Evol.
32(5):1365-71, *Synonymous Site-to-Site Substitution Rate Variation
Dramatically Inflates False Positive Rates of Selection Analyses: Ignore
at Your Own Peril*, Mol Biol Evol. 37(8):2430-2439

- __Written by__: Sergei L Kosakovsky Pond

- __Contact Information__: spond@temple.edu

- __Analysis Version__: 4.6


>code => Universal
/media/aswin/gene_loss/APOBEC1/selection/positive_selection/gene_tree_based/busted/apobec1_selection_final.aln.treefile_A1_birds_as_fg.nwk
apobec1_selection_final.aln.treefile_A1_birds_as_fg.nwk

>Loaded a multiple sequence alignment with **159** sequences, **297** codons, and **1** partitions from `/media/aswin/gene_loss/APOBEC1/selection/positive_selection/gene_tree_based/busted/apobec1_selection_final_nuc.msa`

>branches => fg

>srv => Yes
The number omega rate classes to include in the model (permissible range = [1,10], default value = 3, integer): 
>rates => 3

>multiple-hits => None

>mss => No
The number alpha rate classes to include in the model [1-10, default 3] (permissible range = [1,10], default value = 3, integer): 
>syn-rates => 3

>error-sink => No
The number of points in the initial distributional guess for likelihood fitting (permissible range = [1,10000], default value = 250, integer): 
>grid-size => 250
The number of initial random guesses to 'seed' rate values optimization (permissible range = [1,25], default value = 1, integer): 
>starting-points => 5


### Branches to test for selection in the BUSTED analysis
* Selected 91 branches to test in the BUSTED analysis: `A1_birds_Acanthisitta_chloris, A1_birds_Manacus_vitellinus, A1_birds_Erythrura_gouldiae, A1_birds_Lonchura_striata, A1_birds_Taeniopygia_guttata, Node82, Node80, A1_birds_Serinus_canaria, A1_birds_Zonotrichia_albicollis, Node86, A1_birds_Passer_domesticus, Node85, Node79, A1_birds_Ficedula_albicollis, A1_birds_Stachyris_ruficeps, Node90, Node78, A1_birds_Malurus_cyaneus, A1_birds_Corvus_moneduloides, Node93, Node77, Node75, Node73, A1_birds_Chaetura_pelagica, A1_birds_Calypte_anna, Node96, Node72, A1_birds_Aptenodytes_forsteri, A1_birds_Columba_livia, Node107, A1_birds_Fulmarus_glacialis, Node106, A1_birds_Aquila_chrysaetos, A1_birds_Opisthocomus_hoazin, Node113, A1_birds_Egretta_garzetta, Node112, A1_birds_Corythaeola_cristata, A1_birds_Tauraco_erythrolophus, Node118, A1_birds_Phoenicopterus_ruber, A1_birds_Podilymbus_podiceps, Node121, Node117, Node111, Node105, A1_birds_Gavia_stellata, Node104, A1_birds_Eurypyga_helias, A1_birds_Rhynochetos_jubatus, Node125, Node103, A1_birds_Phaethon_lepturus, Node102, A1_birds_Colius_striatus, A1_birds_Falco_cherrug, A1_birds_Pelecanus_crispus, Node133, Node131, A1_birds_Caprimulgus_europaeus, Node130, A1_birds_Charadrius_vociferus, A1_birds_Calidris_pugnax, Node139, A1_birds_Atlantisia_rogersi, A1_birds_Anas_platyrhynchos, A1_birds_Aythya_fuligula, Node146, A1_birds_Anser_cygnoides, Node145, A1_birds_Alectura_lathami, Node144, Node142, Node138, A1_birds_Cariama_cristata, Node137, Node129, Node101, A1_birds_Melopsittacus_undulatus, A1_birds_Nestor_notabilis, Node152, Node100, A1_birds_Mesitornis_unicolor, Node99, Node71, A1_birds_Galbula_dea, A1_birds_Merops_nubicus, Node156, Node70, A1_birds_Apaloderma_vittatum, Node69`


### Obtaining branch lengths and nucleotide substitution biases under the nucleotide GTR model

>kill-zero-lengths => Yes

### Deleted 3 zero-length internal branches: `Node101, Node112, Node130`
* Log(L) = -33420.17, AIC-c = 67487.83 (323 estimated parameters)
* 1 partition. Total tree length by partition (subs/site) 13.138

### Obtaining the global omega estimate based on relative GTR branch lengths and nucleotide substitution biases
* Log(L) = -32855.86, AIC-c = 66372.33 (328 estimated parameters)
* 1 partition. Total tree length by partition (subs/site) 13.518
* non-synonymous/synonymous rate ratio for *background* =   0.6397
* non-synonymous/synonymous rate ratio for *test* =   0.7020

### Improving branch lengths, nucleotide substitution biases, and global dN/dS ratios under a full codon model
* Log(L) = -32830.45, AIC-c = 66321.50 (328 estimated parameters)
* non-synonymous/synonymous rate ratio for *background* =   0.5721
* non-synonymous/synonymous rate ratio for *test* =   0.8239

### Performing the full (dN/dS > 1 allowed) branch-site model fit
* Log(L) = -32071.46, AIC-c = 64829.89 (341 estimated parameters)
* For *test* branches, the following rate distribution for branch-site combinations was inferred

|          Selection mode           |     dN/dS     |Proportion, %|               Notes               |
|-----------------------------------|---------------|-------------|-----------------------------------|
|        Negative selection         |     0.431     |   48.776    |                                   |
|        Negative selection         |     0.520     |   35.983    |                                   |
|      Diversifying selection       |     3.610     |   15.242    |                                   |

* For *background* branches, the following rate distribution for branch-site combinations was inferred

|          Selection mode           |     dN/dS     |Proportion, %|               Notes               |
|-----------------------------------|---------------|-------------|-----------------------------------|
|        Negative selection         |     0.072     |   48.498    |                                   |
|         Neutral evolution         |     1.000     |   50.109    |                                   |
|      Diversifying selection       |    14.005     |    1.394    |                                   |

* The following rate distribution for site-to-site **synonymous** rate variation was inferred

|               Rate                | Proportion, % |               Notes               |
|-----------------------------------|---------------|-----------------------------------|
|               0.301               |    16.153     |                                   |
|               0.738               |    41.946     |                                   |
|               1.531               |    41.901     |                                   |


### Performing the constrained (dN/dS > 1 not allowed) model fit
* Log(L) = -32086.33, AIC-c = 64857.61 (340 estimated parameters)
* For *test* branches under the null (no dN/dS > 1 model), the following rate distribution for branch-site combinations was inferred

|          Selection mode           |     dN/dS     |Proportion, %|               Notes               |
|-----------------------------------|---------------|-------------|-----------------------------------|
|        Negative selection         |     0.000     |   21.846    |                                   |
|        Negative selection         |     0.820     |    0.000    |       Not supported by data       |
|         Neutral evolution         |     1.000     |   78.154    |                                   |

* The following rate distribution for site-to-site **synonymous** rate variation was inferred

|               Rate                | Proportion, % |               Notes               |
|-----------------------------------|---------------|-----------------------------------|
|               0.313               |    17.425     |                                   |
|               0.749               |    41.402     |                                   |
|               1.544               |    41.172     |                                   |

----
## Branch-site unrestricted statistical test of episodic diversification [BUSTED]
Likelihood ratio test for episodic diversifying positive selection, **p =   0.0000**.
